2020-12-31 08:21:41 AM [main] INFO  o.s.b.t.c.SpringBootTestContextBootstrapper - buildDefaultMergedContextConfiguration
2020-12-31 08:21:41 AM [main] INFO  o.s.t.c.s.AbstractContextLoader - generateDefaultLocations
2020-12-31 08:21:41 AM [main] INFO  o.s.t.c.s.AnnotationConfigContextLoaderUtils - detectDefaultConfigurationClasses
2020-12-31 08:21:41 AM [main] INFO  o.s.b.t.c.SpringBootTestContextBootstrapper - getOrFindConfigurationClasses
2020-12-31 08:21:41 AM [main] INFO  o.s.b.t.c.SpringBootTestContextBootstrapper - getDefaultTestExecutionListenerClassNames
2020-12-31 08:21:41 AM [main] INFO  o.s.b.t.c.SpringBootTestContextBootstrapper - getTestExecutionListeners
2020-12-31 08:21:42 AM [main] INFO  com.vtc.event.LuckySpinServiceTest - logStarting
2020-12-31 08:21:42 AM [main] INFO  com.vtc.event.LuckySpinServiceTest - logStartupProfileInfo
2020-12-31 08:21:43 AM [main] INFO  o.s.d.r.c.RepositoryConfigurationDelegate - registerRepositoriesIn
2020-12-31 08:21:43 AM [main] INFO  o.s.d.r.c.RepositoryConfigurationDelegate - registerRepositoriesIn
2020-12-31 08:21:44 AM [main] INFO  o.s.c.s.PostProcessorRegistrationDelegate$BeanPostProcessorChecker - postProcessAfterInitialization
2020-12-31 08:21:44 AM [main] INFO  o.s.c.s.PostProcessorRegistrationDelegate$BeanPostProcessorChecker - postProcessAfterInitialization
2020-12-31 08:21:44 AM [main] INFO  o.s.c.s.PostProcessorRegistrationDelegate$BeanPostProcessorChecker - postProcessAfterInitialization
2020-12-31 08:21:44 AM [main] INFO  o.s.c.s.PostProcessorRegistrationDelegate$BeanPostProcessorChecker - postProcessAfterInitialization
2020-12-31 08:21:44 AM [main] INFO  o.s.c.s.PostProcessorRegistrationDelegate$BeanPostProcessorChecker - postProcessAfterInitialization
2020-12-31 08:21:44 AM [main] INFO  o.s.c.s.PostProcessorRegistrationDelegate$BeanPostProcessorChecker - postProcessAfterInitialization
2020-12-31 08:21:45 AM [main] INFO  com.zaxxer.hikari.HikariDataSource - getConnection
2020-12-31 08:21:45 AM [main] INFO  com.zaxxer.hikari.HikariDataSource - getConnection
2020-12-31 08:21:45 AM [main] INFO  o.h.jpa.internal.util.LogHelper - logPersistenceUnitInformation
2020-12-31 08:21:45 AM [main] INFO  org.hibernate.Version - logVersion
2020-12-31 08:21:45 AM [main] INFO  org.hibernate.cfg.Environment - <clinit>
2020-12-31 08:21:45 AM [main] INFO  o.h.annotations.common.Version - <clinit>
2020-12-31 08:21:46 AM [main] INFO  org.hibernate.dialect.Dialect - <init>
2020-12-31 08:21:47 AM [main] INFO  o.h.h.i.QueryTranslatorFactoryInitiator - initiateService
2020-12-31 08:21:47 AM [main] INFO  o.s.o.j.LocalContainerEntityManagerFactoryBean - buildNativeEntityManagerFactory
2020-12-31 08:21:49 AM [main] INFO  o.s.s.web.DefaultSecurityFilterChain - <init>
2020-12-31 08:21:49 AM [main] INFO  o.s.s.web.DefaultSecurityFilterChain - <init>
2020-12-31 08:21:49 AM [main] INFO  o.s.s.web.DefaultSecurityFilterChain - <init>
2020-12-31 08:21:49 AM [main] INFO  o.s.s.web.DefaultSecurityFilterChain - <init>
2020-12-31 08:21:49 AM [main] INFO  o.s.s.web.DefaultSecurityFilterChain - <init>
2020-12-31 08:21:49 AM [main] INFO  o.s.s.web.DefaultSecurityFilterChain - <init>
2020-12-31 08:21:49 AM [main] INFO  o.s.s.web.DefaultSecurityFilterChain - <init>
2020-12-31 08:21:49 AM [main] INFO  o.s.s.web.DefaultSecurityFilterChain - <init>
2020-12-31 08:21:49 AM [main] INFO  o.s.s.web.DefaultSecurityFilterChain - <init>
2020-12-31 08:21:50 AM [main] INFO  o.s.s.c.ThreadPoolTaskExecutor - initialize
2020-12-31 08:21:50 AM [main] WARN  o.s.b.a.o.j.JpaBaseConfiguration$JpaWebConfiguration$JpaWebMvcConfiguration - openEntityManagerInViewInterceptor
2020-12-31 08:21:51 AM [main] INFO  o.s.s.c.ThreadPoolTaskScheduler - initialize
2020-12-31 08:21:51 AM [main] INFO  com.vtc.event.LuckySpinServiceTest - logStarted
2020-12-31 08:21:51 AM [Thread-1] INFO  o.s.s.c.ThreadPoolTaskScheduler - shutdown
2020-12-31 08:21:51 AM [Thread-1] INFO  o.s.s.c.ThreadPoolTaskExecutor - shutdown
2020-12-31 08:21:51 AM [Thread-1] INFO  o.s.o.j.LocalContainerEntityManagerFactoryBean - destroy
2020-12-31 08:21:51 AM [Thread-1] INFO  com.zaxxer.hikari.HikariDataSource - close
2020-12-31 08:21:51 AM [Thread-1] INFO  com.zaxxer.hikari.HikariDataSource - close
