2019-11-04 10:07:56 AM [main] INFO  com.vtc.event.VtcEventApplication - logStarting
2019-11-04 10:07:56 AM [main] INFO  com.vtc.event.VtcEventApplication - logStartupProfileInfo
2019-11-04 10:07:56 AM [main] INFO  o.s.d.r.c.RepositoryConfigurationDelegate - registerRepositoriesIn
2019-11-04 10:07:57 AM [main] INFO  o.s.d.r.c.RepositoryConfigurationDelegate - registerRepositoriesIn
2019-11-04 10:07:57 AM [main] INFO  o.s.c.s.PostProcessorRegistrationDelegate$BeanPostProcessorChecker - postProcessAfterInitialization
2019-11-04 10:07:57 AM [main] INFO  o.s.c.s.PostProcessorRegistrationDelegate$BeanPostProcessorChecker - postProcessAfterInitialization
2019-11-04 10:07:57 AM [main] INFO  o.s.c.s.PostProcessorRegistrationDelegate$BeanPostProcessorChecker - postProcessAfterInitialization
2019-11-04 10:07:57 AM [main] INFO  o.s.c.s.PostProcessorRegistrationDelegate$BeanPostProcessorChecker - postProcessAfterInitialization
2019-11-04 10:07:57 AM [main] INFO  o.s.c.s.PostProcessorRegistrationDelegate$BeanPostProcessorChecker - postProcessAfterInitialization
2019-11-04 10:07:57 AM [main] INFO  o.s.c.s.PostProcessorRegistrationDelegate$BeanPostProcessorChecker - postProcessAfterInitialization
2019-11-04 10:07:58 AM [main] INFO  o.s.b.w.e.tomcat.TomcatWebServer - initialize
2019-11-04 10:07:58 AM [main] INFO  o.a.coyote.http11.Http11NioProtocol - log
2019-11-04 10:07:58 AM [main] INFO  o.a.catalina.core.StandardService - log
2019-11-04 10:07:58 AM [main] INFO  o.a.catalina.core.StandardEngine - log
2019-11-04 10:07:58 AM [main] INFO  o.a.c.c.C.[Tomcat].[localhost].[/] - log
2019-11-04 10:07:58 AM [main] INFO  o.s.web.context.ContextLoader - prepareWebApplicationContext
2019-11-04 10:07:58 AM [main] INFO  com.zaxxer.hikari.HikariDataSource - getConnection
2019-11-04 10:07:59 AM [main] INFO  com.zaxxer.hikari.HikariDataSource - getConnection
2019-11-04 10:07:59 AM [main] INFO  o.h.jpa.internal.util.LogHelper - logPersistenceUnitInformation
2019-11-04 10:07:59 AM [main] INFO  org.hibernate.Version - logVersion
2019-11-04 10:07:59 AM [main] INFO  org.hibernate.cfg.Environment - <clinit>
2019-11-04 10:07:59 AM [main] INFO  o.h.annotations.common.Version - <clinit>
2019-11-04 10:07:59 AM [main] INFO  org.hibernate.dialect.Dialect - <init>
2019-11-04 10:08:01 AM [main] INFO  o.h.h.i.QueryTranslatorFactoryInitiator - initiateService
2019-11-04 10:08:01 AM [main] INFO  o.s.o.j.LocalContainerEntityManagerFactoryBean - buildNativeEntityManagerFactory
2019-11-04 10:08:02 AM [main] INFO  o.s.s.web.DefaultSecurityFilterChain - <init>
2019-11-04 10:08:02 AM [main] INFO  o.s.s.web.DefaultSecurityFilterChain - <init>
2019-11-04 10:08:02 AM [main] INFO  o.s.s.web.DefaultSecurityFilterChain - <init>
2019-11-04 10:08:02 AM [main] INFO  o.s.s.web.DefaultSecurityFilterChain - <init>
2019-11-04 10:08:02 AM [main] INFO  o.s.s.web.DefaultSecurityFilterChain - <init>
2019-11-04 10:08:02 AM [main] INFO  o.s.s.web.DefaultSecurityFilterChain - <init>
2019-11-04 10:08:02 AM [main] INFO  o.s.s.web.DefaultSecurityFilterChain - <init>
2019-11-04 10:08:02 AM [main] INFO  o.s.s.web.DefaultSecurityFilterChain - <init>
2019-11-04 10:08:02 AM [main] INFO  o.s.s.web.DefaultSecurityFilterChain - <init>
2019-11-04 10:08:03 AM [main] INFO  o.s.s.c.ThreadPoolTaskExecutor - initialize
2019-11-04 10:08:03 AM [main] WARN  o.s.b.a.o.j.JpaBaseConfiguration$JpaWebConfiguration$JpaWebMvcConfiguration - openEntityManagerInViewInterceptor
2019-11-04 10:08:03 AM [main] INFO  o.s.s.c.ThreadPoolTaskScheduler - initialize
2019-11-04 10:08:03 AM [main] INFO  o.a.coyote.http11.Http11NioProtocol - log
2019-11-04 10:08:03 AM [main] INFO  o.s.b.w.e.tomcat.TomcatWebServer - start
2019-11-04 10:08:03 AM [main] INFO  com.vtc.event.VtcEventApplication - logStarted
2019-11-04 10:09:51 AM [http-nio-8080-exec-1] INFO  o.a.c.c.C.[Tomcat].[localhost].[/] - log
2019-11-04 10:09:52 AM [http-nio-8080-exec-1] INFO  o.s.web.servlet.DispatcherServlet - initServletBean
2019-11-04 10:09:52 AM [http-nio-8080-exec-1] INFO  o.s.web.servlet.DispatcherServlet - initServletBean
2019-11-04 10:09:52 AM [http-nio-8080-exec-1] INFO  c.v.e.u.c.UserInfoController - exportScoinCard
2019-11-04 10:09:52 AM [http-nio-8080-exec-1] INFO  c.v.e.c.utils.ApiExchangeServiceUtil - postXML
2019-11-04 10:09:53 AM [http-nio-8080-exec-1] INFO  c.v.e.c.utils.ApiExchangeServiceUtil - postXML
2019-11-04 10:09:53 AM [http-nio-8080-exec-1] INFO  c.v.e.c.utils.ApiExchangeServiceUtil - postXML
2019-11-04 10:09:53 AM [http-nio-8080-exec-1] INFO  c.v.e.c.utils.ApiExchangeServiceUtil - postXML
2019-11-04 10:09:53 AM [http-nio-8080-exec-1] INFO  c.v.e.c.utils.ApiExchangeServiceUtil - postXML
2019-11-04 10:09:53 AM [http-nio-8080-exec-1] INFO  c.v.e.c.utils.ApiExchangeServiceUtil - postXML
2019-11-04 10:09:53 AM [http-nio-8080-exec-1] INFO  c.v.e.c.utils.ApiExchangeServiceUtil - postXML
2019-11-04 10:09:54 AM [http-nio-8080-exec-1] INFO  c.v.e.c.utils.ApiExchangeServiceUtil - postXML
2019-11-04 10:09:54 AM [http-nio-8080-exec-1] INFO  c.v.e.c.utils.ApiExchangeServiceUtil - postXML
2019-11-04 10:09:54 AM [http-nio-8080-exec-1] INFO  c.v.e.c.utils.ApiExchangeServiceUtil - postXML
2019-11-04 10:09:54 AM [http-nio-8080-exec-1] INFO  c.v.e.c.utils.ApiExchangeServiceUtil - postXML
2019-11-04 10:09:54 AM [http-nio-8080-exec-1] INFO  c.v.e.c.utils.ApiExchangeServiceUtil - postXML
2019-11-04 10:09:54 AM [http-nio-8080-exec-1] INFO  c.v.e.c.utils.ApiExchangeServiceUtil - postXML
2019-11-04 10:09:54 AM [http-nio-8080-exec-1] INFO  c.v.e.c.utils.ApiExchangeServiceUtil - postXML
2019-11-04 10:09:54 AM [http-nio-8080-exec-1] INFO  c.v.e.c.utils.ApiExchangeServiceUtil - postXML
2019-11-04 10:09:55 AM [http-nio-8080-exec-1] INFO  c.v.e.c.utils.ApiExchangeServiceUtil - postXML
2019-11-04 10:09:55 AM [http-nio-8080-exec-1] INFO  c.v.e.c.utils.ApiExchangeServiceUtil - postXML
2019-11-04 10:09:55 AM [http-nio-8080-exec-1] INFO  c.v.e.c.utils.ApiExchangeServiceUtil - postXML
2019-11-04 10:09:55 AM [http-nio-8080-exec-1] INFO  c.v.e.c.utils.ApiExchangeServiceUtil - postXML
2019-11-04 10:09:55 AM [http-nio-8080-exec-1] INFO  c.v.e.c.utils.ApiExchangeServiceUtil - postXML
2019-11-04 10:09:55 AM [http-nio-8080-exec-1] INFO  c.v.e.c.utils.ApiExchangeServiceUtil - postXML
2019-11-04 10:09:55 AM [http-nio-8080-exec-1] INFO  c.v.e.c.utils.ApiExchangeServiceUtil - postXML
2019-11-04 10:09:55 AM [http-nio-8080-exec-1] INFO  c.v.e.c.utils.ApiExchangeServiceUtil - postXML
2019-11-04 10:09:56 AM [http-nio-8080-exec-1] INFO  c.v.e.c.utils.ApiExchangeServiceUtil - postXML
2019-11-04 10:09:56 AM [http-nio-8080-exec-1] INFO  c.v.e.c.utils.ApiExchangeServiceUtil - postXML
2019-11-04 10:09:56 AM [http-nio-8080-exec-1] INFO  c.v.e.c.utils.ApiExchangeServiceUtil - postXML
2019-11-04 10:09:56 AM [http-nio-8080-exec-1] INFO  c.v.e.c.utils.ApiExchangeServiceUtil - postXML
2019-11-04 10:09:56 AM [http-nio-8080-exec-1] INFO  c.v.e.c.utils.ApiExchangeServiceUtil - postXML
2019-11-04 10:09:56 AM [http-nio-8080-exec-1] INFO  c.v.e.c.utils.ApiExchangeServiceUtil - postXML
2019-11-04 10:09:56 AM [http-nio-8080-exec-1] INFO  c.v.e.c.utils.ApiExchangeServiceUtil - postXML
2019-11-04 10:09:56 AM [http-nio-8080-exec-1] INFO  c.v.e.c.utils.ApiExchangeServiceUtil - postXML
2019-11-04 10:09:57 AM [http-nio-8080-exec-1] INFO  c.v.e.c.utils.ApiExchangeServiceUtil - postXML
2019-11-04 10:09:57 AM [http-nio-8080-exec-1] INFO  c.v.e.c.utils.ApiExchangeServiceUtil - postXML
2019-11-04 10:09:57 AM [http-nio-8080-exec-1] INFO  c.v.e.c.utils.ApiExchangeServiceUtil - postXML
2019-11-04 10:09:57 AM [http-nio-8080-exec-1] INFO  c.v.e.c.utils.ApiExchangeServiceUtil - postXML
2019-11-04 10:09:57 AM [http-nio-8080-exec-1] INFO  c.v.e.c.utils.ApiExchangeServiceUtil - postXML
2019-11-04 10:09:57 AM [http-nio-8080-exec-1] INFO  c.v.e.c.utils.ApiExchangeServiceUtil - postXML
2019-11-04 10:09:57 AM [http-nio-8080-exec-1] INFO  c.v.e.c.utils.ApiExchangeServiceUtil - postXML
2019-11-04 10:09:57 AM [http-nio-8080-exec-1] INFO  c.v.e.c.utils.ApiExchangeServiceUtil - postXML
2019-11-04 10:09:58 AM [http-nio-8080-exec-1] INFO  c.v.e.c.utils.ApiExchangeServiceUtil - postXML
2019-11-04 10:09:58 AM [http-nio-8080-exec-1] INFO  c.v.e.u.c.UserInfoController - toResult
2019-11-04 10:10:54 AM [http-nio-8080-exec-3] INFO  c.v.e.u.c.UserInfoController - exportScoinCard
2019-11-04 10:10:54 AM [http-nio-8080-exec-3] INFO  c.v.e.c.utils.ApiExchangeServiceUtil - postXML
2019-11-04 10:10:54 AM [http-nio-8080-exec-3] INFO  c.v.e.c.utils.ApiExchangeServiceUtil - postXML
2019-11-04 10:10:54 AM [http-nio-8080-exec-3] INFO  c.v.e.c.utils.ApiExchangeServiceUtil - postXML
2019-11-04 10:10:55 AM [http-nio-8080-exec-3] INFO  c.v.e.c.utils.ApiExchangeServiceUtil - postXML
2019-11-04 10:10:55 AM [http-nio-8080-exec-3] INFO  c.v.e.c.utils.ApiExchangeServiceUtil - postXML
2019-11-04 10:10:55 AM [http-nio-8080-exec-3] INFO  c.v.e.c.utils.ApiExchangeServiceUtil - postXML
2019-11-04 10:10:55 AM [http-nio-8080-exec-3] INFO  c.v.e.c.utils.ApiExchangeServiceUtil - postXML
2019-11-04 10:10:55 AM [http-nio-8080-exec-3] INFO  c.v.e.c.utils.ApiExchangeServiceUtil - postXML
2019-11-04 10:10:55 AM [http-nio-8080-exec-3] INFO  c.v.e.c.utils.ApiExchangeServiceUtil - postXML
2019-11-04 10:10:56 AM [http-nio-8080-exec-3] INFO  c.v.e.c.utils.ApiExchangeServiceUtil - postXML
2019-11-04 10:10:56 AM [http-nio-8080-exec-3] INFO  c.v.e.c.utils.ApiExchangeServiceUtil - postXML
2019-11-04 10:10:56 AM [http-nio-8080-exec-3] INFO  c.v.e.c.utils.ApiExchangeServiceUtil - postXML
2019-11-04 10:10:56 AM [http-nio-8080-exec-3] INFO  c.v.e.c.utils.ApiExchangeServiceUtil - postXML
2019-11-04 10:10:56 AM [http-nio-8080-exec-3] INFO  c.v.e.c.utils.ApiExchangeServiceUtil - postXML
2019-11-04 10:10:56 AM [http-nio-8080-exec-3] INFO  c.v.e.c.utils.ApiExchangeServiceUtil - postXML
2019-11-04 10:10:56 AM [http-nio-8080-exec-3] INFO  c.v.e.c.utils.ApiExchangeServiceUtil - postXML
2019-11-04 10:10:56 AM [http-nio-8080-exec-3] INFO  c.v.e.c.utils.ApiExchangeServiceUtil - postXML
2019-11-04 10:10:57 AM [http-nio-8080-exec-3] INFO  c.v.e.c.utils.ApiExchangeServiceUtil - postXML
2019-11-04 10:10:57 AM [http-nio-8080-exec-3] INFO  c.v.e.c.utils.ApiExchangeServiceUtil - postXML
2019-11-04 10:10:57 AM [http-nio-8080-exec-3] INFO  c.v.e.c.utils.ApiExchangeServiceUtil - postXML
2019-11-04 10:10:57 AM [http-nio-8080-exec-3] INFO  c.v.e.u.c.UserInfoController - toResult
2019-11-04 10:11:09 AM [http-nio-8080-exec-9] INFO  c.v.e.u.c.UserInfoController - exportScoinCard
2019-11-04 10:11:09 AM [http-nio-8080-exec-9] INFO  c.v.e.c.utils.ApiExchangeServiceUtil - postXML
2019-11-04 10:11:09 AM [http-nio-8080-exec-9] INFO  c.v.e.c.utils.ApiExchangeServiceUtil - postXML
2019-11-04 10:11:09 AM [http-nio-8080-exec-9] INFO  c.v.e.c.utils.ApiExchangeServiceUtil - postXML
2019-11-04 10:11:10 AM [http-nio-8080-exec-9] INFO  c.v.e.c.utils.ApiExchangeServiceUtil - postXML
2019-11-04 10:11:10 AM [http-nio-8080-exec-9] INFO  c.v.e.u.c.UserInfoController - toResult
2019-11-04 10:12:49 AM [scheduling-1] INFO  c.v.e.l.AutoCreateSpinSmallGiftHistoryFake - doWork
2019-11-04 10:12:49 AM [scheduling-1] INFO  c.v.e.l.AutoCreateSpinSmallGiftHistoryFake - doWork
2019-11-04 10:12:51 AM [Thread-3] INFO  o.s.s.c.ThreadPoolTaskScheduler - shutdown
2019-11-04 10:12:51 AM [Thread-3] INFO  o.s.s.c.ThreadPoolTaskExecutor - shutdown
2019-11-04 10:12:51 AM [Thread-3] INFO  o.s.o.j.LocalContainerEntityManagerFactoryBean - destroy
2019-11-04 10:12:51 AM [Thread-3] INFO  com.zaxxer.hikari.HikariDataSource - close
2019-11-04 10:12:51 AM [Thread-3] INFO  com.zaxxer.hikari.HikariDataSource - close
2019-11-04 10:18:34 AM [main] INFO  com.vtc.event.VtcEventApplication - logStarting
2019-11-04 10:18:34 AM [main] INFO  com.vtc.event.VtcEventApplication - logStartupProfileInfo
2019-11-04 10:18:35 AM [main] INFO  o.s.d.r.c.RepositoryConfigurationDelegate - registerRepositoriesIn
2019-11-04 10:18:35 AM [main] INFO  o.s.d.r.c.RepositoryConfigurationDelegate - registerRepositoriesIn
2019-11-04 10:18:36 AM [main] INFO  o.s.c.s.PostProcessorRegistrationDelegate$BeanPostProcessorChecker - postProcessAfterInitialization
2019-11-04 10:18:36 AM [main] INFO  o.s.c.s.PostProcessorRegistrationDelegate$BeanPostProcessorChecker - postProcessAfterInitialization
2019-11-04 10:18:36 AM [main] INFO  o.s.c.s.PostProcessorRegistrationDelegate$BeanPostProcessorChecker - postProcessAfterInitialization
2019-11-04 10:18:36 AM [main] INFO  o.s.c.s.PostProcessorRegistrationDelegate$BeanPostProcessorChecker - postProcessAfterInitialization
2019-11-04 10:18:36 AM [main] INFO  o.s.c.s.PostProcessorRegistrationDelegate$BeanPostProcessorChecker - postProcessAfterInitialization
2019-11-04 10:18:36 AM [main] INFO  o.s.c.s.PostProcessorRegistrationDelegate$BeanPostProcessorChecker - postProcessAfterInitialization
2019-11-04 10:18:36 AM [main] INFO  o.s.b.w.e.tomcat.TomcatWebServer - initialize
2019-11-04 10:18:36 AM [main] INFO  o.a.coyote.http11.Http11NioProtocol - log
2019-11-04 10:18:36 AM [main] INFO  o.a.catalina.core.StandardService - log
2019-11-04 10:18:36 AM [main] INFO  o.a.catalina.core.StandardEngine - log
2019-11-04 10:18:37 AM [main] INFO  o.a.c.c.C.[Tomcat].[localhost].[/] - log
2019-11-04 10:18:37 AM [main] INFO  o.s.web.context.ContextLoader - prepareWebApplicationContext
2019-11-04 10:18:37 AM [main] INFO  com.zaxxer.hikari.HikariDataSource - getConnection
2019-11-04 10:18:37 AM [main] INFO  com.zaxxer.hikari.HikariDataSource - getConnection
2019-11-04 10:18:37 AM [main] INFO  o.h.jpa.internal.util.LogHelper - logPersistenceUnitInformation
2019-11-04 10:18:37 AM [main] INFO  org.hibernate.Version - logVersion
2019-11-04 10:18:37 AM [main] INFO  org.hibernate.cfg.Environment - <clinit>
2019-11-04 10:18:38 AM [main] INFO  o.h.annotations.common.Version - <clinit>
2019-11-04 10:18:38 AM [main] INFO  org.hibernate.dialect.Dialect - <init>
2019-11-04 10:18:40 AM [main] INFO  o.h.h.i.QueryTranslatorFactoryInitiator - initiateService
2019-11-04 10:18:40 AM [main] INFO  o.s.o.j.LocalContainerEntityManagerFactoryBean - buildNativeEntityManagerFactory
2019-11-04 10:18:41 AM [main] INFO  o.s.s.web.DefaultSecurityFilterChain - <init>
2019-11-04 10:18:41 AM [main] INFO  o.s.s.web.DefaultSecurityFilterChain - <init>
2019-11-04 10:18:41 AM [main] INFO  o.s.s.web.DefaultSecurityFilterChain - <init>
2019-11-04 10:18:41 AM [main] INFO  o.s.s.web.DefaultSecurityFilterChain - <init>
2019-11-04 10:18:41 AM [main] INFO  o.s.s.web.DefaultSecurityFilterChain - <init>
2019-11-04 10:18:41 AM [main] INFO  o.s.s.web.DefaultSecurityFilterChain - <init>
2019-11-04 10:18:42 AM [main] INFO  o.s.s.web.DefaultSecurityFilterChain - <init>
2019-11-04 10:18:42 AM [main] INFO  o.s.s.web.DefaultSecurityFilterChain - <init>
2019-11-04 10:18:42 AM [main] INFO  o.s.s.web.DefaultSecurityFilterChain - <init>
2019-11-04 10:18:42 AM [main] INFO  o.s.s.c.ThreadPoolTaskExecutor - initialize
2019-11-04 10:18:42 AM [main] WARN  o.s.b.a.o.j.JpaBaseConfiguration$JpaWebConfiguration$JpaWebMvcConfiguration - openEntityManagerInViewInterceptor
2019-11-04 10:18:42 AM [main] INFO  o.s.s.c.ThreadPoolTaskScheduler - initialize
2019-11-04 10:18:42 AM [main] INFO  o.a.coyote.http11.Http11NioProtocol - log
2019-11-04 10:18:42 AM [main] INFO  o.s.b.w.e.tomcat.TomcatWebServer - start
2019-11-04 10:18:42 AM [main] INFO  com.vtc.event.VtcEventApplication - logStarted
2019-11-04 10:19:06 AM [http-nio-8080-exec-1] INFO  o.a.c.c.C.[Tomcat].[localhost].[/] - log
2019-11-04 10:19:06 AM [http-nio-8080-exec-1] INFO  o.s.web.servlet.DispatcherServlet - initServletBean
2019-11-04 10:19:06 AM [http-nio-8080-exec-1] INFO  o.s.web.servlet.DispatcherServlet - initServletBean
2019-11-04 10:19:06 AM [http-nio-8080-exec-1] INFO  c.v.e.u.c.UserInfoController - exportScoinCard
2019-11-04 10:19:06 AM [http-nio-8080-exec-1] INFO  c.v.e.c.utils.ApiExchangeServiceUtil - postXML
2019-11-04 10:19:07 AM [http-nio-8080-exec-1] INFO  c.v.e.c.utils.ApiExchangeServiceUtil - postXML
2019-11-04 10:19:07 AM [http-nio-8080-exec-1] INFO  c.v.e.c.utils.ApiExchangeServiceUtil - postXML
2019-11-04 10:19:08 AM [http-nio-8080-exec-1] INFO  c.v.e.c.utils.ApiExchangeServiceUtil - postXML
2019-11-04 10:19:08 AM [http-nio-8080-exec-1] INFO  c.v.e.c.utils.ApiExchangeServiceUtil - postXML
2019-11-04 10:19:08 AM [http-nio-8080-exec-1] INFO  c.v.e.c.utils.ApiExchangeServiceUtil - postXML
2019-11-04 10:19:08 AM [http-nio-8080-exec-1] INFO  c.v.e.c.utils.ApiExchangeServiceUtil - postXML
2019-11-04 10:19:08 AM [http-nio-8080-exec-1] INFO  c.v.e.c.utils.ApiExchangeServiceUtil - postXML
2019-11-04 10:19:08 AM [http-nio-8080-exec-1] INFO  c.v.e.c.utils.ApiExchangeServiceUtil - postXML
2019-11-04 10:19:10 AM [http-nio-8080-exec-1] INFO  c.v.e.c.utils.ApiExchangeServiceUtil - postXML
2019-11-04 10:19:10 AM [http-nio-8080-exec-1] INFO  c.v.e.c.utils.ApiExchangeServiceUtil - postXML
2019-11-04 10:19:10 AM [http-nio-8080-exec-1] INFO  c.v.e.c.utils.ApiExchangeServiceUtil - postXML
2019-11-04 10:19:10 AM [http-nio-8080-exec-1] INFO  c.v.e.c.utils.ApiExchangeServiceUtil - postXML
2019-11-04 10:19:10 AM [http-nio-8080-exec-1] INFO  c.v.e.c.utils.ApiExchangeServiceUtil - postXML
2019-11-04 10:19:10 AM [http-nio-8080-exec-1] INFO  c.v.e.c.utils.ApiExchangeServiceUtil - postXML
2019-11-04 10:19:11 AM [http-nio-8080-exec-1] INFO  c.v.e.c.utils.ApiExchangeServiceUtil - postXML
2019-11-04 10:19:11 AM [http-nio-8080-exec-1] INFO  c.v.e.c.utils.ApiExchangeServiceUtil - postXML
2019-11-04 10:19:11 AM [http-nio-8080-exec-1] INFO  c.v.e.c.utils.ApiExchangeServiceUtil - postXML
2019-11-04 10:19:11 AM [http-nio-8080-exec-1] INFO  c.v.e.c.utils.ApiExchangeServiceUtil - postXML
2019-11-04 10:19:11 AM [http-nio-8080-exec-1] INFO  c.v.e.c.utils.ApiExchangeServiceUtil - postXML
2019-11-04 10:19:11 AM [http-nio-8080-exec-1] INFO  c.v.e.c.utils.ApiExchangeServiceUtil - postXML
2019-11-04 10:19:11 AM [http-nio-8080-exec-1] INFO  c.v.e.c.utils.ApiExchangeServiceUtil - postXML
2019-11-04 10:19:11 AM [http-nio-8080-exec-1] INFO  c.v.e.c.utils.ApiExchangeServiceUtil - postXML
2019-11-04 10:19:12 AM [http-nio-8080-exec-1] INFO  c.v.e.c.utils.ApiExchangeServiceUtil - postXML
2019-11-04 10:19:12 AM [http-nio-8080-exec-1] INFO  c.v.e.c.utils.ApiExchangeServiceUtil - postXML
2019-11-04 10:19:12 AM [http-nio-8080-exec-1] INFO  c.v.e.c.utils.ApiExchangeServiceUtil - postXML
2019-11-04 10:19:12 AM [http-nio-8080-exec-1] INFO  c.v.e.c.utils.ApiExchangeServiceUtil - postXML
2019-11-04 10:19:12 AM [http-nio-8080-exec-1] INFO  c.v.e.c.utils.ApiExchangeServiceUtil - postXML
2019-11-04 10:19:12 AM [http-nio-8080-exec-1] INFO  c.v.e.c.utils.ApiExchangeServiceUtil - postXML
2019-11-04 10:19:12 AM [http-nio-8080-exec-1] INFO  c.v.e.c.utils.ApiExchangeServiceUtil - postXML
2019-11-04 10:19:13 AM [http-nio-8080-exec-1] INFO  c.v.e.c.utils.ApiExchangeServiceUtil - postXML
2019-11-04 10:19:13 AM [http-nio-8080-exec-1] INFO  c.v.e.c.utils.ApiExchangeServiceUtil - postXML
2019-11-04 10:19:13 AM [http-nio-8080-exec-1] INFO  c.v.e.c.utils.ApiExchangeServiceUtil - postXML
2019-11-04 10:19:13 AM [http-nio-8080-exec-1] INFO  c.v.e.c.utils.ApiExchangeServiceUtil - postXML
2019-11-04 10:19:13 AM [http-nio-8080-exec-1] INFO  c.v.e.c.utils.ApiExchangeServiceUtil - postXML
2019-11-04 10:19:13 AM [http-nio-8080-exec-1] INFO  c.v.e.c.utils.ApiExchangeServiceUtil - postXML
2019-11-04 10:19:13 AM [http-nio-8080-exec-1] INFO  c.v.e.c.utils.ApiExchangeServiceUtil - postXML
2019-11-04 10:19:14 AM [http-nio-8080-exec-1] INFO  c.v.e.c.utils.ApiExchangeServiceUtil - postXML
2019-11-04 10:19:14 AM [http-nio-8080-exec-1] INFO  c.v.e.c.utils.ApiExchangeServiceUtil - postXML
2019-11-04 10:19:14 AM [http-nio-8080-exec-1] INFO  c.v.e.c.utils.ApiExchangeServiceUtil - postXML
2019-11-04 10:19:14 AM [http-nio-8080-exec-1] INFO  c.v.e.c.utils.ApiExchangeServiceUtil - postXML
2019-11-04 10:19:14 AM [http-nio-8080-exec-1] INFO  c.v.e.c.utils.ApiExchangeServiceUtil - postXML
2019-11-04 10:19:14 AM [http-nio-8080-exec-1] INFO  c.v.e.c.utils.ApiExchangeServiceUtil - postXML
2019-11-04 10:19:14 AM [http-nio-8080-exec-1] INFO  c.v.e.c.utils.ApiExchangeServiceUtil - postXML
2019-11-04 10:19:15 AM [http-nio-8080-exec-1] INFO  c.v.e.c.utils.ApiExchangeServiceUtil - postXML
2019-11-04 10:19:15 AM [http-nio-8080-exec-1] INFO  c.v.e.c.utils.ApiExchangeServiceUtil - postXML
2019-11-04 10:19:15 AM [http-nio-8080-exec-1] INFO  c.v.e.c.utils.ApiExchangeServiceUtil - postXML
2019-11-04 10:19:15 AM [http-nio-8080-exec-1] INFO  c.v.e.c.utils.ApiExchangeServiceUtil - postXML
2019-11-04 10:19:15 AM [http-nio-8080-exec-1] INFO  c.v.e.c.utils.ApiExchangeServiceUtil - postXML
2019-11-04 10:19:15 AM [http-nio-8080-exec-1] INFO  c.v.e.c.utils.ApiExchangeServiceUtil - postXML
2019-11-04 10:19:15 AM [http-nio-8080-exec-1] INFO  c.v.e.c.utils.ApiExchangeServiceUtil - postXML
2019-11-04 10:19:16 AM [http-nio-8080-exec-1] INFO  c.v.e.c.utils.ApiExchangeServiceUtil - postXML
2019-11-04 10:19:16 AM [http-nio-8080-exec-1] INFO  c.v.e.c.utils.ApiExchangeServiceUtil - postXML
2019-11-04 10:19:16 AM [http-nio-8080-exec-1] INFO  c.v.e.c.utils.ApiExchangeServiceUtil - postXML
2019-11-04 10:19:16 AM [http-nio-8080-exec-1] INFO  c.v.e.c.utils.ApiExchangeServiceUtil - postXML
2019-11-04 10:19:16 AM [http-nio-8080-exec-1] INFO  c.v.e.c.utils.ApiExchangeServiceUtil - postXML
2019-11-04 10:19:16 AM [http-nio-8080-exec-1] INFO  c.v.e.c.utils.ApiExchangeServiceUtil - postXML
2019-11-04 10:19:16 AM [http-nio-8080-exec-1] INFO  c.v.e.c.utils.ApiExchangeServiceUtil - postXML
2019-11-04 10:19:16 AM [http-nio-8080-exec-1] INFO  c.v.e.c.e.ScoinExceptionHandler - handleBluuFailedToExecuteException
com.vtc.event.common.exception.ScoinFailedToExecuteException: Call to api BUYCARD Scoin Unsuccess with repose code : -506
	at com.vtc.event.common.service.impl.CommonCardScoinServiceImpl.buyCard(CommonCardScoinServiceImpl.java:123)
	at com.vtc.event.userInfo.service.impl.UserInfoServiceImpl.exportCardScoin(UserInfoServiceImpl.java:288)
	at com.vtc.event.userInfo.controller.UserInfoController.exportScoinCard(UserInfoController.java:57)
	at java.base/jdk.internal.reflect.NativeMethodAccessorImpl.invoke0(Native Method)
	at java.base/jdk.internal.reflect.NativeMethodAccessorImpl.invoke(NativeMethodAccessorImpl.java:62)
	at java.base/jdk.internal.reflect.DelegatingMethodAccessorImpl.invoke(DelegatingMethodAccessorImpl.java:43)
	at java.base/java.lang.reflect.Method.invoke(Method.java:566)
	at org.springframework.web.method.support.InvocableHandlerMethod.doInvoke(InvocableHandlerMethod.java:189)
	at org.springframework.web.method.support.InvocableHandlerMethod.invokeForRequest(InvocableHandlerMethod.java:138)
	at org.springframework.web.servlet.mvc.method.annotation.ServletInvocableHandlerMethod.invokeAndHandle(ServletInvocableHandlerMethod.java:102)
	at org.springframework.web.servlet.mvc.method.annotation.RequestMappingHandlerAdapter.invokeHandlerMethod(RequestMappingHandlerAdapter.java:892)
	at org.springframework.web.servlet.mvc.method.annotation.RequestMappingHandlerAdapter.handleInternal(RequestMappingHandlerAdapter.java:797)
	at org.springframework.web.servlet.mvc.method.AbstractHandlerMethodAdapter.handle(AbstractHandlerMethodAdapter.java:87)
	at org.springframework.web.servlet.DispatcherServlet.doDispatch(DispatcherServlet.java:1038)
	at org.springframework.web.servlet.DispatcherServlet.doService(DispatcherServlet.java:942)
	at org.springframework.web.servlet.FrameworkServlet.processRequest(FrameworkServlet.java:1005)
	at org.springframework.web.servlet.FrameworkServlet.doGet(FrameworkServlet.java:897)
	at javax.servlet.http.HttpServlet.service(HttpServlet.java:634)
	at org.springframework.web.servlet.FrameworkServlet.service(FrameworkServlet.java:882)
	at javax.servlet.http.HttpServlet.service(HttpServlet.java:741)
	at org.apache.catalina.core.ApplicationFilterChain.internalDoFilter(ApplicationFilterChain.java:231)
	at org.apache.catalina.core.ApplicationFilterChain.doFilter(ApplicationFilterChain.java:166)
	at org.apache.tomcat.websocket.server.WsFilter.doFilter(WsFilter.java:53)
	at org.apache.catalina.core.ApplicationFilterChain.internalDoFilter(ApplicationFilterChain.java:193)
	at org.apache.catalina.core.ApplicationFilterChain.doFilter(ApplicationFilterChain.java:166)
	at org.springframework.security.web.FilterChainProxy$VirtualFilterChain.doFilter(FilterChainProxy.java:320)
	at org.springframework.security.web.access.intercept.FilterSecurityInterceptor.invoke(FilterSecurityInterceptor.java:127)
	at org.springframework.security.web.access.intercept.FilterSecurityInterceptor.doFilter(FilterSecurityInterceptor.java:91)
	at org.springframework.security.web.FilterChainProxy$VirtualFilterChain.doFilter(FilterChainProxy.java:334)
	at org.springframework.security.web.access.ExceptionTranslationFilter.doFilter(ExceptionTranslationFilter.java:119)
	at org.springframework.security.web.FilterChainProxy$VirtualFilterChain.doFilter(FilterChainProxy.java:334)
	at org.springframework.security.web.session.SessionManagementFilter.doFilter(SessionManagementFilter.java:137)
	at org.springframework.security.web.FilterChainProxy$VirtualFilterChain.doFilter(FilterChainProxy.java:334)
	at org.springframework.security.web.authentication.AnonymousAuthenticationFilter.doFilter(AnonymousAuthenticationFilter.java:111)
	at org.springframework.security.web.FilterChainProxy$VirtualFilterChain.doFilter(FilterChainProxy.java:334)
	at org.springframework.security.web.servletapi.SecurityContextHolderAwareRequestFilter.doFilter(SecurityContextHolderAwareRequestFilter.java:170)
	at org.springframework.security.web.FilterChainProxy$VirtualFilterChain.doFilter(FilterChainProxy.java:334)
	at org.springframework.security.web.savedrequest.RequestCacheAwareFilter.doFilter(RequestCacheAwareFilter.java:63)
	at org.springframework.security.web.FilterChainProxy$VirtualFilterChain.doFilter(FilterChainProxy.java:334)
	at org.springframework.security.web.authentication.www.BasicAuthenticationFilter.doFilterInternal(BasicAuthenticationFilter.java:158)
	at org.springframework.web.filter.OncePerRequestFilter.doFilter(OncePerRequestFilter.java:107)
	at org.springframework.security.web.FilterChainProxy$VirtualFilterChain.doFilter(FilterChainProxy.java:334)
	at org.springframework.security.oauth2.provider.authentication.OAuth2AuthenticationProcessingFilter.doFilter(OAuth2AuthenticationProcessingFilter.java:176)
	at org.springframework.security.web.FilterChainProxy$VirtualFilterChain.doFilter(FilterChainProxy.java:334)
	at org.springframework.security.web.authentication.logout.LogoutFilter.doFilter(LogoutFilter.java:116)
	at org.springframework.security.web.FilterChainProxy$VirtualFilterChain.doFilter(FilterChainProxy.java:334)
	at org.springframework.web.filter.CorsFilter.doFilterInternal(CorsFilter.java:96)
	at org.springframework.web.filter.OncePerRequestFilter.doFilter(OncePerRequestFilter.java:107)
	at org.springframework.security.web.FilterChainProxy$VirtualFilterChain.doFilter(FilterChainProxy.java:334)
	at org.springframework.security.web.header.HeaderWriterFilter.doFilterInternal(HeaderWriterFilter.java:74)
	at org.springframework.web.filter.OncePerRequestFilter.doFilter(OncePerRequestFilter.java:107)
	at org.springframework.security.web.FilterChainProxy$VirtualFilterChain.doFilter(FilterChainProxy.java:334)
	at org.springframework.security.web.context.SecurityContextPersistenceFilter.doFilter(SecurityContextPersistenceFilter.java:105)
	at org.springframework.security.web.FilterChainProxy$VirtualFilterChain.doFilter(FilterChainProxy.java:334)
	at org.springframework.security.web.context.request.async.WebAsyncManagerIntegrationFilter.doFilterInternal(WebAsyncManagerIntegrationFilter.java:56)
	at org.springframework.web.filter.OncePerRequestFilter.doFilter(OncePerRequestFilter.java:107)
	at org.springframework.security.web.FilterChainProxy$VirtualFilterChain.doFilter(FilterChainProxy.java:334)
	at org.springframework.security.web.FilterChainProxy.doFilterInternal(FilterChainProxy.java:215)
	at org.springframework.security.web.FilterChainProxy.doFilter(FilterChainProxy.java:178)
	at org.springframework.web.filter.DelegatingFilterProxy.invokeDelegate(DelegatingFilterProxy.java:357)
	at org.springframework.web.filter.DelegatingFilterProxy.doFilter(DelegatingFilterProxy.java:270)
	at org.apache.catalina.core.ApplicationFilterChain.internalDoFilter(ApplicationFilterChain.java:193)
	at org.apache.catalina.core.ApplicationFilterChain.doFilter(ApplicationFilterChain.java:166)
	at org.springframework.web.filter.RequestContextFilter.doFilterInternal(RequestContextFilter.java:99)
	at org.springframework.web.filter.OncePerRequestFilter.doFilter(OncePerRequestFilter.java:107)
	at org.apache.catalina.core.ApplicationFilterChain.internalDoFilter(ApplicationFilterChain.java:193)
	at org.apache.catalina.core.ApplicationFilterChain.doFilter(ApplicationFilterChain.java:166)
	at org.springframework.web.filter.FormContentFilter.doFilterInternal(FormContentFilter.java:92)
	at org.springframework.web.filter.OncePerRequestFilter.doFilter(OncePerRequestFilter.java:107)
	at org.apache.catalina.core.ApplicationFilterChain.internalDoFilter(ApplicationFilterChain.java:193)
	at org.apache.catalina.core.ApplicationFilterChain.doFilter(ApplicationFilterChain.java:166)
	at org.springframework.web.filter.HiddenHttpMethodFilter.doFilterInternal(HiddenHttpMethodFilter.java:93)
	at org.springframework.web.filter.OncePerRequestFilter.doFilter(OncePerRequestFilter.java:107)
	at org.apache.catalina.core.ApplicationFilterChain.internalDoFilter(ApplicationFilterChain.java:193)
	at org.apache.catalina.core.ApplicationFilterChain.doFilter(ApplicationFilterChain.java:166)
	at org.springframework.web.filter.CharacterEncodingFilter.doFilterInternal(CharacterEncodingFilter.java:200)
	at org.springframework.web.filter.OncePerRequestFilter.doFilter(OncePerRequestFilter.java:107)
	at org.apache.catalina.core.ApplicationFilterChain.internalDoFilter(ApplicationFilterChain.java:193)
	at org.apache.catalina.core.ApplicationFilterChain.doFilter(ApplicationFilterChain.java:166)
	at org.apache.catalina.core.StandardWrapperValve.invoke(StandardWrapperValve.java:200)
	at org.apache.catalina.core.StandardContextValve.invoke(StandardContextValve.java:96)
	at org.apache.catalina.authenticator.AuthenticatorBase.invoke(AuthenticatorBase.java:490)
	at org.apache.catalina.core.StandardHostValve.invoke(StandardHostValve.java:139)
	at org.apache.catalina.valves.ErrorReportValve.invoke(ErrorReportValve.java:92)
	at org.apache.catalina.core.StandardEngineValve.invoke(StandardEngineValve.java:74)
	at org.apache.catalina.connector.CoyoteAdapter.service(CoyoteAdapter.java:343)
	at org.apache.coyote.http11.Http11Processor.service(Http11Processor.java:408)
	at org.apache.coyote.AbstractProcessorLight.process(AbstractProcessorLight.java:66)
	at org.apache.coyote.AbstractProtocol$ConnectionHandler.process(AbstractProtocol.java:834)
	at org.apache.tomcat.util.net.NioEndpoint$SocketProcessor.doRun(NioEndpoint.java:1415)
	at org.apache.tomcat.util.net.SocketProcessorBase.run(SocketProcessorBase.java:49)
	at java.base/java.util.concurrent.ThreadPoolExecutor.runWorker(ThreadPoolExecutor.java:1128)
	at java.base/java.util.concurrent.ThreadPoolExecutor$Worker.run(ThreadPoolExecutor.java:628)
	at org.apache.tomcat.util.threads.TaskThread$WrappingRunnable.run(TaskThread.java:61)
	at java.base/java.lang.Thread.run(Thread.java:834)
2019-11-04 10:19:46 AM [http-nio-8080-exec-3] INFO  c.v.e.u.c.UserInfoController - exportScoinCard
2019-11-04 10:19:46 AM [http-nio-8080-exec-3] INFO  c.v.e.c.utils.ApiExchangeServiceUtil - postXML
2019-11-04 10:19:47 AM [http-nio-8080-exec-3] INFO  c.v.e.c.utils.ApiExchangeServiceUtil - postXML
2019-11-04 10:19:47 AM [http-nio-8080-exec-3] INFO  c.v.e.c.utils.ApiExchangeServiceUtil - postXML
2019-11-04 10:19:47 AM [http-nio-8080-exec-3] INFO  c.v.e.c.utils.ApiExchangeServiceUtil - postXML
2019-11-04 10:19:47 AM [http-nio-8080-exec-3] INFO  c.v.e.c.utils.ApiExchangeServiceUtil - postXML
2019-11-04 10:19:47 AM [http-nio-8080-exec-3] INFO  c.v.e.c.utils.ApiExchangeServiceUtil - postXML
2019-11-04 10:19:47 AM [http-nio-8080-exec-3] INFO  c.v.e.c.utils.ApiExchangeServiceUtil - postXML
2019-11-04 10:19:47 AM [http-nio-8080-exec-3] INFO  c.v.e.c.utils.ApiExchangeServiceUtil - postXML
2019-11-04 10:19:48 AM [http-nio-8080-exec-3] INFO  c.v.e.c.utils.ApiExchangeServiceUtil - postXML
2019-11-04 10:19:48 AM [http-nio-8080-exec-3] INFO  c.v.e.c.utils.ApiExchangeServiceUtil - postXML
2019-11-04 10:19:48 AM [http-nio-8080-exec-3] INFO  c.v.e.c.utils.ApiExchangeServiceUtil - postXML
2019-11-04 10:19:48 AM [http-nio-8080-exec-3] INFO  c.v.e.c.utils.ApiExchangeServiceUtil - postXML
2019-11-04 10:19:48 AM [http-nio-8080-exec-3] INFO  c.v.e.c.utils.ApiExchangeServiceUtil - postXML
2019-11-04 10:19:48 AM [http-nio-8080-exec-3] INFO  c.v.e.c.utils.ApiExchangeServiceUtil - postXML
2019-11-04 10:19:48 AM [http-nio-8080-exec-3] INFO  c.v.e.c.utils.ApiExchangeServiceUtil - postXML
2019-11-04 10:19:49 AM [http-nio-8080-exec-3] INFO  c.v.e.c.utils.ApiExchangeServiceUtil - postXML
2019-11-04 10:19:49 AM [http-nio-8080-exec-3] INFO  c.v.e.c.utils.ApiExchangeServiceUtil - postXML
2019-11-04 10:19:49 AM [http-nio-8080-exec-3] INFO  c.v.e.c.utils.ApiExchangeServiceUtil - postXML
2019-11-04 10:19:49 AM [http-nio-8080-exec-3] INFO  c.v.e.c.utils.ApiExchangeServiceUtil - postXML
2019-11-04 10:19:49 AM [http-nio-8080-exec-3] INFO  c.v.e.c.utils.ApiExchangeServiceUtil - postXML
2019-11-04 10:19:50 AM [http-nio-8080-exec-3] INFO  c.v.e.c.utils.ApiExchangeServiceUtil - postXML
2019-11-04 10:19:50 AM [http-nio-8080-exec-3] INFO  c.v.e.c.utils.ApiExchangeServiceUtil - postXML
2019-11-04 10:19:50 AM [http-nio-8080-exec-3] INFO  c.v.e.c.utils.ApiExchangeServiceUtil - postXML
2019-11-04 10:19:50 AM [http-nio-8080-exec-3] INFO  c.v.e.c.utils.ApiExchangeServiceUtil - postXML
2019-11-04 10:19:50 AM [http-nio-8080-exec-3] INFO  c.v.e.u.c.UserInfoController - toResult
2019-11-04 10:24:18 AM [http-nio-8080-exec-6] INFO  c.v.e.u.c.UserInfoController - exportScoinCard
2019-11-04 10:24:18 AM [http-nio-8080-exec-6] INFO  c.v.e.c.utils.ApiExchangeServiceUtil - postXML
2019-11-04 10:24:19 AM [http-nio-8080-exec-6] INFO  c.v.e.c.utils.ApiExchangeServiceUtil - postXML
2019-11-04 10:24:19 AM [http-nio-8080-exec-6] INFO  c.v.e.c.utils.ApiExchangeServiceUtil - postXML
2019-11-04 10:24:19 AM [http-nio-8080-exec-6] INFO  c.v.e.c.utils.ApiExchangeServiceUtil - postXML
2019-11-04 10:24:19 AM [http-nio-8080-exec-6] INFO  c.v.e.c.utils.ApiExchangeServiceUtil - postXML
2019-11-04 10:24:19 AM [http-nio-8080-exec-6] INFO  c.v.e.c.utils.ApiExchangeServiceUtil - postXML
2019-11-04 10:24:19 AM [http-nio-8080-exec-6] INFO  c.v.e.c.utils.ApiExchangeServiceUtil - postXML
2019-11-04 10:24:19 AM [http-nio-8080-exec-6] INFO  c.v.e.c.utils.ApiExchangeServiceUtil - postXML
2019-11-04 10:24:19 AM [http-nio-8080-exec-6] INFO  c.v.e.c.utils.ApiExchangeServiceUtil - postXML
2019-11-04 10:24:20 AM [http-nio-8080-exec-6] INFO  c.v.e.c.utils.ApiExchangeServiceUtil - postXML
2019-11-04 10:24:20 AM [http-nio-8080-exec-6] INFO  c.v.e.c.utils.ApiExchangeServiceUtil - postXML
2019-11-04 10:24:20 AM [http-nio-8080-exec-6] INFO  c.v.e.c.utils.ApiExchangeServiceUtil - postXML
2019-11-04 10:24:20 AM [http-nio-8080-exec-6] INFO  c.v.e.c.utils.ApiExchangeServiceUtil - postXML
2019-11-04 10:24:20 AM [http-nio-8080-exec-6] INFO  c.v.e.c.utils.ApiExchangeServiceUtil - postXML
2019-11-04 10:24:20 AM [http-nio-8080-exec-6] INFO  c.v.e.c.utils.ApiExchangeServiceUtil - postXML
2019-11-04 10:24:20 AM [http-nio-8080-exec-6] INFO  c.v.e.c.utils.ApiExchangeServiceUtil - postXML
2019-11-04 10:24:20 AM [http-nio-8080-exec-6] INFO  c.v.e.c.utils.ApiExchangeServiceUtil - postXML
2019-11-04 10:24:21 AM [http-nio-8080-exec-6] INFO  c.v.e.c.utils.ApiExchangeServiceUtil - postXML
2019-11-04 10:24:21 AM [http-nio-8080-exec-6] INFO  c.v.e.c.utils.ApiExchangeServiceUtil - postXML
2019-11-04 10:24:21 AM [http-nio-8080-exec-6] INFO  c.v.e.c.utils.ApiExchangeServiceUtil - postXML
2019-11-04 10:24:21 AM [http-nio-8080-exec-6] INFO  c.v.e.c.utils.ApiExchangeServiceUtil - postXML
2019-11-04 10:24:21 AM [http-nio-8080-exec-6] INFO  c.v.e.c.utils.ApiExchangeServiceUtil - postXML
2019-11-04 10:24:21 AM [http-nio-8080-exec-6] INFO  c.v.e.c.utils.ApiExchangeServiceUtil - postXML
2019-11-04 10:24:21 AM [http-nio-8080-exec-6] INFO  c.v.e.c.utils.ApiExchangeServiceUtil - postXML
2019-11-04 10:24:21 AM [http-nio-8080-exec-6] INFO  c.v.e.c.utils.ApiExchangeServiceUtil - postXML
2019-11-04 10:24:22 AM [http-nio-8080-exec-6] INFO  c.v.e.c.utils.ApiExchangeServiceUtil - postXML
2019-11-04 10:24:22 AM [http-nio-8080-exec-6] INFO  c.v.e.c.utils.ApiExchangeServiceUtil - postXML
2019-11-04 10:24:22 AM [http-nio-8080-exec-6] INFO  c.v.e.c.utils.ApiExchangeServiceUtil - postXML
2019-11-04 10:24:22 AM [http-nio-8080-exec-6] INFO  c.v.e.c.utils.ApiExchangeServiceUtil - postXML
2019-11-04 10:24:22 AM [http-nio-8080-exec-6] INFO  c.v.e.c.utils.ApiExchangeServiceUtil - postXML
2019-11-04 10:24:22 AM [http-nio-8080-exec-6] INFO  c.v.e.c.utils.ApiExchangeServiceUtil - postXML
2019-11-04 10:24:22 AM [http-nio-8080-exec-6] INFO  c.v.e.c.utils.ApiExchangeServiceUtil - postXML
2019-11-04 10:24:23 AM [http-nio-8080-exec-6] INFO  c.v.e.c.utils.ApiExchangeServiceUtil - postXML
2019-11-04 10:24:23 AM [http-nio-8080-exec-6] INFO  c.v.e.c.utils.ApiExchangeServiceUtil - postXML
2019-11-04 10:24:23 AM [http-nio-8080-exec-6] INFO  c.v.e.c.utils.ApiExchangeServiceUtil - postXML
2019-11-04 10:24:23 AM [http-nio-8080-exec-6] INFO  c.v.e.c.utils.ApiExchangeServiceUtil - postXML
2019-11-04 10:24:23 AM [http-nio-8080-exec-6] INFO  c.v.e.c.utils.ApiExchangeServiceUtil - postXML
2019-11-04 10:24:23 AM [http-nio-8080-exec-6] INFO  c.v.e.c.utils.ApiExchangeServiceUtil - postXML
2019-11-04 10:24:23 AM [http-nio-8080-exec-6] INFO  c.v.e.c.utils.ApiExchangeServiceUtil - postXML
2019-11-04 10:24:24 AM [http-nio-8080-exec-6] INFO  c.v.e.c.utils.ApiExchangeServiceUtil - postXML
2019-11-04 10:24:24 AM [http-nio-8080-exec-6] INFO  c.v.e.u.c.UserInfoController - toResult
2019-11-04 10:25:11 AM [http-nio-8080-exec-7] INFO  c.v.e.u.c.UserInfoController - exportScoinCard
2019-11-04 10:25:11 AM [http-nio-8080-exec-7] INFO  c.v.e.c.utils.ApiExchangeServiceUtil - postXML
2019-11-04 10:25:11 AM [http-nio-8080-exec-7] INFO  c.v.e.c.utils.ApiExchangeServiceUtil - postXML
2019-11-04 10:25:11 AM [http-nio-8080-exec-7] INFO  c.v.e.c.utils.ApiExchangeServiceUtil - postXML
2019-11-04 10:25:12 AM [http-nio-8080-exec-7] INFO  c.v.e.c.utils.ApiExchangeServiceUtil - postXML
2019-11-04 10:25:12 AM [http-nio-8080-exec-7] INFO  c.v.e.c.utils.ApiExchangeServiceUtil - postXML
2019-11-04 10:25:12 AM [http-nio-8080-exec-7] INFO  c.v.e.c.utils.ApiExchangeServiceUtil - postXML
2019-11-04 10:25:12 AM [http-nio-8080-exec-7] INFO  c.v.e.c.utils.ApiExchangeServiceUtil - postXML
2019-11-04 10:25:12 AM [http-nio-8080-exec-7] INFO  c.v.e.c.utils.ApiExchangeServiceUtil - postXML
2019-11-04 10:25:12 AM [http-nio-8080-exec-7] INFO  c.v.e.c.utils.ApiExchangeServiceUtil - postXML
2019-11-04 10:25:12 AM [http-nio-8080-exec-7] INFO  c.v.e.c.utils.ApiExchangeServiceUtil - postXML
2019-11-04 10:25:12 AM [http-nio-8080-exec-7] INFO  c.v.e.c.utils.ApiExchangeServiceUtil - postXML
2019-11-04 10:25:13 AM [http-nio-8080-exec-7] INFO  c.v.e.c.utils.ApiExchangeServiceUtil - postXML
2019-11-04 10:25:13 AM [http-nio-8080-exec-7] INFO  c.v.e.c.utils.ApiExchangeServiceUtil - postXML
2019-11-04 10:25:13 AM [http-nio-8080-exec-7] INFO  c.v.e.c.utils.ApiExchangeServiceUtil - postXML
2019-11-04 10:25:13 AM [http-nio-8080-exec-7] INFO  c.v.e.c.utils.ApiExchangeServiceUtil - postXML
2019-11-04 10:25:13 AM [http-nio-8080-exec-7] INFO  c.v.e.c.utils.ApiExchangeServiceUtil - postXML
2019-11-04 10:25:13 AM [http-nio-8080-exec-7] INFO  c.v.e.c.utils.ApiExchangeServiceUtil - postXML
2019-11-04 10:25:13 AM [http-nio-8080-exec-7] INFO  c.v.e.c.utils.ApiExchangeServiceUtil - postXML
2019-11-04 10:25:13 AM [http-nio-8080-exec-7] INFO  c.v.e.c.utils.ApiExchangeServiceUtil - postXML
2019-11-04 10:25:13 AM [http-nio-8080-exec-7] INFO  c.v.e.c.utils.ApiExchangeServiceUtil - postXML
2019-11-04 10:25:14 AM [http-nio-8080-exec-7] INFO  c.v.e.c.utils.ApiExchangeServiceUtil - postXML
2019-11-04 10:25:14 AM [http-nio-8080-exec-7] INFO  c.v.e.c.utils.ApiExchangeServiceUtil - postXML
2019-11-04 10:25:14 AM [http-nio-8080-exec-7] INFO  c.v.e.c.utils.ApiExchangeServiceUtil - postXML
2019-11-04 10:25:14 AM [http-nio-8080-exec-7] INFO  c.v.e.c.utils.ApiExchangeServiceUtil - postXML
2019-11-04 10:25:14 AM [http-nio-8080-exec-7] INFO  c.v.e.u.c.UserInfoController - toResult
2019-11-04 10:26:07 AM [http-nio-8080-exec-8] INFO  c.v.e.u.c.UserInfoController - exportScoinCard
2019-11-04 10:26:07 AM [http-nio-8080-exec-8] INFO  c.v.e.c.utils.ApiExchangeServiceUtil - postXML
2019-11-04 10:26:07 AM [http-nio-8080-exec-8] INFO  c.v.e.c.utils.ApiExchangeServiceUtil - postXML
2019-11-04 10:26:07 AM [http-nio-8080-exec-8] INFO  c.v.e.c.utils.ApiExchangeServiceUtil - postXML
2019-11-04 10:26:07 AM [http-nio-8080-exec-8] INFO  c.v.e.c.utils.ApiExchangeServiceUtil - postXML
2019-11-04 10:26:08 AM [http-nio-8080-exec-8] INFO  c.v.e.c.utils.ApiExchangeServiceUtil - postXML
2019-11-04 10:26:08 AM [http-nio-8080-exec-8] INFO  c.v.e.c.utils.ApiExchangeServiceUtil - postXML
2019-11-04 10:26:08 AM [http-nio-8080-exec-8] INFO  c.v.e.c.utils.ApiExchangeServiceUtil - postXML
2019-11-04 10:26:08 AM [http-nio-8080-exec-8] INFO  c.v.e.c.utils.ApiExchangeServiceUtil - postXML
2019-11-04 10:26:09 AM [http-nio-8080-exec-8] INFO  c.v.e.c.utils.ApiExchangeServiceUtil - postXML
2019-11-04 10:26:09 AM [http-nio-8080-exec-8] INFO  c.v.e.c.utils.ApiExchangeServiceUtil - postXML
2019-11-04 10:26:09 AM [http-nio-8080-exec-8] INFO  c.v.e.c.utils.ApiExchangeServiceUtil - postXML
2019-11-04 10:26:09 AM [http-nio-8080-exec-8] INFO  c.v.e.c.utils.ApiExchangeServiceUtil - postXML
2019-11-04 10:26:10 AM [http-nio-8080-exec-8] INFO  c.v.e.u.c.UserInfoController - toResult
2019-11-04 10:27:07 AM [http-nio-8080-exec-9] INFO  c.v.e.u.c.UserInfoController - exportScoinCard
2019-11-04 10:27:07 AM [http-nio-8080-exec-9] INFO  c.v.e.c.utils.ApiExchangeServiceUtil - postXML
2019-11-04 10:27:07 AM [http-nio-8080-exec-9] INFO  c.v.e.c.utils.ApiExchangeServiceUtil - postXML
2019-11-04 10:27:08 AM [http-nio-8080-exec-9] INFO  c.v.e.c.utils.ApiExchangeServiceUtil - postXML
2019-11-04 10:27:08 AM [http-nio-8080-exec-9] INFO  c.v.e.c.utils.ApiExchangeServiceUtil - postXML
2019-11-04 10:27:08 AM [http-nio-8080-exec-9] INFO  c.v.e.u.c.UserInfoController - toResult
2019-11-04 10:27:46 AM [Thread-3] INFO  o.s.s.c.ThreadPoolTaskScheduler - shutdown
2019-11-04 10:27:46 AM [Thread-3] INFO  o.s.s.c.ThreadPoolTaskExecutor - shutdown
2019-11-04 10:27:46 AM [Thread-3] INFO  o.s.o.j.LocalContainerEntityManagerFactoryBean - destroy
2019-11-04 10:27:46 AM [Thread-3] INFO  com.zaxxer.hikari.HikariDataSource - close
2019-11-04 10:27:46 AM [Thread-3] INFO  com.zaxxer.hikari.HikariDataSource - close
2019-11-04 14:27:01 PM [main] INFO  com.vtc.event.VtcEventApplication - logStarting
2019-11-04 14:27:01 PM [main] INFO  com.vtc.event.VtcEventApplication - logStartupProfileInfo
2019-11-04 14:27:02 PM [main] INFO  o.s.d.r.c.RepositoryConfigurationDelegate - registerRepositoriesIn
2019-11-04 14:27:03 PM [main] INFO  o.s.d.r.c.RepositoryConfigurationDelegate - registerRepositoriesIn
2019-11-04 14:27:04 PM [main] INFO  o.s.c.s.PostProcessorRegistrationDelegate$BeanPostProcessorChecker - postProcessAfterInitialization
2019-11-04 14:27:04 PM [main] INFO  o.s.c.s.PostProcessorRegistrationDelegate$BeanPostProcessorChecker - postProcessAfterInitialization
2019-11-04 14:27:04 PM [main] INFO  o.s.c.s.PostProcessorRegistrationDelegate$BeanPostProcessorChecker - postProcessAfterInitialization
2019-11-04 14:27:04 PM [main] INFO  o.s.c.s.PostProcessorRegistrationDelegate$BeanPostProcessorChecker - postProcessAfterInitialization
2019-11-04 14:27:04 PM [main] INFO  o.s.c.s.PostProcessorRegistrationDelegate$BeanPostProcessorChecker - postProcessAfterInitialization
2019-11-04 14:27:04 PM [main] INFO  o.s.c.s.PostProcessorRegistrationDelegate$BeanPostProcessorChecker - postProcessAfterInitialization
2019-11-04 14:27:05 PM [main] INFO  o.s.b.w.e.tomcat.TomcatWebServer - initialize
2019-11-04 14:27:05 PM [main] INFO  o.a.coyote.http11.Http11NioProtocol - log
2019-11-04 14:27:05 PM [main] INFO  o.a.catalina.core.StandardService - log
2019-11-04 14:27:05 PM [main] INFO  o.a.catalina.core.StandardEngine - log
2019-11-04 14:27:06 PM [main] INFO  o.a.c.c.C.[Tomcat].[localhost].[/] - log
2019-11-04 14:27:06 PM [main] INFO  o.s.web.context.ContextLoader - prepareWebApplicationContext
2019-11-04 14:27:06 PM [main] INFO  com.zaxxer.hikari.HikariDataSource - getConnection
2019-11-04 14:27:07 PM [main] INFO  com.zaxxer.hikari.HikariDataSource - getConnection
2019-11-04 14:27:07 PM [main] INFO  o.h.jpa.internal.util.LogHelper - logPersistenceUnitInformation
2019-11-04 14:27:07 PM [main] INFO  org.hibernate.Version - logVersion
2019-11-04 14:27:07 PM [main] INFO  org.hibernate.cfg.Environment - <clinit>
2019-11-04 14:27:07 PM [main] INFO  o.h.annotations.common.Version - <clinit>
2019-11-04 14:27:08 PM [main] INFO  org.hibernate.dialect.Dialect - <init>
2019-11-04 14:27:09 PM [main] INFO  o.h.h.i.QueryTranslatorFactoryInitiator - initiateService
2019-11-04 14:27:09 PM [main] INFO  o.s.o.j.LocalContainerEntityManagerFactoryBean - buildNativeEntityManagerFactory
2019-11-04 14:27:10 PM [main] WARN  o.s.b.w.s.c.AnnotationConfigServletWebServerApplicationContext - refresh
2019-11-04 14:27:10 PM [main] INFO  o.s.o.j.LocalContainerEntityManagerFactoryBean - destroy
2019-11-04 14:27:10 PM [main] INFO  com.zaxxer.hikari.HikariDataSource - close
2019-11-04 14:27:10 PM [main] INFO  com.zaxxer.hikari.HikariDataSource - close
2019-11-04 14:27:10 PM [main] INFO  o.a.catalina.core.StandardService - log
2019-11-04 14:27:11 PM [main] INFO  o.s.b.a.l.ConditionEvaluationReportLoggingListener - logMessage
2019-11-04 14:27:11 PM [main] ERROR o.s.boot.SpringApplication - reportFailure
org.springframework.beans.factory.UnsatisfiedDependencyException: Error creating bean with name 'conditionTurnover': Unsatisfied dependency expressed through field 'luckySpinHistoryService'; nested exception is org.springframework.beans.factory.UnsatisfiedDependencyException: Error creating bean with name 'luckySpinHistoryService': Unsatisfied dependency expressed through field 'repo'; nested exception is org.springframework.beans.factory.BeanCreationException: Error creating bean with name 'spinHistoryRepository': Invocation of init method failed; nested exception is java.lang.IllegalArgumentException: Failed to create query for method public abstract java.util.List com.vtc.event.common.dao.repository.SpinHistoryRepository.countByGroupByUserInfo()! No property groupByUserInfo found for type SpinHistory!
	at org.springframework.beans.factory.annotation.AutowiredAnnotationBeanPostProcessor$AutowiredFieldElement.inject(AutowiredAnnotationBeanPostProcessor.java:596)
	at org.springframework.beans.factory.annotation.InjectionMetadata.inject(InjectionMetadata.java:90)
	at org.springframework.beans.factory.annotation.AutowiredAnnotationBeanPostProcessor.postProcessProperties(AutowiredAnnotationBeanPostProcessor.java:374)
	at org.springframework.beans.factory.support.AbstractAutowireCapableBeanFactory.populateBean(AbstractAutowireCapableBeanFactory.java:1411)
	at org.springframework.beans.factory.support.AbstractAutowireCapableBeanFactory.doCreateBean(AbstractAutowireCapableBeanFactory.java:592)
	at org.springframework.beans.factory.support.AbstractAutowireCapableBeanFactory.createBean(AbstractAutowireCapableBeanFactory.java:515)
	at org.springframework.beans.factory.support.AbstractBeanFactory.lambda$doGetBean$0(AbstractBeanFactory.java:320)
	at org.springframework.beans.factory.support.DefaultSingletonBeanRegistry.getSingleton(DefaultSingletonBeanRegistry.java:222)
	at org.springframework.beans.factory.support.AbstractBeanFactory.doGetBean(AbstractBeanFactory.java:318)
	at org.springframework.beans.factory.support.AbstractBeanFactory.getBean(AbstractBeanFactory.java:199)
	at org.springframework.beans.factory.support.DefaultListableBeanFactory.preInstantiateSingletons(DefaultListableBeanFactory.java:849)
	at org.springframework.context.support.AbstractApplicationContext.finishBeanFactoryInitialization(AbstractApplicationContext.java:877)
	at org.springframework.context.support.AbstractApplicationContext.refresh(AbstractApplicationContext.java:549)
	at org.springframework.boot.web.servlet.context.ServletWebServerApplicationContext.refresh(ServletWebServerApplicationContext.java:142)
	at org.springframework.boot.SpringApplication.refresh(SpringApplication.java:775)
	at org.springframework.boot.SpringApplication.refreshContext(SpringApplication.java:397)
	at org.springframework.boot.SpringApplication.run(SpringApplication.java:316)
	at org.springframework.boot.SpringApplication.run(SpringApplication.java:1260)
	at org.springframework.boot.SpringApplication.run(SpringApplication.java:1248)
	at com.vtc.event.VtcEventApplication.main(VtcEventApplication.java:22)
	at java.base/jdk.internal.reflect.NativeMethodAccessorImpl.invoke0(Native Method)
	at java.base/jdk.internal.reflect.NativeMethodAccessorImpl.invoke(NativeMethodAccessorImpl.java:62)
	at java.base/jdk.internal.reflect.DelegatingMethodAccessorImpl.invoke(DelegatingMethodAccessorImpl.java:43)
	at java.base/java.lang.reflect.Method.invoke(Method.java:566)
	at org.springframework.boot.maven.AbstractRunMojo$LaunchRunner.run(AbstractRunMojo.java:558)
	at java.base/java.lang.Thread.run(Thread.java:834)
Caused by: org.springframework.beans.factory.UnsatisfiedDependencyException: Error creating bean with name 'luckySpinHistoryService': Unsatisfied dependency expressed through field 'repo'; nested exception is org.springframework.beans.factory.BeanCreationException: Error creating bean with name 'spinHistoryRepository': Invocation of init method failed; nested exception is java.lang.IllegalArgumentException: Failed to create query for method public abstract java.util.List com.vtc.event.common.dao.repository.SpinHistoryRepository.countByGroupByUserInfo()! No property groupByUserInfo found for type SpinHistory!
	at org.springframework.beans.factory.annotation.AutowiredAnnotationBeanPostProcessor$AutowiredFieldElement.inject(AutowiredAnnotationBeanPostProcessor.java:596)
	at org.springframework.beans.factory.annotation.InjectionMetadata.inject(InjectionMetadata.java:90)
	at org.springframework.beans.factory.annotation.AutowiredAnnotationBeanPostProcessor.postProcessProperties(AutowiredAnnotationBeanPostProcessor.java:374)
	at org.springframework.beans.factory.support.AbstractAutowireCapableBeanFactory.populateBean(AbstractAutowireCapableBeanFactory.java:1411)
	at org.springframework.beans.factory.support.AbstractAutowireCapableBeanFactory.doCreateBean(AbstractAutowireCapableBeanFactory.java:592)
	at org.springframework.beans.factory.support.AbstractAutowireCapableBeanFactory.createBean(AbstractAutowireCapableBeanFactory.java:515)
	at org.springframework.beans.factory.support.AbstractBeanFactory.lambda$doGetBean$0(AbstractBeanFactory.java:320)
	at org.springframework.beans.factory.support.DefaultSingletonBeanRegistry.getSingleton(DefaultSingletonBeanRegistry.java:222)
	at org.springframework.beans.factory.support.AbstractBeanFactory.doGetBean(AbstractBeanFactory.java:318)
	at org.springframework.beans.factory.support.AbstractBeanFactory.getBean(AbstractBeanFactory.java:199)
	at org.springframework.beans.factory.config.DependencyDescriptor.resolveCandidate(DependencyDescriptor.java:277)
	at org.springframework.beans.factory.support.DefaultListableBeanFactory.doResolveDependency(DefaultListableBeanFactory.java:1247)
	at org.springframework.beans.factory.support.DefaultListableBeanFactory.resolveDependency(DefaultListableBeanFactory.java:1167)
	at org.springframework.beans.factory.annotation.AutowiredAnnotationBeanPostProcessor$AutowiredFieldElement.inject(AutowiredAnnotationBeanPostProcessor.java:593)
	... 25 common frames omitted
Caused by: org.springframework.beans.factory.BeanCreationException: Error creating bean with name 'spinHistoryRepository': Invocation of init method failed; nested exception is java.lang.IllegalArgumentException: Failed to create query for method public abstract java.util.List com.vtc.event.common.dao.repository.SpinHistoryRepository.countByGroupByUserInfo()! No property groupByUserInfo found for type SpinHistory!
	at org.springframework.beans.factory.support.AbstractAutowireCapableBeanFactory.initializeBean(AbstractAutowireCapableBeanFactory.java:1778)
	at org.springframework.beans.factory.support.AbstractAutowireCapableBeanFactory.doCreateBean(AbstractAutowireCapableBeanFactory.java:593)
	at org.springframework.beans.factory.support.AbstractAutowireCapableBeanFactory.createBean(AbstractAutowireCapableBeanFactory.java:515)
	at org.springframework.beans.factory.support.AbstractBeanFactory.lambda$doGetBean$0(AbstractBeanFactory.java:320)
	at org.springframework.beans.factory.support.DefaultSingletonBeanRegistry.getSingleton(DefaultSingletonBeanRegistry.java:222)
	at org.springframework.beans.factory.support.AbstractBeanFactory.doGetBean(AbstractBeanFactory.java:318)
	at org.springframework.beans.factory.support.AbstractBeanFactory.getBean(AbstractBeanFactory.java:199)
	at org.springframework.beans.factory.config.DependencyDescriptor.resolveCandidate(DependencyDescriptor.java:277)
	at org.springframework.beans.factory.support.DefaultListableBeanFactory.doResolveDependency(DefaultListableBeanFactory.java:1247)
	at org.springframework.beans.factory.support.DefaultListableBeanFactory.resolveDependency(DefaultListableBeanFactory.java:1167)
	at org.springframework.beans.factory.annotation.AutowiredAnnotationBeanPostProcessor$AutowiredFieldElement.inject(AutowiredAnnotationBeanPostProcessor.java:593)
	... 38 common frames omitted
Caused by: java.lang.IllegalArgumentException: Failed to create query for method public abstract java.util.List com.vtc.event.common.dao.repository.SpinHistoryRepository.countByGroupByUserInfo()! No property groupByUserInfo found for type SpinHistory!
	at org.springframework.data.jpa.repository.query.PartTreeJpaQuery.<init>(PartTreeJpaQuery.java:84)
	at org.springframework.data.jpa.repository.query.JpaQueryLookupStrategy$CreateQueryLookupStrategy.resolveQuery(JpaQueryLookupStrategy.java:106)
	at org.springframework.data.jpa.repository.query.JpaQueryLookupStrategy$CreateIfNotFoundQueryLookupStrategy.resolveQuery(JpaQueryLookupStrategy.java:211)
	at org.springframework.data.jpa.repository.query.JpaQueryLookupStrategy$AbstractQueryLookupStrategy.resolveQuery(JpaQueryLookupStrategy.java:79)
	at org.springframework.data.repository.core.support.RepositoryFactorySupport$QueryExecutorMethodInterceptor.lookupQuery(RepositoryFactorySupport.java:566)
	at org.springframework.data.repository.core.support.RepositoryFactorySupport$QueryExecutorMethodInterceptor.lambda$mapMethodsToQuery$1(RepositoryFactorySupport.java:559)
	at java.base/java.util.stream.ReferencePipeline$3$1.accept(ReferencePipeline.java:195)
	at java.base/java.util.Iterator.forEachRemaining(Iterator.java:133)
	at java.base/java.util.Collections$UnmodifiableCollection$1.forEachRemaining(Collections.java:1052)
	at java.base/java.util.Spliterators$IteratorSpliterator.forEachRemaining(Spliterators.java:1801)
	at java.base/java.util.stream.AbstractPipeline.copyInto(AbstractPipeline.java:484)
	at java.base/java.util.stream.AbstractPipeline.wrapAndCopyInto(AbstractPipeline.java:474)
	at java.base/java.util.stream.ReduceOps$ReduceOp.evaluateSequential(ReduceOps.java:913)
	at java.base/java.util.stream.AbstractPipeline.evaluate(AbstractPipeline.java:234)
	at java.base/java.util.stream.ReferencePipeline.collect(ReferencePipeline.java:578)
	at org.springframework.data.repository.core.support.RepositoryFactorySupport$QueryExecutorMethodInterceptor.mapMethodsToQuery(RepositoryFactorySupport.java:561)
	at org.springframework.data.repository.core.support.RepositoryFactorySupport$QueryExecutorMethodInterceptor.lambda$new$0(RepositoryFactorySupport.java:551)
	at java.base/java.util.Optional.map(Optional.java:265)
	at org.springframework.data.repository.core.support.RepositoryFactorySupport$QueryExecutorMethodInterceptor.<init>(RepositoryFactorySupport.java:551)
	at org.springframework.data.repository.core.support.RepositoryFactorySupport.getRepository(RepositoryFactorySupport.java:324)
	at org.springframework.data.repository.core.support.RepositoryFactoryBeanSupport.lambda$afterPropertiesSet$5(RepositoryFactoryBeanSupport.java:297)
	at org.springframework.data.util.Lazy.getNullable(Lazy.java:211)
	at org.springframework.data.util.Lazy.get(Lazy.java:94)
	at org.springframework.data.repository.core.support.RepositoryFactoryBeanSupport.afterPropertiesSet(RepositoryFactoryBeanSupport.java:300)
	at org.springframework.data.jpa.repository.support.JpaRepositoryFactoryBean.afterPropertiesSet(JpaRepositoryFactoryBean.java:121)
	at org.springframework.beans.factory.support.AbstractAutowireCapableBeanFactory.invokeInitMethods(AbstractAutowireCapableBeanFactory.java:1837)
	at org.springframework.beans.factory.support.AbstractAutowireCapableBeanFactory.initializeBean(AbstractAutowireCapableBeanFactory.java:1774)
	... 48 common frames omitted
Caused by: org.springframework.data.mapping.PropertyReferenceException: No property groupByUserInfo found for type SpinHistory!
	at org.springframework.data.mapping.PropertyPath.<init>(PropertyPath.java:94)
	at org.springframework.data.mapping.PropertyPath.create(PropertyPath.java:382)
	at org.springframework.data.mapping.PropertyPath.create(PropertyPath.java:358)
	at org.springframework.data.mapping.PropertyPath.lambda$from$0(PropertyPath.java:311)
	at java.base/java.util.concurrent.ConcurrentMap.computeIfAbsent(ConcurrentMap.java:330)
	at org.springframework.data.mapping.PropertyPath.from(PropertyPath.java:293)
	at org.springframework.data.mapping.PropertyPath.from(PropertyPath.java:276)
	at org.springframework.data.repository.query.parser.Part.<init>(Part.java:81)
	at org.springframework.data.repository.query.parser.PartTree$OrPart.lambda$new$0(PartTree.java:250)
	at java.base/java.util.stream.ReferencePipeline$3$1.accept(ReferencePipeline.java:195)
	at java.base/java.util.stream.ReferencePipeline$2$1.accept(ReferencePipeline.java:177)
	at java.base/java.util.Spliterators$ArraySpliterator.forEachRemaining(Spliterators.java:948)
	at java.base/java.util.stream.AbstractPipeline.copyInto(AbstractPipeline.java:484)
	at java.base/java.util.stream.AbstractPipeline.wrapAndCopyInto(AbstractPipeline.java:474)
	at java.base/java.util.stream.ReduceOps$ReduceOp.evaluateSequential(ReduceOps.java:913)
	at java.base/java.util.stream.AbstractPipeline.evaluate(AbstractPipeline.java:234)
	at java.base/java.util.stream.ReferencePipeline.collect(ReferencePipeline.java:578)
	at org.springframework.data.repository.query.parser.PartTree$OrPart.<init>(PartTree.java:251)
	at org.springframework.data.repository.query.parser.PartTree$Predicate.lambda$new$0(PartTree.java:380)
	at java.base/java.util.stream.ReferencePipeline$3$1.accept(ReferencePipeline.java:195)
	at java.base/java.util.stream.ReferencePipeline$2$1.accept(ReferencePipeline.java:177)
	at java.base/java.util.Spliterators$ArraySpliterator.forEachRemaining(Spliterators.java:948)
	at java.base/java.util.stream.AbstractPipeline.copyInto(AbstractPipeline.java:484)
	at java.base/java.util.stream.AbstractPipeline.wrapAndCopyInto(AbstractPipeline.java:474)
	at java.base/java.util.stream.ReduceOps$ReduceOp.evaluateSequential(ReduceOps.java:913)
	at java.base/java.util.stream.AbstractPipeline.evaluate(AbstractPipeline.java:234)
	at java.base/java.util.stream.ReferencePipeline.collect(ReferencePipeline.java:578)
	at org.springframework.data.repository.query.parser.PartTree$Predicate.<init>(PartTree.java:381)
	at org.springframework.data.repository.query.parser.PartTree.<init>(PartTree.java:96)
	at org.springframework.data.jpa.repository.query.PartTreeJpaQuery.<init>(PartTreeJpaQuery.java:78)
	... 74 common frames omitted
2019-11-04 14:32:39 PM [main] INFO  com.vtc.event.VtcEventApplication - logStarting
2019-11-04 14:32:39 PM [main] INFO  com.vtc.event.VtcEventApplication - logStartupProfileInfo
2019-11-04 14:32:41 PM [main] INFO  o.s.d.r.c.RepositoryConfigurationDelegate - registerRepositoriesIn
2019-11-04 14:32:41 PM [main] INFO  o.s.d.r.c.RepositoryConfigurationDelegate - registerRepositoriesIn
2019-11-04 14:32:42 PM [main] INFO  o.s.c.s.PostProcessorRegistrationDelegate$BeanPostProcessorChecker - postProcessAfterInitialization
2019-11-04 14:32:42 PM [main] INFO  o.s.c.s.PostProcessorRegistrationDelegate$BeanPostProcessorChecker - postProcessAfterInitialization
2019-11-04 14:32:42 PM [main] INFO  o.s.c.s.PostProcessorRegistrationDelegate$BeanPostProcessorChecker - postProcessAfterInitialization
2019-11-04 14:32:42 PM [main] INFO  o.s.c.s.PostProcessorRegistrationDelegate$BeanPostProcessorChecker - postProcessAfterInitialization
2019-11-04 14:32:42 PM [main] INFO  o.s.c.s.PostProcessorRegistrationDelegate$BeanPostProcessorChecker - postProcessAfterInitialization
2019-11-04 14:32:42 PM [main] INFO  o.s.c.s.PostProcessorRegistrationDelegate$BeanPostProcessorChecker - postProcessAfterInitialization
2019-11-04 14:32:43 PM [main] INFO  o.s.b.w.e.tomcat.TomcatWebServer - initialize
2019-11-04 14:32:43 PM [main] INFO  o.a.coyote.http11.Http11NioProtocol - log
2019-11-04 14:32:43 PM [main] INFO  o.a.catalina.core.StandardService - log
2019-11-04 14:32:43 PM [main] INFO  o.a.catalina.core.StandardEngine - log
2019-11-04 14:32:43 PM [main] INFO  o.a.c.c.C.[Tomcat].[localhost].[/] - log
2019-11-04 14:32:43 PM [main] INFO  o.s.web.context.ContextLoader - prepareWebApplicationContext
2019-11-04 14:32:43 PM [main] INFO  com.zaxxer.hikari.HikariDataSource - getConnection
2019-11-04 14:32:44 PM [main] INFO  com.zaxxer.hikari.HikariDataSource - getConnection
2019-11-04 14:32:44 PM [main] INFO  o.h.jpa.internal.util.LogHelper - logPersistenceUnitInformation
2019-11-04 14:32:44 PM [main] INFO  org.hibernate.Version - logVersion
2019-11-04 14:32:44 PM [main] INFO  org.hibernate.cfg.Environment - <clinit>
2019-11-04 14:32:44 PM [main] INFO  o.h.annotations.common.Version - <clinit>
2019-11-04 14:32:45 PM [main] INFO  org.hibernate.dialect.Dialect - <init>
2019-11-04 14:32:46 PM [main] INFO  o.h.h.i.QueryTranslatorFactoryInitiator - initiateService
2019-11-04 14:32:46 PM [main] INFO  o.s.o.j.LocalContainerEntityManagerFactoryBean - buildNativeEntityManagerFactory
2019-11-04 14:32:47 PM [main] WARN  o.s.b.w.s.c.AnnotationConfigServletWebServerApplicationContext - refresh
2019-11-04 14:32:47 PM [main] INFO  o.s.o.j.LocalContainerEntityManagerFactoryBean - destroy
2019-11-04 14:32:47 PM [main] INFO  com.zaxxer.hikari.HikariDataSource - close
2019-11-04 14:32:47 PM [main] INFO  com.zaxxer.hikari.HikariDataSource - close
2019-11-04 14:32:47 PM [main] INFO  o.a.catalina.core.StandardService - log
2019-11-04 14:32:47 PM [main] INFO  o.s.b.a.l.ConditionEvaluationReportLoggingListener - logMessage
2019-11-04 14:32:47 PM [main] ERROR o.s.boot.SpringApplication - reportFailure
org.springframework.beans.factory.UnsatisfiedDependencyException: Error creating bean with name 'conditionTurnover': Unsatisfied dependency expressed through field 'luckySpinHistoryService'; nested exception is org.springframework.beans.factory.UnsatisfiedDependencyException: Error creating bean with name 'luckySpinHistoryService': Unsatisfied dependency expressed through field 'repo'; nested exception is org.springframework.beans.factory.BeanCreationException: Error creating bean with name 'spinHistoryRepository': Invocation of init method failed; nested exception is java.lang.IllegalArgumentException: Failed to create query for method public abstract java.util.List com.vtc.event.common.dao.repository.SpinHistoryRepository.countByGROUPBYUserInfo()! No property gROUPBYUserInfo found for type SpinHistory!
	at org.springframework.beans.factory.annotation.AutowiredAnnotationBeanPostProcessor$AutowiredFieldElement.inject(AutowiredAnnotationBeanPostProcessor.java:596)
	at org.springframework.beans.factory.annotation.InjectionMetadata.inject(InjectionMetadata.java:90)
	at org.springframework.beans.factory.annotation.AutowiredAnnotationBeanPostProcessor.postProcessProperties(AutowiredAnnotationBeanPostProcessor.java:374)
	at org.springframework.beans.factory.support.AbstractAutowireCapableBeanFactory.populateBean(AbstractAutowireCapableBeanFactory.java:1411)
	at org.springframework.beans.factory.support.AbstractAutowireCapableBeanFactory.doCreateBean(AbstractAutowireCapableBeanFactory.java:592)
	at org.springframework.beans.factory.support.AbstractAutowireCapableBeanFactory.createBean(AbstractAutowireCapableBeanFactory.java:515)
	at org.springframework.beans.factory.support.AbstractBeanFactory.lambda$doGetBean$0(AbstractBeanFactory.java:320)
	at org.springframework.beans.factory.support.DefaultSingletonBeanRegistry.getSingleton(DefaultSingletonBeanRegistry.java:222)
	at org.springframework.beans.factory.support.AbstractBeanFactory.doGetBean(AbstractBeanFactory.java:318)
	at org.springframework.beans.factory.support.AbstractBeanFactory.getBean(AbstractBeanFactory.java:199)
	at org.springframework.beans.factory.support.DefaultListableBeanFactory.preInstantiateSingletons(DefaultListableBeanFactory.java:849)
	at org.springframework.context.support.AbstractApplicationContext.finishBeanFactoryInitialization(AbstractApplicationContext.java:877)
	at org.springframework.context.support.AbstractApplicationContext.refresh(AbstractApplicationContext.java:549)
	at org.springframework.boot.web.servlet.context.ServletWebServerApplicationContext.refresh(ServletWebServerApplicationContext.java:142)
	at org.springframework.boot.SpringApplication.refresh(SpringApplication.java:775)
	at org.springframework.boot.SpringApplication.refreshContext(SpringApplication.java:397)
	at org.springframework.boot.SpringApplication.run(SpringApplication.java:316)
	at org.springframework.boot.SpringApplication.run(SpringApplication.java:1260)
	at org.springframework.boot.SpringApplication.run(SpringApplication.java:1248)
	at com.vtc.event.VtcEventApplication.main(VtcEventApplication.java:22)
	at java.base/jdk.internal.reflect.NativeMethodAccessorImpl.invoke0(Native Method)
	at java.base/jdk.internal.reflect.NativeMethodAccessorImpl.invoke(NativeMethodAccessorImpl.java:62)
	at java.base/jdk.internal.reflect.DelegatingMethodAccessorImpl.invoke(DelegatingMethodAccessorImpl.java:43)
	at java.base/java.lang.reflect.Method.invoke(Method.java:566)
	at org.springframework.boot.maven.AbstractRunMojo$LaunchRunner.run(AbstractRunMojo.java:558)
	at java.base/java.lang.Thread.run(Thread.java:834)
Caused by: org.springframework.beans.factory.UnsatisfiedDependencyException: Error creating bean with name 'luckySpinHistoryService': Unsatisfied dependency expressed through field 'repo'; nested exception is org.springframework.beans.factory.BeanCreationException: Error creating bean with name 'spinHistoryRepository': Invocation of init method failed; nested exception is java.lang.IllegalArgumentException: Failed to create query for method public abstract java.util.List com.vtc.event.common.dao.repository.SpinHistoryRepository.countByGROUPBYUserInfo()! No property gROUPBYUserInfo found for type SpinHistory!
	at org.springframework.beans.factory.annotation.AutowiredAnnotationBeanPostProcessor$AutowiredFieldElement.inject(AutowiredAnnotationBeanPostProcessor.java:596)
	at org.springframework.beans.factory.annotation.InjectionMetadata.inject(InjectionMetadata.java:90)
	at org.springframework.beans.factory.annotation.AutowiredAnnotationBeanPostProcessor.postProcessProperties(AutowiredAnnotationBeanPostProcessor.java:374)
	at org.springframework.beans.factory.support.AbstractAutowireCapableBeanFactory.populateBean(AbstractAutowireCapableBeanFactory.java:1411)
	at org.springframework.beans.factory.support.AbstractAutowireCapableBeanFactory.doCreateBean(AbstractAutowireCapableBeanFactory.java:592)
	at org.springframework.beans.factory.support.AbstractAutowireCapableBeanFactory.createBean(AbstractAutowireCapableBeanFactory.java:515)
	at org.springframework.beans.factory.support.AbstractBeanFactory.lambda$doGetBean$0(AbstractBeanFactory.java:320)
	at org.springframework.beans.factory.support.DefaultSingletonBeanRegistry.getSingleton(DefaultSingletonBeanRegistry.java:222)
	at org.springframework.beans.factory.support.AbstractBeanFactory.doGetBean(AbstractBeanFactory.java:318)
	at org.springframework.beans.factory.support.AbstractBeanFactory.getBean(AbstractBeanFactory.java:199)
	at org.springframework.beans.factory.config.DependencyDescriptor.resolveCandidate(DependencyDescriptor.java:277)
	at org.springframework.beans.factory.support.DefaultListableBeanFactory.doResolveDependency(DefaultListableBeanFactory.java:1247)
	at org.springframework.beans.factory.support.DefaultListableBeanFactory.resolveDependency(DefaultListableBeanFactory.java:1167)
	at org.springframework.beans.factory.annotation.AutowiredAnnotationBeanPostProcessor$AutowiredFieldElement.inject(AutowiredAnnotationBeanPostProcessor.java:593)
	... 25 common frames omitted
Caused by: org.springframework.beans.factory.BeanCreationException: Error creating bean with name 'spinHistoryRepository': Invocation of init method failed; nested exception is java.lang.IllegalArgumentException: Failed to create query for method public abstract java.util.List com.vtc.event.common.dao.repository.SpinHistoryRepository.countByGROUPBYUserInfo()! No property gROUPBYUserInfo found for type SpinHistory!
	at org.springframework.beans.factory.support.AbstractAutowireCapableBeanFactory.initializeBean(AbstractAutowireCapableBeanFactory.java:1778)
	at org.springframework.beans.factory.support.AbstractAutowireCapableBeanFactory.doCreateBean(AbstractAutowireCapableBeanFactory.java:593)
	at org.springframework.beans.factory.support.AbstractAutowireCapableBeanFactory.createBean(AbstractAutowireCapableBeanFactory.java:515)
	at org.springframework.beans.factory.support.AbstractBeanFactory.lambda$doGetBean$0(AbstractBeanFactory.java:320)
	at org.springframework.beans.factory.support.DefaultSingletonBeanRegistry.getSingleton(DefaultSingletonBeanRegistry.java:222)
	at org.springframework.beans.factory.support.AbstractBeanFactory.doGetBean(AbstractBeanFactory.java:318)
	at org.springframework.beans.factory.support.AbstractBeanFactory.getBean(AbstractBeanFactory.java:199)
	at org.springframework.beans.factory.config.DependencyDescriptor.resolveCandidate(DependencyDescriptor.java:277)
	at org.springframework.beans.factory.support.DefaultListableBeanFactory.doResolveDependency(DefaultListableBeanFactory.java:1247)
	at org.springframework.beans.factory.support.DefaultListableBeanFactory.resolveDependency(DefaultListableBeanFactory.java:1167)
	at org.springframework.beans.factory.annotation.AutowiredAnnotationBeanPostProcessor$AutowiredFieldElement.inject(AutowiredAnnotationBeanPostProcessor.java:593)
	... 38 common frames omitted
Caused by: java.lang.IllegalArgumentException: Failed to create query for method public abstract java.util.List com.vtc.event.common.dao.repository.SpinHistoryRepository.countByGROUPBYUserInfo()! No property gROUPBYUserInfo found for type SpinHistory!
	at org.springframework.data.jpa.repository.query.PartTreeJpaQuery.<init>(PartTreeJpaQuery.java:84)
	at org.springframework.data.jpa.repository.query.JpaQueryLookupStrategy$CreateQueryLookupStrategy.resolveQuery(JpaQueryLookupStrategy.java:106)
	at org.springframework.data.jpa.repository.query.JpaQueryLookupStrategy$CreateIfNotFoundQueryLookupStrategy.resolveQuery(JpaQueryLookupStrategy.java:211)
	at org.springframework.data.jpa.repository.query.JpaQueryLookupStrategy$AbstractQueryLookupStrategy.resolveQuery(JpaQueryLookupStrategy.java:79)
	at org.springframework.data.repository.core.support.RepositoryFactorySupport$QueryExecutorMethodInterceptor.lookupQuery(RepositoryFactorySupport.java:566)
	at org.springframework.data.repository.core.support.RepositoryFactorySupport$QueryExecutorMethodInterceptor.lambda$mapMethodsToQuery$1(RepositoryFactorySupport.java:559)
	at java.base/java.util.stream.ReferencePipeline$3$1.accept(ReferencePipeline.java:195)
	at java.base/java.util.Iterator.forEachRemaining(Iterator.java:133)
	at java.base/java.util.Collections$UnmodifiableCollection$1.forEachRemaining(Collections.java:1052)
	at java.base/java.util.Spliterators$IteratorSpliterator.forEachRemaining(Spliterators.java:1801)
	at java.base/java.util.stream.AbstractPipeline.copyInto(AbstractPipeline.java:484)
	at java.base/java.util.stream.AbstractPipeline.wrapAndCopyInto(AbstractPipeline.java:474)
	at java.base/java.util.stream.ReduceOps$ReduceOp.evaluateSequential(ReduceOps.java:913)
	at java.base/java.util.stream.AbstractPipeline.evaluate(AbstractPipeline.java:234)
	at java.base/java.util.stream.ReferencePipeline.collect(ReferencePipeline.java:578)
	at org.springframework.data.repository.core.support.RepositoryFactorySupport$QueryExecutorMethodInterceptor.mapMethodsToQuery(RepositoryFactorySupport.java:561)
	at org.springframework.data.repository.core.support.RepositoryFactorySupport$QueryExecutorMethodInterceptor.lambda$new$0(RepositoryFactorySupport.java:551)
	at java.base/java.util.Optional.map(Optional.java:265)
	at org.springframework.data.repository.core.support.RepositoryFactorySupport$QueryExecutorMethodInterceptor.<init>(RepositoryFactorySupport.java:551)
	at org.springframework.data.repository.core.support.RepositoryFactorySupport.getRepository(RepositoryFactorySupport.java:324)
	at org.springframework.data.repository.core.support.RepositoryFactoryBeanSupport.lambda$afterPropertiesSet$5(RepositoryFactoryBeanSupport.java:297)
	at org.springframework.data.util.Lazy.getNullable(Lazy.java:211)
	at org.springframework.data.util.Lazy.get(Lazy.java:94)
	at org.springframework.data.repository.core.support.RepositoryFactoryBeanSupport.afterPropertiesSet(RepositoryFactoryBeanSupport.java:300)
	at org.springframework.data.jpa.repository.support.JpaRepositoryFactoryBean.afterPropertiesSet(JpaRepositoryFactoryBean.java:121)
	at org.springframework.beans.factory.support.AbstractAutowireCapableBeanFactory.invokeInitMethods(AbstractAutowireCapableBeanFactory.java:1837)
	at org.springframework.beans.factory.support.AbstractAutowireCapableBeanFactory.initializeBean(AbstractAutowireCapableBeanFactory.java:1774)
	... 48 common frames omitted
Caused by: org.springframework.data.mapping.PropertyReferenceException: No property gROUPBYUserInfo found for type SpinHistory!
	at org.springframework.data.mapping.PropertyPath.<init>(PropertyPath.java:94)
	at org.springframework.data.mapping.PropertyPath.create(PropertyPath.java:382)
	at org.springframework.data.mapping.PropertyPath.create(PropertyPath.java:358)
	at org.springframework.data.mapping.PropertyPath.lambda$from$0(PropertyPath.java:311)
	at java.base/java.util.concurrent.ConcurrentMap.computeIfAbsent(ConcurrentMap.java:330)
	at org.springframework.data.mapping.PropertyPath.from(PropertyPath.java:293)
	at org.springframework.data.mapping.PropertyPath.from(PropertyPath.java:276)
	at org.springframework.data.repository.query.parser.Part.<init>(Part.java:81)
	at org.springframework.data.repository.query.parser.PartTree$OrPart.lambda$new$0(PartTree.java:250)
	at java.base/java.util.stream.ReferencePipeline$3$1.accept(ReferencePipeline.java:195)
	at java.base/java.util.stream.ReferencePipeline$2$1.accept(ReferencePipeline.java:177)
	at java.base/java.util.Spliterators$ArraySpliterator.forEachRemaining(Spliterators.java:948)
	at java.base/java.util.stream.AbstractPipeline.copyInto(AbstractPipeline.java:484)
	at java.base/java.util.stream.AbstractPipeline.wrapAndCopyInto(AbstractPipeline.java:474)
	at java.base/java.util.stream.ReduceOps$ReduceOp.evaluateSequential(ReduceOps.java:913)
	at java.base/java.util.stream.AbstractPipeline.evaluate(AbstractPipeline.java:234)
	at java.base/java.util.stream.ReferencePipeline.collect(ReferencePipeline.java:578)
	at org.springframework.data.repository.query.parser.PartTree$OrPart.<init>(PartTree.java:251)
	at org.springframework.data.repository.query.parser.PartTree$Predicate.lambda$new$0(PartTree.java:380)
	at java.base/java.util.stream.ReferencePipeline$3$1.accept(ReferencePipeline.java:195)
	at java.base/java.util.stream.ReferencePipeline$2$1.accept(ReferencePipeline.java:177)
	at java.base/java.util.Spliterators$ArraySpliterator.forEachRemaining(Spliterators.java:948)
	at java.base/java.util.stream.AbstractPipeline.copyInto(AbstractPipeline.java:484)
	at java.base/java.util.stream.AbstractPipeline.wrapAndCopyInto(AbstractPipeline.java:474)
	at java.base/java.util.stream.ReduceOps$ReduceOp.evaluateSequential(ReduceOps.java:913)
	at java.base/java.util.stream.AbstractPipeline.evaluate(AbstractPipeline.java:234)
	at java.base/java.util.stream.ReferencePipeline.collect(ReferencePipeline.java:578)
	at org.springframework.data.repository.query.parser.PartTree$Predicate.<init>(PartTree.java:381)
	at org.springframework.data.repository.query.parser.PartTree.<init>(PartTree.java:96)
	at org.springframework.data.jpa.repository.query.PartTreeJpaQuery.<init>(PartTreeJpaQuery.java:78)
	... 74 common frames omitted
2019-11-04 14:39:48 PM [main] INFO  com.vtc.event.VtcEventApplication - logStarting
2019-11-04 14:39:48 PM [main] INFO  com.vtc.event.VtcEventApplication - logStartupProfileInfo
2019-11-04 14:39:49 PM [main] INFO  o.s.d.r.c.RepositoryConfigurationDelegate - registerRepositoriesIn
2019-11-04 14:39:50 PM [main] INFO  o.s.d.r.c.RepositoryConfigurationDelegate - registerRepositoriesIn
2019-11-04 14:39:51 PM [main] INFO  o.s.c.s.PostProcessorRegistrationDelegate$BeanPostProcessorChecker - postProcessAfterInitialization
2019-11-04 14:39:51 PM [main] INFO  o.s.c.s.PostProcessorRegistrationDelegate$BeanPostProcessorChecker - postProcessAfterInitialization
2019-11-04 14:39:51 PM [main] INFO  o.s.c.s.PostProcessorRegistrationDelegate$BeanPostProcessorChecker - postProcessAfterInitialization
2019-11-04 14:39:51 PM [main] INFO  o.s.c.s.PostProcessorRegistrationDelegate$BeanPostProcessorChecker - postProcessAfterInitialization
2019-11-04 14:39:51 PM [main] INFO  o.s.c.s.PostProcessorRegistrationDelegate$BeanPostProcessorChecker - postProcessAfterInitialization
2019-11-04 14:39:51 PM [main] INFO  o.s.c.s.PostProcessorRegistrationDelegate$BeanPostProcessorChecker - postProcessAfterInitialization
2019-11-04 14:39:51 PM [main] INFO  o.s.b.w.e.tomcat.TomcatWebServer - initialize
2019-11-04 14:39:51 PM [main] INFO  o.a.coyote.http11.Http11NioProtocol - log
2019-11-04 14:39:51 PM [main] INFO  o.a.catalina.core.StandardService - log
2019-11-04 14:39:51 PM [main] INFO  o.a.catalina.core.StandardEngine - log
2019-11-04 14:39:52 PM [main] INFO  o.a.c.c.C.[Tomcat].[localhost].[/] - log
2019-11-04 14:39:52 PM [main] INFO  o.s.web.context.ContextLoader - prepareWebApplicationContext
2019-11-04 14:39:52 PM [main] INFO  com.zaxxer.hikari.HikariDataSource - getConnection
2019-11-04 14:39:52 PM [main] INFO  com.zaxxer.hikari.HikariDataSource - getConnection
2019-11-04 14:39:52 PM [main] INFO  o.h.jpa.internal.util.LogHelper - logPersistenceUnitInformation
2019-11-04 14:39:52 PM [main] INFO  org.hibernate.Version - logVersion
2019-11-04 14:39:52 PM [main] INFO  org.hibernate.cfg.Environment - <clinit>
2019-11-04 14:39:53 PM [main] INFO  o.h.annotations.common.Version - <clinit>
2019-11-04 14:39:53 PM [main] INFO  org.hibernate.dialect.Dialect - <init>
2019-11-04 14:39:54 PM [main] INFO  o.h.h.i.QueryTranslatorFactoryInitiator - initiateService
2019-11-04 14:39:54 PM [main] INFO  o.s.o.j.LocalContainerEntityManagerFactoryBean - buildNativeEntityManagerFactory
2019-11-04 14:39:57 PM [main] INFO  o.s.s.web.DefaultSecurityFilterChain - <init>
2019-11-04 14:39:57 PM [main] INFO  o.s.s.web.DefaultSecurityFilterChain - <init>
2019-11-04 14:39:57 PM [main] INFO  o.s.s.web.DefaultSecurityFilterChain - <init>
2019-11-04 14:39:57 PM [main] INFO  o.s.s.web.DefaultSecurityFilterChain - <init>
2019-11-04 14:39:57 PM [main] INFO  o.s.s.web.DefaultSecurityFilterChain - <init>
2019-11-04 14:39:57 PM [main] INFO  o.s.s.web.DefaultSecurityFilterChain - <init>
2019-11-04 14:39:57 PM [main] INFO  o.s.s.web.DefaultSecurityFilterChain - <init>
2019-11-04 14:39:57 PM [main] INFO  o.s.s.web.DefaultSecurityFilterChain - <init>
2019-11-04 14:39:57 PM [main] INFO  o.s.s.web.DefaultSecurityFilterChain - <init>
2019-11-04 14:39:57 PM [main] INFO  o.s.s.c.ThreadPoolTaskExecutor - initialize
2019-11-04 14:39:57 PM [main] WARN  o.s.b.a.o.j.JpaBaseConfiguration$JpaWebConfiguration$JpaWebMvcConfiguration - openEntityManagerInViewInterceptor
2019-11-04 14:39:58 PM [main] INFO  o.s.s.c.ThreadPoolTaskScheduler - initialize
2019-11-04 14:39:58 PM [main] INFO  o.a.coyote.http11.Http11NioProtocol - log
2019-11-04 14:39:58 PM [main] INFO  o.s.b.w.e.tomcat.TomcatWebServer - start
2019-11-04 14:39:58 PM [main] INFO  com.vtc.event.VtcEventApplication - logStarted
2019-11-04 14:43:33 PM [http-nio-8080-exec-1] INFO  o.a.c.c.C.[Tomcat].[localhost].[/] - log
2019-11-04 14:43:33 PM [http-nio-8080-exec-1] INFO  o.s.web.servlet.DispatcherServlet - initServletBean
2019-11-04 14:43:33 PM [http-nio-8080-exec-1] INFO  o.s.web.servlet.DispatcherServlet - initServletBean
2019-11-04 14:43:33 PM [http-nio-8080-exec-1] INFO  c.v.e.l.c.LuckySpinHistoryController - toResult
2019-11-04 14:44:33 PM [Thread-3] INFO  o.s.s.c.ThreadPoolTaskScheduler - shutdown
2019-11-04 14:44:33 PM [Thread-3] INFO  o.s.s.c.ThreadPoolTaskExecutor - shutdown
2019-11-04 14:44:33 PM [Thread-3] INFO  o.s.o.j.LocalContainerEntityManagerFactoryBean - destroy
2019-11-04 14:44:33 PM [Thread-3] INFO  com.zaxxer.hikari.HikariDataSource - close
2019-11-04 14:44:33 PM [Thread-3] INFO  com.zaxxer.hikari.HikariDataSource - close
2019-11-04 14:44:46 PM [main] INFO  com.vtc.event.VtcEventApplication - logStarting
2019-11-04 14:44:46 PM [main] INFO  com.vtc.event.VtcEventApplication - logStartupProfileInfo
2019-11-04 14:44:47 PM [main] INFO  o.s.d.r.c.RepositoryConfigurationDelegate - registerRepositoriesIn
2019-11-04 14:44:48 PM [main] INFO  o.s.d.r.c.RepositoryConfigurationDelegate - registerRepositoriesIn
2019-11-04 14:44:48 PM [main] INFO  o.s.c.s.PostProcessorRegistrationDelegate$BeanPostProcessorChecker - postProcessAfterInitialization
2019-11-04 14:44:48 PM [main] INFO  o.s.c.s.PostProcessorRegistrationDelegate$BeanPostProcessorChecker - postProcessAfterInitialization
2019-11-04 14:44:48 PM [main] INFO  o.s.c.s.PostProcessorRegistrationDelegate$BeanPostProcessorChecker - postProcessAfterInitialization
2019-11-04 14:44:48 PM [main] INFO  o.s.c.s.PostProcessorRegistrationDelegate$BeanPostProcessorChecker - postProcessAfterInitialization
2019-11-04 14:44:48 PM [main] INFO  o.s.c.s.PostProcessorRegistrationDelegate$BeanPostProcessorChecker - postProcessAfterInitialization
2019-11-04 14:44:48 PM [main] INFO  o.s.c.s.PostProcessorRegistrationDelegate$BeanPostProcessorChecker - postProcessAfterInitialization
2019-11-04 14:44:49 PM [main] INFO  o.s.b.w.e.tomcat.TomcatWebServer - initialize
2019-11-04 14:44:49 PM [main] INFO  o.a.coyote.http11.Http11NioProtocol - log
2019-11-04 14:44:49 PM [main] INFO  o.a.catalina.core.StandardService - log
2019-11-04 14:44:49 PM [main] INFO  o.a.catalina.core.StandardEngine - log
2019-11-04 14:44:49 PM [main] INFO  o.a.c.c.C.[Tomcat].[localhost].[/] - log
2019-11-04 14:44:49 PM [main] INFO  o.s.web.context.ContextLoader - prepareWebApplicationContext
2019-11-04 14:44:49 PM [main] INFO  com.zaxxer.hikari.HikariDataSource - getConnection
2019-11-04 14:44:50 PM [main] INFO  com.zaxxer.hikari.HikariDataSource - getConnection
2019-11-04 14:44:50 PM [main] INFO  o.h.jpa.internal.util.LogHelper - logPersistenceUnitInformation
2019-11-04 14:44:50 PM [main] INFO  org.hibernate.Version - logVersion
2019-11-04 14:44:50 PM [main] INFO  org.hibernate.cfg.Environment - <clinit>
2019-11-04 14:44:50 PM [main] INFO  o.h.annotations.common.Version - <clinit>
2019-11-04 14:44:50 PM [main] INFO  org.hibernate.dialect.Dialect - <init>
2019-11-04 14:44:52 PM [main] INFO  o.h.h.i.QueryTranslatorFactoryInitiator - initiateService
2019-11-04 14:44:52 PM [main] INFO  o.s.o.j.LocalContainerEntityManagerFactoryBean - buildNativeEntityManagerFactory
2019-11-04 14:44:53 PM [main] INFO  o.s.s.web.DefaultSecurityFilterChain - <init>
2019-11-04 14:44:53 PM [main] INFO  o.s.s.web.DefaultSecurityFilterChain - <init>
2019-11-04 14:44:53 PM [main] INFO  o.s.s.web.DefaultSecurityFilterChain - <init>
2019-11-04 14:44:53 PM [main] INFO  o.s.s.web.DefaultSecurityFilterChain - <init>
2019-11-04 14:44:53 PM [main] INFO  o.s.s.web.DefaultSecurityFilterChain - <init>
2019-11-04 14:44:53 PM [main] INFO  o.s.s.web.DefaultSecurityFilterChain - <init>
2019-11-04 14:44:53 PM [main] INFO  o.s.s.web.DefaultSecurityFilterChain - <init>
2019-11-04 14:44:53 PM [main] INFO  o.s.s.web.DefaultSecurityFilterChain - <init>
2019-11-04 14:44:53 PM [main] INFO  o.s.s.web.DefaultSecurityFilterChain - <init>
2019-11-04 14:44:54 PM [main] INFO  o.s.s.c.ThreadPoolTaskExecutor - initialize
2019-11-04 14:44:54 PM [main] WARN  o.s.b.a.o.j.JpaBaseConfiguration$JpaWebConfiguration$JpaWebMvcConfiguration - openEntityManagerInViewInterceptor
2019-11-04 14:44:54 PM [main] INFO  o.s.s.c.ThreadPoolTaskScheduler - initialize
2019-11-04 14:44:54 PM [main] INFO  o.a.coyote.http11.Http11NioProtocol - log
2019-11-04 14:44:54 PM [main] INFO  o.s.b.w.e.tomcat.TomcatWebServer - start
2019-11-04 14:44:54 PM [main] INFO  com.vtc.event.VtcEventApplication - logStarted
2019-11-04 14:45:22 PM [http-nio-8080-exec-2] INFO  o.a.c.c.C.[Tomcat].[localhost].[/] - log
2019-11-04 14:45:22 PM [http-nio-8080-exec-2] INFO  o.s.web.servlet.DispatcherServlet - initServletBean
2019-11-04 14:45:22 PM [http-nio-8080-exec-2] INFO  o.s.web.servlet.DispatcherServlet - initServletBean
2019-11-04 14:45:22 PM [http-nio-8080-exec-2] INFO  c.v.e.l.s.i.LuckySpinHistoryServiceImpl - getTotalUser
2019-11-04 14:45:22 PM [http-nio-8080-exec-2] INFO  c.v.e.l.c.LuckySpinHistoryController - toResult
