2019-12-17 14:50:11 PM [main] INFO  com.vtc.event.VtcEventApplication - logStarting
2019-12-17 14:50:11 PM [main] INFO  com.vtc.event.VtcEventApplication - logStartupProfileInfo
2019-12-17 14:50:12 PM [main] INFO  o.s.d.r.c.RepositoryConfigurationDelegate - registerRepositoriesIn
2019-12-17 14:50:13 PM [main] INFO  o.s.d.r.c.RepositoryConfigurationDelegate - registerRepositoriesIn
2019-12-17 14:50:13 PM [main] INFO  o.s.c.s.PostProcessorRegistrationDelegate$BeanPostProcessorChecker - postProcessAfterInitialization
2019-12-17 14:50:13 PM [main] INFO  o.s.c.s.PostProcessorRegistrationDelegate$BeanPostProcessorChecker - postProcessAfterInitialization
2019-12-17 14:50:13 PM [main] INFO  o.s.c.s.PostProcessorRegistrationDelegate$BeanPostProcessorChecker - postProcessAfterInitialization
2019-12-17 14:50:13 PM [main] INFO  o.s.c.s.PostProcessorRegistrationDelegate$BeanPostProcessorChecker - postProcessAfterInitialization
2019-12-17 14:50:13 PM [main] INFO  o.s.c.s.PostProcessorRegistrationDelegate$BeanPostProcessorChecker - postProcessAfterInitialization
2019-12-17 14:50:13 PM [main] INFO  o.s.c.s.PostProcessorRegistrationDelegate$BeanPostProcessorChecker - postProcessAfterInitialization
2019-12-17 14:50:15 PM [main] INFO  o.s.b.w.e.tomcat.TomcatWebServer - initialize
2019-12-17 14:50:15 PM [main] INFO  o.a.coyote.http11.Http11NioProtocol - log
2019-12-17 14:50:15 PM [main] INFO  o.a.catalina.core.StandardService - log
2019-12-17 14:50:15 PM [main] INFO  o.a.catalina.core.StandardEngine - log
2019-12-17 14:50:15 PM [main] INFO  o.a.c.c.C.[Tomcat].[localhost].[/] - log
2019-12-17 14:50:15 PM [main] INFO  o.s.web.context.ContextLoader - prepareWebApplicationContext
2019-12-17 14:50:18 PM [main] INFO  com.zaxxer.hikari.HikariDataSource - getConnection
2019-12-17 14:50:18 PM [main] INFO  com.zaxxer.hikari.HikariDataSource - getConnection
2019-12-17 14:50:18 PM [main] INFO  o.h.jpa.internal.util.LogHelper - logPersistenceUnitInformation
2019-12-17 14:50:18 PM [main] INFO  org.hibernate.Version - logVersion
2019-12-17 14:50:18 PM [main] INFO  org.hibernate.cfg.Environment - <clinit>
2019-12-17 14:50:18 PM [main] INFO  o.h.annotations.common.Version - <clinit>
2019-12-17 14:50:19 PM [main] INFO  org.hibernate.dialect.Dialect - <init>
2019-12-17 14:50:20 PM [main] INFO  o.h.h.i.QueryTranslatorFactoryInitiator - initiateService
2019-12-17 14:50:20 PM [main] INFO  o.s.o.j.LocalContainerEntityManagerFactoryBean - buildNativeEntityManagerFactory
2019-12-17 14:50:22 PM [main] INFO  o.s.s.web.DefaultSecurityFilterChain - <init>
2019-12-17 14:50:22 PM [main] INFO  o.s.s.web.DefaultSecurityFilterChain - <init>
2019-12-17 14:50:22 PM [main] INFO  o.s.s.web.DefaultSecurityFilterChain - <init>
2019-12-17 14:50:22 PM [main] INFO  o.s.s.web.DefaultSecurityFilterChain - <init>
2019-12-17 14:50:22 PM [main] INFO  o.s.s.web.DefaultSecurityFilterChain - <init>
2019-12-17 14:50:22 PM [main] INFO  o.s.s.web.DefaultSecurityFilterChain - <init>
2019-12-17 14:50:22 PM [main] INFO  o.s.s.web.DefaultSecurityFilterChain - <init>
2019-12-17 14:50:22 PM [main] INFO  o.s.s.web.DefaultSecurityFilterChain - <init>
2019-12-17 14:50:22 PM [main] INFO  o.s.s.web.DefaultSecurityFilterChain - <init>
2019-12-17 14:50:22 PM [main] INFO  o.s.s.c.ThreadPoolTaskExecutor - initialize
2019-12-17 14:50:22 PM [main] WARN  o.s.b.a.o.j.JpaBaseConfiguration$JpaWebConfiguration$JpaWebMvcConfiguration - openEntityManagerInViewInterceptor
2019-12-17 14:50:22 PM [main] INFO  o.s.s.c.ThreadPoolTaskScheduler - initialize
2019-12-17 14:50:23 PM [main] INFO  o.a.coyote.http11.Http11NioProtocol - log
2019-12-17 14:50:23 PM [main] INFO  o.s.b.w.e.tomcat.TomcatWebServer - start
2019-12-17 14:50:23 PM [main] INFO  com.vtc.event.VtcEventApplication - logStarted
2019-12-17 14:52:49 PM [http-nio-9093-exec-2] INFO  o.a.c.c.C.[Tomcat].[localhost].[/] - log
2019-12-17 14:52:49 PM [http-nio-9093-exec-2] INFO  o.s.web.servlet.DispatcherServlet - initServletBean
2019-12-17 14:52:49 PM [http-nio-9093-exec-2] INFO  o.s.web.servlet.DispatcherServlet - initServletBean
2019-12-17 14:52:49 PM [http-nio-9093-exec-2] INFO  c.v.e.l.c.LuckySpinController - luckySpinAward
2019-12-17 14:52:50 PM [http-nio-9093-exec-2] INFO  c.v.e.c.e.ScoinExceptionHandler - handleNotEnoughtException
com.vtc.event.common.exception.ScoinNotEnoughtException: Spin turn not enought
	at com.vtc.event.luckySpin.service.impl.LuckySpinServiceImpl.luckySpinAward(LuckySpinServiceImpl.java:370)
	at com.vtc.event.luckySpin.controller.LuckySpinController.luckySpinAward(LuckySpinController.java:65)
	at java.base/jdk.internal.reflect.NativeMethodAccessorImpl.invoke0(Native Method)
	at java.base/jdk.internal.reflect.NativeMethodAccessorImpl.invoke(NativeMethodAccessorImpl.java:62)
	at java.base/jdk.internal.reflect.DelegatingMethodAccessorImpl.invoke(DelegatingMethodAccessorImpl.java:43)
	at java.base/java.lang.reflect.Method.invoke(Method.java:566)
	at org.springframework.web.method.support.InvocableHandlerMethod.doInvoke(InvocableHandlerMethod.java:189)
	at org.springframework.web.method.support.InvocableHandlerMethod.invokeForRequest(InvocableHandlerMethod.java:138)
	at org.springframework.web.servlet.mvc.method.annotation.ServletInvocableHandlerMethod.invokeAndHandle(ServletInvocableHandlerMethod.java:102)
	at org.springframework.web.servlet.mvc.method.annotation.RequestMappingHandlerAdapter.invokeHandlerMethod(RequestMappingHandlerAdapter.java:892)
	at org.springframework.web.servlet.mvc.method.annotation.RequestMappingHandlerAdapter.handleInternal(RequestMappingHandlerAdapter.java:797)
	at org.springframework.web.servlet.mvc.method.AbstractHandlerMethodAdapter.handle(AbstractHandlerMethodAdapter.java:87)
	at org.springframework.web.servlet.DispatcherServlet.doDispatch(DispatcherServlet.java:1038)
	at org.springframework.web.servlet.DispatcherServlet.doService(DispatcherServlet.java:942)
	at org.springframework.web.servlet.FrameworkServlet.processRequest(FrameworkServlet.java:1005)
	at org.springframework.web.servlet.FrameworkServlet.doGet(FrameworkServlet.java:897)
	at javax.servlet.http.HttpServlet.service(HttpServlet.java:634)
	at org.springframework.web.servlet.FrameworkServlet.service(FrameworkServlet.java:882)
	at javax.servlet.http.HttpServlet.service(HttpServlet.java:741)
	at org.apache.catalina.core.ApplicationFilterChain.internalDoFilter(ApplicationFilterChain.java:231)
	at org.apache.catalina.core.ApplicationFilterChain.doFilter(ApplicationFilterChain.java:166)
	at org.apache.tomcat.websocket.server.WsFilter.doFilter(WsFilter.java:53)
	at org.apache.catalina.core.ApplicationFilterChain.internalDoFilter(ApplicationFilterChain.java:193)
	at org.apache.catalina.core.ApplicationFilterChain.doFilter(ApplicationFilterChain.java:166)
	at org.springframework.security.web.FilterChainProxy$VirtualFilterChain.doFilter(FilterChainProxy.java:320)
	at org.springframework.security.web.access.intercept.FilterSecurityInterceptor.invoke(FilterSecurityInterceptor.java:127)
	at org.springframework.security.web.access.intercept.FilterSecurityInterceptor.doFilter(FilterSecurityInterceptor.java:91)
	at org.springframework.security.web.FilterChainProxy$VirtualFilterChain.doFilter(FilterChainProxy.java:334)
	at org.springframework.security.web.access.ExceptionTranslationFilter.doFilter(ExceptionTranslationFilter.java:119)
	at org.springframework.security.web.FilterChainProxy$VirtualFilterChain.doFilter(FilterChainProxy.java:334)
	at org.springframework.security.web.session.SessionManagementFilter.doFilter(SessionManagementFilter.java:137)
	at org.springframework.security.web.FilterChainProxy$VirtualFilterChain.doFilter(FilterChainProxy.java:334)
	at org.springframework.security.web.authentication.AnonymousAuthenticationFilter.doFilter(AnonymousAuthenticationFilter.java:111)
	at org.springframework.security.web.FilterChainProxy$VirtualFilterChain.doFilter(FilterChainProxy.java:334)
	at org.springframework.security.web.servletapi.SecurityContextHolderAwareRequestFilter.doFilter(SecurityContextHolderAwareRequestFilter.java:170)
	at org.springframework.security.web.FilterChainProxy$VirtualFilterChain.doFilter(FilterChainProxy.java:334)
	at org.springframework.security.web.savedrequest.RequestCacheAwareFilter.doFilter(RequestCacheAwareFilter.java:63)
	at org.springframework.security.web.FilterChainProxy$VirtualFilterChain.doFilter(FilterChainProxy.java:334)
	at org.springframework.security.web.authentication.www.BasicAuthenticationFilter.doFilterInternal(BasicAuthenticationFilter.java:158)
	at org.springframework.web.filter.OncePerRequestFilter.doFilter(OncePerRequestFilter.java:107)
	at org.springframework.security.web.FilterChainProxy$VirtualFilterChain.doFilter(FilterChainProxy.java:334)
	at org.springframework.security.oauth2.provider.authentication.OAuth2AuthenticationProcessingFilter.doFilter(OAuth2AuthenticationProcessingFilter.java:176)
	at org.springframework.security.web.FilterChainProxy$VirtualFilterChain.doFilter(FilterChainProxy.java:334)
	at org.springframework.security.web.authentication.logout.LogoutFilter.doFilter(LogoutFilter.java:116)
	at org.springframework.security.web.FilterChainProxy$VirtualFilterChain.doFilter(FilterChainProxy.java:334)
	at org.springframework.web.filter.CorsFilter.doFilterInternal(CorsFilter.java:96)
	at org.springframework.web.filter.OncePerRequestFilter.doFilter(OncePerRequestFilter.java:107)
	at org.springframework.security.web.FilterChainProxy$VirtualFilterChain.doFilter(FilterChainProxy.java:334)
	at org.springframework.security.web.header.HeaderWriterFilter.doFilterInternal(HeaderWriterFilter.java:74)
	at org.springframework.web.filter.OncePerRequestFilter.doFilter(OncePerRequestFilter.java:107)
	at org.springframework.security.web.FilterChainProxy$VirtualFilterChain.doFilter(FilterChainProxy.java:334)
	at org.springframework.security.web.context.SecurityContextPersistenceFilter.doFilter(SecurityContextPersistenceFilter.java:105)
	at org.springframework.security.web.FilterChainProxy$VirtualFilterChain.doFilter(FilterChainProxy.java:334)
	at org.springframework.security.web.context.request.async.WebAsyncManagerIntegrationFilter.doFilterInternal(WebAsyncManagerIntegrationFilter.java:56)
	at org.springframework.web.filter.OncePerRequestFilter.doFilter(OncePerRequestFilter.java:107)
	at org.springframework.security.web.FilterChainProxy$VirtualFilterChain.doFilter(FilterChainProxy.java:334)
	at org.springframework.security.web.FilterChainProxy.doFilterInternal(FilterChainProxy.java:215)
	at org.springframework.security.web.FilterChainProxy.doFilter(FilterChainProxy.java:178)
	at org.springframework.web.filter.DelegatingFilterProxy.invokeDelegate(DelegatingFilterProxy.java:357)
	at org.springframework.web.filter.DelegatingFilterProxy.doFilter(DelegatingFilterProxy.java:270)
	at org.apache.catalina.core.ApplicationFilterChain.internalDoFilter(ApplicationFilterChain.java:193)
	at org.apache.catalina.core.ApplicationFilterChain.doFilter(ApplicationFilterChain.java:166)
	at org.springframework.web.filter.RequestContextFilter.doFilterInternal(RequestContextFilter.java:99)
	at org.springframework.web.filter.OncePerRequestFilter.doFilter(OncePerRequestFilter.java:107)
	at org.apache.catalina.core.ApplicationFilterChain.internalDoFilter(ApplicationFilterChain.java:193)
	at org.apache.catalina.core.ApplicationFilterChain.doFilter(ApplicationFilterChain.java:166)
	at org.springframework.web.filter.FormContentFilter.doFilterInternal(FormContentFilter.java:92)
	at org.springframework.web.filter.OncePerRequestFilter.doFilter(OncePerRequestFilter.java:107)
	at org.apache.catalina.core.ApplicationFilterChain.internalDoFilter(ApplicationFilterChain.java:193)
	at org.apache.catalina.core.ApplicationFilterChain.doFilter(ApplicationFilterChain.java:166)
	at org.springframework.web.filter.HiddenHttpMethodFilter.doFilterInternal(HiddenHttpMethodFilter.java:93)
	at org.springframework.web.filter.OncePerRequestFilter.doFilter(OncePerRequestFilter.java:107)
	at org.apache.catalina.core.ApplicationFilterChain.internalDoFilter(ApplicationFilterChain.java:193)
	at org.apache.catalina.core.ApplicationFilterChain.doFilter(ApplicationFilterChain.java:166)
	at org.springframework.web.filter.CharacterEncodingFilter.doFilterInternal(CharacterEncodingFilter.java:200)
	at org.springframework.web.filter.OncePerRequestFilter.doFilter(OncePerRequestFilter.java:107)
	at org.apache.catalina.core.ApplicationFilterChain.internalDoFilter(ApplicationFilterChain.java:193)
	at org.apache.catalina.core.ApplicationFilterChain.doFilter(ApplicationFilterChain.java:166)
	at org.apache.catalina.core.StandardWrapperValve.invoke(StandardWrapperValve.java:200)
	at org.apache.catalina.core.StandardContextValve.invoke(StandardContextValve.java:96)
	at org.apache.catalina.authenticator.AuthenticatorBase.invoke(AuthenticatorBase.java:490)
	at org.apache.catalina.core.StandardHostValve.invoke(StandardHostValve.java:139)
	at org.apache.catalina.valves.ErrorReportValve.invoke(ErrorReportValve.java:92)
	at org.apache.catalina.core.StandardEngineValve.invoke(StandardEngineValve.java:74)
	at org.apache.catalina.connector.CoyoteAdapter.service(CoyoteAdapter.java:343)
	at org.apache.coyote.http11.Http11Processor.service(Http11Processor.java:408)
	at org.apache.coyote.AbstractProcessorLight.process(AbstractProcessorLight.java:66)
	at org.apache.coyote.AbstractProtocol$ConnectionHandler.process(AbstractProtocol.java:834)
	at org.apache.tomcat.util.net.NioEndpoint$SocketProcessor.doRun(NioEndpoint.java:1415)
	at org.apache.tomcat.util.net.SocketProcessorBase.run(SocketProcessorBase.java:49)
	at java.base/java.util.concurrent.ThreadPoolExecutor.runWorker(ThreadPoolExecutor.java:1128)
	at java.base/java.util.concurrent.ThreadPoolExecutor$Worker.run(ThreadPoolExecutor.java:628)
	at org.apache.tomcat.util.threads.TaskThread$WrappingRunnable.run(TaskThread.java:61)
	at java.base/java.lang.Thread.run(Thread.java:834)
2019-12-17 14:59:39 PM [Thread-3] INFO  o.s.s.c.ThreadPoolTaskScheduler - shutdown
2019-12-17 14:59:39 PM [Thread-3] INFO  o.s.s.c.ThreadPoolTaskExecutor - shutdown
2019-12-17 14:59:39 PM [Thread-3] INFO  o.s.o.j.LocalContainerEntityManagerFactoryBean - destroy
2019-12-17 14:59:39 PM [Thread-3] INFO  com.zaxxer.hikari.HikariDataSource - close
2019-12-17 14:59:39 PM [Thread-3] INFO  com.zaxxer.hikari.HikariDataSource - close
2019-12-17 15:00:25 PM [main] INFO  com.vtc.event.VtcEventApplication - logStarting
2019-12-17 15:00:25 PM [main] INFO  com.vtc.event.VtcEventApplication - logStartupProfileInfo
2019-12-17 15:00:26 PM [main] INFO  o.s.d.r.c.RepositoryConfigurationDelegate - registerRepositoriesIn
2019-12-17 15:00:26 PM [main] INFO  o.s.d.r.c.RepositoryConfigurationDelegate - registerRepositoriesIn
2019-12-17 15:00:27 PM [main] INFO  o.s.c.s.PostProcessorRegistrationDelegate$BeanPostProcessorChecker - postProcessAfterInitialization
2019-12-17 15:00:27 PM [main] INFO  o.s.c.s.PostProcessorRegistrationDelegate$BeanPostProcessorChecker - postProcessAfterInitialization
2019-12-17 15:00:27 PM [main] INFO  o.s.c.s.PostProcessorRegistrationDelegate$BeanPostProcessorChecker - postProcessAfterInitialization
2019-12-17 15:00:27 PM [main] INFO  o.s.c.s.PostProcessorRegistrationDelegate$BeanPostProcessorChecker - postProcessAfterInitialization
2019-12-17 15:00:27 PM [main] INFO  o.s.c.s.PostProcessorRegistrationDelegate$BeanPostProcessorChecker - postProcessAfterInitialization
2019-12-17 15:00:27 PM [main] INFO  o.s.c.s.PostProcessorRegistrationDelegate$BeanPostProcessorChecker - postProcessAfterInitialization
2019-12-17 15:00:28 PM [main] INFO  o.s.b.w.e.tomcat.TomcatWebServer - initialize
2019-12-17 15:00:28 PM [main] INFO  o.a.coyote.http11.Http11NioProtocol - log
2019-12-17 15:00:28 PM [main] INFO  o.a.catalina.core.StandardService - log
2019-12-17 15:00:28 PM [main] INFO  o.a.catalina.core.StandardEngine - log
2019-12-17 15:00:29 PM [main] INFO  o.a.c.c.C.[Tomcat].[localhost].[/] - log
2019-12-17 15:00:29 PM [main] INFO  o.s.web.context.ContextLoader - prepareWebApplicationContext
2019-12-17 15:00:29 PM [main] INFO  com.zaxxer.hikari.HikariDataSource - getConnection
2019-12-17 15:00:29 PM [main] INFO  com.zaxxer.hikari.HikariDataSource - getConnection
2019-12-17 15:00:29 PM [main] INFO  o.h.jpa.internal.util.LogHelper - logPersistenceUnitInformation
2019-12-17 15:00:29 PM [main] INFO  org.hibernate.Version - logVersion
2019-12-17 15:00:29 PM [main] INFO  org.hibernate.cfg.Environment - <clinit>
2019-12-17 15:00:30 PM [main] INFO  o.h.annotations.common.Version - <clinit>
2019-12-17 15:00:30 PM [main] INFO  org.hibernate.dialect.Dialect - <init>
2019-12-17 15:00:31 PM [main] INFO  o.h.h.i.QueryTranslatorFactoryInitiator - initiateService
2019-12-17 15:00:31 PM [main] INFO  o.s.o.j.LocalContainerEntityManagerFactoryBean - buildNativeEntityManagerFactory
2019-12-17 15:00:33 PM [main] INFO  o.s.s.web.DefaultSecurityFilterChain - <init>
2019-12-17 15:00:33 PM [main] INFO  o.s.s.web.DefaultSecurityFilterChain - <init>
2019-12-17 15:00:33 PM [main] INFO  o.s.s.web.DefaultSecurityFilterChain - <init>
2019-12-17 15:00:33 PM [main] INFO  o.s.s.web.DefaultSecurityFilterChain - <init>
2019-12-17 15:00:33 PM [main] INFO  o.s.s.web.DefaultSecurityFilterChain - <init>
2019-12-17 15:00:33 PM [main] INFO  o.s.s.web.DefaultSecurityFilterChain - <init>
2019-12-17 15:00:33 PM [main] INFO  o.s.s.web.DefaultSecurityFilterChain - <init>
2019-12-17 15:00:33 PM [main] INFO  o.s.s.web.DefaultSecurityFilterChain - <init>
2019-12-17 15:00:33 PM [main] INFO  o.s.s.web.DefaultSecurityFilterChain - <init>
2019-12-17 15:00:33 PM [main] INFO  o.s.s.c.ThreadPoolTaskExecutor - initialize
2019-12-17 15:00:33 PM [main] WARN  o.s.b.a.o.j.JpaBaseConfiguration$JpaWebConfiguration$JpaWebMvcConfiguration - openEntityManagerInViewInterceptor
2019-12-17 15:00:33 PM [main] INFO  o.s.s.c.ThreadPoolTaskScheduler - initialize
2019-12-17 15:00:34 PM [main] INFO  o.a.coyote.http11.Http11NioProtocol - log
2019-12-17 15:00:34 PM [main] INFO  o.s.b.w.e.tomcat.TomcatWebServer - start
2019-12-17 15:00:34 PM [main] INFO  com.vtc.event.VtcEventApplication - logStarted
2019-12-17 15:01:56 PM [http-nio-9093-exec-2] INFO  o.a.c.c.C.[Tomcat].[localhost].[/] - log
2019-12-17 15:01:56 PM [http-nio-9093-exec-2] INFO  o.s.web.servlet.DispatcherServlet - initServletBean
2019-12-17 15:01:56 PM [http-nio-9093-exec-2] INFO  o.s.web.servlet.DispatcherServlet - initServletBean
2019-12-17 15:01:56 PM [http-nio-9093-exec-2] INFO  c.v.e.l.c.LuckySpinController - getLuckySpinDetailUser
2019-12-17 15:01:57 PM [http-nio-9093-exec-2] INFO  c.v.e.l.c.LuckySpinController - toResult
2019-12-17 15:02:33 PM [http-nio-9093-exec-3] INFO  c.v.e.l.c.LuckySpinController - luckySpinAward
2019-12-17 15:02:33 PM [http-nio-9093-exec-3] INFO  c.v.e.l.s.impl.LuckySpinServiceImpl - lambda$luckySpinAward$2
2019-12-17 15:02:33 PM [http-nio-9093-exec-3] INFO  c.v.e.l.s.impl.LuckySpinServiceImpl - lambda$luckySpinAward$2
2019-12-17 15:02:33 PM [http-nio-9093-exec-3] INFO  c.v.e.l.s.impl.LuckySpinServiceImpl - lambda$luckySpinAward$2
2019-12-17 15:02:33 PM [http-nio-9093-exec-3] INFO  c.v.e.l.s.impl.LuckySpinServiceImpl - lambda$luckySpinAward$2
2019-12-17 15:02:33 PM [http-nio-9093-exec-3] INFO  c.v.e.l.s.impl.LuckySpinServiceImpl - luckySpinAward
2019-12-17 15:02:33 PM [http-nio-9093-exec-3] INFO  c.v.e.l.s.impl.LuckySpinServiceImpl - save
2019-12-17 15:02:33 PM [http-nio-9093-exec-3] INFO  c.v.e.l.s.impl.LuckySpinServiceImpl - save
2019-12-17 15:02:33 PM [http-nio-9093-exec-3] INFO  c.v.e.l.c.LuckySpinController - toResult
2019-12-17 15:05:34 PM [http-nio-9093-exec-5] INFO  c.v.e.l.c.LuckySpinController - luckySpinAward
2019-12-17 15:05:34 PM [http-nio-9093-exec-5] INFO  c.v.e.l.s.impl.LuckySpinServiceImpl - makeRatioItemToUser
2019-12-17 15:05:34 PM [http-nio-9093-exec-5] INFO  c.v.e.l.s.impl.LuckySpinServiceImpl - makeRatioItemToUser
2019-12-17 15:05:34 PM [http-nio-9093-exec-5] INFO  c.v.e.l.s.impl.LuckySpinServiceImpl - lambda$luckySpinAward$2
2019-12-17 15:05:34 PM [http-nio-9093-exec-5] INFO  c.v.e.l.s.impl.LuckySpinServiceImpl - lambda$luckySpinAward$2
2019-12-17 15:05:34 PM [http-nio-9093-exec-5] INFO  c.v.e.l.s.impl.LuckySpinServiceImpl - lambda$luckySpinAward$2
2019-12-17 15:05:34 PM [http-nio-9093-exec-5] INFO  c.v.e.l.s.impl.LuckySpinServiceImpl - lambda$luckySpinAward$2
2019-12-17 15:05:34 PM [http-nio-9093-exec-5] INFO  c.v.e.l.s.impl.LuckySpinServiceImpl - lambda$luckySpinAward$2
2019-12-17 15:05:34 PM [http-nio-9093-exec-5] INFO  c.v.e.l.s.impl.LuckySpinServiceImpl - lambda$luckySpinAward$2
2019-12-17 15:05:34 PM [http-nio-9093-exec-5] INFO  c.v.e.l.s.impl.LuckySpinServiceImpl - lambda$luckySpinAward$2
2019-12-17 15:05:34 PM [http-nio-9093-exec-5] INFO  c.v.e.l.s.impl.LuckySpinServiceImpl - lambda$luckySpinAward$2
2019-12-17 15:05:34 PM [http-nio-9093-exec-5] INFO  c.v.e.l.s.impl.LuckySpinServiceImpl - lambda$luckySpinAward$2
2019-12-17 15:05:34 PM [http-nio-9093-exec-5] INFO  c.v.e.l.s.impl.LuckySpinServiceImpl - lambda$luckySpinAward$2
2019-12-17 15:05:35 PM [http-nio-9093-exec-5] INFO  c.v.e.l.s.impl.LuckySpinServiceImpl - luckySpinAward
2019-12-17 15:05:35 PM [http-nio-9093-exec-5] INFO  c.v.e.l.s.impl.LuckySpinServiceImpl - save
2019-12-17 15:05:35 PM [http-nio-9093-exec-5] INFO  c.v.e.l.s.impl.LuckySpinServiceImpl - save
2019-12-17 15:05:35 PM [http-nio-9093-exec-5] INFO  c.v.e.l.c.LuckySpinController - toResult
2019-12-17 15:10:20 PM [Thread-3] INFO  o.s.s.c.ThreadPoolTaskScheduler - shutdown
2019-12-17 15:10:20 PM [Thread-3] INFO  o.s.s.c.ThreadPoolTaskExecutor - shutdown
2019-12-17 15:10:20 PM [Thread-3] INFO  o.s.o.j.LocalContainerEntityManagerFactoryBean - destroy
2019-12-17 15:10:20 PM [Thread-3] INFO  com.zaxxer.hikari.HikariDataSource - close
2019-12-17 15:10:20 PM [Thread-3] INFO  com.zaxxer.hikari.HikariDataSource - close
2019-12-17 15:10:47 PM [main] INFO  com.vtc.event.VtcEventApplication - logStarting
2019-12-17 15:10:47 PM [main] INFO  com.vtc.event.VtcEventApplication - logStartupProfileInfo
2019-12-17 15:10:48 PM [main] INFO  o.s.d.r.c.RepositoryConfigurationDelegate - registerRepositoriesIn
2019-12-17 15:10:48 PM [main] INFO  o.s.d.r.c.RepositoryConfigurationDelegate - registerRepositoriesIn
2019-12-17 15:10:49 PM [main] INFO  o.s.c.s.PostProcessorRegistrationDelegate$BeanPostProcessorChecker - postProcessAfterInitialization
2019-12-17 15:10:49 PM [main] INFO  o.s.c.s.PostProcessorRegistrationDelegate$BeanPostProcessorChecker - postProcessAfterInitialization
2019-12-17 15:10:49 PM [main] INFO  o.s.c.s.PostProcessorRegistrationDelegate$BeanPostProcessorChecker - postProcessAfterInitialization
2019-12-17 15:10:49 PM [main] INFO  o.s.c.s.PostProcessorRegistrationDelegate$BeanPostProcessorChecker - postProcessAfterInitialization
2019-12-17 15:10:49 PM [main] INFO  o.s.c.s.PostProcessorRegistrationDelegate$BeanPostProcessorChecker - postProcessAfterInitialization
2019-12-17 15:10:49 PM [main] INFO  o.s.c.s.PostProcessorRegistrationDelegate$BeanPostProcessorChecker - postProcessAfterInitialization
2019-12-17 15:10:49 PM [main] INFO  o.s.b.w.e.tomcat.TomcatWebServer - initialize
2019-12-17 15:10:49 PM [main] INFO  o.a.coyote.http11.Http11NioProtocol - log
2019-12-17 15:10:49 PM [main] INFO  o.a.catalina.core.StandardService - log
2019-12-17 15:10:49 PM [main] INFO  o.a.catalina.core.StandardEngine - log
2019-12-17 15:10:49 PM [main] INFO  o.a.c.c.C.[Tomcat].[localhost].[/] - log
2019-12-17 15:10:49 PM [main] INFO  o.s.web.context.ContextLoader - prepareWebApplicationContext
2019-12-17 15:10:49 PM [main] INFO  com.zaxxer.hikari.HikariDataSource - getConnection
2019-12-17 15:10:50 PM [main] INFO  com.zaxxer.hikari.HikariDataSource - getConnection
2019-12-17 15:10:50 PM [main] INFO  o.h.jpa.internal.util.LogHelper - logPersistenceUnitInformation
2019-12-17 15:10:50 PM [main] INFO  org.hibernate.Version - logVersion
2019-12-17 15:10:50 PM [main] INFO  org.hibernate.cfg.Environment - <clinit>
2019-12-17 15:10:50 PM [main] INFO  o.h.annotations.common.Version - <clinit>
2019-12-17 15:10:50 PM [main] INFO  org.hibernate.dialect.Dialect - <init>
2019-12-17 15:10:52 PM [main] INFO  o.h.h.i.QueryTranslatorFactoryInitiator - initiateService
2019-12-17 15:10:52 PM [main] INFO  o.s.o.j.LocalContainerEntityManagerFactoryBean - buildNativeEntityManagerFactory
2019-12-17 15:10:53 PM [main] INFO  o.s.s.web.DefaultSecurityFilterChain - <init>
2019-12-17 15:10:53 PM [main] INFO  o.s.s.web.DefaultSecurityFilterChain - <init>
2019-12-17 15:10:53 PM [main] INFO  o.s.s.web.DefaultSecurityFilterChain - <init>
2019-12-17 15:10:53 PM [main] INFO  o.s.s.web.DefaultSecurityFilterChain - <init>
2019-12-17 15:10:53 PM [main] INFO  o.s.s.web.DefaultSecurityFilterChain - <init>
2019-12-17 15:10:53 PM [main] INFO  o.s.s.web.DefaultSecurityFilterChain - <init>
2019-12-17 15:10:54 PM [main] INFO  o.s.s.web.DefaultSecurityFilterChain - <init>
2019-12-17 15:10:54 PM [main] INFO  o.s.s.web.DefaultSecurityFilterChain - <init>
2019-12-17 15:10:54 PM [main] INFO  o.s.s.web.DefaultSecurityFilterChain - <init>
2019-12-17 15:10:54 PM [main] INFO  o.s.s.c.ThreadPoolTaskExecutor - initialize
2019-12-17 15:10:54 PM [main] WARN  o.s.b.a.o.j.JpaBaseConfiguration$JpaWebConfiguration$JpaWebMvcConfiguration - openEntityManagerInViewInterceptor
2019-12-17 15:10:54 PM [main] INFO  o.s.s.c.ThreadPoolTaskScheduler - initialize
2019-12-17 15:10:54 PM [main] INFO  o.a.coyote.http11.Http11NioProtocol - log
2019-12-17 15:10:54 PM [main] INFO  o.s.b.w.e.tomcat.TomcatWebServer - start
2019-12-17 15:10:54 PM [main] INFO  com.vtc.event.VtcEventApplication - logStarted
2019-12-17 15:11:08 PM [http-nio-9093-exec-2] INFO  o.a.c.c.C.[Tomcat].[localhost].[/] - log
2019-12-17 15:11:08 PM [http-nio-9093-exec-2] INFO  o.s.web.servlet.DispatcherServlet - initServletBean
2019-12-17 15:11:08 PM [http-nio-9093-exec-2] INFO  o.s.web.servlet.DispatcherServlet - initServletBean
2019-12-17 15:11:09 PM [http-nio-9093-exec-2] INFO  c.v.e.l.c.LuckySpinController - luckySpinAward
2019-12-17 15:11:09 PM [http-nio-9093-exec-2] INFO  c.v.e.l.s.impl.LuckySpinServiceImpl - makeRatioItemToUser
2019-12-17 15:11:09 PM [http-nio-9093-exec-2] INFO  c.v.e.l.s.impl.LuckySpinServiceImpl - makeRatioItemToUser
2019-12-17 15:11:09 PM [http-nio-9093-exec-2] INFO  c.v.e.l.s.impl.LuckySpinServiceImpl - lambda$luckySpinAward$2
2019-12-17 15:11:09 PM [http-nio-9093-exec-2] INFO  c.v.e.l.s.impl.LuckySpinServiceImpl - lambda$luckySpinAward$2
2019-12-17 15:11:09 PM [http-nio-9093-exec-2] INFO  c.v.e.l.s.impl.LuckySpinServiceImpl - lambda$luckySpinAward$2
2019-12-17 15:11:09 PM [http-nio-9093-exec-2] INFO  c.v.e.l.s.impl.LuckySpinServiceImpl - lambda$luckySpinAward$2
2019-12-17 15:11:09 PM [http-nio-9093-exec-2] INFO  c.v.e.l.s.impl.LuckySpinServiceImpl - lambda$luckySpinAward$2
2019-12-17 15:11:09 PM [http-nio-9093-exec-2] INFO  c.v.e.l.s.impl.LuckySpinServiceImpl - luckySpinAward
2019-12-17 15:11:09 PM [http-nio-9093-exec-2] INFO  c.v.e.l.s.impl.LuckySpinServiceImpl - save
2019-12-17 15:11:10 PM [http-nio-9093-exec-2] INFO  c.v.e.l.s.impl.LuckySpinServiceImpl - save
2019-12-17 15:11:10 PM [http-nio-9093-exec-2] INFO  c.v.e.l.c.LuckySpinController - toResult
2019-12-17 15:11:42 PM [http-nio-9093-exec-3] INFO  c.v.e.l.c.LuckySpinController - luckySpinAward
2019-12-17 15:11:42 PM [http-nio-9093-exec-3] INFO  c.v.e.l.s.impl.LuckySpinServiceImpl - makeRatioItemToUser
2019-12-17 15:11:43 PM [http-nio-9093-exec-3] INFO  c.v.e.l.s.impl.LuckySpinServiceImpl - lambda$luckySpinAward$2
2019-12-17 15:11:43 PM [http-nio-9093-exec-3] INFO  c.v.e.l.s.impl.LuckySpinServiceImpl - lambda$luckySpinAward$2
2019-12-17 15:11:43 PM [http-nio-9093-exec-3] INFO  c.v.e.l.s.impl.LuckySpinServiceImpl - lambda$luckySpinAward$2
2019-12-17 15:11:43 PM [http-nio-9093-exec-3] INFO  c.v.e.l.s.impl.LuckySpinServiceImpl - lambda$luckySpinAward$2
2019-12-17 15:11:43 PM [http-nio-9093-exec-3] INFO  c.v.e.l.s.impl.LuckySpinServiceImpl - luckySpinAward
2019-12-17 15:11:43 PM [http-nio-9093-exec-3] INFO  c.v.e.c.utils.ApiExchangeServiceUtil - postXML
2019-12-17 15:11:44 PM [http-nio-9093-exec-3] INFO  c.v.e.c.utils.ApiExchangeServiceUtil - postXML
2019-12-17 15:11:44 PM [http-nio-9093-exec-3] INFO  c.v.e.c.s.i.CommonCardScoinServiceImpl - topupScoin
2019-12-17 15:11:44 PM [http-nio-9093-exec-3] INFO  c.v.e.l.s.impl.LuckySpinServiceImpl - save
2019-12-17 15:11:44 PM [http-nio-9093-exec-3] INFO  c.v.e.l.c.LuckySpinController - toResult
2019-12-17 15:23:42 PM [Thread-3] INFO  o.s.s.c.ThreadPoolTaskScheduler - shutdown
2019-12-17 15:23:42 PM [Thread-3] INFO  o.s.s.c.ThreadPoolTaskExecutor - shutdown
2019-12-17 15:23:42 PM [Thread-3] INFO  o.s.o.j.LocalContainerEntityManagerFactoryBean - destroy
2019-12-17 15:23:42 PM [Thread-3] INFO  com.zaxxer.hikari.HikariDataSource - close
2019-12-17 15:23:42 PM [Thread-3] INFO  com.zaxxer.hikari.HikariDataSource - close
2019-12-17 15:24:09 PM [main] INFO  com.vtc.event.VtcEventApplication - logStarting
2019-12-17 15:24:09 PM [main] INFO  com.vtc.event.VtcEventApplication - logStartupProfileInfo
2019-12-17 15:24:10 PM [main] INFO  o.s.d.r.c.RepositoryConfigurationDelegate - registerRepositoriesIn
2019-12-17 15:24:10 PM [main] INFO  o.s.d.r.c.RepositoryConfigurationDelegate - registerRepositoriesIn
2019-12-17 15:24:11 PM [main] INFO  o.s.c.s.PostProcessorRegistrationDelegate$BeanPostProcessorChecker - postProcessAfterInitialization
2019-12-17 15:24:11 PM [main] INFO  o.s.c.s.PostProcessorRegistrationDelegate$BeanPostProcessorChecker - postProcessAfterInitialization
2019-12-17 15:24:11 PM [main] INFO  o.s.c.s.PostProcessorRegistrationDelegate$BeanPostProcessorChecker - postProcessAfterInitialization
2019-12-17 15:24:11 PM [main] INFO  o.s.c.s.PostProcessorRegistrationDelegate$BeanPostProcessorChecker - postProcessAfterInitialization
2019-12-17 15:24:11 PM [main] INFO  o.s.c.s.PostProcessorRegistrationDelegate$BeanPostProcessorChecker - postProcessAfterInitialization
2019-12-17 15:24:11 PM [main] INFO  o.s.c.s.PostProcessorRegistrationDelegate$BeanPostProcessorChecker - postProcessAfterInitialization
2019-12-17 15:24:12 PM [main] INFO  o.s.b.w.e.tomcat.TomcatWebServer - initialize
2019-12-17 15:24:12 PM [main] INFO  o.a.coyote.http11.Http11NioProtocol - log
2019-12-17 15:24:12 PM [main] INFO  o.a.catalina.core.StandardService - log
2019-12-17 15:24:12 PM [main] INFO  o.a.catalina.core.StandardEngine - log
2019-12-17 15:24:12 PM [main] INFO  o.a.c.c.C.[Tomcat].[localhost].[/] - log
2019-12-17 15:24:12 PM [main] INFO  o.s.web.context.ContextLoader - prepareWebApplicationContext
2019-12-17 15:24:12 PM [main] INFO  com.zaxxer.hikari.HikariDataSource - getConnection
2019-12-17 15:24:13 PM [main] INFO  com.zaxxer.hikari.HikariDataSource - getConnection
2019-12-17 15:24:13 PM [main] INFO  o.h.jpa.internal.util.LogHelper - logPersistenceUnitInformation
2019-12-17 15:24:13 PM [main] INFO  org.hibernate.Version - logVersion
2019-12-17 15:24:13 PM [main] INFO  org.hibernate.cfg.Environment - <clinit>
2019-12-17 15:24:13 PM [main] INFO  o.h.annotations.common.Version - <clinit>
2019-12-17 15:24:13 PM [main] INFO  org.hibernate.dialect.Dialect - <init>
2019-12-17 15:24:15 PM [main] INFO  o.h.h.i.QueryTranslatorFactoryInitiator - initiateService
2019-12-17 15:24:15 PM [main] INFO  o.s.o.j.LocalContainerEntityManagerFactoryBean - buildNativeEntityManagerFactory
2019-12-17 15:24:56 PM [main] INFO  com.vtc.event.VtcEventApplication - logStarting
2019-12-17 15:24:56 PM [main] INFO  com.vtc.event.VtcEventApplication - logStartupProfileInfo
2019-12-17 15:24:57 PM [main] INFO  o.s.d.r.c.RepositoryConfigurationDelegate - registerRepositoriesIn
2019-12-17 15:24:58 PM [main] INFO  o.s.d.r.c.RepositoryConfigurationDelegate - registerRepositoriesIn
2019-12-17 15:24:58 PM [main] INFO  o.s.c.s.PostProcessorRegistrationDelegate$BeanPostProcessorChecker - postProcessAfterInitialization
2019-12-17 15:24:58 PM [main] INFO  o.s.c.s.PostProcessorRegistrationDelegate$BeanPostProcessorChecker - postProcessAfterInitialization
2019-12-17 15:24:59 PM [main] INFO  o.s.c.s.PostProcessorRegistrationDelegate$BeanPostProcessorChecker - postProcessAfterInitialization
2019-12-17 15:24:59 PM [main] INFO  o.s.c.s.PostProcessorRegistrationDelegate$BeanPostProcessorChecker - postProcessAfterInitialization
2019-12-17 15:24:59 PM [main] INFO  o.s.c.s.PostProcessorRegistrationDelegate$BeanPostProcessorChecker - postProcessAfterInitialization
2019-12-17 15:24:59 PM [main] INFO  o.s.c.s.PostProcessorRegistrationDelegate$BeanPostProcessorChecker - postProcessAfterInitialization
2019-12-17 15:24:59 PM [main] INFO  o.s.b.w.e.tomcat.TomcatWebServer - initialize
2019-12-17 15:24:59 PM [main] INFO  o.a.coyote.http11.Http11NioProtocol - log
2019-12-17 15:24:59 PM [main] INFO  o.a.catalina.core.StandardService - log
2019-12-17 15:24:59 PM [main] INFO  o.a.catalina.core.StandardEngine - log
2019-12-17 15:24:59 PM [main] INFO  o.a.c.c.C.[Tomcat].[localhost].[/] - log
2019-12-17 15:24:59 PM [main] INFO  o.s.web.context.ContextLoader - prepareWebApplicationContext
2019-12-17 15:24:59 PM [main] INFO  com.zaxxer.hikari.HikariDataSource - getConnection
2019-12-17 15:25:00 PM [main] INFO  com.zaxxer.hikari.HikariDataSource - getConnection
2019-12-17 15:25:00 PM [main] INFO  o.h.jpa.internal.util.LogHelper - logPersistenceUnitInformation
2019-12-17 15:25:00 PM [main] INFO  org.hibernate.Version - logVersion
2019-12-17 15:25:00 PM [main] INFO  org.hibernate.cfg.Environment - <clinit>
2019-12-17 15:25:00 PM [main] INFO  o.h.annotations.common.Version - <clinit>
2019-12-17 15:25:00 PM [main] INFO  org.hibernate.dialect.Dialect - <init>
2019-12-17 15:25:02 PM [main] INFO  o.h.h.i.QueryTranslatorFactoryInitiator - initiateService
2019-12-17 15:25:02 PM [main] INFO  o.s.o.j.LocalContainerEntityManagerFactoryBean - buildNativeEntityManagerFactory
2019-12-17 15:25:03 PM [main] INFO  o.s.s.web.DefaultSecurityFilterChain - <init>
2019-12-17 15:25:03 PM [main] INFO  o.s.s.web.DefaultSecurityFilterChain - <init>
2019-12-17 15:25:03 PM [main] INFO  o.s.s.web.DefaultSecurityFilterChain - <init>
2019-12-17 15:25:03 PM [main] INFO  o.s.s.web.DefaultSecurityFilterChain - <init>
2019-12-17 15:25:03 PM [main] INFO  o.s.s.web.DefaultSecurityFilterChain - <init>
2019-12-17 15:25:03 PM [main] INFO  o.s.s.web.DefaultSecurityFilterChain - <init>
2019-12-17 15:25:03 PM [main] INFO  o.s.s.web.DefaultSecurityFilterChain - <init>
2019-12-17 15:25:03 PM [main] INFO  o.s.s.web.DefaultSecurityFilterChain - <init>
2019-12-17 15:25:04 PM [main] INFO  o.s.s.web.DefaultSecurityFilterChain - <init>
2019-12-17 15:25:04 PM [main] INFO  o.s.s.c.ThreadPoolTaskExecutor - initialize
2019-12-17 15:25:04 PM [main] WARN  o.s.b.a.o.j.JpaBaseConfiguration$JpaWebConfiguration$JpaWebMvcConfiguration - openEntityManagerInViewInterceptor
2019-12-17 15:25:04 PM [main] INFO  o.s.s.c.ThreadPoolTaskScheduler - initialize
2019-12-17 15:25:04 PM [main] INFO  o.a.coyote.http11.Http11NioProtocol - log
2019-12-17 15:25:04 PM [main] INFO  o.s.b.w.e.tomcat.TomcatWebServer - start
2019-12-17 15:25:04 PM [main] INFO  com.vtc.event.VtcEventApplication - logStarted
2019-12-17 15:25:18 PM [http-nio-9093-exec-2] INFO  o.a.c.c.C.[Tomcat].[localhost].[/] - log
2019-12-17 15:25:18 PM [http-nio-9093-exec-2] INFO  o.s.web.servlet.DispatcherServlet - initServletBean
2019-12-17 15:25:18 PM [http-nio-9093-exec-2] INFO  o.s.web.servlet.DispatcherServlet - initServletBean
2019-12-17 15:25:18 PM [http-nio-9093-exec-2] INFO  c.v.e.l.c.LuckySpinController - luckySpinAward
2019-12-17 15:25:19 PM [http-nio-9093-exec-2] INFO  c.v.e.l.s.impl.LuckySpinServiceImpl - makeRatioItemToUser
2019-12-17 15:25:19 PM [http-nio-9093-exec-2] INFO  c.v.e.l.s.impl.LuckySpinServiceImpl - makeRatioItemToUser
2019-12-17 15:25:19 PM [http-nio-9093-exec-2] INFO  c.v.e.l.s.impl.LuckySpinServiceImpl - makeRatioItemToUser
2019-12-17 15:25:19 PM [http-nio-9093-exec-2] INFO  c.v.e.l.s.impl.LuckySpinServiceImpl - makeRatioItemToUser
2019-12-17 15:25:19 PM [http-nio-9093-exec-2] INFO  c.v.e.l.s.impl.LuckySpinServiceImpl - lambda$luckySpinAward$2
2019-12-17 15:25:19 PM [http-nio-9093-exec-2] INFO  c.v.e.l.s.impl.LuckySpinServiceImpl - lambda$luckySpinAward$2
2019-12-17 15:25:19 PM [http-nio-9093-exec-2] INFO  c.v.e.l.s.impl.LuckySpinServiceImpl - lambda$luckySpinAward$2
2019-12-17 15:25:19 PM [http-nio-9093-exec-2] INFO  c.v.e.l.s.impl.LuckySpinServiceImpl - lambda$luckySpinAward$2
2019-12-17 15:25:19 PM [http-nio-9093-exec-2] INFO  c.v.e.l.s.impl.LuckySpinServiceImpl - lambda$luckySpinAward$2
2019-12-17 15:25:19 PM [http-nio-9093-exec-2] INFO  c.v.e.l.s.impl.LuckySpinServiceImpl - luckySpinAward
2019-12-17 15:25:20 PM [http-nio-9093-exec-2] INFO  c.v.e.l.s.impl.LuckySpinServiceImpl - save
2019-12-17 15:25:20 PM [http-nio-9093-exec-2] INFO  c.v.e.l.s.impl.LuckySpinServiceImpl - save
2019-12-17 15:25:20 PM [http-nio-9093-exec-2] INFO  c.v.e.l.c.LuckySpinController - toResult
2019-12-17 15:27:40 PM [http-nio-9093-exec-5] INFO  c.v.e.l.c.LuckySpinController - luckySpinAward
2019-12-17 15:27:40 PM [http-nio-9093-exec-5] INFO  c.v.e.l.s.impl.LuckySpinServiceImpl - makeRatioItemToUser
2019-12-17 15:27:40 PM [http-nio-9093-exec-5] INFO  c.v.e.l.s.impl.LuckySpinServiceImpl - makeRatioItemToUser
2019-12-17 15:27:40 PM [http-nio-9093-exec-5] INFO  c.v.e.l.s.impl.LuckySpinServiceImpl - makeRatioItemToUser
2019-12-17 15:27:40 PM [http-nio-9093-exec-5] INFO  c.v.e.l.s.impl.LuckySpinServiceImpl - makeRatioItemToUser
2019-12-17 15:27:40 PM [http-nio-9093-exec-5] INFO  c.v.e.l.s.impl.LuckySpinServiceImpl - makeRatioItemToUser
2019-12-17 15:27:40 PM [http-nio-9093-exec-5] INFO  c.v.e.l.s.impl.LuckySpinServiceImpl - makeRatioItemToUser
2019-12-17 15:27:40 PM [http-nio-9093-exec-5] INFO  c.v.e.l.s.impl.LuckySpinServiceImpl - makeRatioItemToUser
2019-12-17 15:27:40 PM [http-nio-9093-exec-5] INFO  c.v.e.l.s.impl.LuckySpinServiceImpl - makeRatioItemToUser
2019-12-17 15:27:40 PM [http-nio-9093-exec-5] INFO  c.v.e.l.s.impl.LuckySpinServiceImpl - makeRatioItemToUser
2019-12-17 15:27:40 PM [http-nio-9093-exec-5] INFO  c.v.e.l.s.impl.LuckySpinServiceImpl - makeRatioItemToUser
2019-12-17 15:27:40 PM [http-nio-9093-exec-5] INFO  c.v.e.l.s.impl.LuckySpinServiceImpl - makeRatioItemToUser
2019-12-17 15:27:40 PM [http-nio-9093-exec-5] INFO  c.v.e.l.s.impl.LuckySpinServiceImpl - makeRatioItemToUser
2019-12-17 15:27:40 PM [http-nio-9093-exec-5] INFO  c.v.e.l.s.impl.LuckySpinServiceImpl - lambda$luckySpinAward$2
2019-12-17 15:27:40 PM [http-nio-9093-exec-5] INFO  c.v.e.l.s.impl.LuckySpinServiceImpl - lambda$luckySpinAward$2
2019-12-17 15:27:40 PM [http-nio-9093-exec-5] INFO  c.v.e.l.s.impl.LuckySpinServiceImpl - lambda$luckySpinAward$2
2019-12-17 15:27:40 PM [http-nio-9093-exec-5] INFO  c.v.e.l.s.impl.LuckySpinServiceImpl - lambda$luckySpinAward$2
2019-12-17 15:27:40 PM [http-nio-9093-exec-5] INFO  c.v.e.l.s.impl.LuckySpinServiceImpl - lambda$luckySpinAward$2
2019-12-17 15:27:40 PM [http-nio-9093-exec-5] INFO  c.v.e.l.s.impl.LuckySpinServiceImpl - luckySpinAward
2019-12-17 15:27:40 PM [http-nio-9093-exec-5] INFO  c.v.e.l.s.impl.LuckySpinServiceImpl - save
2019-12-17 15:27:41 PM [http-nio-9093-exec-5] INFO  c.v.e.l.s.impl.LuckySpinServiceImpl - save
2019-12-17 15:27:41 PM [http-nio-9093-exec-5] INFO  c.v.e.l.c.LuckySpinController - toResult
2019-12-17 15:28:25 PM [http-nio-9093-exec-6] INFO  c.v.e.l.c.LuckySpinController - luckySpinAward
2019-12-17 15:28:25 PM [http-nio-9093-exec-6] INFO  c.v.e.l.s.impl.LuckySpinServiceImpl - makeRatioItemToUser
2019-12-17 15:28:25 PM [http-nio-9093-exec-6] INFO  c.v.e.l.s.impl.LuckySpinServiceImpl - makeRatioItemToUser
2019-12-17 15:28:25 PM [http-nio-9093-exec-6] INFO  c.v.e.l.s.impl.LuckySpinServiceImpl - makeRatioItemToUser
2019-12-17 15:28:25 PM [http-nio-9093-exec-6] INFO  c.v.e.l.s.impl.LuckySpinServiceImpl - makeRatioItemToUser
2019-12-17 15:28:25 PM [http-nio-9093-exec-6] INFO  c.v.e.l.s.impl.LuckySpinServiceImpl - makeRatioItemToUser
2019-12-17 15:28:25 PM [http-nio-9093-exec-6] INFO  c.v.e.l.s.impl.LuckySpinServiceImpl - makeRatioItemToUser
2019-12-17 15:28:25 PM [http-nio-9093-exec-6] INFO  c.v.e.l.s.impl.LuckySpinServiceImpl - makeRatioItemToUser
2019-12-17 15:28:25 PM [http-nio-9093-exec-6] INFO  c.v.e.l.s.impl.LuckySpinServiceImpl - makeRatioItemToUser
2019-12-17 15:28:25 PM [http-nio-9093-exec-6] INFO  c.v.e.l.s.impl.LuckySpinServiceImpl - makeRatioItemToUser
2019-12-17 15:28:26 PM [http-nio-9093-exec-6] INFO  c.v.e.l.s.impl.LuckySpinServiceImpl - makeRatioItemToUser
2019-12-17 15:28:26 PM [http-nio-9093-exec-6] INFO  c.v.e.l.s.impl.LuckySpinServiceImpl - makeRatioItemToUser
2019-12-17 15:28:26 PM [http-nio-9093-exec-6] INFO  c.v.e.l.s.impl.LuckySpinServiceImpl - lambda$luckySpinAward$2
2019-12-17 15:28:26 PM [http-nio-9093-exec-6] INFO  c.v.e.l.s.impl.LuckySpinServiceImpl - lambda$luckySpinAward$2
2019-12-17 15:28:26 PM [http-nio-9093-exec-6] INFO  c.v.e.l.s.impl.LuckySpinServiceImpl - lambda$luckySpinAward$2
2019-12-17 15:28:26 PM [http-nio-9093-exec-6] INFO  c.v.e.l.s.impl.LuckySpinServiceImpl - lambda$luckySpinAward$2
2019-12-17 15:28:26 PM [http-nio-9093-exec-6] INFO  c.v.e.l.s.impl.LuckySpinServiceImpl - luckySpinAward
2019-12-17 15:28:26 PM [http-nio-9093-exec-6] INFO  c.v.e.c.utils.ApiExchangeServiceUtil - postXML
2019-12-17 15:28:26 PM [http-nio-9093-exec-6] INFO  c.v.e.c.utils.ApiExchangeServiceUtil - postXML
2019-12-17 15:28:26 PM [http-nio-9093-exec-6] INFO  c.v.e.c.s.i.CommonCardScoinServiceImpl - topupScoin
2019-12-17 15:28:26 PM [http-nio-9093-exec-6] INFO  c.v.e.l.s.impl.LuckySpinServiceImpl - save
2019-12-17 15:28:27 PM [http-nio-9093-exec-6] INFO  c.v.e.l.c.LuckySpinController - toResult
