2020-05-04 10:24:56 AM [main] INFO  o.s.b.t.c.SpringBootTestContextBootstrapper - buildDefaultMergedContextConfiguration
2020-05-04 10:24:56 AM [main] INFO  o.s.t.c.s.AbstractContextLoader - generateDefaultLocations
2020-05-04 10:24:56 AM [main] INFO  o.s.t.c.s.AnnotationConfigContextLoaderUtils - detectDefaultConfigurationClasses
2020-05-04 10:24:57 AM [main] INFO  o.s.b.t.c.SpringBootTestContextBootstrapper - getOrFindConfigurationClasses
2020-05-04 10:24:57 AM [main] INFO  o.s.b.t.c.SpringBootTestContextBootstrapper - getDefaultTestExecutionListenerClassNames
2020-05-04 10:24:57 AM [main] INFO  o.s.b.t.c.SpringBootTestContextBootstrapper - getTestExecutionListeners
2020-05-04 10:24:57 AM [background-preinit] INFO  o.h.validator.internal.util.Version - <clinit>
2020-05-04 10:24:58 AM [main] INFO  com.vtc.event.LuckySpinServiceTest - logStarting
2020-05-04 10:24:58 AM [main] INFO  com.vtc.event.LuckySpinServiceTest - logStartupProfileInfo
2020-05-04 10:25:01 AM [main] INFO  o.s.d.r.c.RepositoryConfigurationDelegate - registerRepositoriesIn
2020-05-04 10:25:01 AM [main] INFO  o.s.d.r.c.RepositoryConfigurationDelegate - registerRepositoriesIn
2020-05-04 10:25:03 AM [main] INFO  o.s.c.s.PostProcessorRegistrationDelegate$BeanPostProcessorChecker - postProcessAfterInitialization
2020-05-04 10:25:03 AM [main] INFO  o.s.c.s.PostProcessorRegistrationDelegate$BeanPostProcessorChecker - postProcessAfterInitialization
2020-05-04 10:25:03 AM [main] INFO  o.s.c.s.PostProcessorRegistrationDelegate$BeanPostProcessorChecker - postProcessAfterInitialization
2020-05-04 10:25:03 AM [main] INFO  o.s.c.s.PostProcessorRegistrationDelegate$BeanPostProcessorChecker - postProcessAfterInitialization
2020-05-04 10:25:03 AM [main] INFO  o.s.c.s.PostProcessorRegistrationDelegate$BeanPostProcessorChecker - postProcessAfterInitialization
2020-05-04 10:25:03 AM [main] INFO  o.s.c.s.PostProcessorRegistrationDelegate$BeanPostProcessorChecker - postProcessAfterInitialization
2020-05-04 10:25:03 AM [main] INFO  com.zaxxer.hikari.HikariDataSource - getConnection
2020-05-04 10:25:04 AM [main] INFO  com.zaxxer.hikari.HikariDataSource - getConnection
2020-05-04 10:25:04 AM [main] INFO  o.h.jpa.internal.util.LogHelper - logPersistenceUnitInformation
2020-05-04 10:25:04 AM [main] INFO  org.hibernate.Version - logVersion
2020-05-04 10:25:04 AM [main] INFO  org.hibernate.cfg.Environment - <clinit>
2020-05-04 10:25:04 AM [main] INFO  o.h.annotations.common.Version - <clinit>
2020-05-04 10:25:04 AM [main] INFO  org.hibernate.dialect.Dialect - <init>
2020-05-04 10:25:06 AM [main] INFO  o.h.h.i.QueryTranslatorFactoryInitiator - initiateService
2020-05-04 10:25:06 AM [main] INFO  o.s.o.j.LocalContainerEntityManagerFactoryBean - buildNativeEntityManagerFactory
2020-05-04 10:25:09 AM [main] INFO  o.s.s.web.DefaultSecurityFilterChain - <init>
2020-05-04 10:25:09 AM [main] INFO  o.s.s.web.DefaultSecurityFilterChain - <init>
2020-05-04 10:25:09 AM [main] INFO  o.s.s.web.DefaultSecurityFilterChain - <init>
2020-05-04 10:25:09 AM [main] INFO  o.s.s.web.DefaultSecurityFilterChain - <init>
2020-05-04 10:25:09 AM [main] INFO  o.s.s.web.DefaultSecurityFilterChain - <init>
2020-05-04 10:25:09 AM [main] INFO  o.s.s.web.DefaultSecurityFilterChain - <init>
2020-05-04 10:25:09 AM [main] INFO  o.s.s.web.DefaultSecurityFilterChain - <init>
2020-05-04 10:25:09 AM [main] INFO  o.s.s.web.DefaultSecurityFilterChain - <init>
2020-05-04 10:25:09 AM [main] INFO  o.s.s.web.DefaultSecurityFilterChain - <init>
2020-05-04 10:25:10 AM [main] INFO  o.s.s.c.ThreadPoolTaskExecutor - initialize
2020-05-04 10:25:10 AM [main] WARN  o.s.b.a.o.j.JpaBaseConfiguration$JpaWebConfiguration$JpaWebMvcConfiguration - openEntityManagerInViewInterceptor
2020-05-04 10:25:10 AM [main] INFO  o.s.s.c.ThreadPoolTaskScheduler - initialize
2020-05-04 10:25:11 AM [main] INFO  com.vtc.event.LuckySpinServiceTest - logStarted
2020-05-04 10:25:11 AM [Thread-1] INFO  o.s.s.c.ThreadPoolTaskScheduler - shutdown
2020-05-04 10:25:11 AM [Thread-1] INFO  o.s.s.c.ThreadPoolTaskExecutor - shutdown
2020-05-04 10:25:11 AM [Thread-1] INFO  o.s.o.j.LocalContainerEntityManagerFactoryBean - destroy
2020-05-04 10:25:11 AM [Thread-1] INFO  com.zaxxer.hikari.HikariDataSource - close
2020-05-04 10:25:11 AM [Thread-1] INFO  com.zaxxer.hikari.HikariDataSource - close
2020-05-04 10:25:30 AM [main] INFO  com.vtc.event.VtcEventApplication - logStarting
2020-05-04 10:25:30 AM [main] INFO  com.vtc.event.VtcEventApplication - logStartupProfileInfo
2020-05-04 10:25:31 AM [main] INFO  o.s.d.r.c.RepositoryConfigurationDelegate - registerRepositoriesIn
2020-05-04 10:25:31 AM [main] INFO  o.s.d.r.c.RepositoryConfigurationDelegate - registerRepositoriesIn
2020-05-04 10:25:32 AM [main] INFO  o.s.c.s.PostProcessorRegistrationDelegate$BeanPostProcessorChecker - postProcessAfterInitialization
2020-05-04 10:25:32 AM [main] INFO  o.s.c.s.PostProcessorRegistrationDelegate$BeanPostProcessorChecker - postProcessAfterInitialization
2020-05-04 10:25:32 AM [main] INFO  o.s.c.s.PostProcessorRegistrationDelegate$BeanPostProcessorChecker - postProcessAfterInitialization
2020-05-04 10:25:32 AM [main] INFO  o.s.c.s.PostProcessorRegistrationDelegate$BeanPostProcessorChecker - postProcessAfterInitialization
2020-05-04 10:25:32 AM [main] INFO  o.s.c.s.PostProcessorRegistrationDelegate$BeanPostProcessorChecker - postProcessAfterInitialization
2020-05-04 10:25:32 AM [main] INFO  o.s.c.s.PostProcessorRegistrationDelegate$BeanPostProcessorChecker - postProcessAfterInitialization
2020-05-04 10:25:32 AM [main] INFO  o.s.b.w.e.tomcat.TomcatWebServer - initialize
2020-05-04 10:25:32 AM [main] INFO  o.a.coyote.http11.Http11NioProtocol - log
2020-05-04 10:25:32 AM [main] INFO  o.a.catalina.core.StandardService - log
2020-05-04 10:25:32 AM [main] INFO  o.a.catalina.core.StandardEngine - log
2020-05-04 10:25:32 AM [main] INFO  o.a.c.c.C.[Tomcat].[localhost].[/] - log
2020-05-04 10:25:32 AM [main] INFO  o.s.web.context.ContextLoader - prepareWebApplicationContext
2020-05-04 10:25:33 AM [main] INFO  com.zaxxer.hikari.HikariDataSource - getConnection
2020-05-04 10:25:33 AM [main] INFO  com.zaxxer.hikari.HikariDataSource - getConnection
2020-05-04 10:25:33 AM [main] INFO  o.h.jpa.internal.util.LogHelper - logPersistenceUnitInformation
2020-05-04 10:25:33 AM [main] INFO  org.hibernate.Version - logVersion
2020-05-04 10:25:33 AM [main] INFO  org.hibernate.cfg.Environment - <clinit>
2020-05-04 10:25:33 AM [main] INFO  o.h.annotations.common.Version - <clinit>
2020-05-04 10:25:34 AM [main] INFO  org.hibernate.dialect.Dialect - <init>
2020-05-04 10:25:35 AM [main] INFO  o.h.h.i.QueryTranslatorFactoryInitiator - initiateService
2020-05-04 10:25:35 AM [main] INFO  o.s.o.j.LocalContainerEntityManagerFactoryBean - buildNativeEntityManagerFactory
2020-05-04 10:25:38 AM [main] INFO  o.s.s.web.DefaultSecurityFilterChain - <init>
2020-05-04 10:25:38 AM [main] INFO  o.s.s.web.DefaultSecurityFilterChain - <init>
2020-05-04 10:25:38 AM [main] INFO  o.s.s.web.DefaultSecurityFilterChain - <init>
2020-05-04 10:25:38 AM [main] INFO  o.s.s.web.DefaultSecurityFilterChain - <init>
2020-05-04 10:25:38 AM [main] INFO  o.s.s.web.DefaultSecurityFilterChain - <init>
2020-05-04 10:25:38 AM [main] INFO  o.s.s.web.DefaultSecurityFilterChain - <init>
2020-05-04 10:25:38 AM [main] INFO  o.s.s.web.DefaultSecurityFilterChain - <init>
2020-05-04 10:25:38 AM [main] INFO  o.s.s.web.DefaultSecurityFilterChain - <init>
2020-05-04 10:25:38 AM [main] INFO  o.s.s.web.DefaultSecurityFilterChain - <init>
2020-05-04 10:25:39 AM [main] INFO  o.s.s.c.ThreadPoolTaskExecutor - initialize
2020-05-04 10:25:39 AM [main] WARN  o.s.b.a.o.j.JpaBaseConfiguration$JpaWebConfiguration$JpaWebMvcConfiguration - openEntityManagerInViewInterceptor
2020-05-04 10:25:39 AM [main] INFO  o.s.s.c.ThreadPoolTaskScheduler - initialize
2020-05-04 10:25:39 AM [main] INFO  o.a.coyote.http11.Http11NioProtocol - log
2020-05-04 10:25:39 AM [main] INFO  o.s.b.w.e.tomcat.TomcatWebServer - start
2020-05-04 10:25:39 AM [main] INFO  com.vtc.event.VtcEventApplication - logStarted
2020-05-04 10:26:27 AM [http-nio-9093-exec-2] INFO  o.a.c.c.C.[Tomcat].[localhost].[/] - log
2020-05-04 10:26:27 AM [http-nio-9093-exec-2] INFO  o.s.web.servlet.DispatcherServlet - initServletBean
2020-05-04 10:26:27 AM [http-nio-9093-exec-2] INFO  o.s.web.servlet.DispatcherServlet - initServletBean
2020-05-04 10:38:45 AM [http-nio-9093-exec-5] INFO  c.v.e.g.c.GameRankingControler - getRankingGift
2020-05-04 10:38:46 AM [http-nio-9093-exec-5] INFO  c.v.e.g.c.GameRankingControler - toResult
