2019-11-26 11:46:30 AM [main] INFO  com.vtc.event.VtcEventApplication - logStarting
2019-11-26 11:46:30 AM [main] INFO  com.vtc.event.VtcEventApplication - logStartupProfileInfo
2019-11-26 11:46:31 AM [main] INFO  o.s.d.r.c.RepositoryConfigurationDelegate - registerRepositoriesIn
2019-11-26 11:46:31 AM [main] INFO  o.s.d.r.c.RepositoryConfigurationDelegate - registerRepositoriesIn
2019-11-26 11:46:33 AM [main] INFO  o.s.c.s.PostProcessorRegistrationDelegate$BeanPostProcessorChecker - postProcessAfterInitialization
2019-11-26 11:46:33 AM [main] INFO  o.s.c.s.PostProcessorRegistrationDelegate$BeanPostProcessorChecker - postProcessAfterInitialization
2019-11-26 11:46:33 AM [main] INFO  o.s.c.s.PostProcessorRegistrationDelegate$BeanPostProcessorChecker - postProcessAfterInitialization
2019-11-26 11:46:33 AM [main] INFO  o.s.c.s.PostProcessorRegistrationDelegate$BeanPostProcessorChecker - postProcessAfterInitialization
2019-11-26 11:46:33 AM [main] INFO  o.s.c.s.PostProcessorRegistrationDelegate$BeanPostProcessorChecker - postProcessAfterInitialization
2019-11-26 11:46:33 AM [main] INFO  o.s.c.s.PostProcessorRegistrationDelegate$BeanPostProcessorChecker - postProcessAfterInitialization
2019-11-26 11:46:33 AM [main] INFO  o.s.b.w.e.tomcat.TomcatWebServer - initialize
2019-11-26 11:46:34 AM [main] INFO  o.a.coyote.http11.Http11NioProtocol - log
2019-11-26 11:46:34 AM [main] INFO  o.a.catalina.core.StandardService - log
2019-11-26 11:46:34 AM [main] INFO  o.a.catalina.core.StandardEngine - log
2019-11-26 11:46:34 AM [main] INFO  o.a.c.c.C.[Tomcat].[localhost].[/] - log
2019-11-26 11:46:34 AM [main] INFO  o.s.web.context.ContextLoader - prepareWebApplicationContext
2019-11-26 11:46:34 AM [main] INFO  com.zaxxer.hikari.HikariDataSource - getConnection
2019-11-26 11:46:35 AM [main] INFO  com.zaxxer.hikari.HikariDataSource - getConnection
2019-11-26 11:46:35 AM [main] INFO  o.h.jpa.internal.util.LogHelper - logPersistenceUnitInformation
2019-11-26 11:46:35 AM [main] INFO  org.hibernate.Version - logVersion
2019-11-26 11:46:35 AM [main] INFO  org.hibernate.cfg.Environment - <clinit>
2019-11-26 11:46:35 AM [main] INFO  o.h.annotations.common.Version - <clinit>
2019-11-26 11:46:36 AM [main] INFO  org.hibernate.dialect.Dialect - <init>
2019-11-26 11:46:37 AM [main] INFO  o.h.h.i.QueryTranslatorFactoryInitiator - initiateService
2019-11-26 11:46:37 AM [main] INFO  o.s.o.j.LocalContainerEntityManagerFactoryBean - buildNativeEntityManagerFactory
2019-11-26 11:46:39 AM [main] INFO  o.s.s.web.DefaultSecurityFilterChain - <init>
2019-11-26 11:46:39 AM [main] INFO  o.s.s.web.DefaultSecurityFilterChain - <init>
2019-11-26 11:46:39 AM [main] INFO  o.s.s.web.DefaultSecurityFilterChain - <init>
2019-11-26 11:46:39 AM [main] INFO  o.s.s.web.DefaultSecurityFilterChain - <init>
2019-11-26 11:46:39 AM [main] INFO  o.s.s.web.DefaultSecurityFilterChain - <init>
2019-11-26 11:46:39 AM [main] INFO  o.s.s.web.DefaultSecurityFilterChain - <init>
2019-11-26 11:46:39 AM [main] INFO  o.s.s.web.DefaultSecurityFilterChain - <init>
2019-11-26 11:46:39 AM [main] INFO  o.s.s.web.DefaultSecurityFilterChain - <init>
2019-11-26 11:46:39 AM [main] INFO  o.s.s.web.DefaultSecurityFilterChain - <init>
2019-11-26 11:46:40 AM [main] INFO  o.s.s.c.ThreadPoolTaskExecutor - initialize
2019-11-26 11:46:40 AM [main] WARN  o.s.b.a.o.j.JpaBaseConfiguration$JpaWebConfiguration$JpaWebMvcConfiguration - openEntityManagerInViewInterceptor
2019-11-26 11:46:40 AM [main] INFO  o.s.s.c.ThreadPoolTaskScheduler - initialize
2019-11-26 11:46:40 AM [main] INFO  o.a.coyote.http11.Http11NioProtocol - log
2019-11-26 11:46:40 AM [main] INFO  o.s.b.w.e.tomcat.TomcatWebServer - start
2019-11-26 11:46:40 AM [main] INFO  com.vtc.event.VtcEventApplication - logStarted
2019-11-26 11:47:18 AM [http-nio-9093-exec-1] INFO  o.a.c.c.C.[Tomcat].[localhost].[/] - log
2019-11-26 11:47:18 AM [http-nio-9093-exec-1] INFO  o.s.web.servlet.DispatcherServlet - initServletBean
2019-11-26 11:47:18 AM [http-nio-9093-exec-1] INFO  o.s.web.servlet.DispatcherServlet - initServletBean
2019-11-26 11:47:28 AM [http-nio-9093-exec-4] INFO  c.v.e.l.c.LuckySpinController - getLuckySpinDetail
2019-11-26 11:47:29 AM [http-nio-9093-exec-4] INFO  c.v.e.l.c.LuckySpinController - toResult
2019-11-26 17:00:56 PM [Thread-3] INFO  o.s.s.c.ThreadPoolTaskScheduler - shutdown
2019-11-26 17:00:56 PM [Thread-3] INFO  o.s.s.c.ThreadPoolTaskExecutor - shutdown
2019-11-26 17:00:56 PM [Thread-3] INFO  o.s.o.j.LocalContainerEntityManagerFactoryBean - destroy
2019-11-26 17:00:56 PM [Thread-3] INFO  com.zaxxer.hikari.HikariDataSource - close
2019-11-26 17:00:56 PM [Thread-3] INFO  com.zaxxer.hikari.HikariDataSource - close
