2019-12-05 10:36:05 AM [main] INFO  com.vtc.event.VtcEventApplication - logStarting
2019-12-05 10:36:05 AM [main] INFO  com.vtc.event.VtcEventApplication - logStartupProfileInfo
2019-12-05 10:36:06 AM [main] INFO  o.s.d.r.c.RepositoryConfigurationDelegate - registerRepositoriesIn
2019-12-05 10:36:07 AM [main] INFO  o.s.d.r.c.RepositoryConfigurationDelegate - registerRepositoriesIn
2019-12-05 10:36:08 AM [main] INFO  o.s.c.s.PostProcessorRegistrationDelegate$BeanPostProcessorChecker - postProcessAfterInitialization
2019-12-05 10:36:08 AM [main] INFO  o.s.c.s.PostProcessorRegistrationDelegate$BeanPostProcessorChecker - postProcessAfterInitialization
2019-12-05 10:36:08 AM [main] INFO  o.s.c.s.PostProcessorRegistrationDelegate$BeanPostProcessorChecker - postProcessAfterInitialization
2019-12-05 10:36:08 AM [main] INFO  o.s.c.s.PostProcessorRegistrationDelegate$BeanPostProcessorChecker - postProcessAfterInitialization
2019-12-05 10:36:08 AM [main] INFO  o.s.c.s.PostProcessorRegistrationDelegate$BeanPostProcessorChecker - postProcessAfterInitialization
2019-12-05 10:36:08 AM [main] INFO  o.s.c.s.PostProcessorRegistrationDelegate$BeanPostProcessorChecker - postProcessAfterInitialization
2019-12-05 10:36:08 AM [main] INFO  o.s.b.w.e.tomcat.TomcatWebServer - initialize
2019-12-05 10:36:08 AM [main] INFO  o.a.coyote.http11.Http11NioProtocol - log
2019-12-05 10:36:08 AM [main] INFO  o.a.catalina.core.StandardService - log
2019-12-05 10:36:08 AM [main] INFO  o.a.catalina.core.StandardEngine - log
2019-12-05 10:36:09 AM [main] INFO  o.a.c.c.C.[Tomcat].[localhost].[/] - log
2019-12-05 10:36:09 AM [main] INFO  o.s.web.context.ContextLoader - prepareWebApplicationContext
2019-12-05 10:36:09 AM [main] INFO  com.zaxxer.hikari.HikariDataSource - getConnection
2019-12-05 10:36:09 AM [main] INFO  com.zaxxer.hikari.HikariDataSource - getConnection
2019-12-05 10:36:09 AM [main] INFO  o.h.jpa.internal.util.LogHelper - logPersistenceUnitInformation
2019-12-05 10:36:09 AM [main] INFO  org.hibernate.Version - logVersion
2019-12-05 10:36:09 AM [main] INFO  org.hibernate.cfg.Environment - <clinit>
2019-12-05 10:36:10 AM [main] INFO  o.h.annotations.common.Version - <clinit>
2019-12-05 10:36:10 AM [main] INFO  org.hibernate.dialect.Dialect - <init>
2019-12-05 10:36:12 AM [main] INFO  o.h.h.i.QueryTranslatorFactoryInitiator - initiateService
2019-12-05 10:36:12 AM [main] INFO  o.s.o.j.LocalContainerEntityManagerFactoryBean - buildNativeEntityManagerFactory
2019-12-05 10:36:14 AM [main] INFO  o.s.s.web.DefaultSecurityFilterChain - <init>
2019-12-05 10:36:14 AM [main] INFO  o.s.s.web.DefaultSecurityFilterChain - <init>
2019-12-05 10:36:14 AM [main] INFO  o.s.s.web.DefaultSecurityFilterChain - <init>
2019-12-05 10:36:14 AM [main] INFO  o.s.s.web.DefaultSecurityFilterChain - <init>
2019-12-05 10:36:14 AM [main] INFO  o.s.s.web.DefaultSecurityFilterChain - <init>
2019-12-05 10:36:14 AM [main] INFO  o.s.s.web.DefaultSecurityFilterChain - <init>
2019-12-05 10:36:14 AM [main] INFO  o.s.s.web.DefaultSecurityFilterChain - <init>
2019-12-05 10:36:14 AM [main] INFO  o.s.s.web.DefaultSecurityFilterChain - <init>
2019-12-05 10:36:14 AM [main] INFO  o.s.s.web.DefaultSecurityFilterChain - <init>
2019-12-05 10:36:14 AM [main] INFO  o.s.s.c.ThreadPoolTaskExecutor - initialize
2019-12-05 10:36:14 AM [main] WARN  o.s.b.a.o.j.JpaBaseConfiguration$JpaWebConfiguration$JpaWebMvcConfiguration - openEntityManagerInViewInterceptor
2019-12-05 10:36:15 AM [main] INFO  o.s.s.c.ThreadPoolTaskScheduler - initialize
2019-12-05 10:36:15 AM [main] INFO  o.a.coyote.http11.Http11NioProtocol - log
2019-12-05 10:36:15 AM [main] INFO  o.s.b.w.e.tomcat.TomcatWebServer - start
2019-12-05 10:36:15 AM [main] INFO  com.vtc.event.VtcEventApplication - logStarted
2019-12-05 17:19:11 PM [Thread-3] INFO  o.s.s.c.ThreadPoolTaskScheduler - shutdown
2019-12-05 17:19:11 PM [Thread-3] INFO  o.s.s.c.ThreadPoolTaskExecutor - shutdown
2019-12-05 17:19:11 PM [Thread-3] INFO  o.s.o.j.LocalContainerEntityManagerFactoryBean - destroy
2019-12-05 17:19:11 PM [Thread-3] INFO  com.zaxxer.hikari.HikariDataSource - close
2019-12-05 17:19:11 PM [Thread-3] INFO  com.zaxxer.hikari.HikariDataSource - close
