2020-02-17 08:37:01 AM [main] INFO  com.vtc.event.VtcEventApplication - logStarting
2020-02-17 08:37:01 AM [main] INFO  com.vtc.event.VtcEventApplication - logStartupProfileInfo
2020-02-17 08:37:01 AM [main] INFO  o.s.d.r.c.RepositoryConfigurationDelegate - registerRepositoriesIn
2020-02-17 08:37:02 AM [main] INFO  o.s.d.r.c.RepositoryConfigurationDelegate - registerRepositoriesIn
2020-02-17 08:37:02 AM [main] INFO  o.s.c.s.PostProcessorRegistrationDelegate$BeanPostProcessorChecker - postProcessAfterInitialization
2020-02-17 08:37:02 AM [main] INFO  o.s.c.s.PostProcessorRegistrationDelegate$BeanPostProcessorChecker - postProcessAfterInitialization
2020-02-17 08:37:02 AM [main] INFO  o.s.c.s.PostProcessorRegistrationDelegate$BeanPostProcessorChecker - postProcessAfterInitialization
2020-02-17 08:37:02 AM [main] INFO  o.s.c.s.PostProcessorRegistrationDelegate$BeanPostProcessorChecker - postProcessAfterInitialization
2020-02-17 08:37:02 AM [main] INFO  o.s.c.s.PostProcessorRegistrationDelegate$BeanPostProcessorChecker - postProcessAfterInitialization
2020-02-17 08:37:02 AM [main] INFO  o.s.c.s.PostProcessorRegistrationDelegate$BeanPostProcessorChecker - postProcessAfterInitialization
2020-02-17 08:37:03 AM [main] INFO  o.s.b.w.e.tomcat.TomcatWebServer - initialize
2020-02-17 08:37:03 AM [main] INFO  o.a.coyote.http11.Http11NioProtocol - log
2020-02-17 08:37:03 AM [main] INFO  o.a.catalina.core.StandardService - log
2020-02-17 08:37:03 AM [main] INFO  o.a.catalina.core.StandardEngine - log
2020-02-17 08:37:03 AM [main] INFO  o.a.c.c.C.[Tomcat].[localhost].[/] - log
2020-02-17 08:37:03 AM [main] INFO  o.s.web.context.ContextLoader - prepareWebApplicationContext
2020-02-17 08:37:03 AM [main] INFO  com.zaxxer.hikari.HikariDataSource - getConnection
2020-02-17 08:37:04 AM [main] INFO  com.zaxxer.hikari.HikariDataSource - getConnection
2020-02-17 08:37:04 AM [main] INFO  o.h.jpa.internal.util.LogHelper - logPersistenceUnitInformation
2020-02-17 08:37:04 AM [main] INFO  org.hibernate.Version - logVersion
2020-02-17 08:37:04 AM [main] INFO  org.hibernate.cfg.Environment - <clinit>
2020-02-17 08:37:04 AM [main] INFO  o.h.annotations.common.Version - <clinit>
2020-02-17 08:37:04 AM [main] INFO  org.hibernate.dialect.Dialect - <init>
2020-02-17 08:37:06 AM [main] INFO  o.h.h.i.QueryTranslatorFactoryInitiator - initiateService
2020-02-17 08:37:06 AM [main] INFO  o.s.o.j.LocalContainerEntityManagerFactoryBean - buildNativeEntityManagerFactory
2020-02-17 08:37:07 AM [main] WARN  o.s.b.w.s.c.AnnotationConfigServletWebServerApplicationContext - refresh
2020-02-17 08:37:07 AM [main] INFO  o.s.o.j.LocalContainerEntityManagerFactoryBean - destroy
2020-02-17 08:37:07 AM [main] INFO  com.zaxxer.hikari.HikariDataSource - close
2020-02-17 08:37:07 AM [main] INFO  com.zaxxer.hikari.HikariDataSource - close
2020-02-17 08:37:07 AM [main] INFO  o.a.catalina.core.StandardService - log
2020-02-17 08:37:07 AM [main] INFO  o.s.b.a.l.ConditionEvaluationReportLoggingListener - logMessage
2020-02-17 08:37:07 AM [main] ERROR o.s.boot.SpringApplication - reportFailure
org.springframework.beans.factory.UnsatisfiedDependencyException: Error creating bean with name 'conditionTurnover': Unsatisfied dependency expressed through field 'luckySpinHistoryService'; nested exception is org.springframework.beans.factory.UnsatisfiedDependencyException: Error creating bean with name 'luckySpinHistoryService': Unsatisfied dependency expressed through field 'repo'; nested exception is org.springframework.beans.factory.BeanCreationException: Error creating bean with name 'luckySpinHistoryRepository': Invocation of init method failed; nested exception is java.lang.IllegalStateException: Method has to have one of the following return types! [interface org.springframework.data.domain.Page, interface java.util.List, interface org.springframework.data.domain.Slice]
	at org.springframework.beans.factory.annotation.AutowiredAnnotationBeanPostProcessor$AutowiredFieldElement.inject(AutowiredAnnotationBeanPostProcessor.java:596)
	at org.springframework.beans.factory.annotation.InjectionMetadata.inject(InjectionMetadata.java:90)
	at org.springframework.beans.factory.annotation.AutowiredAnnotationBeanPostProcessor.postProcessProperties(AutowiredAnnotationBeanPostProcessor.java:374)
	at org.springframework.beans.factory.support.AbstractAutowireCapableBeanFactory.populateBean(AbstractAutowireCapableBeanFactory.java:1411)
	at org.springframework.beans.factory.support.AbstractAutowireCapableBeanFactory.doCreateBean(AbstractAutowireCapableBeanFactory.java:592)
	at org.springframework.beans.factory.support.AbstractAutowireCapableBeanFactory.createBean(AbstractAutowireCapableBeanFactory.java:515)
	at org.springframework.beans.factory.support.AbstractBeanFactory.lambda$doGetBean$0(AbstractBeanFactory.java:320)
	at org.springframework.beans.factory.support.DefaultSingletonBeanRegistry.getSingleton(DefaultSingletonBeanRegistry.java:222)
	at org.springframework.beans.factory.support.AbstractBeanFactory.doGetBean(AbstractBeanFactory.java:318)
	at org.springframework.beans.factory.support.AbstractBeanFactory.getBean(AbstractBeanFactory.java:199)
	at org.springframework.beans.factory.support.DefaultListableBeanFactory.preInstantiateSingletons(DefaultListableBeanFactory.java:849)
	at org.springframework.context.support.AbstractApplicationContext.finishBeanFactoryInitialization(AbstractApplicationContext.java:877)
	at org.springframework.context.support.AbstractApplicationContext.refresh(AbstractApplicationContext.java:549)
	at org.springframework.boot.web.servlet.context.ServletWebServerApplicationContext.refresh(ServletWebServerApplicationContext.java:142)
	at org.springframework.boot.SpringApplication.refresh(SpringApplication.java:775)
	at org.springframework.boot.SpringApplication.refreshContext(SpringApplication.java:397)
	at org.springframework.boot.SpringApplication.run(SpringApplication.java:316)
	at org.springframework.boot.SpringApplication.run(SpringApplication.java:1260)
	at org.springframework.boot.SpringApplication.run(SpringApplication.java:1248)
	at com.vtc.event.VtcEventApplication.main(VtcEventApplication.java:22)
	at java.base/jdk.internal.reflect.NativeMethodAccessorImpl.invoke0(Native Method)
	at java.base/jdk.internal.reflect.NativeMethodAccessorImpl.invoke(NativeMethodAccessorImpl.java:62)
	at java.base/jdk.internal.reflect.DelegatingMethodAccessorImpl.invoke(DelegatingMethodAccessorImpl.java:43)
	at java.base/java.lang.reflect.Method.invoke(Method.java:566)
	at org.springframework.boot.maven.AbstractRunMojo$LaunchRunner.run(AbstractRunMojo.java:558)
	at java.base/java.lang.Thread.run(Thread.java:834)
Caused by: org.springframework.beans.factory.UnsatisfiedDependencyException: Error creating bean with name 'luckySpinHistoryService': Unsatisfied dependency expressed through field 'repo'; nested exception is org.springframework.beans.factory.BeanCreationException: Error creating bean with name 'luckySpinHistoryRepository': Invocation of init method failed; nested exception is java.lang.IllegalStateException: Method has to have one of the following return types! [interface org.springframework.data.domain.Page, interface java.util.List, interface org.springframework.data.domain.Slice]
	at org.springframework.beans.factory.annotation.AutowiredAnnotationBeanPostProcessor$AutowiredFieldElement.inject(AutowiredAnnotationBeanPostProcessor.java:596)
	at org.springframework.beans.factory.annotation.InjectionMetadata.inject(InjectionMetadata.java:90)
	at org.springframework.beans.factory.annotation.AutowiredAnnotationBeanPostProcessor.postProcessProperties(AutowiredAnnotationBeanPostProcessor.java:374)
	at org.springframework.beans.factory.support.AbstractAutowireCapableBeanFactory.populateBean(AbstractAutowireCapableBeanFactory.java:1411)
	at org.springframework.beans.factory.support.AbstractAutowireCapableBeanFactory.doCreateBean(AbstractAutowireCapableBeanFactory.java:592)
	at org.springframework.beans.factory.support.AbstractAutowireCapableBeanFactory.createBean(AbstractAutowireCapableBeanFactory.java:515)
	at org.springframework.beans.factory.support.AbstractBeanFactory.lambda$doGetBean$0(AbstractBeanFactory.java:320)
	at org.springframework.beans.factory.support.DefaultSingletonBeanRegistry.getSingleton(DefaultSingletonBeanRegistry.java:222)
	at org.springframework.beans.factory.support.AbstractBeanFactory.doGetBean(AbstractBeanFactory.java:318)
	at org.springframework.beans.factory.support.AbstractBeanFactory.getBean(AbstractBeanFactory.java:199)
	at org.springframework.beans.factory.config.DependencyDescriptor.resolveCandidate(DependencyDescriptor.java:277)
	at org.springframework.beans.factory.support.DefaultListableBeanFactory.doResolveDependency(DefaultListableBeanFactory.java:1247)
	at org.springframework.beans.factory.support.DefaultListableBeanFactory.resolveDependency(DefaultListableBeanFactory.java:1167)
	at org.springframework.beans.factory.annotation.AutowiredAnnotationBeanPostProcessor$AutowiredFieldElement.inject(AutowiredAnnotationBeanPostProcessor.java:593)
	... 25 common frames omitted
Caused by: org.springframework.beans.factory.BeanCreationException: Error creating bean with name 'luckySpinHistoryRepository': Invocation of init method failed; nested exception is java.lang.IllegalStateException: Method has to have one of the following return types! [interface org.springframework.data.domain.Page, interface java.util.List, interface org.springframework.data.domain.Slice]
	at org.springframework.beans.factory.support.AbstractAutowireCapableBeanFactory.initializeBean(AbstractAutowireCapableBeanFactory.java:1778)
	at org.springframework.beans.factory.support.AbstractAutowireCapableBeanFactory.doCreateBean(AbstractAutowireCapableBeanFactory.java:593)
	at org.springframework.beans.factory.support.AbstractAutowireCapableBeanFactory.createBean(AbstractAutowireCapableBeanFactory.java:515)
	at org.springframework.beans.factory.support.AbstractBeanFactory.lambda$doGetBean$0(AbstractBeanFactory.java:320)
	at org.springframework.beans.factory.support.DefaultSingletonBeanRegistry.getSingleton(DefaultSingletonBeanRegistry.java:222)
	at org.springframework.beans.factory.support.AbstractBeanFactory.doGetBean(AbstractBeanFactory.java:318)
	at org.springframework.beans.factory.support.AbstractBeanFactory.getBean(AbstractBeanFactory.java:199)
	at org.springframework.beans.factory.config.DependencyDescriptor.resolveCandidate(DependencyDescriptor.java:277)
	at org.springframework.beans.factory.support.DefaultListableBeanFactory.doResolveDependency(DefaultListableBeanFactory.java:1247)
	at org.springframework.beans.factory.support.DefaultListableBeanFactory.resolveDependency(DefaultListableBeanFactory.java:1167)
	at org.springframework.beans.factory.annotation.AutowiredAnnotationBeanPostProcessor$AutowiredFieldElement.inject(AutowiredAnnotationBeanPostProcessor.java:593)
	... 38 common frames omitted
Caused by: java.lang.IllegalStateException: Method has to have one of the following return types! [interface org.springframework.data.domain.Page, interface java.util.List, interface org.springframework.data.domain.Slice]
	at org.springframework.data.repository.query.QueryMethod.assertReturnTypeAssignable(QueryMethod.java:301)
	at org.springframework.data.repository.query.QueryMethod.<init>(QueryMethod.java:86)
	at org.springframework.data.jpa.repository.query.JpaQueryMethod.<init>(JpaQueryMethod.java:94)
	at org.springframework.data.jpa.repository.query.JpaQueryLookupStrategy$AbstractQueryLookupStrategy.resolveQuery(JpaQueryLookupStrategy.java:79)
	at org.springframework.data.repository.core.support.RepositoryFactorySupport$QueryExecutorMethodInterceptor.lookupQuery(RepositoryFactorySupport.java:566)
	at org.springframework.data.repository.core.support.RepositoryFactorySupport$QueryExecutorMethodInterceptor.lambda$mapMethodsToQuery$1(RepositoryFactorySupport.java:559)
	at java.base/java.util.stream.ReferencePipeline$3$1.accept(ReferencePipeline.java:195)
	at java.base/java.util.Iterator.forEachRemaining(Iterator.java:133)
	at java.base/java.util.Collections$UnmodifiableCollection$1.forEachRemaining(Collections.java:1052)
	at java.base/java.util.Spliterators$IteratorSpliterator.forEachRemaining(Spliterators.java:1801)
	at java.base/java.util.stream.AbstractPipeline.copyInto(AbstractPipeline.java:484)
	at java.base/java.util.stream.AbstractPipeline.wrapAndCopyInto(AbstractPipeline.java:474)
	at java.base/java.util.stream.ReduceOps$ReduceOp.evaluateSequential(ReduceOps.java:913)
	at java.base/java.util.stream.AbstractPipeline.evaluate(AbstractPipeline.java:234)
	at java.base/java.util.stream.ReferencePipeline.collect(ReferencePipeline.java:578)
	at org.springframework.data.repository.core.support.RepositoryFactorySupport$QueryExecutorMethodInterceptor.mapMethodsToQuery(RepositoryFactorySupport.java:561)
	at org.springframework.data.repository.core.support.RepositoryFactorySupport$QueryExecutorMethodInterceptor.lambda$new$0(RepositoryFactorySupport.java:551)
	at java.base/java.util.Optional.map(Optional.java:265)
	at org.springframework.data.repository.core.support.RepositoryFactorySupport$QueryExecutorMethodInterceptor.<init>(RepositoryFactorySupport.java:551)
	at org.springframework.data.repository.core.support.RepositoryFactorySupport.getRepository(RepositoryFactorySupport.java:324)
	at org.springframework.data.repository.core.support.RepositoryFactoryBeanSupport.lambda$afterPropertiesSet$5(RepositoryFactoryBeanSupport.java:297)
	at org.springframework.data.util.Lazy.getNullable(Lazy.java:211)
	at org.springframework.data.util.Lazy.get(Lazy.java:94)
	at org.springframework.data.repository.core.support.RepositoryFactoryBeanSupport.afterPropertiesSet(RepositoryFactoryBeanSupport.java:300)
	at org.springframework.data.jpa.repository.support.JpaRepositoryFactoryBean.afterPropertiesSet(JpaRepositoryFactoryBean.java:121)
	at org.springframework.beans.factory.support.AbstractAutowireCapableBeanFactory.invokeInitMethods(AbstractAutowireCapableBeanFactory.java:1837)
	at org.springframework.beans.factory.support.AbstractAutowireCapableBeanFactory.initializeBean(AbstractAutowireCapableBeanFactory.java:1774)
	... 48 common frames omitted
2020-02-17 09:44:41 AM [main] INFO  com.vtc.event.VtcEventApplication - logStarting
2020-02-17 09:44:41 AM [main] INFO  com.vtc.event.VtcEventApplication - logStartupProfileInfo
2020-02-17 09:44:42 AM [main] INFO  o.s.d.r.c.RepositoryConfigurationDelegate - registerRepositoriesIn
2020-02-17 09:44:42 AM [main] INFO  o.s.d.r.c.RepositoryConfigurationDelegate - registerRepositoriesIn
2020-02-17 09:44:43 AM [main] INFO  o.s.c.s.PostProcessorRegistrationDelegate$BeanPostProcessorChecker - postProcessAfterInitialization
2020-02-17 09:44:43 AM [main] INFO  o.s.c.s.PostProcessorRegistrationDelegate$BeanPostProcessorChecker - postProcessAfterInitialization
2020-02-17 09:44:43 AM [main] INFO  o.s.c.s.PostProcessorRegistrationDelegate$BeanPostProcessorChecker - postProcessAfterInitialization
2020-02-17 09:44:43 AM [main] INFO  o.s.c.s.PostProcessorRegistrationDelegate$BeanPostProcessorChecker - postProcessAfterInitialization
2020-02-17 09:44:43 AM [main] INFO  o.s.c.s.PostProcessorRegistrationDelegate$BeanPostProcessorChecker - postProcessAfterInitialization
2020-02-17 09:44:43 AM [main] INFO  o.s.c.s.PostProcessorRegistrationDelegate$BeanPostProcessorChecker - postProcessAfterInitialization
2020-02-17 09:44:44 AM [main] INFO  o.s.b.w.e.tomcat.TomcatWebServer - initialize
2020-02-17 09:44:44 AM [main] INFO  o.a.coyote.http11.Http11NioProtocol - log
2020-02-17 09:44:44 AM [main] INFO  o.a.catalina.core.StandardService - log
2020-02-17 09:44:44 AM [main] INFO  o.a.catalina.core.StandardEngine - log
2020-02-17 09:44:44 AM [main] INFO  o.a.c.c.C.[Tomcat].[localhost].[/] - log
2020-02-17 09:44:44 AM [main] INFO  o.s.web.context.ContextLoader - prepareWebApplicationContext
2020-02-17 09:44:44 AM [main] INFO  com.zaxxer.hikari.HikariDataSource - getConnection
2020-02-17 09:44:44 AM [main] INFO  com.zaxxer.hikari.HikariDataSource - getConnection
2020-02-17 09:44:44 AM [main] INFO  o.h.jpa.internal.util.LogHelper - logPersistenceUnitInformation
2020-02-17 09:44:45 AM [main] INFO  org.hibernate.Version - logVersion
2020-02-17 09:44:45 AM [main] INFO  org.hibernate.cfg.Environment - <clinit>
2020-02-17 09:44:45 AM [main] INFO  o.h.annotations.common.Version - <clinit>
2020-02-17 09:44:45 AM [main] INFO  org.hibernate.dialect.Dialect - <init>
2020-02-17 09:44:46 AM [main] INFO  o.h.h.i.QueryTranslatorFactoryInitiator - initiateService
2020-02-17 09:44:46 AM [main] INFO  o.s.o.j.LocalContainerEntityManagerFactoryBean - buildNativeEntityManagerFactory
2020-02-17 09:44:49 AM [main] INFO  o.s.s.web.DefaultSecurityFilterChain - <init>
2020-02-17 09:44:49 AM [main] INFO  o.s.s.web.DefaultSecurityFilterChain - <init>
2020-02-17 09:44:49 AM [main] INFO  o.s.s.web.DefaultSecurityFilterChain - <init>
2020-02-17 09:44:49 AM [main] INFO  o.s.s.web.DefaultSecurityFilterChain - <init>
2020-02-17 09:44:49 AM [main] INFO  o.s.s.web.DefaultSecurityFilterChain - <init>
2020-02-17 09:44:49 AM [main] INFO  o.s.s.web.DefaultSecurityFilterChain - <init>
2020-02-17 09:44:49 AM [main] INFO  o.s.s.web.DefaultSecurityFilterChain - <init>
2020-02-17 09:44:49 AM [main] INFO  o.s.s.web.DefaultSecurityFilterChain - <init>
2020-02-17 09:44:49 AM [main] INFO  o.s.s.web.DefaultSecurityFilterChain - <init>
2020-02-17 09:44:49 AM [main] INFO  o.s.s.c.ThreadPoolTaskExecutor - initialize
2020-02-17 09:44:49 AM [main] WARN  o.s.b.a.o.j.JpaBaseConfiguration$JpaWebConfiguration$JpaWebMvcConfiguration - openEntityManagerInViewInterceptor
2020-02-17 09:44:50 AM [main] INFO  o.s.s.c.ThreadPoolTaskScheduler - initialize
2020-02-17 09:44:50 AM [main] INFO  o.a.coyote.http11.Http11NioProtocol - log
2020-02-17 09:44:50 AM [main] INFO  o.s.b.w.e.tomcat.TomcatWebServer - start
2020-02-17 09:44:50 AM [main] INFO  com.vtc.event.VtcEventApplication - logStarted
2020-02-17 15:27:16 PM [Thread-3] INFO  o.s.s.c.ThreadPoolTaskScheduler - shutdown
2020-02-17 15:27:17 PM [Thread-3] INFO  o.s.s.c.ThreadPoolTaskExecutor - shutdown
2020-02-17 15:27:17 PM [Thread-3] INFO  o.s.o.j.LocalContainerEntityManagerFactoryBean - destroy
2020-02-17 15:27:17 PM [Thread-3] INFO  com.zaxxer.hikari.HikariDataSource - close
2020-02-17 15:27:17 PM [Thread-3] INFO  com.zaxxer.hikari.HikariDataSource - close
2020-02-17 15:28:01 PM [main] INFO  com.vtc.event.VtcEventApplication - logStarting
2020-02-17 15:28:01 PM [main] INFO  com.vtc.event.VtcEventApplication - logStartupProfileInfo
2020-02-17 15:28:02 PM [main] INFO  o.s.d.r.c.RepositoryConfigurationDelegate - registerRepositoriesIn
2020-02-17 15:28:03 PM [main] INFO  o.s.d.r.c.RepositoryConfigurationDelegate - registerRepositoriesIn
2020-02-17 15:28:03 PM [main] INFO  o.s.c.s.PostProcessorRegistrationDelegate$BeanPostProcessorChecker - postProcessAfterInitialization
2020-02-17 15:28:03 PM [main] INFO  o.s.c.s.PostProcessorRegistrationDelegate$BeanPostProcessorChecker - postProcessAfterInitialization
2020-02-17 15:28:03 PM [main] INFO  o.s.c.s.PostProcessorRegistrationDelegate$BeanPostProcessorChecker - postProcessAfterInitialization
2020-02-17 15:28:04 PM [main] INFO  o.s.c.s.PostProcessorRegistrationDelegate$BeanPostProcessorChecker - postProcessAfterInitialization
2020-02-17 15:28:04 PM [main] INFO  o.s.c.s.PostProcessorRegistrationDelegate$BeanPostProcessorChecker - postProcessAfterInitialization
2020-02-17 15:28:04 PM [main] INFO  o.s.c.s.PostProcessorRegistrationDelegate$BeanPostProcessorChecker - postProcessAfterInitialization
2020-02-17 15:28:04 PM [main] INFO  o.s.b.w.e.tomcat.TomcatWebServer - initialize
2020-02-17 15:28:04 PM [main] INFO  o.a.coyote.http11.Http11NioProtocol - log
2020-02-17 15:28:04 PM [main] INFO  o.a.catalina.core.StandardService - log
2020-02-17 15:28:04 PM [main] INFO  o.a.catalina.core.StandardEngine - log
2020-02-17 15:28:05 PM [main] INFO  o.a.c.c.C.[Tomcat].[localhost].[/] - log
2020-02-17 15:28:05 PM [main] INFO  o.s.web.context.ContextLoader - prepareWebApplicationContext
2020-02-17 15:28:05 PM [main] INFO  com.zaxxer.hikari.HikariDataSource - getConnection
2020-02-17 15:28:05 PM [main] INFO  com.zaxxer.hikari.HikariDataSource - getConnection
2020-02-17 15:28:05 PM [main] INFO  o.h.jpa.internal.util.LogHelper - logPersistenceUnitInformation
2020-02-17 15:28:05 PM [main] INFO  org.hibernate.Version - logVersion
2020-02-17 15:28:05 PM [main] INFO  org.hibernate.cfg.Environment - <clinit>
2020-02-17 15:28:06 PM [main] INFO  o.h.annotations.common.Version - <clinit>
2020-02-17 15:28:06 PM [main] INFO  org.hibernate.dialect.Dialect - <init>
2020-02-17 15:28:08 PM [main] INFO  o.h.h.i.QueryTranslatorFactoryInitiator - initiateService
2020-02-17 15:28:08 PM [main] INFO  o.s.o.j.LocalContainerEntityManagerFactoryBean - buildNativeEntityManagerFactory
2020-02-17 15:28:10 PM [main] INFO  o.s.s.web.DefaultSecurityFilterChain - <init>
2020-02-17 15:28:10 PM [main] INFO  o.s.s.web.DefaultSecurityFilterChain - <init>
2020-02-17 15:28:10 PM [main] INFO  o.s.s.web.DefaultSecurityFilterChain - <init>
2020-02-17 15:28:10 PM [main] INFO  o.s.s.web.DefaultSecurityFilterChain - <init>
2020-02-17 15:28:10 PM [main] INFO  o.s.s.web.DefaultSecurityFilterChain - <init>
2020-02-17 15:28:10 PM [main] INFO  o.s.s.web.DefaultSecurityFilterChain - <init>
2020-02-17 15:28:10 PM [main] INFO  o.s.s.web.DefaultSecurityFilterChain - <init>
2020-02-17 15:28:10 PM [main] INFO  o.s.s.web.DefaultSecurityFilterChain - <init>
2020-02-17 15:28:10 PM [main] INFO  o.s.s.web.DefaultSecurityFilterChain - <init>
2020-02-17 15:28:11 PM [main] INFO  o.s.s.c.ThreadPoolTaskExecutor - initialize
2020-02-17 15:28:11 PM [main] WARN  o.s.b.a.o.j.JpaBaseConfiguration$JpaWebConfiguration$JpaWebMvcConfiguration - openEntityManagerInViewInterceptor
2020-02-17 15:28:11 PM [main] INFO  o.s.s.c.ThreadPoolTaskScheduler - initialize
2020-02-17 15:28:11 PM [main] INFO  o.a.coyote.http11.Http11NioProtocol - log
2020-02-17 15:28:11 PM [main] INFO  o.s.b.w.e.tomcat.TomcatWebServer - start
2020-02-17 15:28:11 PM [main] INFO  com.vtc.event.VtcEventApplication - logStarted
2020-02-17 15:30:00 PM [http-nio-9093-exec-1] INFO  o.a.c.c.C.[Tomcat].[localhost].[/] - log
2020-02-17 15:30:00 PM [http-nio-9093-exec-1] INFO  o.s.web.servlet.DispatcherServlet - initServletBean
2020-02-17 15:30:00 PM [http-nio-9093-exec-1] INFO  o.s.web.servlet.DispatcherServlet - initServletBean
2020-02-17 15:30:07 PM [http-nio-9093-exec-3] INFO  c.v.e.l.c.LuckySpinHistoryController - getSpinHistoryAno
2020-02-17 15:30:08 PM [http-nio-9093-exec-3] INFO  c.v.e.l.c.LuckySpinHistoryController - toResult
2020-02-17 15:33:10 PM [http-nio-9093-exec-2] INFO  c.v.e.l.c.LuckySpinController - getLuckySpinDetail
2020-02-17 15:33:10 PM [http-nio-9093-exec-2] INFO  c.v.e.l.c.LuckySpinController - toResult
