2020-03-18 10:28:09 AM [main] INFO  com.vtc.event.VtcEventApplication - logStarting
2020-03-18 10:28:09 AM [main] INFO  com.vtc.event.VtcEventApplication - logStartupProfileInfo
2020-03-18 10:28:09 AM [main] INFO  o.s.d.r.c.RepositoryConfigurationDelegate - registerRepositoriesIn
2020-03-18 10:28:10 AM [main] INFO  o.s.d.r.c.RepositoryConfigurationDelegate - registerRepositoriesIn
2020-03-18 10:28:11 AM [main] INFO  o.s.c.s.PostProcessorRegistrationDelegate$BeanPostProcessorChecker - postProcessAfterInitialization
2020-03-18 10:28:11 AM [main] INFO  o.s.c.s.PostProcessorRegistrationDelegate$BeanPostProcessorChecker - postProcessAfterInitialization
2020-03-18 10:28:11 AM [main] INFO  o.s.c.s.PostProcessorRegistrationDelegate$BeanPostProcessorChecker - postProcessAfterInitialization
2020-03-18 10:28:11 AM [main] INFO  o.s.c.s.PostProcessorRegistrationDelegate$BeanPostProcessorChecker - postProcessAfterInitialization
2020-03-18 10:28:11 AM [main] INFO  o.s.c.s.PostProcessorRegistrationDelegate$BeanPostProcessorChecker - postProcessAfterInitialization
2020-03-18 10:28:11 AM [main] INFO  o.s.c.s.PostProcessorRegistrationDelegate$BeanPostProcessorChecker - postProcessAfterInitialization
2020-03-18 10:28:11 AM [main] INFO  o.s.b.w.e.tomcat.TomcatWebServer - initialize
2020-03-18 10:28:11 AM [main] INFO  o.a.coyote.http11.Http11NioProtocol - log
2020-03-18 10:28:11 AM [main] INFO  o.a.catalina.core.StandardService - log
2020-03-18 10:28:11 AM [main] INFO  o.a.catalina.core.StandardEngine - log
2020-03-18 10:28:12 AM [main] INFO  o.a.c.c.C.[Tomcat].[localhost].[/] - log
2020-03-18 10:28:12 AM [main] INFO  o.s.web.context.ContextLoader - prepareWebApplicationContext
2020-03-18 10:28:12 AM [main] INFO  com.zaxxer.hikari.HikariDataSource - getConnection
2020-03-18 10:28:12 AM [main] INFO  com.zaxxer.hikari.HikariDataSource - getConnection
2020-03-18 10:28:12 AM [main] INFO  o.h.jpa.internal.util.LogHelper - logPersistenceUnitInformation
2020-03-18 10:28:12 AM [main] INFO  org.hibernate.Version - logVersion
2020-03-18 10:28:12 AM [main] INFO  org.hibernate.cfg.Environment - <clinit>
2020-03-18 10:28:12 AM [main] INFO  o.h.annotations.common.Version - <clinit>
2020-03-18 10:28:13 AM [main] INFO  org.hibernate.dialect.Dialect - <init>
2020-03-18 10:28:14 AM [main] INFO  o.h.h.i.QueryTranslatorFactoryInitiator - initiateService
2020-03-18 10:28:14 AM [main] INFO  o.s.o.j.LocalContainerEntityManagerFactoryBean - buildNativeEntityManagerFactory
2020-03-18 10:28:16 AM [main] INFO  o.s.s.web.DefaultSecurityFilterChain - <init>
2020-03-18 10:28:16 AM [main] INFO  o.s.s.web.DefaultSecurityFilterChain - <init>
2020-03-18 10:28:16 AM [main] INFO  o.s.s.web.DefaultSecurityFilterChain - <init>
2020-03-18 10:28:16 AM [main] INFO  o.s.s.web.DefaultSecurityFilterChain - <init>
2020-03-18 10:28:16 AM [main] INFO  o.s.s.web.DefaultSecurityFilterChain - <init>
2020-03-18 10:28:16 AM [main] INFO  o.s.s.web.DefaultSecurityFilterChain - <init>
2020-03-18 10:28:16 AM [main] INFO  o.s.s.web.DefaultSecurityFilterChain - <init>
2020-03-18 10:28:16 AM [main] INFO  o.s.s.web.DefaultSecurityFilterChain - <init>
2020-03-18 10:28:16 AM [main] INFO  o.s.s.web.DefaultSecurityFilterChain - <init>
2020-03-18 10:28:16 AM [main] INFO  o.s.s.c.ThreadPoolTaskExecutor - initialize
2020-03-18 10:28:16 AM [main] WARN  o.s.b.a.o.j.JpaBaseConfiguration$JpaWebConfiguration$JpaWebMvcConfiguration - openEntityManagerInViewInterceptor
2020-03-18 10:28:16 AM [main] INFO  o.s.s.c.ThreadPoolTaskScheduler - initialize
2020-03-18 10:28:17 AM [main] INFO  o.a.coyote.http11.Http11NioProtocol - log
2020-03-18 10:28:17 AM [main] INFO  o.s.b.w.e.tomcat.TomcatWebServer - start
2020-03-18 10:28:17 AM [main] INFO  com.vtc.event.VtcEventApplication - logStarted
2020-03-18 10:30:29 AM [http-nio-8083-exec-1] INFO  o.a.c.c.C.[Tomcat].[localhost].[/] - log
2020-03-18 10:30:29 AM [http-nio-8083-exec-1] INFO  o.s.web.servlet.DispatcherServlet - initServletBean
2020-03-18 10:30:29 AM [http-nio-8083-exec-1] INFO  o.s.web.servlet.DispatcherServlet - initServletBean
2020-03-18 10:30:30 AM [http-nio-8083-exec-1] INFO  c.v.e.c.utils.ApiExchangeServiceUtil - postXML
2020-03-18 10:30:30 AM [http-nio-8083-exec-1] INFO  c.v.e.c.utils.ApiExchangeServiceUtil - postXML
2020-03-18 10:30:30 AM [http-nio-8083-exec-1] INFO  c.v.e.c.utils.ApiExchangeServiceUtil - postXML
2020-03-18 10:30:31 AM [http-nio-8083-exec-1] INFO  c.v.e.c.utils.ApiExchangeServiceUtil - postXML
2020-03-18 10:30:31 AM [http-nio-8083-exec-1] INFO  c.v.e.l.c.LuckySpinController - toResult
2020-03-18 10:31:40 AM [http-nio-8083-exec-5] INFO  c.v.e.c.utils.ApiExchangeServiceUtil - postXML
2020-03-18 10:31:40 AM [http-nio-8083-exec-5] INFO  c.v.e.c.utils.ApiExchangeServiceUtil - postXML
2020-03-18 10:31:41 AM [http-nio-8083-exec-5] INFO  c.v.e.c.utils.ApiExchangeServiceUtil - postXML
2020-03-18 10:31:41 AM [http-nio-8083-exec-5] INFO  c.v.e.c.utils.ApiExchangeServiceUtil - postXML
2020-03-18 10:31:41 AM [http-nio-8083-exec-5] INFO  c.v.e.l.c.LuckySpinController - toResult
2020-03-18 10:42:44 AM [http-nio-8083-exec-8] INFO  c.v.e.c.utils.ApiExchangeServiceUtil - postXML
2020-03-18 10:42:44 AM [http-nio-8083-exec-8] INFO  c.v.e.c.utils.ApiExchangeServiceUtil - postXML
2020-03-18 10:42:44 AM [http-nio-8083-exec-8] INFO  c.v.e.c.utils.ApiExchangeServiceUtil - postXML
2020-03-18 10:42:44 AM [http-nio-8083-exec-8] INFO  c.v.e.c.utils.ApiExchangeServiceUtil - postXML
2020-03-18 10:42:44 AM [http-nio-8083-exec-8] INFO  c.v.e.l.c.LuckySpinController - toResult
2020-03-18 10:44:31 AM [http-nio-8083-exec-2] INFO  c.v.e.c.utils.ApiExchangeServiceUtil - postXML
2020-03-18 10:44:31 AM [http-nio-8083-exec-2] INFO  c.v.e.c.utils.ApiExchangeServiceUtil - postXML
2020-03-18 10:44:31 AM [http-nio-8083-exec-2] INFO  c.v.e.c.utils.ApiExchangeServiceUtil - postXML
2020-03-18 10:44:31 AM [http-nio-8083-exec-2] INFO  c.v.e.c.utils.ApiExchangeServiceUtil - postXML
2020-03-18 10:44:31 AM [http-nio-8083-exec-2] INFO  c.v.e.l.c.LuckySpinController - toResult
2020-03-18 10:48:46 AM [http-nio-8083-exec-4] INFO  c.v.e.c.utils.ApiExchangeServiceUtil - postXML
2020-03-18 10:48:46 AM [http-nio-8083-exec-4] INFO  c.v.e.c.utils.ApiExchangeServiceUtil - postXML
2020-03-18 10:48:46 AM [http-nio-8083-exec-4] INFO  c.v.e.c.utils.ApiExchangeServiceUtil - postXML
2020-03-18 10:48:46 AM [http-nio-8083-exec-4] INFO  c.v.e.c.utils.ApiExchangeServiceUtil - postXML
2020-03-18 10:48:46 AM [http-nio-8083-exec-4] INFO  c.v.e.l.c.LuckySpinController - toResult
2020-03-18 14:33:20 PM [http-nio-8083-exec-7] INFO  c.v.e.c.utils.ApiExchangeServiceUtil - postXML
2020-03-18 14:33:20 PM [http-nio-8083-exec-7] INFO  c.v.e.c.utils.ApiExchangeServiceUtil - postXML
2020-03-18 14:33:20 PM [http-nio-8083-exec-7] INFO  c.v.e.c.utils.ApiExchangeServiceUtil - postXML
2020-03-18 14:33:20 PM [http-nio-8083-exec-7] INFO  c.v.e.c.utils.ApiExchangeServiceUtil - postXML
2020-03-18 14:33:20 PM [http-nio-8083-exec-7] INFO  c.v.e.l.c.LuckySpinController - toResult
