2019-10-22 09:41:50 AM [main] INFO  com.vtc.event.VtcEventApplication - logStarting
2019-10-22 09:41:50 AM [main] INFO  com.vtc.event.VtcEventApplication - logStartupProfileInfo
2019-10-22 09:41:51 AM [main] INFO  o.s.d.r.c.RepositoryConfigurationDelegate - registerRepositoriesIn
2019-10-22 09:41:51 AM [main] INFO  o.s.d.r.c.RepositoryConfigurationDelegate - registerRepositoriesIn
2019-10-22 09:41:52 AM [main] INFO  o.s.c.s.PostProcessorRegistrationDelegate$BeanPostProcessorChecker - postProcessAfterInitialization
2019-10-22 09:41:52 AM [main] INFO  o.s.c.s.PostProcessorRegistrationDelegate$BeanPostProcessorChecker - postProcessAfterInitialization
2019-10-22 09:41:52 AM [main] INFO  o.s.c.s.PostProcessorRegistrationDelegate$BeanPostProcessorChecker - postProcessAfterInitialization
2019-10-22 09:41:52 AM [main] INFO  o.s.c.s.PostProcessorRegistrationDelegate$BeanPostProcessorChecker - postProcessAfterInitialization
2019-10-22 09:41:52 AM [main] INFO  o.s.c.s.PostProcessorRegistrationDelegate$BeanPostProcessorChecker - postProcessAfterInitialization
2019-10-22 09:41:52 AM [main] INFO  o.s.c.s.PostProcessorRegistrationDelegate$BeanPostProcessorChecker - postProcessAfterInitialization
2019-10-22 09:41:53 AM [main] INFO  o.s.b.w.e.tomcat.TomcatWebServer - initialize
2019-10-22 09:41:53 AM [main] INFO  o.a.coyote.http11.Http11NioProtocol - log
2019-10-22 09:41:53 AM [main] INFO  o.a.catalina.core.StandardService - log
2019-10-22 09:41:53 AM [main] INFO  o.a.catalina.core.StandardEngine - log
2019-10-22 09:41:53 AM [main] INFO  o.a.c.c.C.[Tomcat].[localhost].[/] - log
2019-10-22 09:41:53 AM [main] INFO  o.s.web.context.ContextLoader - prepareWebApplicationContext
2019-10-22 09:41:53 AM [main] INFO  com.zaxxer.hikari.HikariDataSource - getConnection
2019-10-22 09:41:54 AM [main] INFO  com.zaxxer.hikari.HikariDataSource - getConnection
2019-10-22 09:41:54 AM [main] INFO  o.h.jpa.internal.util.LogHelper - logPersistenceUnitInformation
2019-10-22 09:41:54 AM [main] INFO  org.hibernate.Version - logVersion
2019-10-22 09:41:54 AM [main] INFO  org.hibernate.cfg.Environment - <clinit>
2019-10-22 09:41:54 AM [main] INFO  o.h.annotations.common.Version - <clinit>
2019-10-22 09:41:54 AM [main] INFO  org.hibernate.dialect.Dialect - <init>
2019-10-22 09:41:56 AM [main] INFO  o.h.h.i.QueryTranslatorFactoryInitiator - initiateService
2019-10-22 09:41:56 AM [main] INFO  o.s.o.j.LocalContainerEntityManagerFactoryBean - buildNativeEntityManagerFactory
2019-10-22 09:41:58 AM [main] INFO  o.s.s.web.DefaultSecurityFilterChain - <init>
2019-10-22 09:41:58 AM [main] INFO  o.s.s.web.DefaultSecurityFilterChain - <init>
2019-10-22 09:41:58 AM [main] INFO  o.s.s.web.DefaultSecurityFilterChain - <init>
2019-10-22 09:41:58 AM [main] INFO  o.s.s.web.DefaultSecurityFilterChain - <init>
2019-10-22 09:41:58 AM [main] INFO  o.s.s.web.DefaultSecurityFilterChain - <init>
2019-10-22 09:41:58 AM [main] INFO  o.s.s.web.DefaultSecurityFilterChain - <init>
2019-10-22 09:41:58 AM [main] INFO  o.s.s.web.DefaultSecurityFilterChain - <init>
2019-10-22 09:41:58 AM [main] INFO  o.s.s.web.DefaultSecurityFilterChain - <init>
2019-10-22 09:41:58 AM [main] INFO  o.s.s.web.DefaultSecurityFilterChain - <init>
2019-10-22 09:41:58 AM [main] INFO  o.s.s.c.ThreadPoolTaskExecutor - initialize
2019-10-22 09:41:58 AM [main] WARN  o.s.b.a.o.j.JpaBaseConfiguration$JpaWebConfiguration$JpaWebMvcConfiguration - openEntityManagerInViewInterceptor
2019-10-22 09:41:58 AM [main] INFO  o.a.coyote.http11.Http11NioProtocol - log
2019-10-22 09:41:58 AM [main] INFO  o.s.b.w.e.tomcat.TomcatWebServer - start
2019-10-22 09:41:58 AM [main] INFO  com.vtc.event.VtcEventApplication - logStarted
2019-10-22 09:42:08 AM [http-nio-9093-exec-1] INFO  o.a.c.c.C.[Tomcat].[localhost].[/] - log
2019-10-22 09:42:08 AM [http-nio-9093-exec-1] INFO  o.s.web.servlet.DispatcherServlet - initServletBean
2019-10-22 09:42:08 AM [http-nio-9093-exec-1] INFO  o.s.web.servlet.DispatcherServlet - initServletBean
2019-10-22 09:42:08 AM [http-nio-9093-exec-1] INFO  c.v.e.l.c.LuckySpinController - getLuckySpinDetail
2019-10-22 09:42:08 AM [http-nio-9093-exec-1] INFO  c.v.e.l.c.LuckySpinController - toResult
2019-10-22 09:42:43 AM [Thread-3] INFO  o.s.s.c.ThreadPoolTaskExecutor - shutdown
2019-10-22 09:42:43 AM [Thread-3] INFO  o.s.o.j.LocalContainerEntityManagerFactoryBean - destroy
2019-10-22 09:42:43 AM [Thread-3] INFO  com.zaxxer.hikari.HikariDataSource - close
2019-10-22 09:42:43 AM [Thread-3] INFO  com.zaxxer.hikari.HikariDataSource - close
2019-10-22 09:42:55 AM [main] INFO  com.vtc.event.VtcEventApplication - logStarting
2019-10-22 09:42:55 AM [main] INFO  com.vtc.event.VtcEventApplication - logStartupProfileInfo
2019-10-22 09:42:56 AM [main] INFO  o.s.d.r.c.RepositoryConfigurationDelegate - registerRepositoriesIn
2019-10-22 09:42:56 AM [main] INFO  o.s.d.r.c.RepositoryConfigurationDelegate - registerRepositoriesIn
2019-10-22 09:42:57 AM [main] INFO  o.s.c.s.PostProcessorRegistrationDelegate$BeanPostProcessorChecker - postProcessAfterInitialization
2019-10-22 09:42:57 AM [main] INFO  o.s.c.s.PostProcessorRegistrationDelegate$BeanPostProcessorChecker - postProcessAfterInitialization
2019-10-22 09:42:57 AM [main] INFO  o.s.c.s.PostProcessorRegistrationDelegate$BeanPostProcessorChecker - postProcessAfterInitialization
2019-10-22 09:42:57 AM [main] INFO  o.s.c.s.PostProcessorRegistrationDelegate$BeanPostProcessorChecker - postProcessAfterInitialization
2019-10-22 09:42:57 AM [main] INFO  o.s.c.s.PostProcessorRegistrationDelegate$BeanPostProcessorChecker - postProcessAfterInitialization
2019-10-22 09:42:57 AM [main] INFO  o.s.c.s.PostProcessorRegistrationDelegate$BeanPostProcessorChecker - postProcessAfterInitialization
2019-10-22 09:42:57 AM [main] INFO  o.s.b.w.e.tomcat.TomcatWebServer - initialize
2019-10-22 09:42:57 AM [main] INFO  o.a.coyote.http11.Http11NioProtocol - log
2019-10-22 09:42:57 AM [main] INFO  o.a.catalina.core.StandardService - log
2019-10-22 09:42:57 AM [main] INFO  o.a.catalina.core.StandardEngine - log
2019-10-22 09:42:57 AM [main] INFO  o.a.c.c.C.[Tomcat].[localhost].[/] - log
2019-10-22 09:42:57 AM [main] INFO  o.s.web.context.ContextLoader - prepareWebApplicationContext
2019-10-22 09:42:58 AM [main] INFO  com.zaxxer.hikari.HikariDataSource - getConnection
2019-10-22 09:42:58 AM [main] INFO  com.zaxxer.hikari.HikariDataSource - getConnection
2019-10-22 09:42:58 AM [main] INFO  o.h.jpa.internal.util.LogHelper - logPersistenceUnitInformation
2019-10-22 09:42:58 AM [main] INFO  org.hibernate.Version - logVersion
2019-10-22 09:42:58 AM [main] INFO  org.hibernate.cfg.Environment - <clinit>
2019-10-22 09:42:58 AM [main] INFO  o.h.annotations.common.Version - <clinit>
2019-10-22 09:42:59 AM [main] INFO  org.hibernate.dialect.Dialect - <init>
2019-10-22 09:43:00 AM [main] INFO  o.h.h.i.QueryTranslatorFactoryInitiator - initiateService
2019-10-22 09:43:00 AM [main] INFO  o.s.o.j.LocalContainerEntityManagerFactoryBean - buildNativeEntityManagerFactory
2019-10-22 09:43:02 AM [main] INFO  o.s.s.web.DefaultSecurityFilterChain - <init>
2019-10-22 09:43:02 AM [main] INFO  o.s.s.web.DefaultSecurityFilterChain - <init>
2019-10-22 09:43:02 AM [main] INFO  o.s.s.web.DefaultSecurityFilterChain - <init>
2019-10-22 09:43:02 AM [main] INFO  o.s.s.web.DefaultSecurityFilterChain - <init>
2019-10-22 09:43:02 AM [main] INFO  o.s.s.web.DefaultSecurityFilterChain - <init>
2019-10-22 09:43:02 AM [main] INFO  o.s.s.web.DefaultSecurityFilterChain - <init>
2019-10-22 09:43:02 AM [main] INFO  o.s.s.web.DefaultSecurityFilterChain - <init>
2019-10-22 09:43:02 AM [main] INFO  o.s.s.web.DefaultSecurityFilterChain - <init>
2019-10-22 09:43:02 AM [main] INFO  o.s.s.web.DefaultSecurityFilterChain - <init>
2019-10-22 09:43:02 AM [main] INFO  o.s.s.c.ThreadPoolTaskExecutor - initialize
2019-10-22 09:43:02 AM [main] WARN  o.s.b.a.o.j.JpaBaseConfiguration$JpaWebConfiguration$JpaWebMvcConfiguration - openEntityManagerInViewInterceptor
2019-10-22 09:43:03 AM [main] INFO  o.a.coyote.http11.Http11NioProtocol - log
2019-10-22 09:43:03 AM [main] INFO  o.s.b.w.e.tomcat.TomcatWebServer - start
2019-10-22 09:43:03 AM [main] INFO  com.vtc.event.VtcEventApplication - logStarted
2019-10-22 09:43:24 AM [http-nio-9093-exec-1] INFO  o.a.c.c.C.[Tomcat].[localhost].[/] - log
2019-10-22 09:43:24 AM [http-nio-9093-exec-1] INFO  o.s.web.servlet.DispatcherServlet - initServletBean
2019-10-22 09:43:24 AM [http-nio-9093-exec-1] INFO  o.s.web.servlet.DispatcherServlet - initServletBean
2019-10-22 09:43:25 AM [http-nio-9093-exec-1] INFO  c.v.e.l.c.LuckySpinController - getLuckySpinDetail
2019-10-22 09:43:25 AM [http-nio-9093-exec-1] INFO  c.v.e.l.c.LuckySpinController - toResult
2019-10-22 09:44:47 AM [Thread-3] INFO  o.s.s.c.ThreadPoolTaskExecutor - shutdown
2019-10-22 09:44:47 AM [Thread-3] INFO  o.s.o.j.LocalContainerEntityManagerFactoryBean - destroy
2019-10-22 09:44:47 AM [Thread-3] INFO  com.zaxxer.hikari.HikariDataSource - close
2019-10-22 09:44:47 AM [Thread-3] INFO  com.zaxxer.hikari.HikariDataSource - close
2019-10-22 09:44:55 AM [main] INFO  com.vtc.event.VtcEventApplication - logStarting
2019-10-22 09:44:55 AM [main] INFO  com.vtc.event.VtcEventApplication - logStartupProfileInfo
2019-10-22 09:44:56 AM [main] INFO  o.s.d.r.c.RepositoryConfigurationDelegate - registerRepositoriesIn
2019-10-22 09:44:56 AM [main] INFO  o.s.d.r.c.RepositoryConfigurationDelegate - registerRepositoriesIn
2019-10-22 09:44:57 AM [main] INFO  o.s.c.s.PostProcessorRegistrationDelegate$BeanPostProcessorChecker - postProcessAfterInitialization
2019-10-22 09:44:57 AM [main] INFO  o.s.c.s.PostProcessorRegistrationDelegate$BeanPostProcessorChecker - postProcessAfterInitialization
2019-10-22 09:44:57 AM [main] INFO  o.s.c.s.PostProcessorRegistrationDelegate$BeanPostProcessorChecker - postProcessAfterInitialization
2019-10-22 09:44:57 AM [main] INFO  o.s.c.s.PostProcessorRegistrationDelegate$BeanPostProcessorChecker - postProcessAfterInitialization
2019-10-22 09:44:57 AM [main] INFO  o.s.c.s.PostProcessorRegistrationDelegate$BeanPostProcessorChecker - postProcessAfterInitialization
2019-10-22 09:44:57 AM [main] INFO  o.s.c.s.PostProcessorRegistrationDelegate$BeanPostProcessorChecker - postProcessAfterInitialization
2019-10-22 09:44:57 AM [main] INFO  o.s.b.w.e.tomcat.TomcatWebServer - initialize
2019-10-22 09:44:57 AM [main] INFO  o.a.coyote.http11.Http11NioProtocol - log
2019-10-22 09:44:57 AM [main] INFO  o.a.catalina.core.StandardService - log
2019-10-22 09:44:57 AM [main] INFO  o.a.catalina.core.StandardEngine - log
2019-10-22 09:44:57 AM [main] INFO  o.a.c.c.C.[Tomcat].[localhost].[/] - log
2019-10-22 09:44:57 AM [main] INFO  o.s.web.context.ContextLoader - prepareWebApplicationContext
2019-10-22 09:44:58 AM [main] INFO  com.zaxxer.hikari.HikariDataSource - getConnection
2019-10-22 09:44:58 AM [main] INFO  com.zaxxer.hikari.HikariDataSource - getConnection
2019-10-22 09:44:58 AM [main] INFO  o.h.jpa.internal.util.LogHelper - logPersistenceUnitInformation
2019-10-22 09:44:58 AM [main] INFO  org.hibernate.Version - logVersion
2019-10-22 09:44:58 AM [main] INFO  org.hibernate.cfg.Environment - <clinit>
2019-10-22 09:44:59 AM [main] INFO  o.h.annotations.common.Version - <clinit>
2019-10-22 09:44:59 AM [main] INFO  org.hibernate.dialect.Dialect - <init>
2019-10-22 09:45:00 AM [main] INFO  o.h.h.i.QueryTranslatorFactoryInitiator - initiateService
2019-10-22 09:45:01 AM [main] INFO  o.s.o.j.LocalContainerEntityManagerFactoryBean - buildNativeEntityManagerFactory
2019-10-22 09:45:02 AM [main] INFO  o.s.s.web.DefaultSecurityFilterChain - <init>
2019-10-22 09:45:02 AM [main] INFO  o.s.s.web.DefaultSecurityFilterChain - <init>
2019-10-22 09:45:02 AM [main] INFO  o.s.s.web.DefaultSecurityFilterChain - <init>
2019-10-22 09:45:02 AM [main] INFO  o.s.s.web.DefaultSecurityFilterChain - <init>
2019-10-22 09:45:02 AM [main] INFO  o.s.s.web.DefaultSecurityFilterChain - <init>
2019-10-22 09:45:02 AM [main] INFO  o.s.s.web.DefaultSecurityFilterChain - <init>
2019-10-22 09:45:02 AM [main] INFO  o.s.s.web.DefaultSecurityFilterChain - <init>
2019-10-22 09:45:02 AM [main] INFO  o.s.s.web.DefaultSecurityFilterChain - <init>
2019-10-22 09:45:02 AM [main] INFO  o.s.s.web.DefaultSecurityFilterChain - <init>
2019-10-22 09:45:03 AM [main] INFO  o.s.s.c.ThreadPoolTaskExecutor - initialize
2019-10-22 09:45:03 AM [main] WARN  o.s.b.a.o.j.JpaBaseConfiguration$JpaWebConfiguration$JpaWebMvcConfiguration - openEntityManagerInViewInterceptor
2019-10-22 09:45:03 AM [main] INFO  o.a.coyote.http11.Http11NioProtocol - log
2019-10-22 09:45:03 AM [main] INFO  o.s.b.w.e.tomcat.TomcatWebServer - start
2019-10-22 09:45:03 AM [main] INFO  com.vtc.event.VtcEventApplication - logStarted
2019-10-22 09:47:20 AM [http-nio-9093-exec-2] INFO  o.a.c.c.C.[Tomcat].[localhost].[/] - log
2019-10-22 09:47:20 AM [http-nio-9093-exec-2] INFO  o.s.web.servlet.DispatcherServlet - initServletBean
2019-10-22 09:47:20 AM [http-nio-9093-exec-2] INFO  o.s.web.servlet.DispatcherServlet - initServletBean
2019-10-22 09:47:20 AM [http-nio-9093-exec-2] INFO  c.v.e.l.c.LuckySpinController - getLuckySpinDetail
2019-10-22 09:47:21 AM [http-nio-9093-exec-2] INFO  c.v.e.l.c.LuckySpinController - toResult
2019-10-22 09:49:56 AM [Thread-3] INFO  o.s.s.c.ThreadPoolTaskExecutor - shutdown
2019-10-22 09:49:56 AM [Thread-3] INFO  o.s.o.j.LocalContainerEntityManagerFactoryBean - destroy
2019-10-22 09:49:56 AM [Thread-3] INFO  com.zaxxer.hikari.HikariDataSource - close
2019-10-22 09:49:56 AM [Thread-3] INFO  com.zaxxer.hikari.HikariDataSource - close
2019-10-22 09:50:05 AM [main] INFO  com.vtc.event.VtcEventApplication - logStarting
2019-10-22 09:50:05 AM [main] INFO  com.vtc.event.VtcEventApplication - logStartupProfileInfo
2019-10-22 09:50:06 AM [main] INFO  o.s.d.r.c.RepositoryConfigurationDelegate - registerRepositoriesIn
2019-10-22 09:50:06 AM [main] INFO  o.s.d.r.c.RepositoryConfigurationDelegate - registerRepositoriesIn
2019-10-22 09:50:07 AM [main] INFO  o.s.c.s.PostProcessorRegistrationDelegate$BeanPostProcessorChecker - postProcessAfterInitialization
2019-10-22 09:50:07 AM [main] INFO  o.s.c.s.PostProcessorRegistrationDelegate$BeanPostProcessorChecker - postProcessAfterInitialization
2019-10-22 09:50:07 AM [main] INFO  o.s.c.s.PostProcessorRegistrationDelegate$BeanPostProcessorChecker - postProcessAfterInitialization
2019-10-22 09:50:07 AM [main] INFO  o.s.c.s.PostProcessorRegistrationDelegate$BeanPostProcessorChecker - postProcessAfterInitialization
2019-10-22 09:50:07 AM [main] INFO  o.s.c.s.PostProcessorRegistrationDelegate$BeanPostProcessorChecker - postProcessAfterInitialization
2019-10-22 09:50:07 AM [main] INFO  o.s.c.s.PostProcessorRegistrationDelegate$BeanPostProcessorChecker - postProcessAfterInitialization
2019-10-22 09:50:07 AM [main] INFO  o.s.b.w.e.tomcat.TomcatWebServer - initialize
2019-10-22 09:50:07 AM [main] INFO  o.a.coyote.http11.Http11NioProtocol - log
2019-10-22 09:50:07 AM [main] INFO  o.a.catalina.core.StandardService - log
2019-10-22 09:50:07 AM [main] INFO  o.a.catalina.core.StandardEngine - log
2019-10-22 09:50:08 AM [main] INFO  o.a.c.c.C.[Tomcat].[localhost].[/] - log
2019-10-22 09:50:08 AM [main] INFO  o.s.web.context.ContextLoader - prepareWebApplicationContext
2019-10-22 09:50:08 AM [main] INFO  com.zaxxer.hikari.HikariDataSource - getConnection
2019-10-22 09:50:08 AM [main] INFO  com.zaxxer.hikari.HikariDataSource - getConnection
2019-10-22 09:50:08 AM [main] INFO  o.h.jpa.internal.util.LogHelper - logPersistenceUnitInformation
2019-10-22 09:50:08 AM [main] INFO  org.hibernate.Version - logVersion
2019-10-22 09:50:08 AM [main] INFO  org.hibernate.cfg.Environment - <clinit>
2019-10-22 09:50:08 AM [main] INFO  o.h.annotations.common.Version - <clinit>
2019-10-22 09:50:09 AM [main] INFO  org.hibernate.dialect.Dialect - <init>
2019-10-22 09:50:10 AM [main] INFO  o.h.h.i.QueryTranslatorFactoryInitiator - initiateService
2019-10-22 09:50:10 AM [main] INFO  o.s.o.j.LocalContainerEntityManagerFactoryBean - buildNativeEntityManagerFactory
2019-10-22 09:50:11 AM [main] INFO  o.s.s.web.DefaultSecurityFilterChain - <init>
2019-10-22 09:50:11 AM [main] INFO  o.s.s.web.DefaultSecurityFilterChain - <init>
2019-10-22 09:50:11 AM [main] INFO  o.s.s.web.DefaultSecurityFilterChain - <init>
2019-10-22 09:50:11 AM [main] INFO  o.s.s.web.DefaultSecurityFilterChain - <init>
2019-10-22 09:50:11 AM [main] INFO  o.s.s.web.DefaultSecurityFilterChain - <init>
2019-10-22 09:50:11 AM [main] INFO  o.s.s.web.DefaultSecurityFilterChain - <init>
2019-10-22 09:50:11 AM [main] INFO  o.s.s.web.DefaultSecurityFilterChain - <init>
2019-10-22 09:50:11 AM [main] INFO  o.s.s.web.DefaultSecurityFilterChain - <init>
2019-10-22 09:50:11 AM [main] INFO  o.s.s.web.DefaultSecurityFilterChain - <init>
2019-10-22 09:50:12 AM [main] INFO  o.s.s.c.ThreadPoolTaskExecutor - initialize
2019-10-22 09:50:12 AM [main] WARN  o.s.b.a.o.j.JpaBaseConfiguration$JpaWebConfiguration$JpaWebMvcConfiguration - openEntityManagerInViewInterceptor
2019-10-22 09:50:12 AM [main] INFO  o.a.coyote.http11.Http11NioProtocol - log
2019-10-22 09:50:12 AM [main] INFO  o.s.b.w.e.tomcat.TomcatWebServer - start
2019-10-22 09:50:12 AM [main] INFO  com.vtc.event.VtcEventApplication - logStarted
2019-10-22 09:50:24 AM [http-nio-9093-exec-2] INFO  o.a.c.c.C.[Tomcat].[localhost].[/] - log
2019-10-22 09:50:24 AM [http-nio-9093-exec-2] INFO  o.s.web.servlet.DispatcherServlet - initServletBean
2019-10-22 09:50:24 AM [http-nio-9093-exec-2] INFO  o.s.web.servlet.DispatcherServlet - initServletBean
2019-10-22 09:50:24 AM [http-nio-9093-exec-2] INFO  c.v.e.l.c.LuckySpinController - getLuckySpinDetail
2019-10-22 09:50:25 AM [http-nio-9093-exec-2] INFO  c.v.e.l.c.LuckySpinController - toResult
2019-10-22 09:51:17 AM [Thread-3] INFO  o.s.s.c.ThreadPoolTaskExecutor - shutdown
2019-10-22 09:51:17 AM [Thread-3] INFO  o.s.o.j.LocalContainerEntityManagerFactoryBean - destroy
2019-10-22 09:51:17 AM [Thread-3] INFO  com.zaxxer.hikari.HikariDataSource - close
2019-10-22 09:51:17 AM [Thread-3] INFO  com.zaxxer.hikari.HikariDataSource - close
2019-10-22 09:51:46 AM [main] INFO  com.vtc.event.VtcEventApplication - logStarting
2019-10-22 09:51:46 AM [main] INFO  com.vtc.event.VtcEventApplication - logStartupProfileInfo
2019-10-22 09:51:47 AM [main] INFO  o.s.d.r.c.RepositoryConfigurationDelegate - registerRepositoriesIn
2019-10-22 09:51:47 AM [main] INFO  o.s.d.r.c.RepositoryConfigurationDelegate - registerRepositoriesIn
2019-10-22 09:51:47 AM [main] INFO  o.s.c.s.PostProcessorRegistrationDelegate$BeanPostProcessorChecker - postProcessAfterInitialization
2019-10-22 09:51:48 AM [main] INFO  o.s.c.s.PostProcessorRegistrationDelegate$BeanPostProcessorChecker - postProcessAfterInitialization
2019-10-22 09:51:48 AM [main] INFO  o.s.c.s.PostProcessorRegistrationDelegate$BeanPostProcessorChecker - postProcessAfterInitialization
2019-10-22 09:51:48 AM [main] INFO  o.s.c.s.PostProcessorRegistrationDelegate$BeanPostProcessorChecker - postProcessAfterInitialization
2019-10-22 09:51:48 AM [main] INFO  o.s.c.s.PostProcessorRegistrationDelegate$BeanPostProcessorChecker - postProcessAfterInitialization
2019-10-22 09:51:48 AM [main] INFO  o.s.c.s.PostProcessorRegistrationDelegate$BeanPostProcessorChecker - postProcessAfterInitialization
2019-10-22 09:51:48 AM [main] INFO  o.s.b.w.e.tomcat.TomcatWebServer - initialize
2019-10-22 09:51:48 AM [main] INFO  o.a.coyote.http11.Http11NioProtocol - log
2019-10-22 09:51:48 AM [main] INFO  o.a.catalina.core.StandardService - log
2019-10-22 09:51:48 AM [main] INFO  o.a.catalina.core.StandardEngine - log
2019-10-22 09:51:48 AM [main] INFO  o.a.c.c.C.[Tomcat].[localhost].[/] - log
2019-10-22 09:51:48 AM [main] INFO  o.s.web.context.ContextLoader - prepareWebApplicationContext
2019-10-22 09:51:49 AM [main] INFO  com.zaxxer.hikari.HikariDataSource - getConnection
2019-10-22 09:51:49 AM [main] INFO  com.zaxxer.hikari.HikariDataSource - getConnection
2019-10-22 09:51:49 AM [main] INFO  o.h.jpa.internal.util.LogHelper - logPersistenceUnitInformation
2019-10-22 09:51:49 AM [main] INFO  org.hibernate.Version - logVersion
2019-10-22 09:51:49 AM [main] INFO  org.hibernate.cfg.Environment - <clinit>
2019-10-22 09:51:49 AM [main] INFO  o.h.annotations.common.Version - <clinit>
2019-10-22 09:51:50 AM [main] INFO  org.hibernate.dialect.Dialect - <init>
2019-10-22 09:51:51 AM [main] INFO  o.h.h.i.QueryTranslatorFactoryInitiator - initiateService
2019-10-22 09:51:51 AM [main] INFO  o.s.o.j.LocalContainerEntityManagerFactoryBean - buildNativeEntityManagerFactory
2019-10-22 09:51:52 AM [main] INFO  o.s.s.web.DefaultSecurityFilterChain - <init>
2019-10-22 09:51:52 AM [main] INFO  o.s.s.web.DefaultSecurityFilterChain - <init>
2019-10-22 09:51:52 AM [main] INFO  o.s.s.web.DefaultSecurityFilterChain - <init>
2019-10-22 09:51:52 AM [main] INFO  o.s.s.web.DefaultSecurityFilterChain - <init>
2019-10-22 09:51:52 AM [main] INFO  o.s.s.web.DefaultSecurityFilterChain - <init>
2019-10-22 09:51:52 AM [main] INFO  o.s.s.web.DefaultSecurityFilterChain - <init>
2019-10-22 09:51:53 AM [main] INFO  o.s.s.web.DefaultSecurityFilterChain - <init>
2019-10-22 09:51:53 AM [main] INFO  o.s.s.web.DefaultSecurityFilterChain - <init>
2019-10-22 09:51:53 AM [main] INFO  o.s.s.web.DefaultSecurityFilterChain - <init>
2019-10-22 09:51:53 AM [main] INFO  o.s.s.c.ThreadPoolTaskExecutor - initialize
2019-10-22 09:51:53 AM [main] WARN  o.s.b.a.o.j.JpaBaseConfiguration$JpaWebConfiguration$JpaWebMvcConfiguration - openEntityManagerInViewInterceptor
2019-10-22 09:51:53 AM [main] INFO  o.a.coyote.http11.Http11NioProtocol - log
2019-10-22 09:51:53 AM [main] INFO  o.s.b.w.e.tomcat.TomcatWebServer - start
2019-10-22 09:51:53 AM [main] INFO  com.vtc.event.VtcEventApplication - logStarted
2019-10-22 09:51:56 AM [http-nio-9093-exec-2] INFO  o.a.c.c.C.[Tomcat].[localhost].[/] - log
2019-10-22 09:51:56 AM [http-nio-9093-exec-2] INFO  o.s.web.servlet.DispatcherServlet - initServletBean
2019-10-22 09:51:56 AM [http-nio-9093-exec-2] INFO  o.s.web.servlet.DispatcherServlet - initServletBean
2019-10-22 09:51:56 AM [http-nio-9093-exec-2] INFO  c.v.e.l.c.LuckySpinController - getLuckySpinDetail
2019-10-22 09:51:57 AM [http-nio-9093-exec-2] INFO  c.v.e.l.c.LuckySpinController - toResult
2019-10-22 09:54:27 AM [Thread-3] INFO  o.s.s.c.ThreadPoolTaskExecutor - shutdown
2019-10-22 09:54:27 AM [Thread-3] INFO  o.s.o.j.LocalContainerEntityManagerFactoryBean - destroy
2019-10-22 09:54:27 AM [Thread-3] INFO  com.zaxxer.hikari.HikariDataSource - close
2019-10-22 09:54:27 AM [Thread-3] INFO  com.zaxxer.hikari.HikariDataSource - close
2019-10-22 09:54:51 AM [main] INFO  com.vtc.event.VtcEventApplication - logStarting
2019-10-22 09:54:51 AM [main] INFO  com.vtc.event.VtcEventApplication - logStartupProfileInfo
2019-10-22 09:54:52 AM [main] INFO  o.s.d.r.c.RepositoryConfigurationDelegate - registerRepositoriesIn
2019-10-22 09:54:52 AM [main] INFO  o.s.d.r.c.RepositoryConfigurationDelegate - registerRepositoriesIn
2019-10-22 09:54:53 AM [main] INFO  o.s.c.s.PostProcessorRegistrationDelegate$BeanPostProcessorChecker - postProcessAfterInitialization
2019-10-22 09:54:53 AM [main] INFO  o.s.c.s.PostProcessorRegistrationDelegate$BeanPostProcessorChecker - postProcessAfterInitialization
2019-10-22 09:54:53 AM [main] INFO  o.s.c.s.PostProcessorRegistrationDelegate$BeanPostProcessorChecker - postProcessAfterInitialization
2019-10-22 09:54:53 AM [main] INFO  o.s.c.s.PostProcessorRegistrationDelegate$BeanPostProcessorChecker - postProcessAfterInitialization
2019-10-22 09:54:53 AM [main] INFO  o.s.c.s.PostProcessorRegistrationDelegate$BeanPostProcessorChecker - postProcessAfterInitialization
2019-10-22 09:54:53 AM [main] INFO  o.s.c.s.PostProcessorRegistrationDelegate$BeanPostProcessorChecker - postProcessAfterInitialization
2019-10-22 09:54:53 AM [main] INFO  o.s.b.w.e.tomcat.TomcatWebServer - initialize
2019-10-22 09:54:53 AM [main] INFO  o.a.coyote.http11.Http11NioProtocol - log
2019-10-22 09:54:53 AM [main] INFO  o.a.catalina.core.StandardService - log
2019-10-22 09:54:53 AM [main] INFO  o.a.catalina.core.StandardEngine - log
2019-10-22 09:54:53 AM [main] INFO  o.a.c.c.C.[Tomcat].[localhost].[/] - log
2019-10-22 09:54:53 AM [main] INFO  o.s.web.context.ContextLoader - prepareWebApplicationContext
2019-10-22 09:54:54 AM [main] INFO  com.zaxxer.hikari.HikariDataSource - getConnection
2019-10-22 09:54:54 AM [main] INFO  com.zaxxer.hikari.HikariDataSource - getConnection
2019-10-22 09:54:54 AM [main] INFO  o.h.jpa.internal.util.LogHelper - logPersistenceUnitInformation
2019-10-22 09:54:54 AM [main] INFO  org.hibernate.Version - logVersion
2019-10-22 09:54:54 AM [main] INFO  org.hibernate.cfg.Environment - <clinit>
2019-10-22 09:54:54 AM [main] INFO  o.h.annotations.common.Version - <clinit>
2019-10-22 09:54:55 AM [main] INFO  org.hibernate.dialect.Dialect - <init>
2019-10-22 09:54:56 AM [main] INFO  o.h.h.i.QueryTranslatorFactoryInitiator - initiateService
2019-10-22 09:54:56 AM [main] INFO  o.s.o.j.LocalContainerEntityManagerFactoryBean - buildNativeEntityManagerFactory
2019-10-22 09:54:58 AM [main] INFO  o.s.s.web.DefaultSecurityFilterChain - <init>
2019-10-22 09:54:58 AM [main] INFO  o.s.s.web.DefaultSecurityFilterChain - <init>
2019-10-22 09:54:58 AM [main] INFO  o.s.s.web.DefaultSecurityFilterChain - <init>
2019-10-22 09:54:58 AM [main] INFO  o.s.s.web.DefaultSecurityFilterChain - <init>
2019-10-22 09:54:58 AM [main] INFO  o.s.s.web.DefaultSecurityFilterChain - <init>
2019-10-22 09:54:58 AM [main] INFO  o.s.s.web.DefaultSecurityFilterChain - <init>
2019-10-22 09:54:58 AM [main] INFO  o.s.s.web.DefaultSecurityFilterChain - <init>
2019-10-22 09:54:58 AM [main] INFO  o.s.s.web.DefaultSecurityFilterChain - <init>
2019-10-22 09:54:58 AM [main] INFO  o.s.s.web.DefaultSecurityFilterChain - <init>
2019-10-22 09:54:58 AM [main] INFO  o.s.s.c.ThreadPoolTaskExecutor - initialize
2019-10-22 09:54:58 AM [main] WARN  o.s.b.a.o.j.JpaBaseConfiguration$JpaWebConfiguration$JpaWebMvcConfiguration - openEntityManagerInViewInterceptor
2019-10-22 09:54:59 AM [main] INFO  o.a.coyote.http11.Http11NioProtocol - log
2019-10-22 09:54:59 AM [main] INFO  o.s.b.w.e.tomcat.TomcatWebServer - start
2019-10-22 09:54:59 AM [main] INFO  com.vtc.event.VtcEventApplication - logStarted
2019-10-22 09:55:31 AM [http-nio-9093-exec-2] INFO  o.a.c.c.C.[Tomcat].[localhost].[/] - log
2019-10-22 09:55:31 AM [http-nio-9093-exec-2] INFO  o.s.web.servlet.DispatcherServlet - initServletBean
2019-10-22 09:55:31 AM [http-nio-9093-exec-2] INFO  o.s.web.servlet.DispatcherServlet - initServletBean
2019-10-22 09:55:31 AM [http-nio-9093-exec-2] INFO  c.v.e.l.c.LuckySpinController - getLuckySpinDetail
2019-10-22 09:55:32 AM [http-nio-9093-exec-2] INFO  c.v.e.l.c.LuckySpinController - toResult
2019-10-22 10:26:17 AM [Thread-3] INFO  o.s.s.c.ThreadPoolTaskExecutor - shutdown
2019-10-22 10:26:17 AM [Thread-3] INFO  o.s.o.j.LocalContainerEntityManagerFactoryBean - destroy
2019-10-22 10:26:17 AM [Thread-3] INFO  com.zaxxer.hikari.HikariDataSource - close
2019-10-22 10:26:17 AM [Thread-3] INFO  com.zaxxer.hikari.HikariDataSource - close
2019-10-22 10:26:41 AM [main] INFO  com.vtc.event.VtcEventApplication - logStarting
2019-10-22 10:26:41 AM [main] INFO  com.vtc.event.VtcEventApplication - logStartupProfileInfo
2019-10-22 10:26:42 AM [main] INFO  o.s.d.r.c.RepositoryConfigurationDelegate - registerRepositoriesIn
2019-10-22 10:26:42 AM [main] INFO  o.s.d.r.c.RepositoryConfigurationDelegate - registerRepositoriesIn
2019-10-22 10:26:43 AM [main] INFO  o.s.c.s.PostProcessorRegistrationDelegate$BeanPostProcessorChecker - postProcessAfterInitialization
2019-10-22 10:26:43 AM [main] INFO  o.s.c.s.PostProcessorRegistrationDelegate$BeanPostProcessorChecker - postProcessAfterInitialization
2019-10-22 10:26:43 AM [main] INFO  o.s.c.s.PostProcessorRegistrationDelegate$BeanPostProcessorChecker - postProcessAfterInitialization
2019-10-22 10:26:43 AM [main] INFO  o.s.c.s.PostProcessorRegistrationDelegate$BeanPostProcessorChecker - postProcessAfterInitialization
2019-10-22 10:26:43 AM [main] INFO  o.s.c.s.PostProcessorRegistrationDelegate$BeanPostProcessorChecker - postProcessAfterInitialization
2019-10-22 10:26:43 AM [main] INFO  o.s.c.s.PostProcessorRegistrationDelegate$BeanPostProcessorChecker - postProcessAfterInitialization
2019-10-22 10:26:44 AM [main] INFO  o.s.b.w.e.tomcat.TomcatWebServer - initialize
2019-10-22 10:26:44 AM [main] INFO  o.a.coyote.http11.Http11NioProtocol - log
2019-10-22 10:26:44 AM [main] INFO  o.a.catalina.core.StandardService - log
2019-10-22 10:26:44 AM [main] INFO  o.a.catalina.core.StandardEngine - log
2019-10-22 10:26:44 AM [main] INFO  o.a.c.c.C.[Tomcat].[localhost].[/] - log
2019-10-22 10:26:44 AM [main] INFO  o.s.web.context.ContextLoader - prepareWebApplicationContext
2019-10-22 10:26:44 AM [main] INFO  com.zaxxer.hikari.HikariDataSource - getConnection
2019-10-22 10:26:44 AM [main] INFO  com.zaxxer.hikari.HikariDataSource - getConnection
2019-10-22 10:26:44 AM [main] INFO  o.h.jpa.internal.util.LogHelper - logPersistenceUnitInformation
2019-10-22 10:26:45 AM [main] INFO  org.hibernate.Version - logVersion
2019-10-22 10:26:45 AM [main] INFO  org.hibernate.cfg.Environment - <clinit>
2019-10-22 10:26:45 AM [main] INFO  o.h.annotations.common.Version - <clinit>
2019-10-22 10:26:45 AM [main] INFO  org.hibernate.dialect.Dialect - <init>
2019-10-22 10:26:46 AM [main] INFO  o.h.h.i.QueryTranslatorFactoryInitiator - initiateService
2019-10-22 10:26:46 AM [main] INFO  o.s.o.j.LocalContainerEntityManagerFactoryBean - buildNativeEntityManagerFactory
2019-10-22 10:26:48 AM [main] INFO  o.s.s.web.DefaultSecurityFilterChain - <init>
2019-10-22 10:26:48 AM [main] INFO  o.s.s.web.DefaultSecurityFilterChain - <init>
2019-10-22 10:26:48 AM [main] INFO  o.s.s.web.DefaultSecurityFilterChain - <init>
2019-10-22 10:26:48 AM [main] INFO  o.s.s.web.DefaultSecurityFilterChain - <init>
2019-10-22 10:26:48 AM [main] INFO  o.s.s.web.DefaultSecurityFilterChain - <init>
2019-10-22 10:26:48 AM [main] INFO  o.s.s.web.DefaultSecurityFilterChain - <init>
2019-10-22 10:26:48 AM [main] INFO  o.s.s.web.DefaultSecurityFilterChain - <init>
2019-10-22 10:26:48 AM [main] INFO  o.s.s.web.DefaultSecurityFilterChain - <init>
2019-10-22 10:26:48 AM [main] INFO  o.s.s.web.DefaultSecurityFilterChain - <init>
2019-10-22 10:26:48 AM [main] INFO  o.s.s.c.ThreadPoolTaskExecutor - initialize
2019-10-22 10:26:49 AM [main] WARN  o.s.b.a.o.j.JpaBaseConfiguration$JpaWebConfiguration$JpaWebMvcConfiguration - openEntityManagerInViewInterceptor
2019-10-22 10:26:49 AM [main] INFO  o.a.coyote.http11.Http11NioProtocol - log
2019-10-22 10:26:49 AM [main] INFO  o.s.b.w.e.tomcat.TomcatWebServer - start
2019-10-22 10:26:49 AM [main] INFO  com.vtc.event.VtcEventApplication - logStarted
2019-10-22 10:27:07 AM [http-nio-9093-exec-9] INFO  o.a.c.c.C.[Tomcat].[localhost].[/] - log
2019-10-22 10:27:07 AM [http-nio-9093-exec-9] INFO  o.s.web.servlet.DispatcherServlet - initServletBean
2019-10-22 10:27:07 AM [http-nio-9093-exec-9] INFO  o.s.web.servlet.DispatcherServlet - initServletBean
2019-10-22 10:27:07 AM [http-nio-9093-exec-9] INFO  c.v.e.l.c.LuckySpinController - getLuckySpinDetail
2019-10-22 10:27:07 AM [http-nio-9093-exec-9] INFO  c.v.e.l.c.LuckySpinController - toResult
2019-10-22 10:41:55 AM [Thread-3] INFO  o.s.s.c.ThreadPoolTaskExecutor - shutdown
2019-10-22 10:41:55 AM [Thread-3] INFO  o.s.o.j.LocalContainerEntityManagerFactoryBean - destroy
2019-10-22 10:41:55 AM [Thread-3] INFO  com.zaxxer.hikari.HikariDataSource - close
2019-10-22 10:41:55 AM [Thread-3] INFO  com.zaxxer.hikari.HikariDataSource - close
2019-10-22 10:42:31 AM [main] INFO  com.vtc.event.VtcEventApplication - logStarting
2019-10-22 10:42:31 AM [main] INFO  com.vtc.event.VtcEventApplication - logStartupProfileInfo
2019-10-22 10:42:33 AM [main] INFO  o.s.d.r.c.RepositoryConfigurationDelegate - registerRepositoriesIn
2019-10-22 10:42:33 AM [main] INFO  o.s.d.r.c.RepositoryConfigurationDelegate - registerRepositoriesIn
2019-10-22 10:42:34 AM [main] INFO  o.s.c.s.PostProcessorRegistrationDelegate$BeanPostProcessorChecker - postProcessAfterInitialization
2019-10-22 10:42:34 AM [main] INFO  o.s.c.s.PostProcessorRegistrationDelegate$BeanPostProcessorChecker - postProcessAfterInitialization
2019-10-22 10:42:34 AM [main] INFO  o.s.c.s.PostProcessorRegistrationDelegate$BeanPostProcessorChecker - postProcessAfterInitialization
2019-10-22 10:42:34 AM [main] INFO  o.s.c.s.PostProcessorRegistrationDelegate$BeanPostProcessorChecker - postProcessAfterInitialization
2019-10-22 10:42:34 AM [main] INFO  o.s.c.s.PostProcessorRegistrationDelegate$BeanPostProcessorChecker - postProcessAfterInitialization
2019-10-22 10:42:34 AM [main] INFO  o.s.c.s.PostProcessorRegistrationDelegate$BeanPostProcessorChecker - postProcessAfterInitialization
2019-10-22 10:42:35 AM [main] INFO  o.s.b.w.e.tomcat.TomcatWebServer - initialize
2019-10-22 10:42:35 AM [main] INFO  o.a.coyote.http11.Http11NioProtocol - log
2019-10-22 10:42:35 AM [main] INFO  o.a.catalina.core.StandardService - log
2019-10-22 10:42:35 AM [main] INFO  o.a.catalina.core.StandardEngine - log
2019-10-22 10:42:35 AM [main] INFO  o.a.c.c.C.[Tomcat].[localhost].[/] - log
2019-10-22 10:42:35 AM [main] INFO  o.s.web.context.ContextLoader - prepareWebApplicationContext
2019-10-22 10:42:35 AM [main] INFO  com.zaxxer.hikari.HikariDataSource - getConnection
2019-10-22 10:42:36 AM [main] INFO  com.zaxxer.hikari.HikariDataSource - getConnection
2019-10-22 10:42:36 AM [main] INFO  o.h.jpa.internal.util.LogHelper - logPersistenceUnitInformation
2019-10-22 10:42:36 AM [main] INFO  org.hibernate.Version - logVersion
2019-10-22 10:42:36 AM [main] INFO  org.hibernate.cfg.Environment - <clinit>
2019-10-22 10:42:36 AM [main] INFO  o.h.annotations.common.Version - <clinit>
2019-10-22 10:42:37 AM [main] INFO  org.hibernate.dialect.Dialect - <init>
2019-10-22 10:42:38 AM [main] INFO  o.h.h.i.QueryTranslatorFactoryInitiator - initiateService
2019-10-22 10:42:38 AM [main] INFO  o.s.o.j.LocalContainerEntityManagerFactoryBean - buildNativeEntityManagerFactory
2019-10-22 10:42:41 AM [main] INFO  o.s.s.web.DefaultSecurityFilterChain - <init>
2019-10-22 10:42:41 AM [main] INFO  o.s.s.web.DefaultSecurityFilterChain - <init>
2019-10-22 10:42:41 AM [main] INFO  o.s.s.web.DefaultSecurityFilterChain - <init>
2019-10-22 10:42:41 AM [main] INFO  o.s.s.web.DefaultSecurityFilterChain - <init>
2019-10-22 10:42:41 AM [main] INFO  o.s.s.web.DefaultSecurityFilterChain - <init>
2019-10-22 10:42:41 AM [main] INFO  o.s.s.web.DefaultSecurityFilterChain - <init>
2019-10-22 10:42:41 AM [main] INFO  o.s.s.web.DefaultSecurityFilterChain - <init>
2019-10-22 10:42:41 AM [main] INFO  o.s.s.web.DefaultSecurityFilterChain - <init>
2019-10-22 10:42:41 AM [main] INFO  o.s.s.web.DefaultSecurityFilterChain - <init>
2019-10-22 10:42:41 AM [main] INFO  o.s.s.c.ThreadPoolTaskExecutor - initialize
2019-10-22 10:42:41 AM [main] WARN  o.s.b.a.o.j.JpaBaseConfiguration$JpaWebConfiguration$JpaWebMvcConfiguration - openEntityManagerInViewInterceptor
2019-10-22 10:42:42 AM [main] INFO  o.a.coyote.http11.Http11NioProtocol - log
2019-10-22 10:42:42 AM [main] INFO  o.s.b.w.e.tomcat.TomcatWebServer - start
2019-10-22 10:42:42 AM [main] INFO  com.vtc.event.VtcEventApplication - logStarted
2019-10-22 10:42:59 AM [Thread-3] INFO  o.s.s.c.ThreadPoolTaskExecutor - shutdown
2019-10-22 10:42:59 AM [Thread-3] INFO  o.s.o.j.LocalContainerEntityManagerFactoryBean - destroy
2019-10-22 10:42:59 AM [Thread-3] INFO  com.zaxxer.hikari.HikariDataSource - close
2019-10-22 10:43:00 AM [Thread-3] INFO  com.zaxxer.hikari.HikariDataSource - close
2019-10-22 10:43:27 AM [main] INFO  com.vtc.event.VtcEventApplication - logStarting
2019-10-22 10:43:27 AM [main] INFO  com.vtc.event.VtcEventApplication - logStartupProfileInfo
2019-10-22 10:43:28 AM [main] INFO  o.s.d.r.c.RepositoryConfigurationDelegate - registerRepositoriesIn
2019-10-22 10:43:28 AM [main] INFO  o.s.d.r.c.RepositoryConfigurationDelegate - registerRepositoriesIn
2019-10-22 10:43:29 AM [main] INFO  o.s.c.s.PostProcessorRegistrationDelegate$BeanPostProcessorChecker - postProcessAfterInitialization
2019-10-22 10:43:29 AM [main] INFO  o.s.c.s.PostProcessorRegistrationDelegate$BeanPostProcessorChecker - postProcessAfterInitialization
2019-10-22 10:43:29 AM [main] INFO  o.s.c.s.PostProcessorRegistrationDelegate$BeanPostProcessorChecker - postProcessAfterInitialization
2019-10-22 10:43:29 AM [main] INFO  o.s.c.s.PostProcessorRegistrationDelegate$BeanPostProcessorChecker - postProcessAfterInitialization
2019-10-22 10:43:29 AM [main] INFO  o.s.c.s.PostProcessorRegistrationDelegate$BeanPostProcessorChecker - postProcessAfterInitialization
2019-10-22 10:43:29 AM [main] INFO  o.s.c.s.PostProcessorRegistrationDelegate$BeanPostProcessorChecker - postProcessAfterInitialization
2019-10-22 10:43:30 AM [main] INFO  o.s.b.w.e.tomcat.TomcatWebServer - initialize
2019-10-22 10:43:30 AM [main] INFO  o.a.coyote.http11.Http11NioProtocol - log
2019-10-22 10:43:30 AM [main] INFO  o.a.catalina.core.StandardService - log
2019-10-22 10:43:30 AM [main] INFO  o.a.catalina.core.StandardEngine - log
2019-10-22 10:43:30 AM [main] INFO  o.a.c.c.C.[Tomcat].[localhost].[/] - log
2019-10-22 10:43:30 AM [main] INFO  o.s.web.context.ContextLoader - prepareWebApplicationContext
2019-10-22 10:43:30 AM [main] INFO  com.zaxxer.hikari.HikariDataSource - getConnection
2019-10-22 10:43:31 AM [main] INFO  com.zaxxer.hikari.HikariDataSource - getConnection
2019-10-22 10:43:31 AM [main] INFO  o.h.jpa.internal.util.LogHelper - logPersistenceUnitInformation
2019-10-22 10:43:31 AM [main] INFO  org.hibernate.Version - logVersion
2019-10-22 10:43:31 AM [main] INFO  org.hibernate.cfg.Environment - <clinit>
2019-10-22 10:43:31 AM [main] INFO  o.h.annotations.common.Version - <clinit>
2019-10-22 10:43:31 AM [main] INFO  org.hibernate.dialect.Dialect - <init>
2019-10-22 10:43:33 AM [main] INFO  o.h.h.i.QueryTranslatorFactoryInitiator - initiateService
2019-10-22 10:43:33 AM [main] INFO  o.s.o.j.LocalContainerEntityManagerFactoryBean - buildNativeEntityManagerFactory
2019-10-22 10:43:35 AM [main] INFO  o.s.s.web.DefaultSecurityFilterChain - <init>
2019-10-22 10:43:35 AM [main] INFO  o.s.s.web.DefaultSecurityFilterChain - <init>
2019-10-22 10:43:35 AM [main] INFO  o.s.s.web.DefaultSecurityFilterChain - <init>
2019-10-22 10:43:35 AM [main] INFO  o.s.s.web.DefaultSecurityFilterChain - <init>
2019-10-22 10:43:35 AM [main] INFO  o.s.s.web.DefaultSecurityFilterChain - <init>
2019-10-22 10:43:35 AM [main] INFO  o.s.s.web.DefaultSecurityFilterChain - <init>
2019-10-22 10:43:35 AM [main] INFO  o.s.s.web.DefaultSecurityFilterChain - <init>
2019-10-22 10:43:35 AM [main] INFO  o.s.s.web.DefaultSecurityFilterChain - <init>
2019-10-22 10:43:35 AM [main] INFO  o.s.s.web.DefaultSecurityFilterChain - <init>
2019-10-22 10:43:35 AM [main] INFO  o.s.s.c.ThreadPoolTaskExecutor - initialize
2019-10-22 10:43:35 AM [main] WARN  o.s.b.a.o.j.JpaBaseConfiguration$JpaWebConfiguration$JpaWebMvcConfiguration - openEntityManagerInViewInterceptor
2019-10-22 10:43:35 AM [main] INFO  o.a.coyote.http11.Http11NioProtocol - log
2019-10-22 10:43:35 AM [main] INFO  o.s.b.w.e.tomcat.TomcatWebServer - start
2019-10-22 10:43:35 AM [main] INFO  com.vtc.event.VtcEventApplication - logStarted
2019-10-22 10:43:44 AM [http-nio-9093-exec-2] INFO  o.a.c.c.C.[Tomcat].[localhost].[/] - log
2019-10-22 10:43:44 AM [http-nio-9093-exec-2] INFO  o.s.web.servlet.DispatcherServlet - initServletBean
2019-10-22 10:43:44 AM [http-nio-9093-exec-2] INFO  o.s.web.servlet.DispatcherServlet - initServletBean
2019-10-22 10:43:44 AM [http-nio-9093-exec-2] INFO  c.v.e.l.c.LuckySpinController - getLuckySpinDetail
2019-10-22 10:43:45 AM [http-nio-9093-exec-2] INFO  c.v.e.l.c.LuckySpinController - toResult
2019-10-22 10:45:22 AM [Thread-3] INFO  o.s.s.c.ThreadPoolTaskExecutor - shutdown
2019-10-22 10:45:22 AM [Thread-3] INFO  o.s.o.j.LocalContainerEntityManagerFactoryBean - destroy
2019-10-22 10:45:22 AM [Thread-3] INFO  com.zaxxer.hikari.HikariDataSource - close
2019-10-22 10:45:22 AM [Thread-3] INFO  com.zaxxer.hikari.HikariDataSource - close
2019-10-22 10:45:48 AM [main] INFO  com.vtc.event.VtcEventApplication - logStarting
2019-10-22 10:45:48 AM [main] INFO  com.vtc.event.VtcEventApplication - logStartupProfileInfo
2019-10-22 10:45:49 AM [main] INFO  o.s.d.r.c.RepositoryConfigurationDelegate - registerRepositoriesIn
2019-10-22 10:45:49 AM [main] INFO  o.s.d.r.c.RepositoryConfigurationDelegate - registerRepositoriesIn
2019-10-22 10:45:49 AM [main] INFO  o.s.c.s.PostProcessorRegistrationDelegate$BeanPostProcessorChecker - postProcessAfterInitialization
2019-10-22 10:45:49 AM [main] INFO  o.s.c.s.PostProcessorRegistrationDelegate$BeanPostProcessorChecker - postProcessAfterInitialization
2019-10-22 10:45:49 AM [main] INFO  o.s.c.s.PostProcessorRegistrationDelegate$BeanPostProcessorChecker - postProcessAfterInitialization
2019-10-22 10:45:49 AM [main] INFO  o.s.c.s.PostProcessorRegistrationDelegate$BeanPostProcessorChecker - postProcessAfterInitialization
2019-10-22 10:45:50 AM [main] INFO  o.s.c.s.PostProcessorRegistrationDelegate$BeanPostProcessorChecker - postProcessAfterInitialization
2019-10-22 10:45:50 AM [main] INFO  o.s.c.s.PostProcessorRegistrationDelegate$BeanPostProcessorChecker - postProcessAfterInitialization
2019-10-22 10:45:50 AM [main] INFO  o.s.b.w.e.tomcat.TomcatWebServer - initialize
2019-10-22 10:45:50 AM [main] INFO  o.a.coyote.http11.Http11NioProtocol - log
2019-10-22 10:45:50 AM [main] INFO  o.a.catalina.core.StandardService - log
2019-10-22 10:45:50 AM [main] INFO  o.a.catalina.core.StandardEngine - log
2019-10-22 10:45:50 AM [main] INFO  o.a.c.c.C.[Tomcat].[localhost].[/] - log
2019-10-22 10:45:50 AM [main] INFO  o.s.web.context.ContextLoader - prepareWebApplicationContext
2019-10-22 10:45:50 AM [main] INFO  com.zaxxer.hikari.HikariDataSource - getConnection
2019-10-22 10:45:51 AM [main] INFO  com.zaxxer.hikari.HikariDataSource - getConnection
2019-10-22 10:45:51 AM [main] INFO  o.h.jpa.internal.util.LogHelper - logPersistenceUnitInformation
2019-10-22 10:45:51 AM [main] INFO  org.hibernate.Version - logVersion
2019-10-22 10:45:51 AM [main] INFO  org.hibernate.cfg.Environment - <clinit>
2019-10-22 10:45:51 AM [main] INFO  o.h.annotations.common.Version - <clinit>
2019-10-22 10:45:51 AM [main] INFO  org.hibernate.dialect.Dialect - <init>
2019-10-22 10:45:53 AM [main] INFO  o.h.h.i.QueryTranslatorFactoryInitiator - initiateService
2019-10-22 10:45:53 AM [main] INFO  o.s.o.j.LocalContainerEntityManagerFactoryBean - buildNativeEntityManagerFactory
2019-10-22 10:45:55 AM [main] INFO  o.s.s.web.DefaultSecurityFilterChain - <init>
2019-10-22 10:45:55 AM [main] INFO  o.s.s.web.DefaultSecurityFilterChain - <init>
2019-10-22 10:45:55 AM [main] INFO  o.s.s.web.DefaultSecurityFilterChain - <init>
2019-10-22 10:45:55 AM [main] INFO  o.s.s.web.DefaultSecurityFilterChain - <init>
2019-10-22 10:45:55 AM [main] INFO  o.s.s.web.DefaultSecurityFilterChain - <init>
2019-10-22 10:45:55 AM [main] INFO  o.s.s.web.DefaultSecurityFilterChain - <init>
2019-10-22 10:45:55 AM [main] INFO  o.s.s.web.DefaultSecurityFilterChain - <init>
2019-10-22 10:45:55 AM [main] INFO  o.s.s.web.DefaultSecurityFilterChain - <init>
2019-10-22 10:45:55 AM [main] INFO  o.s.s.web.DefaultSecurityFilterChain - <init>
2019-10-22 10:45:55 AM [main] INFO  o.s.s.c.ThreadPoolTaskExecutor - initialize
2019-10-22 10:45:55 AM [main] WARN  o.s.b.a.o.j.JpaBaseConfiguration$JpaWebConfiguration$JpaWebMvcConfiguration - openEntityManagerInViewInterceptor
2019-10-22 10:45:55 AM [main] INFO  o.a.coyote.http11.Http11NioProtocol - log
2019-10-22 10:45:55 AM [main] INFO  o.s.b.w.e.tomcat.TomcatWebServer - start
2019-10-22 10:45:55 AM [main] INFO  com.vtc.event.VtcEventApplication - logStarted
2019-10-22 10:50:30 AM [Thread-3] INFO  o.s.s.c.ThreadPoolTaskExecutor - shutdown
2019-10-22 10:50:30 AM [Thread-3] INFO  o.s.o.j.LocalContainerEntityManagerFactoryBean - destroy
2019-10-22 10:50:30 AM [Thread-3] INFO  com.zaxxer.hikari.HikariDataSource - close
2019-10-22 10:50:30 AM [Thread-3] INFO  com.zaxxer.hikari.HikariDataSource - close
2019-10-22 10:50:53 AM [main] INFO  com.vtc.event.VtcEventApplication - logStarting
2019-10-22 10:50:53 AM [main] INFO  com.vtc.event.VtcEventApplication - logStartupProfileInfo
2019-10-22 10:50:54 AM [main] INFO  o.s.d.r.c.RepositoryConfigurationDelegate - registerRepositoriesIn
2019-10-22 10:50:54 AM [main] INFO  o.s.d.r.c.RepositoryConfigurationDelegate - registerRepositoriesIn
2019-10-22 10:50:55 AM [main] INFO  o.s.c.s.PostProcessorRegistrationDelegate$BeanPostProcessorChecker - postProcessAfterInitialization
2019-10-22 10:50:55 AM [main] INFO  o.s.c.s.PostProcessorRegistrationDelegate$BeanPostProcessorChecker - postProcessAfterInitialization
2019-10-22 10:50:55 AM [main] INFO  o.s.c.s.PostProcessorRegistrationDelegate$BeanPostProcessorChecker - postProcessAfterInitialization
2019-10-22 10:50:55 AM [main] INFO  o.s.c.s.PostProcessorRegistrationDelegate$BeanPostProcessorChecker - postProcessAfterInitialization
2019-10-22 10:50:55 AM [main] INFO  o.s.c.s.PostProcessorRegistrationDelegate$BeanPostProcessorChecker - postProcessAfterInitialization
2019-10-22 10:50:55 AM [main] INFO  o.s.c.s.PostProcessorRegistrationDelegate$BeanPostProcessorChecker - postProcessAfterInitialization
2019-10-22 10:50:56 AM [main] INFO  o.s.b.w.e.tomcat.TomcatWebServer - initialize
2019-10-22 10:50:56 AM [main] INFO  o.a.coyote.http11.Http11NioProtocol - log
2019-10-22 10:50:56 AM [main] INFO  o.a.catalina.core.StandardService - log
2019-10-22 10:50:56 AM [main] INFO  o.a.catalina.core.StandardEngine - log
2019-10-22 10:50:56 AM [main] INFO  o.a.c.c.C.[Tomcat].[localhost].[/] - log
2019-10-22 10:50:56 AM [main] INFO  o.s.web.context.ContextLoader - prepareWebApplicationContext
2019-10-22 10:50:56 AM [main] INFO  com.zaxxer.hikari.HikariDataSource - getConnection
2019-10-22 10:50:56 AM [main] INFO  com.zaxxer.hikari.HikariDataSource - getConnection
2019-10-22 10:50:56 AM [main] INFO  o.h.jpa.internal.util.LogHelper - logPersistenceUnitInformation
2019-10-22 10:50:56 AM [main] INFO  org.hibernate.Version - logVersion
2019-10-22 10:50:56 AM [main] INFO  org.hibernate.cfg.Environment - <clinit>
2019-10-22 10:50:57 AM [main] INFO  o.h.annotations.common.Version - <clinit>
2019-10-22 10:50:57 AM [main] INFO  org.hibernate.dialect.Dialect - <init>
2019-10-22 10:50:58 AM [main] INFO  o.h.h.i.QueryTranslatorFactoryInitiator - initiateService
2019-10-22 10:50:58 AM [main] INFO  o.s.o.j.LocalContainerEntityManagerFactoryBean - buildNativeEntityManagerFactory
2019-10-22 10:51:00 AM [main] INFO  o.s.s.web.DefaultSecurityFilterChain - <init>
2019-10-22 10:51:00 AM [main] INFO  o.s.s.web.DefaultSecurityFilterChain - <init>
2019-10-22 10:51:00 AM [main] INFO  o.s.s.web.DefaultSecurityFilterChain - <init>
2019-10-22 10:51:00 AM [main] INFO  o.s.s.web.DefaultSecurityFilterChain - <init>
2019-10-22 10:51:00 AM [main] INFO  o.s.s.web.DefaultSecurityFilterChain - <init>
2019-10-22 10:51:00 AM [main] INFO  o.s.s.web.DefaultSecurityFilterChain - <init>
2019-10-22 10:51:00 AM [main] INFO  o.s.s.web.DefaultSecurityFilterChain - <init>
2019-10-22 10:51:00 AM [main] INFO  o.s.s.web.DefaultSecurityFilterChain - <init>
2019-10-22 10:51:00 AM [main] INFO  o.s.s.web.DefaultSecurityFilterChain - <init>
2019-10-22 10:51:00 AM [main] INFO  o.s.s.c.ThreadPoolTaskExecutor - initialize
2019-10-22 10:51:00 AM [main] WARN  o.s.b.a.o.j.JpaBaseConfiguration$JpaWebConfiguration$JpaWebMvcConfiguration - openEntityManagerInViewInterceptor
2019-10-22 10:51:01 AM [main] INFO  o.a.coyote.http11.Http11NioProtocol - log
2019-10-22 10:51:01 AM [main] INFO  o.s.b.w.e.tomcat.TomcatWebServer - start
2019-10-22 10:51:01 AM [main] INFO  com.vtc.event.VtcEventApplication - logStarted
2019-10-22 10:52:14 AM [http-nio-9093-exec-1] INFO  o.a.c.c.C.[Tomcat].[localhost].[/] - log
2019-10-22 10:52:14 AM [http-nio-9093-exec-1] INFO  o.s.web.servlet.DispatcherServlet - initServletBean
2019-10-22 10:52:14 AM [http-nio-9093-exec-1] INFO  o.s.web.servlet.DispatcherServlet - initServletBean
2019-10-22 10:52:14 AM [http-nio-9093-exec-1] INFO  c.v.e.l.c.LuckySpinController - getLuckySpinDetail
2019-10-22 10:52:14 AM [http-nio-9093-exec-1] INFO  c.v.e.l.c.LuckySpinController - toResult
2019-10-22 10:52:22 AM [Thread-3] INFO  o.s.s.c.ThreadPoolTaskExecutor - shutdown
2019-10-22 10:52:22 AM [Thread-3] INFO  o.s.o.j.LocalContainerEntityManagerFactoryBean - destroy
2019-10-22 10:52:22 AM [Thread-3] INFO  com.zaxxer.hikari.HikariDataSource - close
2019-10-22 10:52:22 AM [Thread-3] INFO  com.zaxxer.hikari.HikariDataSource - close
2019-10-22 10:52:43 AM [main] INFO  com.vtc.event.VtcEventApplication - logStarting
2019-10-22 10:52:43 AM [main] INFO  com.vtc.event.VtcEventApplication - logStartupProfileInfo
2019-10-22 10:52:44 AM [main] INFO  o.s.d.r.c.RepositoryConfigurationDelegate - registerRepositoriesIn
2019-10-22 10:52:44 AM [main] INFO  o.s.d.r.c.RepositoryConfigurationDelegate - registerRepositoriesIn
2019-10-22 10:52:45 AM [main] INFO  o.s.c.s.PostProcessorRegistrationDelegate$BeanPostProcessorChecker - postProcessAfterInitialization
2019-10-22 10:52:45 AM [main] INFO  o.s.c.s.PostProcessorRegistrationDelegate$BeanPostProcessorChecker - postProcessAfterInitialization
2019-10-22 10:52:45 AM [main] INFO  o.s.c.s.PostProcessorRegistrationDelegate$BeanPostProcessorChecker - postProcessAfterInitialization
2019-10-22 10:52:45 AM [main] INFO  o.s.c.s.PostProcessorRegistrationDelegate$BeanPostProcessorChecker - postProcessAfterInitialization
2019-10-22 10:52:45 AM [main] INFO  o.s.c.s.PostProcessorRegistrationDelegate$BeanPostProcessorChecker - postProcessAfterInitialization
2019-10-22 10:52:45 AM [main] INFO  o.s.c.s.PostProcessorRegistrationDelegate$BeanPostProcessorChecker - postProcessAfterInitialization
2019-10-22 10:52:46 AM [main] INFO  o.s.b.w.e.tomcat.TomcatWebServer - initialize
2019-10-22 10:52:46 AM [main] INFO  o.a.coyote.http11.Http11NioProtocol - log
2019-10-22 10:52:46 AM [main] INFO  o.a.catalina.core.StandardService - log
2019-10-22 10:52:46 AM [main] INFO  o.a.catalina.core.StandardEngine - log
2019-10-22 10:52:46 AM [main] INFO  o.a.c.c.C.[Tomcat].[localhost].[/] - log
2019-10-22 10:52:46 AM [main] INFO  o.s.web.context.ContextLoader - prepareWebApplicationContext
2019-10-22 10:52:46 AM [main] INFO  com.zaxxer.hikari.HikariDataSource - getConnection
2019-10-22 10:52:46 AM [main] INFO  com.zaxxer.hikari.HikariDataSource - getConnection
2019-10-22 10:52:47 AM [main] INFO  o.h.jpa.internal.util.LogHelper - logPersistenceUnitInformation
2019-10-22 10:52:47 AM [main] INFO  org.hibernate.Version - logVersion
2019-10-22 10:52:47 AM [main] INFO  org.hibernate.cfg.Environment - <clinit>
2019-10-22 10:52:47 AM [main] INFO  o.h.annotations.common.Version - <clinit>
2019-10-22 10:52:47 AM [main] INFO  org.hibernate.dialect.Dialect - <init>
2019-10-22 10:52:49 AM [main] INFO  o.h.h.i.QueryTranslatorFactoryInitiator - initiateService
2019-10-22 10:52:49 AM [main] INFO  o.s.o.j.LocalContainerEntityManagerFactoryBean - buildNativeEntityManagerFactory
2019-10-22 10:52:50 AM [main] INFO  o.s.s.web.DefaultSecurityFilterChain - <init>
2019-10-22 10:52:50 AM [main] INFO  o.s.s.web.DefaultSecurityFilterChain - <init>
2019-10-22 10:52:50 AM [main] INFO  o.s.s.web.DefaultSecurityFilterChain - <init>
2019-10-22 10:52:50 AM [main] INFO  o.s.s.web.DefaultSecurityFilterChain - <init>
2019-10-22 10:52:50 AM [main] INFO  o.s.s.web.DefaultSecurityFilterChain - <init>
2019-10-22 10:52:50 AM [main] INFO  o.s.s.web.DefaultSecurityFilterChain - <init>
2019-10-22 10:52:50 AM [main] INFO  o.s.s.web.DefaultSecurityFilterChain - <init>
2019-10-22 10:52:50 AM [main] INFO  o.s.s.web.DefaultSecurityFilterChain - <init>
2019-10-22 10:52:51 AM [main] INFO  o.s.s.web.DefaultSecurityFilterChain - <init>
2019-10-22 10:52:51 AM [main] INFO  o.s.s.c.ThreadPoolTaskExecutor - initialize
2019-10-22 10:52:51 AM [main] WARN  o.s.b.a.o.j.JpaBaseConfiguration$JpaWebConfiguration$JpaWebMvcConfiguration - openEntityManagerInViewInterceptor
2019-10-22 10:52:51 AM [main] INFO  o.a.coyote.http11.Http11NioProtocol - log
2019-10-22 10:52:51 AM [main] INFO  o.s.b.w.e.tomcat.TomcatWebServer - start
2019-10-22 10:52:51 AM [main] INFO  com.vtc.event.VtcEventApplication - logStarted
2019-10-22 10:53:01 AM [http-nio-9093-exec-1] INFO  o.a.c.c.C.[Tomcat].[localhost].[/] - log
2019-10-22 10:53:01 AM [http-nio-9093-exec-1] INFO  o.s.web.servlet.DispatcherServlet - initServletBean
2019-10-22 10:53:01 AM [http-nio-9093-exec-1] INFO  o.s.web.servlet.DispatcherServlet - initServletBean
2019-10-22 10:53:01 AM [http-nio-9093-exec-1] INFO  c.v.e.l.c.LuckySpinController - getLuckySpinDetail
2019-10-22 10:53:02 AM [http-nio-9093-exec-1] INFO  c.v.e.l.c.LuckySpinController - toResult
2019-10-22 10:53:36 AM [Thread-3] INFO  o.s.s.c.ThreadPoolTaskExecutor - shutdown
2019-10-22 10:53:36 AM [Thread-3] INFO  o.s.o.j.LocalContainerEntityManagerFactoryBean - destroy
2019-10-22 10:53:36 AM [Thread-3] INFO  com.zaxxer.hikari.HikariDataSource - close
2019-10-22 10:53:36 AM [Thread-3] INFO  com.zaxxer.hikari.HikariDataSource - close
2019-10-22 10:54:03 AM [main] INFO  com.vtc.event.VtcEventApplication - logStarting
2019-10-22 10:54:03 AM [main] INFO  com.vtc.event.VtcEventApplication - logStartupProfileInfo
2019-10-22 10:54:04 AM [main] INFO  o.s.d.r.c.RepositoryConfigurationDelegate - registerRepositoriesIn
2019-10-22 10:54:04 AM [main] INFO  o.s.d.r.c.RepositoryConfigurationDelegate - registerRepositoriesIn
2019-10-22 10:54:05 AM [main] INFO  o.s.c.s.PostProcessorRegistrationDelegate$BeanPostProcessorChecker - postProcessAfterInitialization
2019-10-22 10:54:05 AM [main] INFO  o.s.c.s.PostProcessorRegistrationDelegate$BeanPostProcessorChecker - postProcessAfterInitialization
2019-10-22 10:54:05 AM [main] INFO  o.s.c.s.PostProcessorRegistrationDelegate$BeanPostProcessorChecker - postProcessAfterInitialization
2019-10-22 10:54:05 AM [main] INFO  o.s.c.s.PostProcessorRegistrationDelegate$BeanPostProcessorChecker - postProcessAfterInitialization
2019-10-22 10:54:05 AM [main] INFO  o.s.c.s.PostProcessorRegistrationDelegate$BeanPostProcessorChecker - postProcessAfterInitialization
2019-10-22 10:54:05 AM [main] INFO  o.s.c.s.PostProcessorRegistrationDelegate$BeanPostProcessorChecker - postProcessAfterInitialization
2019-10-22 10:54:06 AM [main] INFO  o.s.b.w.e.tomcat.TomcatWebServer - initialize
2019-10-22 10:54:06 AM [main] INFO  o.a.coyote.http11.Http11NioProtocol - log
2019-10-22 10:54:06 AM [main] INFO  o.a.catalina.core.StandardService - log
2019-10-22 10:54:06 AM [main] INFO  o.a.catalina.core.StandardEngine - log
2019-10-22 10:54:06 AM [main] INFO  o.a.c.c.C.[Tomcat].[localhost].[/] - log
2019-10-22 10:54:06 AM [main] INFO  o.s.web.context.ContextLoader - prepareWebApplicationContext
2019-10-22 10:54:06 AM [main] INFO  com.zaxxer.hikari.HikariDataSource - getConnection
2019-10-22 10:54:06 AM [main] INFO  com.zaxxer.hikari.HikariDataSource - getConnection
2019-10-22 10:54:06 AM [main] INFO  o.h.jpa.internal.util.LogHelper - logPersistenceUnitInformation
2019-10-22 10:54:07 AM [main] INFO  org.hibernate.Version - logVersion
2019-10-22 10:54:07 AM [main] INFO  org.hibernate.cfg.Environment - <clinit>
2019-10-22 10:54:07 AM [main] INFO  o.h.annotations.common.Version - <clinit>
2019-10-22 10:54:07 AM [main] INFO  org.hibernate.dialect.Dialect - <init>
2019-10-22 10:54:09 AM [main] INFO  o.h.h.i.QueryTranslatorFactoryInitiator - initiateService
2019-10-22 10:54:09 AM [main] INFO  o.s.o.j.LocalContainerEntityManagerFactoryBean - buildNativeEntityManagerFactory
2019-10-22 10:54:11 AM [main] INFO  o.s.s.web.DefaultSecurityFilterChain - <init>
2019-10-22 10:54:11 AM [main] INFO  o.s.s.web.DefaultSecurityFilterChain - <init>
2019-10-22 10:54:11 AM [main] INFO  o.s.s.web.DefaultSecurityFilterChain - <init>
2019-10-22 10:54:11 AM [main] INFO  o.s.s.web.DefaultSecurityFilterChain - <init>
2019-10-22 10:54:11 AM [main] INFO  o.s.s.web.DefaultSecurityFilterChain - <init>
2019-10-22 10:54:11 AM [main] INFO  o.s.s.web.DefaultSecurityFilterChain - <init>
2019-10-22 10:54:11 AM [main] INFO  o.s.s.web.DefaultSecurityFilterChain - <init>
2019-10-22 10:54:11 AM [main] INFO  o.s.s.web.DefaultSecurityFilterChain - <init>
2019-10-22 10:54:11 AM [main] INFO  o.s.s.web.DefaultSecurityFilterChain - <init>
2019-10-22 10:54:11 AM [main] INFO  o.s.s.c.ThreadPoolTaskExecutor - initialize
2019-10-22 10:54:11 AM [main] WARN  o.s.b.a.o.j.JpaBaseConfiguration$JpaWebConfiguration$JpaWebMvcConfiguration - openEntityManagerInViewInterceptor
2019-10-22 10:54:12 AM [main] INFO  o.a.coyote.http11.Http11NioProtocol - log
2019-10-22 10:54:12 AM [main] INFO  o.s.b.w.e.tomcat.TomcatWebServer - start
2019-10-22 10:54:12 AM [main] INFO  com.vtc.event.VtcEventApplication - logStarted
2019-10-22 10:54:13 AM [http-nio-9093-exec-10] INFO  o.a.c.c.C.[Tomcat].[localhost].[/] - log
2019-10-22 10:54:13 AM [http-nio-9093-exec-10] INFO  o.s.web.servlet.DispatcherServlet - initServletBean
2019-10-22 10:54:13 AM [http-nio-9093-exec-10] INFO  o.s.web.servlet.DispatcherServlet - initServletBean
2019-10-22 10:54:13 AM [http-nio-9093-exec-10] INFO  c.v.e.l.c.LuckySpinController - getLuckySpinDetail
2019-10-22 10:54:14 AM [http-nio-9093-exec-10] INFO  c.v.e.l.c.LuckySpinController - toResult
2019-10-22 16:13:10 PM [http-nio-9093-exec-6] INFO  c.v.e.l.c.LuckySpinHistoryController - getSpinTudo
2019-10-22 16:13:12 PM [http-nio-9093-exec-6] INFO  c.v.e.l.c.LuckySpinHistoryController - toResult
2019-10-22 16:13:57 PM [http-nio-9093-exec-4] INFO  c.v.e.l.c.LuckySpinHistoryController - getSpinTudo
2019-10-22 16:13:57 PM [http-nio-9093-exec-4] INFO  c.v.e.l.c.LuckySpinHistoryController - toResult
2019-10-22 16:14:13 PM [http-nio-9093-exec-2] INFO  c.v.e.l.c.LuckySpinHistoryController - getSpinTudo
2019-10-22 16:14:14 PM [http-nio-9093-exec-2] INFO  c.v.e.l.c.LuckySpinHistoryController - toResult
2019-10-22 16:14:22 PM [http-nio-9093-exec-1] INFO  c.v.e.l.c.LuckySpinHistoryController - getSpinTudo
2019-10-22 16:14:23 PM [http-nio-9093-exec-1] INFO  c.v.e.l.c.LuckySpinHistoryController - toResult
2019-10-22 16:14:30 PM [http-nio-9093-exec-9] INFO  c.v.e.l.c.LuckySpinHistoryController - getSpinTudo
2019-10-22 16:14:30 PM [http-nio-9093-exec-9] INFO  c.v.e.l.c.LuckySpinHistoryController - toResult
2019-10-22 16:14:35 PM [http-nio-9093-exec-10] INFO  c.v.e.l.c.LuckySpinHistoryController - getSpinTudo
2019-10-22 16:14:36 PM [http-nio-9093-exec-10] INFO  c.v.e.l.c.LuckySpinHistoryController - toResult
2019-10-22 16:14:40 PM [http-nio-9093-exec-8] INFO  c.v.e.l.c.LuckySpinHistoryController - getSpinTudo
2019-10-22 16:14:41 PM [http-nio-9093-exec-8] INFO  c.v.e.l.c.LuckySpinHistoryController - toResult
2019-10-22 16:57:32 PM [Thread-3] INFO  o.s.s.c.ThreadPoolTaskExecutor - shutdown
2019-10-22 16:57:32 PM [Thread-3] INFO  o.s.o.j.LocalContainerEntityManagerFactoryBean - destroy
2019-10-22 16:57:32 PM [Thread-3] INFO  com.zaxxer.hikari.HikariDataSource - close
2019-10-22 16:57:32 PM [Thread-3] INFO  com.zaxxer.hikari.HikariDataSource - close
2019-10-22 16:57:47 PM [main] INFO  com.vtc.event.VtcEventApplication - logStarting
2019-10-22 16:57:47 PM [main] INFO  com.vtc.event.VtcEventApplication - logStartupProfileInfo
2019-10-22 16:57:48 PM [main] INFO  o.s.d.r.c.RepositoryConfigurationDelegate - registerRepositoriesIn
2019-10-22 16:57:49 PM [main] INFO  o.s.d.r.c.RepositoryConfigurationDelegate - registerRepositoriesIn
2019-10-22 16:57:50 PM [main] INFO  o.s.c.s.PostProcessorRegistrationDelegate$BeanPostProcessorChecker - postProcessAfterInitialization
2019-10-22 16:57:50 PM [main] INFO  o.s.c.s.PostProcessorRegistrationDelegate$BeanPostProcessorChecker - postProcessAfterInitialization
2019-10-22 16:57:50 PM [main] INFO  o.s.c.s.PostProcessorRegistrationDelegate$BeanPostProcessorChecker - postProcessAfterInitialization
2019-10-22 16:57:50 PM [main] INFO  o.s.c.s.PostProcessorRegistrationDelegate$BeanPostProcessorChecker - postProcessAfterInitialization
2019-10-22 16:57:50 PM [main] INFO  o.s.c.s.PostProcessorRegistrationDelegate$BeanPostProcessorChecker - postProcessAfterInitialization
2019-10-22 16:57:50 PM [main] INFO  o.s.c.s.PostProcessorRegistrationDelegate$BeanPostProcessorChecker - postProcessAfterInitialization
2019-10-22 16:57:50 PM [main] INFO  o.s.b.w.e.tomcat.TomcatWebServer - initialize
2019-10-22 16:57:50 PM [main] INFO  o.a.coyote.http11.Http11NioProtocol - log
2019-10-22 16:57:50 PM [main] INFO  o.a.catalina.core.StandardService - log
2019-10-22 16:57:50 PM [main] INFO  o.a.catalina.core.StandardEngine - log
2019-10-22 16:57:51 PM [main] INFO  o.a.c.c.C.[Tomcat].[localhost].[/] - log
2019-10-22 16:57:51 PM [main] INFO  o.s.web.context.ContextLoader - prepareWebApplicationContext
2019-10-22 16:57:51 PM [main] INFO  com.zaxxer.hikari.HikariDataSource - getConnection
2019-10-22 16:57:51 PM [main] INFO  com.zaxxer.hikari.HikariDataSource - getConnection
2019-10-22 16:57:52 PM [main] INFO  o.h.jpa.internal.util.LogHelper - logPersistenceUnitInformation
2019-10-22 16:57:52 PM [main] INFO  org.hibernate.Version - logVersion
2019-10-22 16:57:52 PM [main] INFO  org.hibernate.cfg.Environment - <clinit>
2019-10-22 16:57:52 PM [main] INFO  o.h.annotations.common.Version - <clinit>
2019-10-22 16:57:52 PM [main] INFO  org.hibernate.dialect.Dialect - <init>
2019-10-22 16:57:54 PM [main] INFO  o.h.h.i.QueryTranslatorFactoryInitiator - initiateService
2019-10-22 16:57:54 PM [main] INFO  o.s.o.j.LocalContainerEntityManagerFactoryBean - buildNativeEntityManagerFactory
2019-10-22 16:57:56 PM [main] INFO  o.s.s.web.DefaultSecurityFilterChain - <init>
2019-10-22 16:57:56 PM [main] INFO  o.s.s.web.DefaultSecurityFilterChain - <init>
2019-10-22 16:57:56 PM [main] INFO  o.s.s.web.DefaultSecurityFilterChain - <init>
2019-10-22 16:57:56 PM [main] INFO  o.s.s.web.DefaultSecurityFilterChain - <init>
2019-10-22 16:57:56 PM [main] INFO  o.s.s.web.DefaultSecurityFilterChain - <init>
2019-10-22 16:57:56 PM [main] INFO  o.s.s.web.DefaultSecurityFilterChain - <init>
2019-10-22 16:57:56 PM [main] INFO  o.s.s.web.DefaultSecurityFilterChain - <init>
2019-10-22 16:57:56 PM [main] INFO  o.s.s.web.DefaultSecurityFilterChain - <init>
2019-10-22 16:57:56 PM [main] INFO  o.s.s.web.DefaultSecurityFilterChain - <init>
2019-10-22 16:57:57 PM [main] INFO  o.s.s.c.ThreadPoolTaskExecutor - initialize
2019-10-22 16:57:57 PM [main] WARN  o.s.b.a.o.j.JpaBaseConfiguration$JpaWebConfiguration$JpaWebMvcConfiguration - openEntityManagerInViewInterceptor
2019-10-22 16:57:57 PM [main] INFO  o.a.coyote.http11.Http11NioProtocol - log
2019-10-22 16:57:57 PM [main] INFO  o.s.b.w.e.tomcat.TomcatWebServer - start
2019-10-22 16:57:57 PM [main] INFO  com.vtc.event.VtcEventApplication - logStarted
2019-10-22 16:58:18 PM [http-nio-9093-exec-10] INFO  o.a.c.c.C.[Tomcat].[localhost].[/] - log
2019-10-22 16:58:18 PM [http-nio-9093-exec-10] INFO  o.s.web.servlet.DispatcherServlet - initServletBean
2019-10-22 16:58:18 PM [http-nio-9093-exec-10] INFO  o.s.web.servlet.DispatcherServlet - initServletBean
2019-10-22 16:58:18 PM [http-nio-9093-exec-10] INFO  c.v.e.l.c.LuckySpinHistoryController - getSpinTudo
2019-10-22 16:58:19 PM [http-nio-9093-exec-10] WARN  o.h.e.jdbc.spi.SqlExceptionHelper - logExceptions
2019-10-22 16:58:19 PM [http-nio-9093-exec-10] ERROR o.h.e.jdbc.spi.SqlExceptionHelper - logExceptions
2019-10-22 16:58:19 PM [http-nio-9093-exec-10] ERROR o.a.c.c.C.[.[.[.[dispatcherServlet] - log
java.sql.SQLException: Operand should contain 1 column(s)
	at com.mysql.jdbc.SQLError.createSQLException(SQLError.java:965)
	at com.mysql.jdbc.MysqlIO.checkErrorPacket(MysqlIO.java:3976)
	at com.mysql.jdbc.MysqlIO.checkErrorPacket(MysqlIO.java:3912)
	at com.mysql.jdbc.MysqlIO.sendCommand(MysqlIO.java:2530)
	at com.mysql.jdbc.MysqlIO.sqlQueryDirect(MysqlIO.java:2683)
	at com.mysql.jdbc.ConnectionImpl.execSQL(ConnectionImpl.java:2486)
	at com.mysql.jdbc.PreparedStatement.executeInternal(PreparedStatement.java:1858)
	at com.mysql.jdbc.PreparedStatement.executeQuery(PreparedStatement.java:1966)
	at com.zaxxer.hikari.pool.ProxyPreparedStatement.executeQuery(ProxyPreparedStatement.java:52)
	at com.zaxxer.hikari.pool.HikariProxyPreparedStatement.executeQuery(HikariProxyPreparedStatement.java)
	at org.hibernate.engine.jdbc.internal.ResultSetReturnImpl.extract(ResultSetReturnImpl.java:60)
	at org.hibernate.loader.Loader.getResultSet(Loader.java:2167)
	at org.hibernate.loader.Loader.executeQueryStatement(Loader.java:1930)
	at org.hibernate.loader.Loader.executeQueryStatement(Loader.java:1892)
	at org.hibernate.loader.Loader.doQuery(Loader.java:937)
	at org.hibernate.loader.Loader.doQueryAndInitializeNonLazyCollections(Loader.java:340)
	at org.hibernate.loader.Loader.doList(Loader.java:2689)
	at org.hibernate.loader.Loader.doList(Loader.java:2672)
	at org.hibernate.loader.Loader.listIgnoreQueryCache(Loader.java:2506)
	at org.hibernate.loader.Loader.list(Loader.java:2501)
	at org.hibernate.loader.hql.QueryLoader.list(QueryLoader.java:504)
	at org.hibernate.hql.internal.ast.QueryTranslatorImpl.list(QueryTranslatorImpl.java:395)
	at org.hibernate.engine.query.spi.HQLQueryPlan.performList(HQLQueryPlan.java:220)
	at org.hibernate.internal.SessionImpl.list(SessionImpl.java:1507)
	at org.hibernate.query.internal.AbstractProducedQuery.doList(AbstractProducedQuery.java:1537)
	at org.hibernate.query.internal.AbstractProducedQuery.list(AbstractProducedQuery.java:1505)
	at org.hibernate.query.Query.getResultList(Query.java:132)
	at org.springframework.data.jpa.repository.query.JpaQueryExecution$CollectionExecution.doExecute(JpaQueryExecution.java:129)
	at org.springframework.data.jpa.repository.query.JpaQueryExecution.execute(JpaQueryExecution.java:91)
	at org.springframework.data.jpa.repository.query.AbstractJpaQuery.doExecute(AbstractJpaQuery.java:136)
	at org.springframework.data.jpa.repository.query.AbstractJpaQuery.execute(AbstractJpaQuery.java:125)
	at org.springframework.data.repository.core.support.RepositoryFactorySupport$QueryExecutorMethodInterceptor.doInvoke(RepositoryFactorySupport.java:605)
	at org.springframework.data.repository.core.support.RepositoryFactorySupport$QueryExecutorMethodInterceptor.lambda$invoke$3(RepositoryFactorySupport.java:595)
	at org.springframework.data.repository.core.support.RepositoryFactorySupport$QueryExecutorMethodInterceptor.invoke(RepositoryFactorySupport.java:595)
	at org.springframework.aop.framework.ReflectiveMethodInvocation.proceed(ReflectiveMethodInvocation.java:186)
	at org.springframework.data.projection.DefaultMethodInvokingMethodInterceptor.invoke(DefaultMethodInvokingMethodInterceptor.java:59)
	at org.springframework.aop.framework.ReflectiveMethodInvocation.proceed(ReflectiveMethodInvocation.java:186)
	at org.springframework.transaction.interceptor.TransactionAspectSupport.invokeWithinTransaction(TransactionAspectSupport.java:294)
	at org.springframework.transaction.interceptor.TransactionInterceptor.invoke(TransactionInterceptor.java:98)
	at org.springframework.aop.framework.ReflectiveMethodInvocation.proceed(ReflectiveMethodInvocation.java:186)
	at org.springframework.dao.support.PersistenceExceptionTranslationInterceptor.invoke(PersistenceExceptionTranslationInterceptor.java:139)
	at org.springframework.aop.framework.ReflectiveMethodInvocation.proceed(ReflectiveMethodInvocation.java:186)
	at org.springframework.data.jpa.repository.support.CrudMethodMetadataPostProcessor$CrudMethodMetadataPopulatingMethodInterceptor.invoke(CrudMethodMetadataPostProcessor.java:138)
	at org.springframework.aop.framework.ReflectiveMethodInvocation.proceed(ReflectiveMethodInvocation.java:186)
	at org.springframework.aop.interceptor.ExposeInvocationInterceptor.invoke(ExposeInvocationInterceptor.java:93)
	at org.springframework.aop.framework.ReflectiveMethodInvocation.proceed(ReflectiveMethodInvocation.java:186)
	at org.springframework.data.repository.core.support.SurroundingTransactionDetectorMethodInterceptor.invoke(SurroundingTransactionDetectorMethodInterceptor.java:61)
	at org.springframework.aop.framework.ReflectiveMethodInvocation.proceed(ReflectiveMethodInvocation.java:186)
	at org.springframework.aop.framework.JdkDynamicAopProxy.invoke(JdkDynamicAopProxy.java:212)
	at com.sun.proxy.$Proxy145.getBySpinEventAndUserInfoAndTypeGift(Unknown Source)
	at com.vtc.event.luckySpin.service.impl.LuckySpinHistoryServiceImpl.getSpinTudo(LuckySpinHistoryServiceImpl.java:159)
	at com.vtc.event.luckySpin.controller.LuckySpinHistoryController.getSpinTudo(LuckySpinHistoryController.java:58)
	at java.base/jdk.internal.reflect.NativeMethodAccessorImpl.invoke0(Native Method)
	at java.base/jdk.internal.reflect.NativeMethodAccessorImpl.invoke(NativeMethodAccessorImpl.java:62)
	at java.base/jdk.internal.reflect.DelegatingMethodAccessorImpl.invoke(DelegatingMethodAccessorImpl.java:43)
	at java.base/java.lang.reflect.Method.invoke(Method.java:566)
	at org.springframework.web.method.support.InvocableHandlerMethod.doInvoke(InvocableHandlerMethod.java:189)
	at org.springframework.web.method.support.InvocableHandlerMethod.invokeForRequest(InvocableHandlerMethod.java:138)
	at org.springframework.web.servlet.mvc.method.annotation.ServletInvocableHandlerMethod.invokeAndHandle(ServletInvocableHandlerMethod.java:102)
	at org.springframework.web.servlet.mvc.method.annotation.RequestMappingHandlerAdapter.invokeHandlerMethod(RequestMappingHandlerAdapter.java:892)
	at org.springframework.web.servlet.mvc.method.annotation.RequestMappingHandlerAdapter.handleInternal(RequestMappingHandlerAdapter.java:797)
	at org.springframework.web.servlet.mvc.method.AbstractHandlerMethodAdapter.handle(AbstractHandlerMethodAdapter.java:87)
	at org.springframework.web.servlet.DispatcherServlet.doDispatch(DispatcherServlet.java:1038)
	at org.springframework.web.servlet.DispatcherServlet.doService(DispatcherServlet.java:942)
	at org.springframework.web.servlet.FrameworkServlet.processRequest(FrameworkServlet.java:1005)
	at org.springframework.web.servlet.FrameworkServlet.doGet(FrameworkServlet.java:897)
	at javax.servlet.http.HttpServlet.service(HttpServlet.java:634)
	at org.springframework.web.servlet.FrameworkServlet.service(FrameworkServlet.java:882)
	at javax.servlet.http.HttpServlet.service(HttpServlet.java:741)
	at org.apache.catalina.core.ApplicationFilterChain.internalDoFilter(ApplicationFilterChain.java:231)
	at org.apache.catalina.core.ApplicationFilterChain.doFilter(ApplicationFilterChain.java:166)
	at org.apache.tomcat.websocket.server.WsFilter.doFilter(WsFilter.java:53)
	at org.apache.catalina.core.ApplicationFilterChain.internalDoFilter(ApplicationFilterChain.java:193)
	at org.apache.catalina.core.ApplicationFilterChain.doFilter(ApplicationFilterChain.java:166)
	at org.springframework.security.web.FilterChainProxy$VirtualFilterChain.doFilter(FilterChainProxy.java:320)
	at org.springframework.security.web.access.intercept.FilterSecurityInterceptor.invoke(FilterSecurityInterceptor.java:127)
	at org.springframework.security.web.access.intercept.FilterSecurityInterceptor.doFilter(FilterSecurityInterceptor.java:91)
	at org.springframework.security.web.FilterChainProxy$VirtualFilterChain.doFilter(FilterChainProxy.java:334)
	at org.springframework.security.web.access.ExceptionTranslationFilter.doFilter(ExceptionTranslationFilter.java:119)
	at org.springframework.security.web.FilterChainProxy$VirtualFilterChain.doFilter(FilterChainProxy.java:334)
	at org.springframework.security.web.session.SessionManagementFilter.doFilter(SessionManagementFilter.java:137)
	at org.springframework.security.web.FilterChainProxy$VirtualFilterChain.doFilter(FilterChainProxy.java:334)
	at org.springframework.security.web.authentication.AnonymousAuthenticationFilter.doFilter(AnonymousAuthenticationFilter.java:111)
	at org.springframework.security.web.FilterChainProxy$VirtualFilterChain.doFilter(FilterChainProxy.java:334)
	at org.springframework.security.web.servletapi.SecurityContextHolderAwareRequestFilter.doFilter(SecurityContextHolderAwareRequestFilter.java:170)
	at org.springframework.security.web.FilterChainProxy$VirtualFilterChain.doFilter(FilterChainProxy.java:334)
	at org.springframework.security.web.savedrequest.RequestCacheAwareFilter.doFilter(RequestCacheAwareFilter.java:63)
	at org.springframework.security.web.FilterChainProxy$VirtualFilterChain.doFilter(FilterChainProxy.java:334)
	at org.springframework.security.web.authentication.www.BasicAuthenticationFilter.doFilterInternal(BasicAuthenticationFilter.java:158)
	at org.springframework.web.filter.OncePerRequestFilter.doFilter(OncePerRequestFilter.java:107)
	at org.springframework.security.web.FilterChainProxy$VirtualFilterChain.doFilter(FilterChainProxy.java:334)
	at org.springframework.security.oauth2.provider.authentication.OAuth2AuthenticationProcessingFilter.doFilter(OAuth2AuthenticationProcessingFilter.java:176)
	at org.springframework.security.web.FilterChainProxy$VirtualFilterChain.doFilter(FilterChainProxy.java:334)
	at org.springframework.security.web.authentication.logout.LogoutFilter.doFilter(LogoutFilter.java:116)
	at org.springframework.security.web.FilterChainProxy$VirtualFilterChain.doFilter(FilterChainProxy.java:334)
	at org.springframework.web.filter.CorsFilter.doFilterInternal(CorsFilter.java:96)
	at org.springframework.web.filter.OncePerRequestFilter.doFilter(OncePerRequestFilter.java:107)
	at org.springframework.security.web.FilterChainProxy$VirtualFilterChain.doFilter(FilterChainProxy.java:334)
	at org.springframework.security.web.header.HeaderWriterFilter.doFilterInternal(HeaderWriterFilter.java:74)
	at org.springframework.web.filter.OncePerRequestFilter.doFilter(OncePerRequestFilter.java:107)
	at org.springframework.security.web.FilterChainProxy$VirtualFilterChain.doFilter(FilterChainProxy.java:334)
	at org.springframework.security.web.context.SecurityContextPersistenceFilter.doFilter(SecurityContextPersistenceFilter.java:105)
	at org.springframework.security.web.FilterChainProxy$VirtualFilterChain.doFilter(FilterChainProxy.java:334)
	at org.springframework.security.web.context.request.async.WebAsyncManagerIntegrationFilter.doFilterInternal(WebAsyncManagerIntegrationFilter.java:56)
	at org.springframework.web.filter.OncePerRequestFilter.doFilter(OncePerRequestFilter.java:107)
	at org.springframework.security.web.FilterChainProxy$VirtualFilterChain.doFilter(FilterChainProxy.java:334)
	at org.springframework.security.web.FilterChainProxy.doFilterInternal(FilterChainProxy.java:215)
	at org.springframework.security.web.FilterChainProxy.doFilter(FilterChainProxy.java:178)
	at org.springframework.web.filter.DelegatingFilterProxy.invokeDelegate(DelegatingFilterProxy.java:357)
	at org.springframework.web.filter.DelegatingFilterProxy.doFilter(DelegatingFilterProxy.java:270)
	at org.apache.catalina.core.ApplicationFilterChain.internalDoFilter(ApplicationFilterChain.java:193)
	at org.apache.catalina.core.ApplicationFilterChain.doFilter(ApplicationFilterChain.java:166)
	at org.springframework.web.filter.RequestContextFilter.doFilterInternal(RequestContextFilter.java:99)
	at org.springframework.web.filter.OncePerRequestFilter.doFilter(OncePerRequestFilter.java:107)
	at org.apache.catalina.core.ApplicationFilterChain.internalDoFilter(ApplicationFilterChain.java:193)
	at org.apache.catalina.core.ApplicationFilterChain.doFilter(ApplicationFilterChain.java:166)
	at org.springframework.web.filter.FormContentFilter.doFilterInternal(FormContentFilter.java:92)
	at org.springframework.web.filter.OncePerRequestFilter.doFilter(OncePerRequestFilter.java:107)
	at org.apache.catalina.core.ApplicationFilterChain.internalDoFilter(ApplicationFilterChain.java:193)
	at org.apache.catalina.core.ApplicationFilterChain.doFilter(ApplicationFilterChain.java:166)
	at org.springframework.web.filter.HiddenHttpMethodFilter.doFilterInternal(HiddenHttpMethodFilter.java:93)
	at org.springframework.web.filter.OncePerRequestFilter.doFilter(OncePerRequestFilter.java:107)
	at org.apache.catalina.core.ApplicationFilterChain.internalDoFilter(ApplicationFilterChain.java:193)
	at org.apache.catalina.core.ApplicationFilterChain.doFilter(ApplicationFilterChain.java:166)
	at org.springframework.web.filter.CharacterEncodingFilter.doFilterInternal(CharacterEncodingFilter.java:200)
	at org.springframework.web.filter.OncePerRequestFilter.doFilter(OncePerRequestFilter.java:107)
	at org.apache.catalina.core.ApplicationFilterChain.internalDoFilter(ApplicationFilterChain.java:193)
	at org.apache.catalina.core.ApplicationFilterChain.doFilter(ApplicationFilterChain.java:166)
	at org.apache.catalina.core.StandardWrapperValve.invoke(StandardWrapperValve.java:200)
	at org.apache.catalina.core.StandardContextValve.invoke(StandardContextValve.java:96)
	at org.apache.catalina.authenticator.AuthenticatorBase.invoke(AuthenticatorBase.java:490)
	at org.apache.catalina.core.StandardHostValve.invoke(StandardHostValve.java:139)
	at org.apache.catalina.valves.ErrorReportValve.invoke(ErrorReportValve.java:92)
	at org.apache.catalina.core.StandardEngineValve.invoke(StandardEngineValve.java:74)
	at org.apache.catalina.connector.CoyoteAdapter.service(CoyoteAdapter.java:343)
	at org.apache.coyote.http11.Http11Processor.service(Http11Processor.java:408)
	at org.apache.coyote.AbstractProcessorLight.process(AbstractProcessorLight.java:66)
	at org.apache.coyote.AbstractProtocol$ConnectionHandler.process(AbstractProtocol.java:834)
	at org.apache.tomcat.util.net.NioEndpoint$SocketProcessor.doRun(NioEndpoint.java:1415)
	at org.apache.tomcat.util.net.SocketProcessorBase.run(SocketProcessorBase.java:49)
	at java.base/java.util.concurrent.ThreadPoolExecutor.runWorker(ThreadPoolExecutor.java:1128)
	at java.base/java.util.concurrent.ThreadPoolExecutor$Worker.run(ThreadPoolExecutor.java:628)
	at org.apache.tomcat.util.threads.TaskThread$WrappingRunnable.run(TaskThread.java:61)
	at java.base/java.lang.Thread.run(Thread.java:834)
2019-10-22 16:59:23 PM [Thread-3] INFO  o.s.s.c.ThreadPoolTaskExecutor - shutdown
2019-10-22 16:59:23 PM [Thread-3] INFO  o.s.o.j.LocalContainerEntityManagerFactoryBean - destroy
2019-10-22 16:59:23 PM [Thread-3] INFO  com.zaxxer.hikari.HikariDataSource - close
2019-10-22 16:59:23 PM [Thread-3] INFO  com.zaxxer.hikari.HikariDataSource - close
2019-10-22 16:59:33 PM [main] INFO  com.vtc.event.VtcEventApplication - logStarting
2019-10-22 16:59:33 PM [main] INFO  com.vtc.event.VtcEventApplication - logStartupProfileInfo
2019-10-22 16:59:34 PM [main] INFO  o.s.d.r.c.RepositoryConfigurationDelegate - registerRepositoriesIn
2019-10-22 16:59:34 PM [main] INFO  o.s.d.r.c.RepositoryConfigurationDelegate - registerRepositoriesIn
2019-10-22 16:59:36 PM [main] INFO  o.s.c.s.PostProcessorRegistrationDelegate$BeanPostProcessorChecker - postProcessAfterInitialization
2019-10-22 16:59:36 PM [main] INFO  o.s.c.s.PostProcessorRegistrationDelegate$BeanPostProcessorChecker - postProcessAfterInitialization
2019-10-22 16:59:36 PM [main] INFO  o.s.c.s.PostProcessorRegistrationDelegate$BeanPostProcessorChecker - postProcessAfterInitialization
2019-10-22 16:59:36 PM [main] INFO  o.s.c.s.PostProcessorRegistrationDelegate$BeanPostProcessorChecker - postProcessAfterInitialization
2019-10-22 16:59:36 PM [main] INFO  o.s.c.s.PostProcessorRegistrationDelegate$BeanPostProcessorChecker - postProcessAfterInitialization
2019-10-22 16:59:36 PM [main] INFO  o.s.c.s.PostProcessorRegistrationDelegate$BeanPostProcessorChecker - postProcessAfterInitialization
2019-10-22 16:59:36 PM [main] INFO  o.s.b.w.e.tomcat.TomcatWebServer - initialize
2019-10-22 16:59:37 PM [main] INFO  o.a.coyote.http11.Http11NioProtocol - log
2019-10-22 16:59:37 PM [main] INFO  o.a.catalina.core.StandardService - log
2019-10-22 16:59:37 PM [main] INFO  o.a.catalina.core.StandardEngine - log
2019-10-22 16:59:37 PM [main] INFO  o.a.c.c.C.[Tomcat].[localhost].[/] - log
2019-10-22 16:59:37 PM [main] INFO  o.s.web.context.ContextLoader - prepareWebApplicationContext
2019-10-22 16:59:37 PM [main] INFO  com.zaxxer.hikari.HikariDataSource - getConnection
2019-10-22 16:59:38 PM [main] INFO  com.zaxxer.hikari.HikariDataSource - getConnection
2019-10-22 16:59:38 PM [main] INFO  o.h.jpa.internal.util.LogHelper - logPersistenceUnitInformation
2019-10-22 16:59:38 PM [main] INFO  org.hibernate.Version - logVersion
2019-10-22 16:59:38 PM [main] INFO  org.hibernate.cfg.Environment - <clinit>
2019-10-22 16:59:38 PM [main] INFO  o.h.annotations.common.Version - <clinit>
2019-10-22 16:59:38 PM [main] INFO  org.hibernate.dialect.Dialect - <init>
2019-10-22 16:59:40 PM [main] INFO  o.h.h.i.QueryTranslatorFactoryInitiator - initiateService
2019-10-22 16:59:40 PM [main] INFO  o.s.o.j.LocalContainerEntityManagerFactoryBean - buildNativeEntityManagerFactory
2019-10-22 16:59:43 PM [main] INFO  o.s.s.web.DefaultSecurityFilterChain - <init>
2019-10-22 16:59:43 PM [main] INFO  o.s.s.web.DefaultSecurityFilterChain - <init>
2019-10-22 16:59:43 PM [main] INFO  o.s.s.web.DefaultSecurityFilterChain - <init>
2019-10-22 16:59:43 PM [main] INFO  o.s.s.web.DefaultSecurityFilterChain - <init>
2019-10-22 16:59:43 PM [main] INFO  o.s.s.web.DefaultSecurityFilterChain - <init>
2019-10-22 16:59:43 PM [main] INFO  o.s.s.web.DefaultSecurityFilterChain - <init>
2019-10-22 16:59:43 PM [main] INFO  o.s.s.web.DefaultSecurityFilterChain - <init>
2019-10-22 16:59:43 PM [main] INFO  o.s.s.web.DefaultSecurityFilterChain - <init>
2019-10-22 16:59:43 PM [main] INFO  o.s.s.web.DefaultSecurityFilterChain - <init>
2019-10-22 16:59:43 PM [main] INFO  o.s.s.c.ThreadPoolTaskExecutor - initialize
2019-10-22 16:59:43 PM [main] WARN  o.s.b.a.o.j.JpaBaseConfiguration$JpaWebConfiguration$JpaWebMvcConfiguration - openEntityManagerInViewInterceptor
2019-10-22 16:59:44 PM [main] INFO  o.a.coyote.http11.Http11NioProtocol - log
2019-10-22 16:59:44 PM [main] INFO  o.s.b.w.e.tomcat.TomcatWebServer - start
2019-10-22 16:59:44 PM [main] INFO  com.vtc.event.VtcEventApplication - logStarted
2019-10-22 16:59:51 PM [http-nio-9093-exec-8] INFO  o.a.c.c.C.[Tomcat].[localhost].[/] - log
2019-10-22 16:59:51 PM [http-nio-9093-exec-8] INFO  o.s.web.servlet.DispatcherServlet - initServletBean
2019-10-22 16:59:51 PM [http-nio-9093-exec-8] INFO  o.s.web.servlet.DispatcherServlet - initServletBean
2019-10-22 16:59:51 PM [http-nio-9093-exec-8] INFO  c.v.e.l.c.LuckySpinHistoryController - getSpinTudo
2019-10-22 16:59:52 PM [http-nio-9093-exec-8] INFO  c.v.e.l.c.LuckySpinHistoryController - toResult
2019-10-22 17:00:06 PM [http-nio-9093-exec-7] INFO  c.v.e.l.c.LuckySpinHistoryController - getSpinTudo
2019-10-22 17:00:08 PM [http-nio-9093-exec-7] INFO  c.v.e.l.c.LuckySpinHistoryController - toResult
2019-10-22 17:00:15 PM [http-nio-9093-exec-10] INFO  c.v.e.l.c.LuckySpinHistoryController - getSpinTudo
2019-10-22 17:00:15 PM [http-nio-9093-exec-10] INFO  c.v.e.l.c.LuckySpinHistoryController - toResult
2019-10-22 17:01:46 PM [http-nio-9093-exec-4] INFO  c.v.e.l.c.LuckySpinHistoryController - getSpinHistory
2019-10-22 17:01:47 PM [http-nio-9093-exec-4] INFO  c.v.e.l.s.i.LuckySpinHistoryServiceImpl - getSpinHistory
2019-10-22 17:01:47 PM [http-nio-9093-exec-4] INFO  c.v.e.l.c.LuckySpinHistoryController - toResult
2019-10-22 17:02:08 PM [http-nio-9093-exec-1] INFO  c.v.e.l.c.LuckySpinHistoryController - getSpinHistory
2019-10-22 17:02:09 PM [http-nio-9093-exec-1] INFO  c.v.e.l.s.i.LuckySpinHistoryServiceImpl - getSpinHistory
2019-10-22 17:02:09 PM [http-nio-9093-exec-1] INFO  c.v.e.l.c.LuckySpinHistoryController - toResult
2019-10-22 17:02:16 PM [http-nio-9093-exec-3] INFO  c.v.e.l.c.LuckySpinHistoryController - getSpinHistory
2019-10-22 17:02:16 PM [http-nio-9093-exec-3] INFO  c.v.e.l.s.i.LuckySpinHistoryServiceImpl - getSpinHistory
2019-10-22 17:02:17 PM [http-nio-9093-exec-3] INFO  c.v.e.l.c.LuckySpinHistoryController - toResult
