2020-01-20 15:43:39 PM [main] INFO  com.vtc.event.VtcEventApplication - logStarting
2020-01-20 15:43:39 PM [main] INFO  com.vtc.event.VtcEventApplication - logStartupProfileInfo
2020-01-20 15:43:40 PM [main] INFO  o.s.d.r.c.RepositoryConfigurationDelegate - registerRepositoriesIn
2020-01-20 15:43:41 PM [main] INFO  o.s.d.r.c.RepositoryConfigurationDelegate - registerRepositoriesIn
2020-01-20 15:43:41 PM [main] INFO  o.s.c.s.PostProcessorRegistrationDelegate$BeanPostProcessorChecker - postProcessAfterInitialization
2020-01-20 15:43:41 PM [main] INFO  o.s.c.s.PostProcessorRegistrationDelegate$BeanPostProcessorChecker - postProcessAfterInitialization
2020-01-20 15:43:41 PM [main] INFO  o.s.c.s.PostProcessorRegistrationDelegate$BeanPostProcessorChecker - postProcessAfterInitialization
2020-01-20 15:43:41 PM [main] INFO  o.s.c.s.PostProcessorRegistrationDelegate$BeanPostProcessorChecker - postProcessAfterInitialization
2020-01-20 15:43:41 PM [main] INFO  o.s.c.s.PostProcessorRegistrationDelegate$BeanPostProcessorChecker - postProcessAfterInitialization
2020-01-20 15:43:41 PM [main] INFO  o.s.c.s.PostProcessorRegistrationDelegate$BeanPostProcessorChecker - postProcessAfterInitialization
2020-01-20 15:43:42 PM [main] INFO  o.s.b.w.e.tomcat.TomcatWebServer - initialize
2020-01-20 15:43:42 PM [main] INFO  o.a.coyote.http11.Http11NioProtocol - log
2020-01-20 15:43:42 PM [main] INFO  o.a.catalina.core.StandardService - log
2020-01-20 15:43:42 PM [main] INFO  o.a.catalina.core.StandardEngine - log
2020-01-20 15:43:42 PM [main] INFO  o.a.c.c.C.[Tomcat].[localhost].[/] - log
2020-01-20 15:43:42 PM [main] INFO  o.s.web.context.ContextLoader - prepareWebApplicationContext
2020-01-20 15:43:42 PM [main] INFO  com.zaxxer.hikari.HikariDataSource - getConnection
2020-01-20 15:43:43 PM [main] INFO  com.zaxxer.hikari.HikariDataSource - getConnection
2020-01-20 15:43:43 PM [main] INFO  o.h.jpa.internal.util.LogHelper - logPersistenceUnitInformation
2020-01-20 15:43:43 PM [main] INFO  org.hibernate.Version - logVersion
2020-01-20 15:43:43 PM [main] INFO  org.hibernate.cfg.Environment - <clinit>
2020-01-20 15:43:43 PM [main] INFO  o.h.annotations.common.Version - <clinit>
2020-01-20 15:43:43 PM [main] INFO  org.hibernate.dialect.Dialect - <init>
2020-01-20 15:43:45 PM [main] INFO  o.h.h.i.QueryTranslatorFactoryInitiator - initiateService
2020-01-20 15:43:45 PM [main] INFO  o.s.o.j.LocalContainerEntityManagerFactoryBean - buildNativeEntityManagerFactory
2020-01-20 15:43:47 PM [main] INFO  o.s.s.web.DefaultSecurityFilterChain - <init>
2020-01-20 15:43:47 PM [main] INFO  o.s.s.web.DefaultSecurityFilterChain - <init>
2020-01-20 15:43:47 PM [main] INFO  o.s.s.web.DefaultSecurityFilterChain - <init>
2020-01-20 15:43:47 PM [main] INFO  o.s.s.web.DefaultSecurityFilterChain - <init>
2020-01-20 15:43:47 PM [main] INFO  o.s.s.web.DefaultSecurityFilterChain - <init>
2020-01-20 15:43:47 PM [main] INFO  o.s.s.web.DefaultSecurityFilterChain - <init>
2020-01-20 15:43:47 PM [main] INFO  o.s.s.web.DefaultSecurityFilterChain - <init>
2020-01-20 15:43:47 PM [main] INFO  o.s.s.web.DefaultSecurityFilterChain - <init>
2020-01-20 15:43:47 PM [main] INFO  o.s.s.web.DefaultSecurityFilterChain - <init>
2020-01-20 15:43:47 PM [main] INFO  o.s.s.c.ThreadPoolTaskExecutor - initialize
2020-01-20 15:43:47 PM [main] WARN  o.s.b.a.o.j.JpaBaseConfiguration$JpaWebConfiguration$JpaWebMvcConfiguration - openEntityManagerInViewInterceptor
2020-01-20 15:43:47 PM [main] INFO  o.s.s.c.ThreadPoolTaskScheduler - initialize
2020-01-20 15:43:47 PM [main] INFO  o.a.coyote.http11.Http11NioProtocol - log
2020-01-20 15:43:48 PM [main] INFO  o.s.b.w.e.tomcat.TomcatWebServer - start
2020-01-20 15:43:48 PM [main] INFO  com.vtc.event.VtcEventApplication - logStarted
2020-01-20 15:44:45 PM [http-nio-9093-exec-9] INFO  o.a.c.c.C.[Tomcat].[localhost].[/] - log
2020-01-20 15:44:45 PM [http-nio-9093-exec-9] INFO  o.s.web.servlet.DispatcherServlet - initServletBean
2020-01-20 15:44:45 PM [http-nio-9093-exec-9] INFO  o.s.web.servlet.DispatcherServlet - initServletBean
2020-01-20 15:45:08 PM [http-nio-9093-exec-6] INFO  c.v.e.l.c.LuckySpinController - getLuckySpinDetail
2020-01-20 15:45:08 PM [http-nio-9093-exec-6] INFO  c.v.e.l.c.LuckySpinController - toResult
