2019-12-18 15:23:37 PM [main] INFO  com.vtc.event.VtcEventApplication - logStarting
2019-12-18 15:23:37 PM [main] INFO  com.vtc.event.VtcEventApplication - logStartupProfileInfo
2019-12-18 15:23:38 PM [main] INFO  o.s.d.r.c.RepositoryConfigurationDelegate - registerRepositoriesIn
2019-12-18 15:23:38 PM [main] INFO  o.s.d.r.c.RepositoryConfigurationDelegate - registerRepositoriesIn
2019-12-18 15:23:39 PM [main] INFO  o.s.c.s.PostProcessorRegistrationDelegate$BeanPostProcessorChecker - postProcessAfterInitialization
2019-12-18 15:23:39 PM [main] INFO  o.s.c.s.PostProcessorRegistrationDelegate$BeanPostProcessorChecker - postProcessAfterInitialization
2019-12-18 15:23:39 PM [main] INFO  o.s.c.s.PostProcessorRegistrationDelegate$BeanPostProcessorChecker - postProcessAfterInitialization
2019-12-18 15:23:39 PM [main] INFO  o.s.c.s.PostProcessorRegistrationDelegate$BeanPostProcessorChecker - postProcessAfterInitialization
2019-12-18 15:23:39 PM [main] INFO  o.s.c.s.PostProcessorRegistrationDelegate$BeanPostProcessorChecker - postProcessAfterInitialization
2019-12-18 15:23:39 PM [main] INFO  o.s.c.s.PostProcessorRegistrationDelegate$BeanPostProcessorChecker - postProcessAfterInitialization
2019-12-18 15:23:40 PM [main] INFO  o.s.b.w.e.tomcat.TomcatWebServer - initialize
2019-12-18 15:23:40 PM [main] INFO  o.a.coyote.http11.Http11NioProtocol - log
2019-12-18 15:23:40 PM [main] INFO  o.a.catalina.core.StandardService - log
2019-12-18 15:23:40 PM [main] INFO  o.a.catalina.core.StandardEngine - log
2019-12-18 15:23:40 PM [main] INFO  o.a.c.c.C.[Tomcat].[localhost].[/] - log
2019-12-18 15:23:40 PM [main] INFO  o.s.web.context.ContextLoader - prepareWebApplicationContext
2019-12-18 15:23:40 PM [main] INFO  com.zaxxer.hikari.HikariDataSource - getConnection
2019-12-18 15:23:40 PM [main] INFO  com.zaxxer.hikari.HikariDataSource - getConnection
2019-12-18 15:23:40 PM [main] INFO  o.h.jpa.internal.util.LogHelper - logPersistenceUnitInformation
2019-12-18 15:23:41 PM [main] INFO  org.hibernate.Version - logVersion
2019-12-18 15:23:41 PM [main] INFO  org.hibernate.cfg.Environment - <clinit>
2019-12-18 15:23:41 PM [main] INFO  o.h.annotations.common.Version - <clinit>
2019-12-18 15:23:41 PM [main] INFO  org.hibernate.dialect.Dialect - <init>
2019-12-18 15:23:43 PM [main] INFO  o.h.h.i.QueryTranslatorFactoryInitiator - initiateService
2019-12-18 15:23:43 PM [main] INFO  o.s.o.j.LocalContainerEntityManagerFactoryBean - buildNativeEntityManagerFactory
2019-12-18 15:23:44 PM [main] WARN  o.s.b.w.s.c.AnnotationConfigServletWebServerApplicationContext - refresh
2019-12-18 15:23:44 PM [main] INFO  o.s.o.j.LocalContainerEntityManagerFactoryBean - destroy
2019-12-18 15:23:44 PM [main] INFO  com.zaxxer.hikari.HikariDataSource - close
2019-12-18 15:23:44 PM [main] INFO  com.zaxxer.hikari.HikariDataSource - close
2019-12-18 15:23:44 PM [main] INFO  o.a.catalina.core.StandardService - log
2019-12-18 15:23:44 PM [main] INFO  o.s.b.a.l.ConditionEvaluationReportLoggingListener - logMessage
2019-12-18 15:23:44 PM [main] ERROR o.s.boot.SpringApplication - reportFailure
org.springframework.beans.factory.BeanCreationException: Error creating bean with name 'autoCreateSpinMediumGiftHistoryFake' defined in file [D:\Work\Project\VTC-mobile\VTC_event_api\target\classes\com\vtc\event\luckySpin\AutoCreateSpinMediumGiftHistoryFake.class]: Initialization of bean failed; nested exception is java.lang.IllegalStateException: Encountered invalid @Scheduled method 'doWork': Cron expression must consist of 6 fields (found 5 in "*/10 * * * *")
	at org.springframework.beans.factory.support.AbstractAutowireCapableBeanFactory.doCreateBean(AbstractAutowireCapableBeanFactory.java:601)
	at org.springframework.beans.factory.support.AbstractAutowireCapableBeanFactory.createBean(AbstractAutowireCapableBeanFactory.java:515)
	at org.springframework.beans.factory.support.AbstractBeanFactory.lambda$doGetBean$0(AbstractBeanFactory.java:320)
	at org.springframework.beans.factory.support.DefaultSingletonBeanRegistry.getSingleton(DefaultSingletonBeanRegistry.java:222)
	at org.springframework.beans.factory.support.AbstractBeanFactory.doGetBean(AbstractBeanFactory.java:318)
	at org.springframework.beans.factory.support.AbstractBeanFactory.getBean(AbstractBeanFactory.java:199)
	at org.springframework.beans.factory.support.DefaultListableBeanFactory.preInstantiateSingletons(DefaultListableBeanFactory.java:849)
	at org.springframework.context.support.AbstractApplicationContext.finishBeanFactoryInitialization(AbstractApplicationContext.java:877)
	at org.springframework.context.support.AbstractApplicationContext.refresh(AbstractApplicationContext.java:549)
	at org.springframework.boot.web.servlet.context.ServletWebServerApplicationContext.refresh(ServletWebServerApplicationContext.java:142)
	at org.springframework.boot.SpringApplication.refresh(SpringApplication.java:775)
	at org.springframework.boot.SpringApplication.refreshContext(SpringApplication.java:397)
	at org.springframework.boot.SpringApplication.run(SpringApplication.java:316)
	at org.springframework.boot.SpringApplication.run(SpringApplication.java:1260)
	at org.springframework.boot.SpringApplication.run(SpringApplication.java:1248)
	at com.vtc.event.VtcEventApplication.main(VtcEventApplication.java:22)
	at java.base/jdk.internal.reflect.NativeMethodAccessorImpl.invoke0(Native Method)
	at java.base/jdk.internal.reflect.NativeMethodAccessorImpl.invoke(NativeMethodAccessorImpl.java:62)
	at java.base/jdk.internal.reflect.DelegatingMethodAccessorImpl.invoke(DelegatingMethodAccessorImpl.java:43)
	at java.base/java.lang.reflect.Method.invoke(Method.java:566)
	at org.springframework.boot.maven.AbstractRunMojo$LaunchRunner.run(AbstractRunMojo.java:558)
	at java.base/java.lang.Thread.run(Thread.java:834)
Caused by: java.lang.IllegalStateException: Encountered invalid @Scheduled method 'doWork': Cron expression must consist of 6 fields (found 5 in "*/10 * * * *")
	at org.springframework.scheduling.annotation.ScheduledAnnotationBeanPostProcessor.processScheduled(ScheduledAnnotationBeanPostProcessor.java:496)
	at org.springframework.scheduling.annotation.ScheduledAnnotationBeanPostProcessor.lambda$null$1(ScheduledAnnotationBeanPostProcessor.java:359)
	at java.base/java.lang.Iterable.forEach(Iterable.java:75)
	at org.springframework.scheduling.annotation.ScheduledAnnotationBeanPostProcessor.lambda$postProcessAfterInitialization$2(ScheduledAnnotationBeanPostProcessor.java:359)
	at java.base/java.util.LinkedHashMap.forEach(LinkedHashMap.java:684)
	at org.springframework.scheduling.annotation.ScheduledAnnotationBeanPostProcessor.postProcessAfterInitialization(ScheduledAnnotationBeanPostProcessor.java:358)
	at org.springframework.beans.factory.support.AbstractAutowireCapableBeanFactory.applyBeanPostProcessorsAfterInitialization(AbstractAutowireCapableBeanFactory.java:429)
	at org.springframework.beans.factory.support.AbstractAutowireCapableBeanFactory.initializeBean(AbstractAutowireCapableBeanFactory.java:1782)
	at org.springframework.beans.factory.support.AbstractAutowireCapableBeanFactory.doCreateBean(AbstractAutowireCapableBeanFactory.java:593)
	... 21 common frames omitted
2019-12-18 15:26:46 PM [main] INFO  com.vtc.event.VtcEventApplication - logStarting
2019-12-18 15:26:46 PM [main] INFO  com.vtc.event.VtcEventApplication - logStartupProfileInfo
2019-12-18 15:26:47 PM [main] INFO  o.s.d.r.c.RepositoryConfigurationDelegate - registerRepositoriesIn
2019-12-18 15:26:47 PM [main] INFO  o.s.d.r.c.RepositoryConfigurationDelegate - registerRepositoriesIn
2019-12-18 15:26:48 PM [main] INFO  o.s.c.s.PostProcessorRegistrationDelegate$BeanPostProcessorChecker - postProcessAfterInitialization
2019-12-18 15:26:48 PM [main] INFO  o.s.c.s.PostProcessorRegistrationDelegate$BeanPostProcessorChecker - postProcessAfterInitialization
2019-12-18 15:26:48 PM [main] INFO  o.s.c.s.PostProcessorRegistrationDelegate$BeanPostProcessorChecker - postProcessAfterInitialization
2019-12-18 15:26:48 PM [main] INFO  o.s.c.s.PostProcessorRegistrationDelegate$BeanPostProcessorChecker - postProcessAfterInitialization
2019-12-18 15:26:48 PM [main] INFO  o.s.c.s.PostProcessorRegistrationDelegate$BeanPostProcessorChecker - postProcessAfterInitialization
2019-12-18 15:26:48 PM [main] INFO  o.s.c.s.PostProcessorRegistrationDelegate$BeanPostProcessorChecker - postProcessAfterInitialization
2019-12-18 15:26:48 PM [main] INFO  o.s.b.w.e.tomcat.TomcatWebServer - initialize
2019-12-18 15:26:48 PM [main] INFO  o.a.coyote.http11.Http11NioProtocol - log
2019-12-18 15:26:48 PM [main] INFO  o.a.catalina.core.StandardService - log
2019-12-18 15:26:48 PM [main] INFO  o.a.catalina.core.StandardEngine - log
2019-12-18 15:26:48 PM [main] INFO  o.a.c.c.C.[Tomcat].[localhost].[/] - log
2019-12-18 15:26:48 PM [main] INFO  o.s.web.context.ContextLoader - prepareWebApplicationContext
2019-12-18 15:26:49 PM [main] INFO  com.zaxxer.hikari.HikariDataSource - getConnection
2019-12-18 15:26:49 PM [main] INFO  com.zaxxer.hikari.HikariDataSource - getConnection
2019-12-18 15:26:49 PM [main] INFO  o.h.jpa.internal.util.LogHelper - logPersistenceUnitInformation
2019-12-18 15:26:49 PM [main] INFO  org.hibernate.Version - logVersion
2019-12-18 15:26:49 PM [main] INFO  org.hibernate.cfg.Environment - <clinit>
2019-12-18 15:26:49 PM [main] INFO  o.h.annotations.common.Version - <clinit>
2019-12-18 15:26:50 PM [main] INFO  org.hibernate.dialect.Dialect - <init>
2019-12-18 15:26:51 PM [main] INFO  o.h.h.i.QueryTranslatorFactoryInitiator - initiateService
2019-12-18 15:26:51 PM [main] INFO  o.s.o.j.LocalContainerEntityManagerFactoryBean - buildNativeEntityManagerFactory
2019-12-18 15:26:54 PM [main] INFO  o.s.s.web.DefaultSecurityFilterChain - <init>
2019-12-18 15:26:54 PM [main] INFO  o.s.s.web.DefaultSecurityFilterChain - <init>
2019-12-18 15:26:54 PM [main] INFO  o.s.s.web.DefaultSecurityFilterChain - <init>
2019-12-18 15:26:54 PM [main] INFO  o.s.s.web.DefaultSecurityFilterChain - <init>
2019-12-18 15:26:54 PM [main] INFO  o.s.s.web.DefaultSecurityFilterChain - <init>
2019-12-18 15:26:54 PM [main] INFO  o.s.s.web.DefaultSecurityFilterChain - <init>
2019-12-18 15:26:54 PM [main] INFO  o.s.s.web.DefaultSecurityFilterChain - <init>
2019-12-18 15:26:54 PM [main] INFO  o.s.s.web.DefaultSecurityFilterChain - <init>
2019-12-18 15:26:54 PM [main] INFO  o.s.s.web.DefaultSecurityFilterChain - <init>
2019-12-18 15:26:55 PM [main] INFO  o.s.s.c.ThreadPoolTaskExecutor - initialize
2019-12-18 15:26:55 PM [main] WARN  o.s.b.a.o.j.JpaBaseConfiguration$JpaWebConfiguration$JpaWebMvcConfiguration - openEntityManagerInViewInterceptor
2019-12-18 15:26:55 PM [main] INFO  o.s.s.c.ThreadPoolTaskScheduler - initialize
2019-12-18 15:26:55 PM [main] INFO  o.a.coyote.http11.Http11NioProtocol - log
2019-12-18 15:26:55 PM [main] INFO  o.s.b.w.e.tomcat.TomcatWebServer - start
2019-12-18 15:26:55 PM [main] INFO  com.vtc.event.VtcEventApplication - logStarted
2019-12-18 15:27:00 PM [scheduling-1] INFO  c.v.e.l.AutoCreateSpinMediumGiftHistoryFake - doWork
2019-12-18 15:27:00 PM [scheduling-1] INFO  c.v.e.l.AutoCreateSpinMediumGiftHistoryFake - doWork
2019-12-18 15:27:10 PM [scheduling-1] INFO  c.v.e.l.AutoCreateSpinMediumGiftHistoryFake - doWork
2019-12-18 15:27:10 PM [scheduling-1] INFO  c.v.e.l.AutoCreateSpinMediumGiftHistoryFake - doWork
2019-12-18 15:27:10 PM [scheduling-1] INFO  c.v.e.l.AutoCreateSpinMediumGiftHistoryFake - doWork
2019-12-18 15:27:20 PM [scheduling-1] INFO  c.v.e.l.AutoCreateSpinMediumGiftHistoryFake - doWork
2019-12-18 15:27:20 PM [scheduling-1] INFO  c.v.e.l.AutoCreateSpinMediumGiftHistoryFake - doWork
2019-12-18 15:27:20 PM [scheduling-1] INFO  c.v.e.l.AutoCreateSpinMediumGiftHistoryFake - doWork
2019-12-18 15:27:22 PM [Thread-3] INFO  o.s.s.c.ThreadPoolTaskScheduler - shutdown
2019-12-18 15:27:22 PM [Thread-3] INFO  o.s.s.c.ThreadPoolTaskExecutor - shutdown
2019-12-18 15:27:22 PM [Thread-3] INFO  o.s.o.j.LocalContainerEntityManagerFactoryBean - destroy
2019-12-18 15:27:22 PM [Thread-3] INFO  com.zaxxer.hikari.HikariDataSource - close
2019-12-18 15:27:22 PM [Thread-3] INFO  com.zaxxer.hikari.HikariDataSource - close
2019-12-18 15:29:40 PM [main] INFO  com.vtc.event.VtcEventApplication - logStarting
2019-12-18 15:29:40 PM [main] INFO  com.vtc.event.VtcEventApplication - logStartupProfileInfo
2019-12-18 15:29:41 PM [main] INFO  o.s.d.r.c.RepositoryConfigurationDelegate - registerRepositoriesIn
2019-12-18 15:29:41 PM [main] INFO  o.s.d.r.c.RepositoryConfigurationDelegate - registerRepositoriesIn
2019-12-18 15:29:42 PM [main] INFO  o.s.c.s.PostProcessorRegistrationDelegate$BeanPostProcessorChecker - postProcessAfterInitialization
2019-12-18 15:29:42 PM [main] INFO  o.s.c.s.PostProcessorRegistrationDelegate$BeanPostProcessorChecker - postProcessAfterInitialization
2019-12-18 15:29:42 PM [main] INFO  o.s.c.s.PostProcessorRegistrationDelegate$BeanPostProcessorChecker - postProcessAfterInitialization
2019-12-18 15:29:42 PM [main] INFO  o.s.c.s.PostProcessorRegistrationDelegate$BeanPostProcessorChecker - postProcessAfterInitialization
2019-12-18 15:29:42 PM [main] INFO  o.s.c.s.PostProcessorRegistrationDelegate$BeanPostProcessorChecker - postProcessAfterInitialization
2019-12-18 15:29:42 PM [main] INFO  o.s.c.s.PostProcessorRegistrationDelegate$BeanPostProcessorChecker - postProcessAfterInitialization
2019-12-18 15:29:43 PM [main] INFO  o.s.b.w.e.tomcat.TomcatWebServer - initialize
2019-12-18 15:29:43 PM [main] INFO  o.a.coyote.http11.Http11NioProtocol - log
2019-12-18 15:29:43 PM [main] INFO  o.a.catalina.core.StandardService - log
2019-12-18 15:29:43 PM [main] INFO  o.a.catalina.core.StandardEngine - log
2019-12-18 15:29:43 PM [main] INFO  o.a.c.c.C.[Tomcat].[localhost].[/] - log
2019-12-18 15:29:43 PM [main] INFO  o.s.web.context.ContextLoader - prepareWebApplicationContext
2019-12-18 15:29:43 PM [main] INFO  com.zaxxer.hikari.HikariDataSource - getConnection
2019-12-18 15:29:43 PM [main] INFO  com.zaxxer.hikari.HikariDataSource - getConnection
2019-12-18 15:29:44 PM [main] INFO  o.h.jpa.internal.util.LogHelper - logPersistenceUnitInformation
2019-12-18 15:29:44 PM [main] INFO  org.hibernate.Version - logVersion
2019-12-18 15:29:44 PM [main] INFO  org.hibernate.cfg.Environment - <clinit>
2019-12-18 15:29:44 PM [main] INFO  o.h.annotations.common.Version - <clinit>
2019-12-18 15:29:44 PM [main] INFO  org.hibernate.dialect.Dialect - <init>
2019-12-18 15:29:46 PM [main] INFO  o.h.h.i.QueryTranslatorFactoryInitiator - initiateService
2019-12-18 15:29:46 PM [main] INFO  o.s.o.j.LocalContainerEntityManagerFactoryBean - buildNativeEntityManagerFactory
2019-12-18 15:29:48 PM [main] INFO  o.s.s.web.DefaultSecurityFilterChain - <init>
2019-12-18 15:29:48 PM [main] INFO  o.s.s.web.DefaultSecurityFilterChain - <init>
2019-12-18 15:29:48 PM [main] INFO  o.s.s.web.DefaultSecurityFilterChain - <init>
2019-12-18 15:29:48 PM [main] INFO  o.s.s.web.DefaultSecurityFilterChain - <init>
2019-12-18 15:29:48 PM [main] INFO  o.s.s.web.DefaultSecurityFilterChain - <init>
2019-12-18 15:29:48 PM [main] INFO  o.s.s.web.DefaultSecurityFilterChain - <init>
2019-12-18 15:29:48 PM [main] INFO  o.s.s.web.DefaultSecurityFilterChain - <init>
2019-12-18 15:29:48 PM [main] INFO  o.s.s.web.DefaultSecurityFilterChain - <init>
2019-12-18 15:29:48 PM [main] INFO  o.s.s.web.DefaultSecurityFilterChain - <init>
2019-12-18 15:29:48 PM [main] INFO  o.s.s.c.ThreadPoolTaskExecutor - initialize
2019-12-18 15:29:48 PM [main] WARN  o.s.b.a.o.j.JpaBaseConfiguration$JpaWebConfiguration$JpaWebMvcConfiguration - openEntityManagerInViewInterceptor
2019-12-18 15:29:48 PM [main] INFO  o.s.s.c.ThreadPoolTaskScheduler - initialize
2019-12-18 15:29:48 PM [main] INFO  o.a.coyote.http11.Http11NioProtocol - log
2019-12-18 15:29:48 PM [main] INFO  o.s.b.w.e.tomcat.TomcatWebServer - start
2019-12-18 15:29:48 PM [main] INFO  com.vtc.event.VtcEventApplication - logStarted
2019-12-18 15:29:50 PM [scheduling-1] INFO  c.v.e.l.AutoCreateSpinMediumGiftHistoryFake - doWork
2019-12-18 15:29:50 PM [scheduling-1] INFO  c.v.e.l.AutoCreateSpinMediumGiftHistoryFake - doWork
2019-12-18 15:30:00 PM [scheduling-1] INFO  c.v.e.l.AutoCreateSpinMediumGiftHistoryFake - doWork
2019-12-18 15:30:00 PM [scheduling-1] INFO  c.v.e.l.AutoCreateSpinMediumGiftHistoryFake - doWork
2019-12-18 15:30:10 PM [scheduling-1] INFO  c.v.e.l.AutoCreateSpinMediumGiftHistoryFake - doWork
2019-12-18 15:30:10 PM [scheduling-1] INFO  c.v.e.l.AutoCreateSpinMediumGiftHistoryFake - doWork
2019-12-18 15:30:20 PM [scheduling-1] INFO  c.v.e.l.AutoCreateSpinMediumGiftHistoryFake - doWork
2019-12-18 15:30:20 PM [scheduling-1] INFO  c.v.e.l.AutoCreateSpinMediumGiftHistoryFake - doWork
2019-12-18 15:30:20 PM [scheduling-1] INFO  c.v.e.l.AutoCreateSpinMediumGiftHistoryFake - doWork
2019-12-18 15:30:30 PM [scheduling-1] INFO  c.v.e.l.AutoCreateSpinMediumGiftHistoryFake - doWork
2019-12-18 15:30:30 PM [scheduling-1] INFO  c.v.e.l.AutoCreateSpinMediumGiftHistoryFake - doWork
2019-12-18 15:30:40 PM [scheduling-1] INFO  c.v.e.l.AutoCreateSpinMediumGiftHistoryFake - doWork
2019-12-18 15:30:40 PM [scheduling-1] INFO  c.v.e.l.AutoCreateSpinMediumGiftHistoryFake - doWork
2019-12-18 15:30:46 PM [Thread-3] INFO  o.s.s.c.ThreadPoolTaskScheduler - shutdown
2019-12-18 15:30:46 PM [Thread-3] INFO  o.s.s.c.ThreadPoolTaskExecutor - shutdown
2019-12-18 15:30:46 PM [Thread-3] INFO  o.s.o.j.LocalContainerEntityManagerFactoryBean - destroy
2019-12-18 15:30:46 PM [Thread-3] INFO  com.zaxxer.hikari.HikariDataSource - close
2019-12-18 15:30:46 PM [Thread-3] INFO  com.zaxxer.hikari.HikariDataSource - close
2019-12-18 15:44:58 PM [main] INFO  com.vtc.event.VtcEventApplication - logStarting
2019-12-18 15:44:58 PM [main] INFO  com.vtc.event.VtcEventApplication - logStartupProfileInfo
2019-12-18 15:45:00 PM [main] INFO  o.s.d.r.c.RepositoryConfigurationDelegate - registerRepositoriesIn
2019-12-18 15:45:00 PM [main] INFO  o.s.d.r.c.RepositoryConfigurationDelegate - registerRepositoriesIn
2019-12-18 15:45:01 PM [main] INFO  o.s.c.s.PostProcessorRegistrationDelegate$BeanPostProcessorChecker - postProcessAfterInitialization
2019-12-18 15:45:01 PM [main] INFO  o.s.c.s.PostProcessorRegistrationDelegate$BeanPostProcessorChecker - postProcessAfterInitialization
2019-12-18 15:45:01 PM [main] INFO  o.s.c.s.PostProcessorRegistrationDelegate$BeanPostProcessorChecker - postProcessAfterInitialization
2019-12-18 15:45:01 PM [main] INFO  o.s.c.s.PostProcessorRegistrationDelegate$BeanPostProcessorChecker - postProcessAfterInitialization
2019-12-18 15:45:01 PM [main] INFO  o.s.c.s.PostProcessorRegistrationDelegate$BeanPostProcessorChecker - postProcessAfterInitialization
2019-12-18 15:45:01 PM [main] INFO  o.s.c.s.PostProcessorRegistrationDelegate$BeanPostProcessorChecker - postProcessAfterInitialization
2019-12-18 15:45:01 PM [main] INFO  o.s.b.w.e.tomcat.TomcatWebServer - initialize
2019-12-18 15:45:01 PM [main] INFO  o.a.coyote.http11.Http11NioProtocol - log
2019-12-18 15:45:01 PM [main] INFO  o.a.catalina.core.StandardService - log
2019-12-18 15:45:01 PM [main] INFO  o.a.catalina.core.StandardEngine - log
2019-12-18 15:45:01 PM [main] INFO  o.a.c.c.C.[Tomcat].[localhost].[/] - log
2019-12-18 15:45:01 PM [main] INFO  o.s.web.context.ContextLoader - prepareWebApplicationContext
2019-12-18 15:45:01 PM [main] INFO  com.zaxxer.hikari.HikariDataSource - getConnection
2019-12-18 15:45:02 PM [main] INFO  com.zaxxer.hikari.HikariDataSource - getConnection
2019-12-18 15:45:02 PM [main] INFO  o.h.jpa.internal.util.LogHelper - logPersistenceUnitInformation
2019-12-18 15:45:02 PM [main] INFO  org.hibernate.Version - logVersion
2019-12-18 15:45:02 PM [main] INFO  org.hibernate.cfg.Environment - <clinit>
2019-12-18 15:45:02 PM [main] INFO  o.h.annotations.common.Version - <clinit>
2019-12-18 15:45:02 PM [main] INFO  org.hibernate.dialect.Dialect - <init>
2019-12-18 15:45:04 PM [main] INFO  o.h.h.i.QueryTranslatorFactoryInitiator - initiateService
2019-12-18 15:45:04 PM [main] INFO  o.s.o.j.LocalContainerEntityManagerFactoryBean - buildNativeEntityManagerFactory
2019-12-18 15:45:05 PM [main] INFO  o.s.s.web.DefaultSecurityFilterChain - <init>
2019-12-18 15:45:05 PM [main] INFO  o.s.s.web.DefaultSecurityFilterChain - <init>
2019-12-18 15:45:05 PM [main] INFO  o.s.s.web.DefaultSecurityFilterChain - <init>
2019-12-18 15:45:05 PM [main] INFO  o.s.s.web.DefaultSecurityFilterChain - <init>
2019-12-18 15:45:05 PM [main] INFO  o.s.s.web.DefaultSecurityFilterChain - <init>
2019-12-18 15:45:05 PM [main] INFO  o.s.s.web.DefaultSecurityFilterChain - <init>
2019-12-18 15:45:06 PM [main] INFO  o.s.s.web.DefaultSecurityFilterChain - <init>
2019-12-18 15:45:06 PM [main] INFO  o.s.s.web.DefaultSecurityFilterChain - <init>
2019-12-18 15:45:06 PM [main] INFO  o.s.s.web.DefaultSecurityFilterChain - <init>
2019-12-18 15:45:06 PM [main] INFO  o.s.s.c.ThreadPoolTaskExecutor - initialize
2019-12-18 15:45:06 PM [main] WARN  o.s.b.a.o.j.JpaBaseConfiguration$JpaWebConfiguration$JpaWebMvcConfiguration - openEntityManagerInViewInterceptor
2019-12-18 15:45:06 PM [main] INFO  o.s.s.c.ThreadPoolTaskScheduler - initialize
2019-12-18 15:45:06 PM [main] INFO  o.a.coyote.http11.Http11NioProtocol - log
2019-12-18 15:45:06 PM [main] INFO  o.s.b.w.e.tomcat.TomcatWebServer - start
2019-12-18 15:45:06 PM [main] INFO  com.vtc.event.VtcEventApplication - logStarted
2019-12-18 15:45:33 PM [Thread-3] INFO  o.s.s.c.ThreadPoolTaskScheduler - shutdown
2019-12-18 15:45:33 PM [Thread-3] INFO  o.s.s.c.ThreadPoolTaskExecutor - shutdown
2019-12-18 15:45:33 PM [Thread-3] INFO  o.s.o.j.LocalContainerEntityManagerFactoryBean - destroy
2019-12-18 15:45:33 PM [Thread-3] INFO  com.zaxxer.hikari.HikariDataSource - close
2019-12-18 15:45:33 PM [Thread-3] INFO  com.zaxxer.hikari.HikariDataSource - close
2019-12-18 15:45:48 PM [main] INFO  com.vtc.event.VtcEventApplication - logStarting
2019-12-18 15:45:48 PM [main] INFO  com.vtc.event.VtcEventApplication - logStartupProfileInfo
2019-12-18 15:45:50 PM [main] INFO  o.s.d.r.c.RepositoryConfigurationDelegate - registerRepositoriesIn
2019-12-18 15:45:50 PM [main] INFO  o.s.d.r.c.RepositoryConfigurationDelegate - registerRepositoriesIn
2019-12-18 15:45:51 PM [main] INFO  o.s.c.s.PostProcessorRegistrationDelegate$BeanPostProcessorChecker - postProcessAfterInitialization
2019-12-18 15:45:51 PM [main] INFO  o.s.c.s.PostProcessorRegistrationDelegate$BeanPostProcessorChecker - postProcessAfterInitialization
2019-12-18 15:45:51 PM [main] INFO  o.s.c.s.PostProcessorRegistrationDelegate$BeanPostProcessorChecker - postProcessAfterInitialization
2019-12-18 15:45:51 PM [main] INFO  o.s.c.s.PostProcessorRegistrationDelegate$BeanPostProcessorChecker - postProcessAfterInitialization
2019-12-18 15:45:51 PM [main] INFO  o.s.c.s.PostProcessorRegistrationDelegate$BeanPostProcessorChecker - postProcessAfterInitialization
2019-12-18 15:45:51 PM [main] INFO  o.s.c.s.PostProcessorRegistrationDelegate$BeanPostProcessorChecker - postProcessAfterInitialization
2019-12-18 15:45:52 PM [main] INFO  o.s.b.w.e.tomcat.TomcatWebServer - initialize
2019-12-18 15:45:52 PM [main] INFO  o.a.coyote.http11.Http11NioProtocol - log
2019-12-18 15:45:52 PM [main] INFO  o.a.catalina.core.StandardService - log
2019-12-18 15:45:52 PM [main] INFO  o.a.catalina.core.StandardEngine - log
2019-12-18 15:45:52 PM [main] INFO  o.a.c.c.C.[Tomcat].[localhost].[/] - log
2019-12-18 15:45:52 PM [main] INFO  o.s.web.context.ContextLoader - prepareWebApplicationContext
2019-12-18 15:45:52 PM [main] INFO  com.zaxxer.hikari.HikariDataSource - getConnection
2019-12-18 15:45:53 PM [main] INFO  com.zaxxer.hikari.HikariDataSource - getConnection
2019-12-18 15:45:53 PM [main] INFO  o.h.jpa.internal.util.LogHelper - logPersistenceUnitInformation
2019-12-18 15:45:53 PM [main] INFO  org.hibernate.Version - logVersion
2019-12-18 15:45:53 PM [main] INFO  org.hibernate.cfg.Environment - <clinit>
2019-12-18 15:45:53 PM [main] INFO  o.h.annotations.common.Version - <clinit>
2019-12-18 15:45:54 PM [main] INFO  org.hibernate.dialect.Dialect - <init>
2019-12-18 15:45:56 PM [main] INFO  o.h.h.i.QueryTranslatorFactoryInitiator - initiateService
2019-12-18 15:45:56 PM [main] INFO  o.s.o.j.LocalContainerEntityManagerFactoryBean - buildNativeEntityManagerFactory
2019-12-18 15:45:58 PM [main] INFO  o.s.s.web.DefaultSecurityFilterChain - <init>
2019-12-18 15:45:58 PM [main] INFO  o.s.s.web.DefaultSecurityFilterChain - <init>
2019-12-18 15:45:58 PM [main] INFO  o.s.s.web.DefaultSecurityFilterChain - <init>
2019-12-18 15:45:58 PM [main] INFO  o.s.s.web.DefaultSecurityFilterChain - <init>
2019-12-18 15:45:58 PM [main] INFO  o.s.s.web.DefaultSecurityFilterChain - <init>
2019-12-18 15:45:58 PM [main] INFO  o.s.s.web.DefaultSecurityFilterChain - <init>
2019-12-18 15:45:58 PM [main] INFO  o.s.s.web.DefaultSecurityFilterChain - <init>
2019-12-18 15:45:58 PM [main] INFO  o.s.s.web.DefaultSecurityFilterChain - <init>
2019-12-18 15:45:58 PM [main] INFO  o.s.s.web.DefaultSecurityFilterChain - <init>
2019-12-18 15:45:59 PM [main] INFO  o.s.s.c.ThreadPoolTaskExecutor - initialize
2019-12-18 15:45:59 PM [main] WARN  o.s.b.a.o.j.JpaBaseConfiguration$JpaWebConfiguration$JpaWebMvcConfiguration - openEntityManagerInViewInterceptor
2019-12-18 15:45:59 PM [main] INFO  o.s.s.c.ThreadPoolTaskScheduler - initialize
2019-12-18 15:45:59 PM [main] INFO  o.a.coyote.http11.Http11NioProtocol - log
2019-12-18 15:45:59 PM [main] INFO  o.s.b.w.e.tomcat.TomcatWebServer - start
2019-12-18 15:45:59 PM [main] INFO  com.vtc.event.VtcEventApplication - logStarted
2019-12-18 15:46:00 PM [scheduling-1] INFO  c.v.e.l.AutoCreateSpinMediumGiftHistoryFake - doWork
2019-12-18 15:46:00 PM [scheduling-1] INFO  c.v.e.l.AutoCreateSpinMediumGiftHistoryFake - doWork
2019-12-18 15:46:10 PM [scheduling-1] INFO  c.v.e.l.AutoCreateSpinMediumGiftHistoryFake - doWork
2019-12-18 15:46:10 PM [scheduling-1] INFO  c.v.e.l.AutoCreateSpinMediumGiftHistoryFake - doWork
2019-12-18 15:46:20 PM [scheduling-1] INFO  c.v.e.l.AutoCreateSpinMediumGiftHistoryFake - doWork
2019-12-18 15:46:20 PM [scheduling-1] INFO  c.v.e.l.AutoCreateSpinMediumGiftHistoryFake - doWork
2019-12-18 15:46:30 PM [scheduling-1] INFO  c.v.e.l.AutoCreateSpinMediumGiftHistoryFake - doWork
2019-12-18 15:46:30 PM [scheduling-1] INFO  c.v.e.l.AutoCreateSpinMediumGiftHistoryFake - doWork
2019-12-18 15:46:40 PM [scheduling-1] INFO  c.v.e.l.AutoCreateSpinMediumGiftHistoryFake - doWork
2019-12-18 15:46:46 PM [scheduling-1] INFO  c.v.e.l.AutoCreateSpinMediumGiftHistoryFake - doWork
2019-12-18 15:46:50 PM [scheduling-1] INFO  c.v.e.l.AutoCreateSpinMediumGiftHistoryFake - doWork
2019-12-18 15:46:50 PM [scheduling-1] INFO  c.v.e.l.AutoCreateSpinMediumGiftHistoryFake - doWork
2019-12-18 15:47:00 PM [scheduling-1] INFO  c.v.e.l.AutoCreateSpinMediumGiftHistoryFake - doWork
2019-12-18 15:47:00 PM [scheduling-1] INFO  c.v.e.l.AutoCreateSpinMediumGiftHistoryFake - doWork
2019-12-18 15:47:10 PM [scheduling-1] INFO  c.v.e.l.AutoCreateSpinMediumGiftHistoryFake - doWork
2019-12-18 15:47:10 PM [scheduling-1] INFO  c.v.e.l.AutoCreateSpinMediumGiftHistoryFake - doWork
2019-12-18 15:47:20 PM [scheduling-1] INFO  c.v.e.l.AutoCreateSpinMediumGiftHistoryFake - doWork
2019-12-18 15:47:20 PM [scheduling-1] INFO  c.v.e.l.AutoCreateSpinMediumGiftHistoryFake - doWork
2019-12-18 15:47:30 PM [scheduling-1] INFO  c.v.e.l.AutoCreateSpinMediumGiftHistoryFake - doWork
2019-12-18 15:47:30 PM [scheduling-1] INFO  c.v.e.l.AutoCreateSpinMediumGiftHistoryFake - doWork
2019-12-18 15:47:40 PM [scheduling-1] INFO  c.v.e.l.AutoCreateSpinMediumGiftHistoryFake - doWork
2019-12-18 15:47:40 PM [scheduling-1] INFO  c.v.e.l.AutoCreateSpinMediumGiftHistoryFake - doWork
2019-12-18 15:47:50 PM [scheduling-1] INFO  c.v.e.l.AutoCreateSpinMediumGiftHistoryFake - doWork
2019-12-18 15:47:50 PM [scheduling-1] INFO  c.v.e.l.AutoCreateSpinMediumGiftHistoryFake - doWork
2019-12-18 15:48:00 PM [scheduling-1] INFO  c.v.e.l.AutoCreateSpinMediumGiftHistoryFake - doWork
2019-12-18 15:48:00 PM [scheduling-1] INFO  c.v.e.l.AutoCreateSpinMediumGiftHistoryFake - doWork
2019-12-18 15:48:10 PM [scheduling-1] INFO  c.v.e.l.AutoCreateSpinMediumGiftHistoryFake - doWork
2019-12-18 15:48:10 PM [scheduling-1] INFO  c.v.e.l.AutoCreateSpinMediumGiftHistoryFake - doWork
2019-12-18 15:48:15 PM [Thread-3] INFO  o.s.s.c.ThreadPoolTaskScheduler - shutdown
2019-12-18 15:48:15 PM [Thread-3] INFO  o.s.s.c.ThreadPoolTaskExecutor - shutdown
2019-12-18 15:48:15 PM [Thread-3] INFO  o.s.o.j.LocalContainerEntityManagerFactoryBean - destroy
2019-12-18 15:48:15 PM [Thread-3] INFO  com.zaxxer.hikari.HikariDataSource - close
2019-12-18 15:48:15 PM [Thread-3] INFO  com.zaxxer.hikari.HikariDataSource - close
