2019-12-13 14:24:46 PM [main] INFO  com.vtc.event.VtcEventApplication - logStarting
2019-12-13 14:24:46 PM [main] INFO  com.vtc.event.VtcEventApplication - logStartupProfileInfo
2019-12-13 14:24:47 PM [main] INFO  o.s.d.r.c.RepositoryConfigurationDelegate - registerRepositoriesIn
2019-12-13 14:24:47 PM [main] INFO  o.s.d.r.c.RepositoryConfigurationDelegate - registerRepositoriesIn
2019-12-13 14:24:48 PM [main] INFO  o.s.c.s.PostProcessorRegistrationDelegate$BeanPostProcessorChecker - postProcessAfterInitialization
2019-12-13 14:24:48 PM [main] INFO  o.s.c.s.PostProcessorRegistrationDelegate$BeanPostProcessorChecker - postProcessAfterInitialization
2019-12-13 14:24:48 PM [main] INFO  o.s.c.s.PostProcessorRegistrationDelegate$BeanPostProcessorChecker - postProcessAfterInitialization
2019-12-13 14:24:48 PM [main] INFO  o.s.c.s.PostProcessorRegistrationDelegate$BeanPostProcessorChecker - postProcessAfterInitialization
2019-12-13 14:24:48 PM [main] INFO  o.s.c.s.PostProcessorRegistrationDelegate$BeanPostProcessorChecker - postProcessAfterInitialization
2019-12-13 14:24:48 PM [main] INFO  o.s.c.s.PostProcessorRegistrationDelegate$BeanPostProcessorChecker - postProcessAfterInitialization
2019-12-13 14:24:49 PM [main] INFO  o.s.b.w.e.tomcat.TomcatWebServer - initialize
2019-12-13 14:24:49 PM [main] INFO  o.a.coyote.http11.Http11NioProtocol - log
2019-12-13 14:24:49 PM [main] INFO  o.a.catalina.core.StandardService - log
2019-12-13 14:24:49 PM [main] INFO  o.a.catalina.core.StandardEngine - log
2019-12-13 14:24:49 PM [main] INFO  o.a.c.c.C.[Tomcat].[localhost].[/] - log
2019-12-13 14:24:49 PM [main] INFO  o.s.web.context.ContextLoader - prepareWebApplicationContext
2019-12-13 14:24:49 PM [main] INFO  com.zaxxer.hikari.HikariDataSource - getConnection
2019-12-13 14:24:50 PM [main] INFO  com.zaxxer.hikari.HikariDataSource - getConnection
2019-12-13 14:24:50 PM [main] INFO  o.h.jpa.internal.util.LogHelper - logPersistenceUnitInformation
2019-12-13 14:24:50 PM [main] INFO  org.hibernate.Version - logVersion
2019-12-13 14:24:50 PM [main] INFO  org.hibernate.cfg.Environment - <clinit>
2019-12-13 14:24:50 PM [main] INFO  o.h.annotations.common.Version - <clinit>
2019-12-13 14:24:50 PM [main] INFO  org.hibernate.dialect.Dialect - <init>
2019-12-13 14:24:52 PM [main] INFO  o.h.h.i.QueryTranslatorFactoryInitiator - initiateService
2019-12-13 14:24:52 PM [main] INFO  o.s.o.j.LocalContainerEntityManagerFactoryBean - buildNativeEntityManagerFactory
2019-12-13 14:24:55 PM [main] INFO  o.s.s.web.DefaultSecurityFilterChain - <init>
2019-12-13 14:24:55 PM [main] INFO  o.s.s.web.DefaultSecurityFilterChain - <init>
2019-12-13 14:24:55 PM [main] INFO  o.s.s.web.DefaultSecurityFilterChain - <init>
2019-12-13 14:24:55 PM [main] INFO  o.s.s.web.DefaultSecurityFilterChain - <init>
2019-12-13 14:24:55 PM [main] INFO  o.s.s.web.DefaultSecurityFilterChain - <init>
2019-12-13 14:24:55 PM [main] INFO  o.s.s.web.DefaultSecurityFilterChain - <init>
2019-12-13 14:24:55 PM [main] INFO  o.s.s.web.DefaultSecurityFilterChain - <init>
2019-12-13 14:24:55 PM [main] INFO  o.s.s.web.DefaultSecurityFilterChain - <init>
2019-12-13 14:24:55 PM [main] INFO  o.s.s.web.DefaultSecurityFilterChain - <init>
2019-12-13 14:24:56 PM [main] INFO  o.s.s.c.ThreadPoolTaskExecutor - initialize
2019-12-13 14:24:56 PM [main] WARN  o.s.b.a.o.j.JpaBaseConfiguration$JpaWebConfiguration$JpaWebMvcConfiguration - openEntityManagerInViewInterceptor
2019-12-13 14:24:56 PM [main] INFO  o.s.s.c.ThreadPoolTaskScheduler - initialize
2019-12-13 14:24:56 PM [main] INFO  o.a.coyote.http11.Http11NioProtocol - log
2019-12-13 14:24:56 PM [main] INFO  o.s.b.w.e.tomcat.TomcatWebServer - start
2019-12-13 14:24:56 PM [main] INFO  com.vtc.event.VtcEventApplication - logStarted
2019-12-13 14:26:12 PM [http-nio-8080-exec-2] INFO  o.a.c.c.C.[Tomcat].[localhost].[/] - log
2019-12-13 14:26:12 PM [http-nio-8080-exec-2] INFO  o.s.web.servlet.DispatcherServlet - initServletBean
2019-12-13 14:26:12 PM [http-nio-8080-exec-2] INFO  o.s.web.servlet.DispatcherServlet - initServletBean
2019-12-13 14:26:12 PM [http-nio-8080-exec-2] INFO  c.v.e.l.c.LuckySpinController - getLuckySpinDetailUser
2019-12-13 14:26:13 PM [http-nio-8080-exec-2] INFO  c.v.e.l.c.LuckySpinController - toResult
