2020-03-24 14:22:31 PM [main] INFO  o.s.b.t.c.SpringBootTestContextBootstrapper - buildDefaultMergedContextConfiguration
2020-03-24 14:22:31 PM [main] INFO  o.s.t.c.s.AbstractContextLoader - generateDefaultLocations
2020-03-24 14:22:31 PM [main] INFO  o.s.t.c.s.AnnotationConfigContextLoaderUtils - detectDefaultConfigurationClasses
2020-03-24 14:22:32 PM [main] INFO  o.s.b.t.c.SpringBootTestContextBootstrapper - getOrFindConfigurationClasses
2020-03-24 14:22:32 PM [main] INFO  o.s.b.t.c.SpringBootTestContextBootstrapper - getDefaultTestExecutionListenerClassNames
2020-03-24 14:22:32 PM [main] INFO  o.s.b.t.c.SpringBootTestContextBootstrapper - getTestExecutionListeners
2020-03-24 14:22:32 PM [main] INFO  com.vtc.event.LuckySpinServiceTest - logStarting
2020-03-24 14:22:32 PM [main] INFO  com.vtc.event.LuckySpinServiceTest - logStartupProfileInfo
2020-03-24 14:22:35 PM [main] INFO  o.s.d.r.c.RepositoryConfigurationDelegate - registerRepositoriesIn
2020-03-24 14:22:35 PM [main] INFO  o.s.d.r.c.RepositoryConfigurationDelegate - registerRepositoriesIn
2020-03-24 14:22:37 PM [main] INFO  o.s.c.s.PostProcessorRegistrationDelegate$BeanPostProcessorChecker - postProcessAfterInitialization
2020-03-24 14:22:37 PM [main] INFO  o.s.c.s.PostProcessorRegistrationDelegate$BeanPostProcessorChecker - postProcessAfterInitialization
2020-03-24 14:22:37 PM [main] INFO  o.s.c.s.PostProcessorRegistrationDelegate$BeanPostProcessorChecker - postProcessAfterInitialization
2020-03-24 14:22:37 PM [main] INFO  o.s.c.s.PostProcessorRegistrationDelegate$BeanPostProcessorChecker - postProcessAfterInitialization
2020-03-24 14:22:38 PM [main] INFO  o.s.c.s.PostProcessorRegistrationDelegate$BeanPostProcessorChecker - postProcessAfterInitialization
2020-03-24 14:22:38 PM [main] INFO  o.s.c.s.PostProcessorRegistrationDelegate$BeanPostProcessorChecker - postProcessAfterInitialization
2020-03-24 14:22:38 PM [main] INFO  com.zaxxer.hikari.HikariDataSource - getConnection
2020-03-24 14:22:39 PM [main] INFO  com.zaxxer.hikari.HikariDataSource - getConnection
2020-03-24 14:22:39 PM [main] INFO  o.h.jpa.internal.util.LogHelper - logPersistenceUnitInformation
2020-03-24 14:22:39 PM [main] INFO  org.hibernate.Version - logVersion
2020-03-24 14:22:39 PM [main] INFO  org.hibernate.cfg.Environment - <clinit>
2020-03-24 14:22:39 PM [main] INFO  o.h.annotations.common.Version - <clinit>
2020-03-24 14:22:40 PM [main] INFO  org.hibernate.dialect.Dialect - <init>
2020-03-24 14:22:41 PM [main] INFO  o.h.h.i.QueryTranslatorFactoryInitiator - initiateService
2020-03-24 14:22:41 PM [main] INFO  o.s.o.j.LocalContainerEntityManagerFactoryBean - buildNativeEntityManagerFactory
2020-03-24 14:22:45 PM [main] INFO  o.s.s.web.DefaultSecurityFilterChain - <init>
2020-03-24 14:22:45 PM [main] INFO  o.s.s.web.DefaultSecurityFilterChain - <init>
2020-03-24 14:22:45 PM [main] INFO  o.s.s.web.DefaultSecurityFilterChain - <init>
2020-03-24 14:22:45 PM [main] INFO  o.s.s.web.DefaultSecurityFilterChain - <init>
2020-03-24 14:22:45 PM [main] INFO  o.s.s.web.DefaultSecurityFilterChain - <init>
2020-03-24 14:22:45 PM [main] INFO  o.s.s.web.DefaultSecurityFilterChain - <init>
2020-03-24 14:22:45 PM [main] INFO  o.s.s.web.DefaultSecurityFilterChain - <init>
2020-03-24 14:22:45 PM [main] INFO  o.s.s.web.DefaultSecurityFilterChain - <init>
2020-03-24 14:22:45 PM [main] INFO  o.s.s.web.DefaultSecurityFilterChain - <init>
2020-03-24 14:22:46 PM [main] INFO  o.s.s.c.ThreadPoolTaskExecutor - initialize
2020-03-24 14:22:46 PM [main] WARN  o.s.b.a.o.j.JpaBaseConfiguration$JpaWebConfiguration$JpaWebMvcConfiguration - openEntityManagerInViewInterceptor
2020-03-24 14:22:46 PM [main] INFO  o.s.s.c.ThreadPoolTaskScheduler - initialize
2020-03-24 14:22:46 PM [main] INFO  com.vtc.event.LuckySpinServiceTest - logStarted
2020-03-24 14:22:47 PM [Thread-1] INFO  o.s.s.c.ThreadPoolTaskScheduler - shutdown
2020-03-24 14:22:47 PM [Thread-1] INFO  o.s.s.c.ThreadPoolTaskExecutor - shutdown
2020-03-24 14:22:47 PM [Thread-1] INFO  o.s.o.j.LocalContainerEntityManagerFactoryBean - destroy
2020-03-24 14:22:47 PM [Thread-1] INFO  com.zaxxer.hikari.HikariDataSource - close
2020-03-24 14:22:47 PM [Thread-1] INFO  com.zaxxer.hikari.HikariDataSource - close
2020-03-24 14:23:06 PM [main] INFO  com.vtc.event.VtcEventApplication - logStarting
2020-03-24 14:23:06 PM [main] INFO  com.vtc.event.VtcEventApplication - logStartupProfileInfo
2020-03-24 14:23:06 PM [main] INFO  o.s.d.r.c.RepositoryConfigurationDelegate - registerRepositoriesIn
2020-03-24 14:23:07 PM [main] INFO  o.s.d.r.c.RepositoryConfigurationDelegate - registerRepositoriesIn
2020-03-24 14:23:07 PM [main] INFO  o.s.c.s.PostProcessorRegistrationDelegate$BeanPostProcessorChecker - postProcessAfterInitialization
2020-03-24 14:23:08 PM [main] INFO  o.s.c.s.PostProcessorRegistrationDelegate$BeanPostProcessorChecker - postProcessAfterInitialization
2020-03-24 14:23:08 PM [main] INFO  o.s.c.s.PostProcessorRegistrationDelegate$BeanPostProcessorChecker - postProcessAfterInitialization
2020-03-24 14:23:08 PM [main] INFO  o.s.c.s.PostProcessorRegistrationDelegate$BeanPostProcessorChecker - postProcessAfterInitialization
2020-03-24 14:23:08 PM [main] INFO  o.s.c.s.PostProcessorRegistrationDelegate$BeanPostProcessorChecker - postProcessAfterInitialization
2020-03-24 14:23:08 PM [main] INFO  o.s.c.s.PostProcessorRegistrationDelegate$BeanPostProcessorChecker - postProcessAfterInitialization
2020-03-24 14:23:08 PM [main] INFO  o.s.b.w.e.tomcat.TomcatWebServer - initialize
2020-03-24 14:23:08 PM [main] INFO  o.a.coyote.http11.Http11NioProtocol - log
2020-03-24 14:23:08 PM [main] INFO  o.a.catalina.core.StandardService - log
2020-03-24 14:23:08 PM [main] INFO  o.a.catalina.core.StandardEngine - log
2020-03-24 14:23:08 PM [main] INFO  o.a.c.c.C.[Tomcat].[localhost].[/] - log
2020-03-24 14:23:08 PM [main] INFO  o.s.web.context.ContextLoader - prepareWebApplicationContext
2020-03-24 14:23:09 PM [main] INFO  com.zaxxer.hikari.HikariDataSource - getConnection
2020-03-24 14:23:09 PM [main] INFO  com.zaxxer.hikari.HikariDataSource - getConnection
2020-03-24 14:23:09 PM [main] INFO  o.h.jpa.internal.util.LogHelper - logPersistenceUnitInformation
2020-03-24 14:23:09 PM [main] INFO  org.hibernate.Version - logVersion
2020-03-24 14:23:09 PM [main] INFO  org.hibernate.cfg.Environment - <clinit>
2020-03-24 14:23:09 PM [main] INFO  o.h.annotations.common.Version - <clinit>
2020-03-24 14:23:09 PM [main] INFO  org.hibernate.dialect.Dialect - <init>
2020-03-24 14:23:11 PM [main] INFO  o.h.h.i.QueryTranslatorFactoryInitiator - initiateService
2020-03-24 14:23:11 PM [main] INFO  o.s.o.j.LocalContainerEntityManagerFactoryBean - buildNativeEntityManagerFactory
2020-03-24 14:23:13 PM [main] INFO  o.s.s.web.DefaultSecurityFilterChain - <init>
2020-03-24 14:23:13 PM [main] INFO  o.s.s.web.DefaultSecurityFilterChain - <init>
2020-03-24 14:23:13 PM [main] INFO  o.s.s.web.DefaultSecurityFilterChain - <init>
2020-03-24 14:23:13 PM [main] INFO  o.s.s.web.DefaultSecurityFilterChain - <init>
2020-03-24 14:23:13 PM [main] INFO  o.s.s.web.DefaultSecurityFilterChain - <init>
2020-03-24 14:23:13 PM [main] INFO  o.s.s.web.DefaultSecurityFilterChain - <init>
2020-03-24 14:23:13 PM [main] INFO  o.s.s.web.DefaultSecurityFilterChain - <init>
2020-03-24 14:23:13 PM [main] INFO  o.s.s.web.DefaultSecurityFilterChain - <init>
2020-03-24 14:23:13 PM [main] INFO  o.s.s.web.DefaultSecurityFilterChain - <init>
2020-03-24 14:23:13 PM [main] INFO  o.s.s.c.ThreadPoolTaskExecutor - initialize
2020-03-24 14:23:13 PM [main] WARN  o.s.b.a.o.j.JpaBaseConfiguration$JpaWebConfiguration$JpaWebMvcConfiguration - openEntityManagerInViewInterceptor
2020-03-24 14:23:13 PM [main] INFO  o.s.s.c.ThreadPoolTaskScheduler - initialize
2020-03-24 14:23:13 PM [main] INFO  o.a.coyote.http11.Http11NioProtocol - log
2020-03-24 14:23:13 PM [main] INFO  o.s.b.w.e.tomcat.TomcatWebServer - start
2020-03-24 14:23:13 PM [main] INFO  com.vtc.event.VtcEventApplication - logStarted
