2019-12-19 15:36:58 PM [main] INFO  com.vtc.event.VtcEventApplication - logStarting
2019-12-19 15:36:58 PM [main] INFO  com.vtc.event.VtcEventApplication - logStartupProfileInfo
2019-12-19 15:36:59 PM [main] INFO  o.s.d.r.c.RepositoryConfigurationDelegate - registerRepositoriesIn
2019-12-19 15:36:59 PM [main] INFO  o.s.d.r.c.RepositoryConfigurationDelegate - registerRepositoriesIn
2019-12-19 15:37:00 PM [main] INFO  o.s.c.s.PostProcessorRegistrationDelegate$BeanPostProcessorChecker - postProcessAfterInitialization
2019-12-19 15:37:00 PM [main] INFO  o.s.c.s.PostProcessorRegistrationDelegate$BeanPostProcessorChecker - postProcessAfterInitialization
2019-12-19 15:37:00 PM [main] INFO  o.s.c.s.PostProcessorRegistrationDelegate$BeanPostProcessorChecker - postProcessAfterInitialization
2019-12-19 15:37:00 PM [main] INFO  o.s.c.s.PostProcessorRegistrationDelegate$BeanPostProcessorChecker - postProcessAfterInitialization
2019-12-19 15:37:00 PM [main] INFO  o.s.c.s.PostProcessorRegistrationDelegate$BeanPostProcessorChecker - postProcessAfterInitialization
2019-12-19 15:37:00 PM [main] INFO  o.s.c.s.PostProcessorRegistrationDelegate$BeanPostProcessorChecker - postProcessAfterInitialization
2019-12-19 15:37:01 PM [main] INFO  o.s.b.w.e.tomcat.TomcatWebServer - initialize
2019-12-19 15:37:01 PM [main] INFO  o.a.coyote.http11.Http11NioProtocol - log
2019-12-19 15:37:01 PM [main] INFO  o.a.catalina.core.StandardService - log
2019-12-19 15:37:01 PM [main] INFO  o.a.catalina.core.StandardEngine - log
2019-12-19 15:37:01 PM [main] INFO  o.a.c.c.C.[Tomcat].[localhost].[/] - log
2019-12-19 15:37:01 PM [main] INFO  o.s.web.context.ContextLoader - prepareWebApplicationContext
2019-12-19 15:37:01 PM [main] INFO  com.zaxxer.hikari.HikariDataSource - getConnection
2019-12-19 15:37:02 PM [main] INFO  com.zaxxer.hikari.HikariDataSource - getConnection
2019-12-19 15:37:02 PM [main] INFO  o.h.jpa.internal.util.LogHelper - logPersistenceUnitInformation
2019-12-19 15:37:02 PM [main] INFO  org.hibernate.Version - logVersion
2019-12-19 15:37:02 PM [main] INFO  org.hibernate.cfg.Environment - <clinit>
2019-12-19 15:37:02 PM [main] INFO  o.h.annotations.common.Version - <clinit>
2019-12-19 15:37:03 PM [main] INFO  org.hibernate.dialect.Dialect - <init>
2019-12-19 15:37:04 PM [main] INFO  o.h.h.i.QueryTranslatorFactoryInitiator - initiateService
2019-12-19 15:37:04 PM [main] INFO  o.s.o.j.LocalContainerEntityManagerFactoryBean - buildNativeEntityManagerFactory
2019-12-19 15:37:07 PM [main] INFO  o.s.s.web.DefaultSecurityFilterChain - <init>
2019-12-19 15:37:07 PM [main] INFO  o.s.s.web.DefaultSecurityFilterChain - <init>
2019-12-19 15:37:07 PM [main] INFO  o.s.s.web.DefaultSecurityFilterChain - <init>
2019-12-19 15:37:07 PM [main] INFO  o.s.s.web.DefaultSecurityFilterChain - <init>
2019-12-19 15:37:07 PM [main] INFO  o.s.s.web.DefaultSecurityFilterChain - <init>
2019-12-19 15:37:07 PM [main] INFO  o.s.s.web.DefaultSecurityFilterChain - <init>
2019-12-19 15:37:07 PM [main] INFO  o.s.s.web.DefaultSecurityFilterChain - <init>
2019-12-19 15:37:07 PM [main] INFO  o.s.s.web.DefaultSecurityFilterChain - <init>
2019-12-19 15:37:07 PM [main] INFO  o.s.s.web.DefaultSecurityFilterChain - <init>
2019-12-19 15:37:08 PM [main] INFO  o.s.s.c.ThreadPoolTaskExecutor - initialize
2019-12-19 15:37:08 PM [main] WARN  o.s.b.a.o.j.JpaBaseConfiguration$JpaWebConfiguration$JpaWebMvcConfiguration - openEntityManagerInViewInterceptor
2019-12-19 15:37:08 PM [main] INFO  o.s.s.c.ThreadPoolTaskScheduler - initialize
2019-12-19 15:37:08 PM [main] INFO  o.a.coyote.http11.Http11NioProtocol - log
2019-12-19 15:37:08 PM [main] INFO  o.s.b.w.e.tomcat.TomcatWebServer - start
2019-12-19 15:37:08 PM [main] INFO  com.vtc.event.VtcEventApplication - logStarted
2019-12-19 15:39:53 PM [Thread-3] INFO  o.s.s.c.ThreadPoolTaskScheduler - shutdown
2019-12-19 15:39:53 PM [Thread-3] INFO  o.s.s.c.ThreadPoolTaskExecutor - shutdown
2019-12-19 15:39:53 PM [Thread-3] INFO  o.s.o.j.LocalContainerEntityManagerFactoryBean - destroy
2019-12-19 15:39:53 PM [Thread-3] INFO  com.zaxxer.hikari.HikariDataSource - close
2019-12-19 15:39:53 PM [Thread-3] INFO  com.zaxxer.hikari.HikariDataSource - close
2019-12-19 15:40:12 PM [main] INFO  com.vtc.event.VtcEventApplication - logStarting
2019-12-19 15:40:12 PM [main] INFO  com.vtc.event.VtcEventApplication - logStartupProfileInfo
2019-12-19 15:40:13 PM [main] INFO  o.s.d.r.c.RepositoryConfigurationDelegate - registerRepositoriesIn
2019-12-19 15:40:13 PM [main] INFO  o.s.d.r.c.RepositoryConfigurationDelegate - registerRepositoriesIn
2019-12-19 15:40:14 PM [main] INFO  o.s.c.s.PostProcessorRegistrationDelegate$BeanPostProcessorChecker - postProcessAfterInitialization
2019-12-19 15:40:14 PM [main] INFO  o.s.c.s.PostProcessorRegistrationDelegate$BeanPostProcessorChecker - postProcessAfterInitialization
2019-12-19 15:40:14 PM [main] INFO  o.s.c.s.PostProcessorRegistrationDelegate$BeanPostProcessorChecker - postProcessAfterInitialization
2019-12-19 15:40:14 PM [main] INFO  o.s.c.s.PostProcessorRegistrationDelegate$BeanPostProcessorChecker - postProcessAfterInitialization
2019-12-19 15:40:14 PM [main] INFO  o.s.c.s.PostProcessorRegistrationDelegate$BeanPostProcessorChecker - postProcessAfterInitialization
2019-12-19 15:40:14 PM [main] INFO  o.s.c.s.PostProcessorRegistrationDelegate$BeanPostProcessorChecker - postProcessAfterInitialization
2019-12-19 15:40:15 PM [main] INFO  o.s.b.w.e.tomcat.TomcatWebServer - initialize
2019-12-19 15:40:15 PM [main] INFO  o.a.coyote.http11.Http11NioProtocol - log
2019-12-19 15:40:15 PM [main] INFO  o.a.catalina.core.StandardService - log
2019-12-19 15:40:15 PM [main] INFO  o.a.catalina.core.StandardEngine - log
2019-12-19 15:40:15 PM [main] INFO  o.a.c.c.C.[Tomcat].[localhost].[/] - log
2019-12-19 15:40:15 PM [main] INFO  o.s.web.context.ContextLoader - prepareWebApplicationContext
2019-12-19 15:40:15 PM [main] INFO  com.zaxxer.hikari.HikariDataSource - getConnection
2019-12-19 15:40:16 PM [main] INFO  com.zaxxer.hikari.HikariDataSource - getConnection
2019-12-19 15:40:16 PM [main] INFO  o.h.jpa.internal.util.LogHelper - logPersistenceUnitInformation
2019-12-19 15:40:16 PM [main] INFO  org.hibernate.Version - logVersion
2019-12-19 15:40:16 PM [main] INFO  org.hibernate.cfg.Environment - <clinit>
2019-12-19 15:40:16 PM [main] INFO  o.h.annotations.common.Version - <clinit>
2019-12-19 15:40:17 PM [main] INFO  org.hibernate.dialect.Dialect - <init>
2019-12-19 15:40:18 PM [main] INFO  o.h.h.i.QueryTranslatorFactoryInitiator - initiateService
2019-12-19 15:40:19 PM [main] INFO  o.s.o.j.LocalContainerEntityManagerFactoryBean - buildNativeEntityManagerFactory
2019-12-19 15:40:21 PM [main] INFO  o.s.s.web.DefaultSecurityFilterChain - <init>
2019-12-19 15:40:21 PM [main] INFO  o.s.s.web.DefaultSecurityFilterChain - <init>
2019-12-19 15:40:21 PM [main] INFO  o.s.s.web.DefaultSecurityFilterChain - <init>
2019-12-19 15:40:21 PM [main] INFO  o.s.s.web.DefaultSecurityFilterChain - <init>
2019-12-19 15:40:21 PM [main] INFO  o.s.s.web.DefaultSecurityFilterChain - <init>
2019-12-19 15:40:21 PM [main] INFO  o.s.s.web.DefaultSecurityFilterChain - <init>
2019-12-19 15:40:21 PM [main] INFO  o.s.s.web.DefaultSecurityFilterChain - <init>
2019-12-19 15:40:21 PM [main] INFO  o.s.s.web.DefaultSecurityFilterChain - <init>
2019-12-19 15:40:21 PM [main] INFO  o.s.s.web.DefaultSecurityFilterChain - <init>
2019-12-19 15:40:21 PM [main] INFO  o.s.s.c.ThreadPoolTaskExecutor - initialize
2019-12-19 15:40:21 PM [main] WARN  o.s.b.a.o.j.JpaBaseConfiguration$JpaWebConfiguration$JpaWebMvcConfiguration - openEntityManagerInViewInterceptor
2019-12-19 15:40:22 PM [main] INFO  o.s.s.c.ThreadPoolTaskScheduler - initialize
2019-12-19 15:40:22 PM [main] INFO  o.a.coyote.http11.Http11NioProtocol - log
2019-12-19 15:40:22 PM [main] INFO  o.s.b.w.e.tomcat.TomcatWebServer - start
2019-12-19 15:40:22 PM [main] INFO  com.vtc.event.VtcEventApplication - logStarted
2019-12-19 15:41:03 PM [http-nio-8080-exec-8] INFO  o.a.c.c.C.[Tomcat].[localhost].[/] - log
2019-12-19 15:41:03 PM [http-nio-8080-exec-8] INFO  o.s.web.servlet.DispatcherServlet - initServletBean
2019-12-19 15:41:03 PM [http-nio-8080-exec-8] INFO  o.s.web.servlet.DispatcherServlet - initServletBean
2019-12-19 15:41:03 PM [http-nio-8080-exec-8] INFO  c.v.e.l.c.LuckySpinController - getLuckySpinDetailUser
2019-12-19 15:41:05 PM [http-nio-8080-exec-8] INFO  c.v.e.l.c.LuckySpinController - toResult
2019-12-19 15:42:44 PM [http-nio-8080-exec-5] INFO  c.v.e.l.c.LuckySpinController - getLuckySpinDetailUser
2019-12-19 15:42:45 PM [http-nio-8080-exec-5] INFO  c.v.e.l.c.LuckySpinController - toResult
2019-12-19 15:44:33 PM [Thread-3] INFO  o.s.s.c.ThreadPoolTaskScheduler - shutdown
2019-12-19 15:44:33 PM [Thread-3] INFO  o.s.s.c.ThreadPoolTaskExecutor - shutdown
2019-12-19 15:44:33 PM [Thread-3] INFO  o.s.o.j.LocalContainerEntityManagerFactoryBean - destroy
2019-12-19 15:44:33 PM [Thread-3] INFO  com.zaxxer.hikari.HikariDataSource - close
2019-12-19 15:44:33 PM [Thread-3] INFO  com.zaxxer.hikari.HikariDataSource - close
2019-12-19 15:44:49 PM [main] INFO  com.vtc.event.VtcEventApplication - logStarting
2019-12-19 15:44:49 PM [main] INFO  com.vtc.event.VtcEventApplication - logStartupProfileInfo
2019-12-19 15:44:50 PM [main] INFO  o.s.d.r.c.RepositoryConfigurationDelegate - registerRepositoriesIn
2019-12-19 15:44:51 PM [main] INFO  o.s.d.r.c.RepositoryConfigurationDelegate - registerRepositoriesIn
2019-12-19 15:44:51 PM [main] INFO  o.s.c.s.PostProcessorRegistrationDelegate$BeanPostProcessorChecker - postProcessAfterInitialization
2019-12-19 15:44:51 PM [main] INFO  o.s.c.s.PostProcessorRegistrationDelegate$BeanPostProcessorChecker - postProcessAfterInitialization
2019-12-19 15:44:51 PM [main] INFO  o.s.c.s.PostProcessorRegistrationDelegate$BeanPostProcessorChecker - postProcessAfterInitialization
2019-12-19 15:44:51 PM [main] INFO  o.s.c.s.PostProcessorRegistrationDelegate$BeanPostProcessorChecker - postProcessAfterInitialization
2019-12-19 15:44:51 PM [main] INFO  o.s.c.s.PostProcessorRegistrationDelegate$BeanPostProcessorChecker - postProcessAfterInitialization
2019-12-19 15:44:51 PM [main] INFO  o.s.c.s.PostProcessorRegistrationDelegate$BeanPostProcessorChecker - postProcessAfterInitialization
2019-12-19 15:44:52 PM [main] INFO  o.s.b.w.e.tomcat.TomcatWebServer - initialize
2019-12-19 15:44:52 PM [main] INFO  o.a.coyote.http11.Http11NioProtocol - log
2019-12-19 15:44:52 PM [main] INFO  o.a.catalina.core.StandardService - log
2019-12-19 15:44:52 PM [main] INFO  o.a.catalina.core.StandardEngine - log
2019-12-19 15:44:52 PM [main] INFO  o.a.c.c.C.[Tomcat].[localhost].[/] - log
2019-12-19 15:44:52 PM [main] INFO  o.s.web.context.ContextLoader - prepareWebApplicationContext
2019-12-19 15:44:52 PM [main] INFO  com.zaxxer.hikari.HikariDataSource - getConnection
2019-12-19 15:44:53 PM [main] INFO  com.zaxxer.hikari.HikariDataSource - getConnection
2019-12-19 15:44:53 PM [main] INFO  o.h.jpa.internal.util.LogHelper - logPersistenceUnitInformation
2019-12-19 15:44:53 PM [main] INFO  org.hibernate.Version - logVersion
2019-12-19 15:44:53 PM [main] INFO  org.hibernate.cfg.Environment - <clinit>
2019-12-19 15:44:54 PM [main] INFO  o.h.annotations.common.Version - <clinit>
2019-12-19 15:44:54 PM [main] INFO  org.hibernate.dialect.Dialect - <init>
2019-12-19 15:44:55 PM [main] INFO  o.h.h.i.QueryTranslatorFactoryInitiator - initiateService
2019-12-19 15:44:56 PM [main] INFO  o.s.o.j.LocalContainerEntityManagerFactoryBean - buildNativeEntityManagerFactory
2019-12-19 15:44:58 PM [main] INFO  o.s.s.web.DefaultSecurityFilterChain - <init>
2019-12-19 15:44:58 PM [main] INFO  o.s.s.web.DefaultSecurityFilterChain - <init>
2019-12-19 15:44:58 PM [main] INFO  o.s.s.web.DefaultSecurityFilterChain - <init>
2019-12-19 15:44:58 PM [main] INFO  o.s.s.web.DefaultSecurityFilterChain - <init>
2019-12-19 15:44:58 PM [main] INFO  o.s.s.web.DefaultSecurityFilterChain - <init>
2019-12-19 15:44:58 PM [main] INFO  o.s.s.web.DefaultSecurityFilterChain - <init>
2019-12-19 15:44:58 PM [main] INFO  o.s.s.web.DefaultSecurityFilterChain - <init>
2019-12-19 15:44:58 PM [main] INFO  o.s.s.web.DefaultSecurityFilterChain - <init>
2019-12-19 15:44:58 PM [main] INFO  o.s.s.web.DefaultSecurityFilterChain - <init>
2019-12-19 15:44:58 PM [main] INFO  o.s.s.c.ThreadPoolTaskExecutor - initialize
2019-12-19 15:44:59 PM [main] WARN  o.s.b.a.o.j.JpaBaseConfiguration$JpaWebConfiguration$JpaWebMvcConfiguration - openEntityManagerInViewInterceptor
2019-12-19 15:44:59 PM [main] INFO  o.s.s.c.ThreadPoolTaskScheduler - initialize
2019-12-19 15:44:59 PM [main] INFO  o.a.coyote.http11.Http11NioProtocol - log
2019-12-19 15:44:59 PM [main] INFO  o.s.b.w.e.tomcat.TomcatWebServer - start
2019-12-19 15:44:59 PM [main] INFO  com.vtc.event.VtcEventApplication - logStarted
2019-12-19 15:45:43 PM [http-nio-8080-exec-10] INFO  o.a.c.c.C.[Tomcat].[localhost].[/] - log
2019-12-19 15:45:43 PM [http-nio-8080-exec-10] INFO  o.s.web.servlet.DispatcherServlet - initServletBean
2019-12-19 15:45:43 PM [http-nio-8080-exec-10] INFO  o.s.web.servlet.DispatcherServlet - initServletBean
2019-12-19 15:45:43 PM [http-nio-8080-exec-10] INFO  c.v.e.l.c.LuckySpinController - getLuckySpinDetailUser
2019-12-19 15:45:44 PM [http-nio-8080-exec-10] ERROR o.a.c.c.C.[.[.[.[dispatcherServlet] - log
java.lang.IllegalArgumentException: Parameter value [2019-12-19 10:00:00.0] did not match expected type [java.lang.String (n/a)]
	at org.hibernate.query.spi.QueryParameterBindingValidator.validate(QueryParameterBindingValidator.java:54)
	at org.hibernate.query.spi.QueryParameterBindingValidator.validate(QueryParameterBindingValidator.java:27)
	at org.hibernate.query.internal.QueryParameterBindingImpl.validate(QueryParameterBindingImpl.java:90)
	at org.hibernate.query.internal.QueryParameterBindingImpl.setBindValue(QueryParameterBindingImpl.java:55)
	at org.hibernate.query.internal.AbstractProducedQuery.setParameter(AbstractProducedQuery.java:493)
	at org.hibernate.query.internal.AbstractProducedQuery.setParameter(AbstractProducedQuery.java:106)
	at org.hibernate.query.criteria.internal.compile.CriteriaQueryTypeQueryAdapter.setParameter(CriteriaQueryTypeQueryAdapter.java:385)
	at org.hibernate.query.criteria.internal.compile.CriteriaQueryTypeQueryAdapter.setParameter(CriteriaQueryTypeQueryAdapter.java:59)
	at org.springframework.data.jpa.repository.query.QueryParameterSetter$NamedOrIndexedQueryParameterSetter.lambda$setParameter$3(QueryParameterSetter.java:111)
	at org.springframework.data.jpa.repository.query.QueryParameterSetter$ErrorHandling$1.execute(QueryParameterSetter.java:175)
	at org.springframework.data.jpa.repository.query.QueryParameterSetter$NamedOrIndexedQueryParameterSetter.setParameter(QueryParameterSetter.java:111)
	at org.springframework.data.jpa.repository.query.ParameterBinder.lambda$bind$0(ParameterBinder.java:79)
	at java.base/java.util.ArrayList.forEach(ArrayList.java:1540)
	at java.base/java.util.Collections$UnmodifiableCollection.forEach(Collections.java:1083)
	at org.springframework.data.jpa.repository.query.ParameterBinder.bind(ParameterBinder.java:79)
	at org.springframework.data.jpa.repository.query.ParameterBinder.bind(ParameterBinder.java:74)
	at org.springframework.data.jpa.repository.query.ParameterBinder.bindAndPrepare(ParameterBinder.java:96)
	at org.springframework.data.jpa.repository.query.PartTreeJpaQuery$QueryPreparer.invokeBinding(PartTreeJpaQuery.java:246)
	at org.springframework.data.jpa.repository.query.PartTreeJpaQuery$QueryPreparer.createQuery(PartTreeJpaQuery.java:173)
	at org.springframework.data.jpa.repository.query.PartTreeJpaQuery.doCreateQuery(PartTreeJpaQuery.java:94)
	at org.springframework.data.jpa.repository.query.AbstractJpaQuery.createQuery(AbstractJpaQuery.java:210)
	at org.springframework.data.jpa.repository.query.JpaQueryExecution$CollectionExecution.doExecute(JpaQueryExecution.java:129)
	at org.springframework.data.jpa.repository.query.JpaQueryExecution.execute(JpaQueryExecution.java:91)
	at org.springframework.data.jpa.repository.query.AbstractJpaQuery.doExecute(AbstractJpaQuery.java:136)
	at org.springframework.data.jpa.repository.query.AbstractJpaQuery.execute(AbstractJpaQuery.java:125)
	at org.springframework.data.repository.core.support.RepositoryFactorySupport$QueryExecutorMethodInterceptor.doInvoke(RepositoryFactorySupport.java:605)
	at org.springframework.data.repository.core.support.RepositoryFactorySupport$QueryExecutorMethodInterceptor.lambda$invoke$3(RepositoryFactorySupport.java:595)
	at org.springframework.data.repository.core.support.RepositoryFactorySupport$QueryExecutorMethodInterceptor.invoke(RepositoryFactorySupport.java:595)
	at org.springframework.aop.framework.ReflectiveMethodInvocation.proceed(ReflectiveMethodInvocation.java:186)
	at org.springframework.data.projection.DefaultMethodInvokingMethodInterceptor.invoke(DefaultMethodInvokingMethodInterceptor.java:59)
	at org.springframework.aop.framework.ReflectiveMethodInvocation.proceed(ReflectiveMethodInvocation.java:186)
	at org.springframework.transaction.interceptor.TransactionAspectSupport.invokeWithinTransaction(TransactionAspectSupport.java:294)
	at org.springframework.transaction.interceptor.TransactionInterceptor.invoke(TransactionInterceptor.java:98)
	at org.springframework.aop.framework.ReflectiveMethodInvocation.proceed(ReflectiveMethodInvocation.java:186)
	at org.springframework.dao.support.PersistenceExceptionTranslationInterceptor.invoke(PersistenceExceptionTranslationInterceptor.java:139)
	at org.springframework.aop.framework.ReflectiveMethodInvocation.proceed(ReflectiveMethodInvocation.java:186)
	at org.springframework.data.jpa.repository.support.CrudMethodMetadataPostProcessor$CrudMethodMetadataPopulatingMethodInterceptor.invoke(CrudMethodMetadataPostProcessor.java:138)
	at org.springframework.aop.framework.ReflectiveMethodInvocation.proceed(ReflectiveMethodInvocation.java:186)
	at org.springframework.aop.interceptor.ExposeInvocationInterceptor.invoke(ExposeInvocationInterceptor.java:93)
	at org.springframework.aop.framework.ReflectiveMethodInvocation.proceed(ReflectiveMethodInvocation.java:186)
	at org.springframework.data.repository.core.support.SurroundingTransactionDetectorMethodInterceptor.invoke(SurroundingTransactionDetectorMethodInterceptor.java:61)
	at org.springframework.aop.framework.ReflectiveMethodInvocation.proceed(ReflectiveMethodInvocation.java:186)
	at org.springframework.aop.framework.JdkDynamicAopProxy.invoke(JdkDynamicAopProxy.java:212)
	at com.sun.proxy.$Proxy161.findByLuckyWheelUsedIsFalseAndScoinIdAndPaymentTypeAfterAndPaymentTypeBefore(Unknown Source)
	at com.vtc.event.luckySpin.service.impl.LuckySpinServiceImpl.updateUserTurnSpin(LuckySpinServiceImpl.java:620)
	at com.vtc.event.luckySpin.service.impl.LuckySpinServiceImpl.getLuckySpinDetail(LuckySpinServiceImpl.java:201)
	at com.vtc.event.luckySpin.controller.LuckySpinController.getLuckySpinDetailUser(LuckySpinController.java:51)
	at java.base/jdk.internal.reflect.NativeMethodAccessorImpl.invoke0(Native Method)
	at java.base/jdk.internal.reflect.NativeMethodAccessorImpl.invoke(NativeMethodAccessorImpl.java:62)
	at java.base/jdk.internal.reflect.DelegatingMethodAccessorImpl.invoke(DelegatingMethodAccessorImpl.java:43)
	at java.base/java.lang.reflect.Method.invoke(Method.java:566)
	at org.springframework.web.method.support.InvocableHandlerMethod.doInvoke(InvocableHandlerMethod.java:189)
	at org.springframework.web.method.support.InvocableHandlerMethod.invokeForRequest(InvocableHandlerMethod.java:138)
	at org.springframework.web.servlet.mvc.method.annotation.ServletInvocableHandlerMethod.invokeAndHandle(ServletInvocableHandlerMethod.java:102)
	at org.springframework.web.servlet.mvc.method.annotation.RequestMappingHandlerAdapter.invokeHandlerMethod(RequestMappingHandlerAdapter.java:892)
	at org.springframework.web.servlet.mvc.method.annotation.RequestMappingHandlerAdapter.handleInternal(RequestMappingHandlerAdapter.java:797)
	at org.springframework.web.servlet.mvc.method.AbstractHandlerMethodAdapter.handle(AbstractHandlerMethodAdapter.java:87)
	at org.springframework.web.servlet.DispatcherServlet.doDispatch(DispatcherServlet.java:1038)
	at org.springframework.web.servlet.DispatcherServlet.doService(DispatcherServlet.java:942)
	at org.springframework.web.servlet.FrameworkServlet.processRequest(FrameworkServlet.java:1005)
	at org.springframework.web.servlet.FrameworkServlet.doGet(FrameworkServlet.java:897)
	at javax.servlet.http.HttpServlet.service(HttpServlet.java:634)
	at org.springframework.web.servlet.FrameworkServlet.service(FrameworkServlet.java:882)
	at javax.servlet.http.HttpServlet.service(HttpServlet.java:741)
	at org.apache.catalina.core.ApplicationFilterChain.internalDoFilter(ApplicationFilterChain.java:231)
	at org.apache.catalina.core.ApplicationFilterChain.doFilter(ApplicationFilterChain.java:166)
	at org.apache.tomcat.websocket.server.WsFilter.doFilter(WsFilter.java:53)
	at org.apache.catalina.core.ApplicationFilterChain.internalDoFilter(ApplicationFilterChain.java:193)
	at org.apache.catalina.core.ApplicationFilterChain.doFilter(ApplicationFilterChain.java:166)
	at org.springframework.security.web.FilterChainProxy$VirtualFilterChain.doFilter(FilterChainProxy.java:320)
	at org.springframework.security.web.access.intercept.FilterSecurityInterceptor.invoke(FilterSecurityInterceptor.java:127)
	at org.springframework.security.web.access.intercept.FilterSecurityInterceptor.doFilter(FilterSecurityInterceptor.java:91)
	at org.springframework.security.web.FilterChainProxy$VirtualFilterChain.doFilter(FilterChainProxy.java:334)
	at org.springframework.security.web.access.ExceptionTranslationFilter.doFilter(ExceptionTranslationFilter.java:119)
	at org.springframework.security.web.FilterChainProxy$VirtualFilterChain.doFilter(FilterChainProxy.java:334)
	at org.springframework.security.web.session.SessionManagementFilter.doFilter(SessionManagementFilter.java:137)
	at org.springframework.security.web.FilterChainProxy$VirtualFilterChain.doFilter(FilterChainProxy.java:334)
	at org.springframework.security.web.authentication.AnonymousAuthenticationFilter.doFilter(AnonymousAuthenticationFilter.java:111)
	at org.springframework.security.web.FilterChainProxy$VirtualFilterChain.doFilter(FilterChainProxy.java:334)
	at org.springframework.security.web.servletapi.SecurityContextHolderAwareRequestFilter.doFilter(SecurityContextHolderAwareRequestFilter.java:170)
	at org.springframework.security.web.FilterChainProxy$VirtualFilterChain.doFilter(FilterChainProxy.java:334)
	at org.springframework.security.web.savedrequest.RequestCacheAwareFilter.doFilter(RequestCacheAwareFilter.java:63)
	at org.springframework.security.web.FilterChainProxy$VirtualFilterChain.doFilter(FilterChainProxy.java:334)
	at org.springframework.security.web.authentication.www.BasicAuthenticationFilter.doFilterInternal(BasicAuthenticationFilter.java:158)
	at org.springframework.web.filter.OncePerRequestFilter.doFilter(OncePerRequestFilter.java:107)
	at org.springframework.security.web.FilterChainProxy$VirtualFilterChain.doFilter(FilterChainProxy.java:334)
	at org.springframework.security.oauth2.provider.authentication.OAuth2AuthenticationProcessingFilter.doFilter(OAuth2AuthenticationProcessingFilter.java:176)
	at org.springframework.security.web.FilterChainProxy$VirtualFilterChain.doFilter(FilterChainProxy.java:334)
	at org.springframework.security.web.authentication.logout.LogoutFilter.doFilter(LogoutFilter.java:116)
	at org.springframework.security.web.FilterChainProxy$VirtualFilterChain.doFilter(FilterChainProxy.java:334)
	at org.springframework.web.filter.CorsFilter.doFilterInternal(CorsFilter.java:96)
	at org.springframework.web.filter.OncePerRequestFilter.doFilter(OncePerRequestFilter.java:107)
	at org.springframework.security.web.FilterChainProxy$VirtualFilterChain.doFilter(FilterChainProxy.java:334)
	at org.springframework.security.web.header.HeaderWriterFilter.doFilterInternal(HeaderWriterFilter.java:74)
	at org.springframework.web.filter.OncePerRequestFilter.doFilter(OncePerRequestFilter.java:107)
	at org.springframework.security.web.FilterChainProxy$VirtualFilterChain.doFilter(FilterChainProxy.java:334)
	at org.springframework.security.web.context.SecurityContextPersistenceFilter.doFilter(SecurityContextPersistenceFilter.java:105)
	at org.springframework.security.web.FilterChainProxy$VirtualFilterChain.doFilter(FilterChainProxy.java:334)
	at org.springframework.security.web.context.request.async.WebAsyncManagerIntegrationFilter.doFilterInternal(WebAsyncManagerIntegrationFilter.java:56)
	at org.springframework.web.filter.OncePerRequestFilter.doFilter(OncePerRequestFilter.java:107)
	at org.springframework.security.web.FilterChainProxy$VirtualFilterChain.doFilter(FilterChainProxy.java:334)
	at org.springframework.security.web.FilterChainProxy.doFilterInternal(FilterChainProxy.java:215)
	at org.springframework.security.web.FilterChainProxy.doFilter(FilterChainProxy.java:178)
	at org.springframework.web.filter.DelegatingFilterProxy.invokeDelegate(DelegatingFilterProxy.java:357)
	at org.springframework.web.filter.DelegatingFilterProxy.doFilter(DelegatingFilterProxy.java:270)
	at org.apache.catalina.core.ApplicationFilterChain.internalDoFilter(ApplicationFilterChain.java:193)
	at org.apache.catalina.core.ApplicationFilterChain.doFilter(ApplicationFilterChain.java:166)
	at org.springframework.web.filter.RequestContextFilter.doFilterInternal(RequestContextFilter.java:99)
	at org.springframework.web.filter.OncePerRequestFilter.doFilter(OncePerRequestFilter.java:107)
	at org.apache.catalina.core.ApplicationFilterChain.internalDoFilter(ApplicationFilterChain.java:193)
	at org.apache.catalina.core.ApplicationFilterChain.doFilter(ApplicationFilterChain.java:166)
	at org.springframework.web.filter.FormContentFilter.doFilterInternal(FormContentFilter.java:92)
	at org.springframework.web.filter.OncePerRequestFilter.doFilter(OncePerRequestFilter.java:107)
	at org.apache.catalina.core.ApplicationFilterChain.internalDoFilter(ApplicationFilterChain.java:193)
	at org.apache.catalina.core.ApplicationFilterChain.doFilter(ApplicationFilterChain.java:166)
	at org.springframework.web.filter.HiddenHttpMethodFilter.doFilterInternal(HiddenHttpMethodFilter.java:93)
	at org.springframework.web.filter.OncePerRequestFilter.doFilter(OncePerRequestFilter.java:107)
	at org.apache.catalina.core.ApplicationFilterChain.internalDoFilter(ApplicationFilterChain.java:193)
	at org.apache.catalina.core.ApplicationFilterChain.doFilter(ApplicationFilterChain.java:166)
	at org.springframework.web.filter.CharacterEncodingFilter.doFilterInternal(CharacterEncodingFilter.java:200)
	at org.springframework.web.filter.OncePerRequestFilter.doFilter(OncePerRequestFilter.java:107)
	at org.apache.catalina.core.ApplicationFilterChain.internalDoFilter(ApplicationFilterChain.java:193)
	at org.apache.catalina.core.ApplicationFilterChain.doFilter(ApplicationFilterChain.java:166)
	at org.apache.catalina.core.StandardWrapperValve.invoke(StandardWrapperValve.java:200)
	at org.apache.catalina.core.StandardContextValve.invoke(StandardContextValve.java:96)
	at org.apache.catalina.authenticator.AuthenticatorBase.invoke(AuthenticatorBase.java:490)
	at org.apache.catalina.core.StandardHostValve.invoke(StandardHostValve.java:139)
	at org.apache.catalina.valves.ErrorReportValve.invoke(ErrorReportValve.java:92)
	at org.apache.catalina.core.StandardEngineValve.invoke(StandardEngineValve.java:74)
	at org.apache.catalina.connector.CoyoteAdapter.service(CoyoteAdapter.java:343)
	at org.apache.coyote.http11.Http11Processor.service(Http11Processor.java:408)
	at org.apache.coyote.AbstractProcessorLight.process(AbstractProcessorLight.java:66)
	at org.apache.coyote.AbstractProtocol$ConnectionHandler.process(AbstractProtocol.java:834)
	at org.apache.tomcat.util.net.NioEndpoint$SocketProcessor.doRun(NioEndpoint.java:1415)
	at org.apache.tomcat.util.net.SocketProcessorBase.run(SocketProcessorBase.java:49)
	at java.base/java.util.concurrent.ThreadPoolExecutor.runWorker(ThreadPoolExecutor.java:1128)
	at java.base/java.util.concurrent.ThreadPoolExecutor$Worker.run(ThreadPoolExecutor.java:628)
	at org.apache.tomcat.util.threads.TaskThread$WrappingRunnable.run(TaskThread.java:61)
	at java.base/java.lang.Thread.run(Thread.java:834)
2019-12-19 15:47:08 PM [Thread-3] INFO  o.s.s.c.ThreadPoolTaskScheduler - shutdown
2019-12-19 15:47:08 PM [Thread-3] INFO  o.s.s.c.ThreadPoolTaskExecutor - shutdown
2019-12-19 15:47:08 PM [Thread-3] INFO  o.s.o.j.LocalContainerEntityManagerFactoryBean - destroy
2019-12-19 15:47:08 PM [Thread-3] INFO  com.zaxxer.hikari.HikariDataSource - close
2019-12-19 15:47:08 PM [Thread-3] INFO  com.zaxxer.hikari.HikariDataSource - close
2019-12-19 15:47:24 PM [main] INFO  com.vtc.event.VtcEventApplication - logStarting
2019-12-19 15:47:24 PM [main] INFO  com.vtc.event.VtcEventApplication - logStartupProfileInfo
2019-12-19 15:47:25 PM [main] INFO  o.s.d.r.c.RepositoryConfigurationDelegate - registerRepositoriesIn
2019-12-19 15:47:25 PM [main] INFO  o.s.d.r.c.RepositoryConfigurationDelegate - registerRepositoriesIn
2019-12-19 15:47:26 PM [main] INFO  o.s.c.s.PostProcessorRegistrationDelegate$BeanPostProcessorChecker - postProcessAfterInitialization
2019-12-19 15:47:27 PM [main] INFO  o.s.c.s.PostProcessorRegistrationDelegate$BeanPostProcessorChecker - postProcessAfterInitialization
2019-12-19 15:47:27 PM [main] INFO  o.s.c.s.PostProcessorRegistrationDelegate$BeanPostProcessorChecker - postProcessAfterInitialization
2019-12-19 15:47:27 PM [main] INFO  o.s.c.s.PostProcessorRegistrationDelegate$BeanPostProcessorChecker - postProcessAfterInitialization
2019-12-19 15:47:27 PM [main] INFO  o.s.c.s.PostProcessorRegistrationDelegate$BeanPostProcessorChecker - postProcessAfterInitialization
2019-12-19 15:47:27 PM [main] INFO  o.s.c.s.PostProcessorRegistrationDelegate$BeanPostProcessorChecker - postProcessAfterInitialization
2019-12-19 15:47:27 PM [main] INFO  o.s.b.w.e.tomcat.TomcatWebServer - initialize
2019-12-19 15:47:27 PM [main] INFO  o.a.coyote.http11.Http11NioProtocol - log
2019-12-19 15:47:27 PM [main] INFO  o.a.catalina.core.StandardService - log
2019-12-19 15:47:27 PM [main] INFO  o.a.catalina.core.StandardEngine - log
2019-12-19 15:47:27 PM [main] INFO  o.a.c.c.C.[Tomcat].[localhost].[/] - log
2019-12-19 15:47:27 PM [main] INFO  o.s.web.context.ContextLoader - prepareWebApplicationContext
2019-12-19 15:47:27 PM [main] INFO  com.zaxxer.hikari.HikariDataSource - getConnection
2019-12-19 15:47:28 PM [main] INFO  com.zaxxer.hikari.HikariDataSource - getConnection
2019-12-19 15:47:28 PM [main] INFO  o.h.jpa.internal.util.LogHelper - logPersistenceUnitInformation
2019-12-19 15:47:28 PM [main] INFO  org.hibernate.Version - logVersion
2019-12-19 15:47:28 PM [main] INFO  org.hibernate.cfg.Environment - <clinit>
2019-12-19 15:47:28 PM [main] INFO  o.h.annotations.common.Version - <clinit>
2019-12-19 15:47:29 PM [main] INFO  org.hibernate.dialect.Dialect - <init>
2019-12-19 15:47:30 PM [main] INFO  o.h.h.i.QueryTranslatorFactoryInitiator - initiateService
2019-12-19 15:47:30 PM [main] INFO  o.s.o.j.LocalContainerEntityManagerFactoryBean - buildNativeEntityManagerFactory
2019-12-19 15:47:33 PM [main] INFO  o.s.s.web.DefaultSecurityFilterChain - <init>
2019-12-19 15:47:33 PM [main] INFO  o.s.s.web.DefaultSecurityFilterChain - <init>
2019-12-19 15:47:33 PM [main] INFO  o.s.s.web.DefaultSecurityFilterChain - <init>
2019-12-19 15:47:33 PM [main] INFO  o.s.s.web.DefaultSecurityFilterChain - <init>
2019-12-19 15:47:33 PM [main] INFO  o.s.s.web.DefaultSecurityFilterChain - <init>
2019-12-19 15:47:33 PM [main] INFO  o.s.s.web.DefaultSecurityFilterChain - <init>
2019-12-19 15:47:33 PM [main] INFO  o.s.s.web.DefaultSecurityFilterChain - <init>
2019-12-19 15:47:33 PM [main] INFO  o.s.s.web.DefaultSecurityFilterChain - <init>
2019-12-19 15:47:33 PM [main] INFO  o.s.s.web.DefaultSecurityFilterChain - <init>
2019-12-19 15:47:33 PM [main] INFO  o.s.s.c.ThreadPoolTaskExecutor - initialize
2019-12-19 15:47:33 PM [main] WARN  o.s.b.a.o.j.JpaBaseConfiguration$JpaWebConfiguration$JpaWebMvcConfiguration - openEntityManagerInViewInterceptor
2019-12-19 15:47:34 PM [main] INFO  o.s.s.c.ThreadPoolTaskScheduler - initialize
2019-12-19 15:47:34 PM [main] INFO  o.a.coyote.http11.Http11NioProtocol - log
2019-12-19 15:47:34 PM [main] INFO  o.s.b.w.e.tomcat.TomcatWebServer - start
2019-12-19 15:47:34 PM [main] INFO  com.vtc.event.VtcEventApplication - logStarted
2019-12-19 15:47:55 PM [http-nio-8080-exec-10] INFO  o.a.c.c.C.[Tomcat].[localhost].[/] - log
2019-12-19 15:47:55 PM [http-nio-8080-exec-10] INFO  o.s.web.servlet.DispatcherServlet - initServletBean
2019-12-19 15:47:55 PM [http-nio-8080-exec-10] INFO  o.s.web.servlet.DispatcherServlet - initServletBean
2019-12-19 15:47:56 PM [http-nio-8080-exec-10] INFO  c.v.e.l.c.LuckySpinController - getLuckySpinDetailUser
2019-12-19 15:47:56 PM [http-nio-8080-exec-10] INFO  c.v.e.l.c.LuckySpinController - toResult
2019-12-19 15:52:47 PM [http-nio-8080-exec-3] INFO  c.v.e.l.c.LuckySpinController - luckySpinAward
2019-12-19 15:52:48 PM [http-nio-8080-exec-3] INFO  c.v.e.l.s.impl.LuckySpinServiceImpl - lambda$luckySpinAward$2
2019-12-19 15:52:48 PM [http-nio-8080-exec-3] INFO  c.v.e.l.s.impl.LuckySpinServiceImpl - lambda$luckySpinAward$2
2019-12-19 15:52:48 PM [http-nio-8080-exec-3] INFO  c.v.e.l.s.impl.LuckySpinServiceImpl - lambda$luckySpinAward$2
2019-12-19 15:52:48 PM [http-nio-8080-exec-3] INFO  c.v.e.l.s.impl.LuckySpinServiceImpl - lambda$luckySpinAward$2
2019-12-19 15:52:48 PM [http-nio-8080-exec-3] INFO  c.v.e.l.s.impl.LuckySpinServiceImpl - luckySpinAward
2019-12-19 15:52:48 PM [http-nio-8080-exec-3] INFO  c.v.e.l.s.impl.LuckySpinServiceImpl - save
2019-12-19 15:52:48 PM [http-nio-8080-exec-3] INFO  c.v.e.l.s.impl.LuckySpinServiceImpl - save
2019-12-19 15:52:49 PM [http-nio-8080-exec-3] INFO  c.v.e.l.c.LuckySpinController - toResult
2019-12-19 16:33:47 PM [Thread-3] INFO  o.s.s.c.ThreadPoolTaskScheduler - shutdown
2019-12-19 16:33:47 PM [Thread-3] INFO  o.s.s.c.ThreadPoolTaskExecutor - shutdown
2019-12-19 16:33:47 PM [Thread-3] INFO  o.s.o.j.LocalContainerEntityManagerFactoryBean - destroy
2019-12-19 16:33:47 PM [Thread-3] INFO  com.zaxxer.hikari.HikariDataSource - close
2019-12-19 16:33:47 PM [Thread-3] INFO  com.zaxxer.hikari.HikariDataSource - close
2019-12-19 16:34:04 PM [main] INFO  com.vtc.event.VtcEventApplication - logStarting
2019-12-19 16:34:04 PM [main] INFO  com.vtc.event.VtcEventApplication - logStartupProfileInfo
2019-12-19 16:34:05 PM [main] INFO  o.s.d.r.c.RepositoryConfigurationDelegate - registerRepositoriesIn
2019-12-19 16:34:05 PM [main] INFO  o.s.d.r.c.RepositoryConfigurationDelegate - registerRepositoriesIn
2019-12-19 16:34:06 PM [main] INFO  o.s.c.s.PostProcessorRegistrationDelegate$BeanPostProcessorChecker - postProcessAfterInitialization
2019-12-19 16:34:06 PM [main] INFO  o.s.c.s.PostProcessorRegistrationDelegate$BeanPostProcessorChecker - postProcessAfterInitialization
2019-12-19 16:34:06 PM [main] INFO  o.s.c.s.PostProcessorRegistrationDelegate$BeanPostProcessorChecker - postProcessAfterInitialization
2019-12-19 16:34:06 PM [main] INFO  o.s.c.s.PostProcessorRegistrationDelegate$BeanPostProcessorChecker - postProcessAfterInitialization
2019-12-19 16:34:06 PM [main] INFO  o.s.c.s.PostProcessorRegistrationDelegate$BeanPostProcessorChecker - postProcessAfterInitialization
2019-12-19 16:34:06 PM [main] INFO  o.s.c.s.PostProcessorRegistrationDelegate$BeanPostProcessorChecker - postProcessAfterInitialization
2019-12-19 16:34:07 PM [main] INFO  o.s.b.w.e.tomcat.TomcatWebServer - initialize
2019-12-19 16:34:07 PM [main] INFO  o.a.coyote.http11.Http11NioProtocol - log
2019-12-19 16:34:07 PM [main] INFO  o.a.catalina.core.StandardService - log
2019-12-19 16:34:07 PM [main] INFO  o.a.catalina.core.StandardEngine - log
2019-12-19 16:34:07 PM [main] INFO  o.a.c.c.C.[Tomcat].[localhost].[/] - log
2019-12-19 16:34:07 PM [main] INFO  o.s.web.context.ContextLoader - prepareWebApplicationContext
2019-12-19 16:34:07 PM [main] INFO  com.zaxxer.hikari.HikariDataSource - getConnection
2019-12-19 16:34:08 PM [main] INFO  com.zaxxer.hikari.HikariDataSource - getConnection
2019-12-19 16:34:08 PM [main] INFO  o.h.jpa.internal.util.LogHelper - logPersistenceUnitInformation
2019-12-19 16:34:08 PM [main] INFO  org.hibernate.Version - logVersion
2019-12-19 16:34:08 PM [main] INFO  org.hibernate.cfg.Environment - <clinit>
2019-12-19 16:34:08 PM [main] INFO  o.h.annotations.common.Version - <clinit>
2019-12-19 16:34:08 PM [main] INFO  org.hibernate.dialect.Dialect - <init>
2019-12-19 16:34:10 PM [main] INFO  o.h.h.i.QueryTranslatorFactoryInitiator - initiateService
2019-12-19 16:34:10 PM [main] INFO  o.s.o.j.LocalContainerEntityManagerFactoryBean - buildNativeEntityManagerFactory
2019-12-19 16:34:12 PM [main] INFO  o.s.s.web.DefaultSecurityFilterChain - <init>
2019-12-19 16:34:12 PM [main] INFO  o.s.s.web.DefaultSecurityFilterChain - <init>
2019-12-19 16:34:12 PM [main] INFO  o.s.s.web.DefaultSecurityFilterChain - <init>
2019-12-19 16:34:12 PM [main] INFO  o.s.s.web.DefaultSecurityFilterChain - <init>
2019-12-19 16:34:12 PM [main] INFO  o.s.s.web.DefaultSecurityFilterChain - <init>
2019-12-19 16:34:12 PM [main] INFO  o.s.s.web.DefaultSecurityFilterChain - <init>
2019-12-19 16:34:12 PM [main] INFO  o.s.s.web.DefaultSecurityFilterChain - <init>
2019-12-19 16:34:12 PM [main] INFO  o.s.s.web.DefaultSecurityFilterChain - <init>
2019-12-19 16:34:12 PM [main] INFO  o.s.s.web.DefaultSecurityFilterChain - <init>
2019-12-19 16:34:12 PM [main] INFO  o.s.s.c.ThreadPoolTaskExecutor - initialize
2019-12-19 16:34:13 PM [main] WARN  o.s.b.a.o.j.JpaBaseConfiguration$JpaWebConfiguration$JpaWebMvcConfiguration - openEntityManagerInViewInterceptor
2019-12-19 16:34:13 PM [main] INFO  o.s.s.c.ThreadPoolTaskScheduler - initialize
2019-12-19 16:34:13 PM [main] INFO  o.a.coyote.http11.Http11NioProtocol - log
2019-12-19 16:34:13 PM [main] INFO  o.s.b.w.e.tomcat.TomcatWebServer - start
2019-12-19 16:34:13 PM [main] INFO  com.vtc.event.VtcEventApplication - logStarted
2019-12-19 16:34:21 PM [http-nio-8080-exec-10] INFO  o.a.c.c.C.[Tomcat].[localhost].[/] - log
2019-12-19 16:34:21 PM [http-nio-8080-exec-10] INFO  o.s.web.servlet.DispatcherServlet - initServletBean
2019-12-19 16:34:21 PM [http-nio-8080-exec-10] INFO  o.s.web.servlet.DispatcherServlet - initServletBean
2019-12-19 16:36:46 PM [Thread-3] INFO  o.s.s.c.ThreadPoolTaskScheduler - shutdown
2019-12-19 16:36:46 PM [Thread-3] INFO  o.s.s.c.ThreadPoolTaskExecutor - shutdown
2019-12-19 16:36:46 PM [Thread-3] INFO  o.s.o.j.LocalContainerEntityManagerFactoryBean - destroy
2019-12-19 16:36:46 PM [Thread-3] INFO  com.zaxxer.hikari.HikariDataSource - close
2019-12-19 16:36:46 PM [Thread-3] INFO  com.zaxxer.hikari.HikariDataSource - close
2019-12-19 16:37:03 PM [main] INFO  com.vtc.event.VtcEventApplication - logStarting
2019-12-19 16:37:03 PM [main] INFO  com.vtc.event.VtcEventApplication - logStartupProfileInfo
2019-12-19 16:37:04 PM [main] INFO  o.s.d.r.c.RepositoryConfigurationDelegate - registerRepositoriesIn
2019-12-19 16:37:05 PM [main] INFO  o.s.d.r.c.RepositoryConfigurationDelegate - registerRepositoriesIn
2019-12-19 16:37:06 PM [main] INFO  o.s.c.s.PostProcessorRegistrationDelegate$BeanPostProcessorChecker - postProcessAfterInitialization
2019-12-19 16:37:06 PM [main] INFO  o.s.c.s.PostProcessorRegistrationDelegate$BeanPostProcessorChecker - postProcessAfterInitialization
2019-12-19 16:37:06 PM [main] INFO  o.s.c.s.PostProcessorRegistrationDelegate$BeanPostProcessorChecker - postProcessAfterInitialization
2019-12-19 16:37:06 PM [main] INFO  o.s.c.s.PostProcessorRegistrationDelegate$BeanPostProcessorChecker - postProcessAfterInitialization
2019-12-19 16:37:06 PM [main] INFO  o.s.c.s.PostProcessorRegistrationDelegate$BeanPostProcessorChecker - postProcessAfterInitialization
2019-12-19 16:37:06 PM [main] INFO  o.s.c.s.PostProcessorRegistrationDelegate$BeanPostProcessorChecker - postProcessAfterInitialization
2019-12-19 16:37:06 PM [main] INFO  o.s.b.w.e.tomcat.TomcatWebServer - initialize
2019-12-19 16:37:06 PM [main] INFO  o.a.coyote.http11.Http11NioProtocol - log
2019-12-19 16:37:06 PM [main] INFO  o.a.catalina.core.StandardService - log
2019-12-19 16:37:06 PM [main] INFO  o.a.catalina.core.StandardEngine - log
2019-12-19 16:37:06 PM [main] INFO  o.a.c.c.C.[Tomcat].[localhost].[/] - log
2019-12-19 16:37:06 PM [main] INFO  o.s.web.context.ContextLoader - prepareWebApplicationContext
2019-12-19 16:37:07 PM [main] INFO  com.zaxxer.hikari.HikariDataSource - getConnection
2019-12-19 16:37:07 PM [main] INFO  com.zaxxer.hikari.HikariDataSource - getConnection
2019-12-19 16:37:07 PM [main] INFO  o.h.jpa.internal.util.LogHelper - logPersistenceUnitInformation
2019-12-19 16:37:07 PM [main] INFO  org.hibernate.Version - logVersion
2019-12-19 16:37:07 PM [main] INFO  org.hibernate.cfg.Environment - <clinit>
2019-12-19 16:37:07 PM [main] INFO  o.h.annotations.common.Version - <clinit>
2019-12-19 16:37:08 PM [main] INFO  org.hibernate.dialect.Dialect - <init>
2019-12-19 16:37:09 PM [main] INFO  o.h.h.i.QueryTranslatorFactoryInitiator - initiateService
2019-12-19 16:37:10 PM [main] INFO  o.s.o.j.LocalContainerEntityManagerFactoryBean - buildNativeEntityManagerFactory
2019-12-19 16:37:12 PM [main] INFO  o.s.s.web.DefaultSecurityFilterChain - <init>
2019-12-19 16:37:12 PM [main] INFO  o.s.s.web.DefaultSecurityFilterChain - <init>
2019-12-19 16:37:12 PM [main] INFO  o.s.s.web.DefaultSecurityFilterChain - <init>
2019-12-19 16:37:12 PM [main] INFO  o.s.s.web.DefaultSecurityFilterChain - <init>
2019-12-19 16:37:12 PM [main] INFO  o.s.s.web.DefaultSecurityFilterChain - <init>
2019-12-19 16:37:12 PM [main] INFO  o.s.s.web.DefaultSecurityFilterChain - <init>
2019-12-19 16:37:12 PM [main] INFO  o.s.s.web.DefaultSecurityFilterChain - <init>
2019-12-19 16:37:12 PM [main] INFO  o.s.s.web.DefaultSecurityFilterChain - <init>
2019-12-19 16:37:12 PM [main] INFO  o.s.s.web.DefaultSecurityFilterChain - <init>
2019-12-19 16:37:12 PM [main] INFO  o.s.s.c.ThreadPoolTaskExecutor - initialize
2019-12-19 16:37:12 PM [main] WARN  o.s.b.a.o.j.JpaBaseConfiguration$JpaWebConfiguration$JpaWebMvcConfiguration - openEntityManagerInViewInterceptor
2019-12-19 16:37:12 PM [main] INFO  o.s.s.c.ThreadPoolTaskScheduler - initialize
2019-12-19 16:37:12 PM [main] INFO  o.a.coyote.http11.Http11NioProtocol - log
2019-12-19 16:37:13 PM [main] INFO  o.s.b.w.e.tomcat.TomcatWebServer - start
2019-12-19 16:37:13 PM [main] INFO  com.vtc.event.VtcEventApplication - logStarted
2019-12-19 16:38:22 PM [http-nio-8080-exec-10] INFO  o.a.c.c.C.[Tomcat].[localhost].[/] - log
2019-12-19 16:38:22 PM [http-nio-8080-exec-10] INFO  o.s.web.servlet.DispatcherServlet - initServletBean
2019-12-19 16:38:22 PM [http-nio-8080-exec-10] INFO  o.s.web.servlet.DispatcherServlet - initServletBean
2019-12-19 16:39:11 PM [http-nio-8080-exec-6] INFO  c.v.e.c.utils.ApiExchangeServiceUtil - postXML
2019-12-19 16:39:12 PM [http-nio-8080-exec-6] INFO  c.v.e.c.utils.ApiExchangeServiceUtil - postXML
2019-12-19 16:39:12 PM [http-nio-8080-exec-6] INFO  c.v.e.c.utils.ApiExchangeServiceUtil - postXML
2019-12-19 16:39:13 PM [http-nio-8080-exec-6] INFO  c.v.e.c.utils.ApiExchangeServiceUtil - postXML
2019-12-19 16:39:13 PM [http-nio-8080-exec-6] INFO  c.v.e.l.c.LuckySpinController - toResult
2019-12-19 17:08:51 PM [http-nio-8080-exec-2] INFO  c.v.e.c.utils.ApiExchangeServiceUtil - postXML
2019-12-19 17:08:52 PM [http-nio-8080-exec-2] INFO  c.v.e.c.utils.ApiExchangeServiceUtil - postXML
2019-12-19 17:08:52 PM [http-nio-8080-exec-2] INFO  c.v.e.c.utils.ApiExchangeServiceUtil - postXML
2019-12-19 17:08:52 PM [http-nio-8080-exec-2] INFO  c.v.e.c.utils.ApiExchangeServiceUtil - postXML
2019-12-19 17:08:52 PM [http-nio-8080-exec-2] INFO  c.v.e.l.c.LuckySpinController - toResult
