2020-03-23 15:29:19 PM [main] INFO  o.s.b.t.c.SpringBootTestContextBootstrapper - buildDefaultMergedContextConfiguration
2020-03-23 15:29:19 PM [main] INFO  o.s.t.c.s.AbstractContextLoader - generateDefaultLocations
2020-03-23 15:29:19 PM [main] INFO  o.s.t.c.s.AnnotationConfigContextLoaderUtils - detectDefaultConfigurationClasses
2020-03-23 15:29:19 PM [main] INFO  o.s.b.t.c.SpringBootTestContextBootstrapper - getOrFindConfigurationClasses
2020-03-23 15:29:19 PM [main] INFO  o.s.b.t.c.SpringBootTestContextBootstrapper - getDefaultTestExecutionListenerClassNames
2020-03-23 15:29:19 PM [main] INFO  o.s.b.t.c.SpringBootTestContextBootstrapper - getTestExecutionListeners
2020-03-23 15:29:20 PM [background-preinit] INFO  o.h.validator.internal.util.Version - <clinit>
2020-03-23 15:29:20 PM [main] INFO  com.vtc.event.LuckySpinServiceTest - logStarting
2020-03-23 15:29:20 PM [main] INFO  com.vtc.event.LuckySpinServiceTest - logStartupProfileInfo
2020-03-23 15:29:23 PM [main] INFO  o.s.d.r.c.RepositoryConfigurationDelegate - registerRepositoriesIn
2020-03-23 15:29:23 PM [main] INFO  o.s.d.r.c.RepositoryConfigurationDelegate - registerRepositoriesIn
2020-03-23 15:29:25 PM [main] INFO  o.s.c.s.PostProcessorRegistrationDelegate$BeanPostProcessorChecker - postProcessAfterInitialization
2020-03-23 15:29:25 PM [main] INFO  o.s.c.s.PostProcessorRegistrationDelegate$BeanPostProcessorChecker - postProcessAfterInitialization
2020-03-23 15:29:25 PM [main] INFO  o.s.c.s.PostProcessorRegistrationDelegate$BeanPostProcessorChecker - postProcessAfterInitialization
2020-03-23 15:29:25 PM [main] INFO  o.s.c.s.PostProcessorRegistrationDelegate$BeanPostProcessorChecker - postProcessAfterInitialization
2020-03-23 15:29:25 PM [main] INFO  o.s.c.s.PostProcessorRegistrationDelegate$BeanPostProcessorChecker - postProcessAfterInitialization
2020-03-23 15:29:25 PM [main] INFO  o.s.c.s.PostProcessorRegistrationDelegate$BeanPostProcessorChecker - postProcessAfterInitialization
2020-03-23 15:29:26 PM [main] INFO  com.zaxxer.hikari.HikariDataSource - getConnection
2020-03-23 15:29:26 PM [main] INFO  com.zaxxer.hikari.HikariDataSource - getConnection
2020-03-23 15:29:27 PM [main] INFO  o.h.jpa.internal.util.LogHelper - logPersistenceUnitInformation
2020-03-23 15:29:27 PM [main] INFO  org.hibernate.Version - logVersion
2020-03-23 15:29:27 PM [main] INFO  org.hibernate.cfg.Environment - <clinit>
2020-03-23 15:29:27 PM [main] INFO  o.h.annotations.common.Version - <clinit>
2020-03-23 15:29:27 PM [main] INFO  org.hibernate.dialect.Dialect - <init>
2020-03-23 15:29:29 PM [main] INFO  o.h.h.i.QueryTranslatorFactoryInitiator - initiateService
2020-03-23 15:29:29 PM [main] INFO  o.s.o.j.LocalContainerEntityManagerFactoryBean - buildNativeEntityManagerFactory
2020-03-23 15:29:32 PM [main] INFO  o.s.s.web.DefaultSecurityFilterChain - <init>
2020-03-23 15:29:32 PM [main] INFO  o.s.s.web.DefaultSecurityFilterChain - <init>
2020-03-23 15:29:32 PM [main] INFO  o.s.s.web.DefaultSecurityFilterChain - <init>
2020-03-23 15:29:32 PM [main] INFO  o.s.s.web.DefaultSecurityFilterChain - <init>
2020-03-23 15:29:32 PM [main] INFO  o.s.s.web.DefaultSecurityFilterChain - <init>
2020-03-23 15:29:32 PM [main] INFO  o.s.s.web.DefaultSecurityFilterChain - <init>
2020-03-23 15:29:32 PM [main] INFO  o.s.s.web.DefaultSecurityFilterChain - <init>
2020-03-23 15:29:32 PM [main] INFO  o.s.s.web.DefaultSecurityFilterChain - <init>
2020-03-23 15:29:32 PM [main] INFO  o.s.s.web.DefaultSecurityFilterChain - <init>
2020-03-23 15:29:33 PM [main] INFO  o.s.s.c.ThreadPoolTaskExecutor - initialize
2020-03-23 15:29:33 PM [main] WARN  o.s.b.a.o.j.JpaBaseConfiguration$JpaWebConfiguration$JpaWebMvcConfiguration - openEntityManagerInViewInterceptor
2020-03-23 15:29:34 PM [main] INFO  o.s.s.c.ThreadPoolTaskScheduler - initialize
2020-03-23 15:29:34 PM [main] INFO  com.vtc.event.LuckySpinServiceTest - logStarted
2020-03-23 15:29:34 PM [Thread-1] INFO  o.s.s.c.ThreadPoolTaskScheduler - shutdown
2020-03-23 15:29:34 PM [Thread-1] INFO  o.s.s.c.ThreadPoolTaskExecutor - shutdown
2020-03-23 15:29:34 PM [Thread-1] INFO  o.s.o.j.LocalContainerEntityManagerFactoryBean - destroy
2020-03-23 15:29:34 PM [Thread-1] INFO  com.zaxxer.hikari.HikariDataSource - close
2020-03-23 15:29:34 PM [Thread-1] INFO  com.zaxxer.hikari.HikariDataSource - close
2020-03-23 15:29:57 PM [main] INFO  com.vtc.event.VtcEventApplication - logStarting
2020-03-23 15:29:57 PM [main] INFO  com.vtc.event.VtcEventApplication - logStartupProfileInfo
2020-03-23 15:29:58 PM [main] INFO  o.s.d.r.c.RepositoryConfigurationDelegate - registerRepositoriesIn
2020-03-23 15:29:59 PM [main] INFO  o.s.d.r.c.RepositoryConfigurationDelegate - registerRepositoriesIn
2020-03-23 15:29:59 PM [main] INFO  o.s.c.s.PostProcessorRegistrationDelegate$BeanPostProcessorChecker - postProcessAfterInitialization
2020-03-23 15:29:59 PM [main] INFO  o.s.c.s.PostProcessorRegistrationDelegate$BeanPostProcessorChecker - postProcessAfterInitialization
2020-03-23 15:29:59 PM [main] INFO  o.s.c.s.PostProcessorRegistrationDelegate$BeanPostProcessorChecker - postProcessAfterInitialization
2020-03-23 15:29:59 PM [main] INFO  o.s.c.s.PostProcessorRegistrationDelegate$BeanPostProcessorChecker - postProcessAfterInitialization
2020-03-23 15:29:59 PM [main] INFO  o.s.c.s.PostProcessorRegistrationDelegate$BeanPostProcessorChecker - postProcessAfterInitialization
2020-03-23 15:29:59 PM [main] INFO  o.s.c.s.PostProcessorRegistrationDelegate$BeanPostProcessorChecker - postProcessAfterInitialization
2020-03-23 15:30:00 PM [main] INFO  o.s.b.w.e.tomcat.TomcatWebServer - initialize
2020-03-23 15:30:00 PM [main] INFO  o.a.coyote.http11.Http11NioProtocol - log
2020-03-23 15:30:00 PM [main] INFO  o.a.catalina.core.StandardService - log
2020-03-23 15:30:00 PM [main] INFO  o.a.catalina.core.StandardEngine - log
2020-03-23 15:30:00 PM [main] INFO  o.a.c.c.C.[Tomcat].[localhost].[/] - log
2020-03-23 15:30:00 PM [main] INFO  o.s.web.context.ContextLoader - prepareWebApplicationContext
2020-03-23 15:30:00 PM [main] INFO  com.zaxxer.hikari.HikariDataSource - getConnection
2020-03-23 15:30:01 PM [main] INFO  com.zaxxer.hikari.HikariDataSource - getConnection
2020-03-23 15:30:01 PM [main] INFO  o.h.jpa.internal.util.LogHelper - logPersistenceUnitInformation
2020-03-23 15:30:01 PM [main] INFO  org.hibernate.Version - logVersion
2020-03-23 15:30:01 PM [main] INFO  org.hibernate.cfg.Environment - <clinit>
2020-03-23 15:30:01 PM [main] INFO  o.h.annotations.common.Version - <clinit>
2020-03-23 15:30:01 PM [main] INFO  org.hibernate.dialect.Dialect - <init>
2020-03-23 15:30:03 PM [main] INFO  o.h.h.i.QueryTranslatorFactoryInitiator - initiateService
2020-03-23 15:30:03 PM [main] INFO  o.s.o.j.LocalContainerEntityManagerFactoryBean - buildNativeEntityManagerFactory
2020-03-23 15:30:04 PM [main] INFO  o.s.s.web.DefaultSecurityFilterChain - <init>
2020-03-23 15:30:04 PM [main] INFO  o.s.s.web.DefaultSecurityFilterChain - <init>
2020-03-23 15:30:04 PM [main] INFO  o.s.s.web.DefaultSecurityFilterChain - <init>
2020-03-23 15:30:04 PM [main] INFO  o.s.s.web.DefaultSecurityFilterChain - <init>
2020-03-23 15:30:04 PM [main] INFO  o.s.s.web.DefaultSecurityFilterChain - <init>
2020-03-23 15:30:04 PM [main] INFO  o.s.s.web.DefaultSecurityFilterChain - <init>
2020-03-23 15:30:04 PM [main] INFO  o.s.s.web.DefaultSecurityFilterChain - <init>
2020-03-23 15:30:04 PM [main] INFO  o.s.s.web.DefaultSecurityFilterChain - <init>
2020-03-23 15:30:05 PM [main] INFO  o.s.s.web.DefaultSecurityFilterChain - <init>
2020-03-23 15:30:05 PM [main] INFO  o.s.s.c.ThreadPoolTaskExecutor - initialize
2020-03-23 15:30:05 PM [main] WARN  o.s.b.a.o.j.JpaBaseConfiguration$JpaWebConfiguration$JpaWebMvcConfiguration - openEntityManagerInViewInterceptor
2020-03-23 15:30:05 PM [main] INFO  o.s.s.c.ThreadPoolTaskScheduler - initialize
2020-03-23 15:30:05 PM [main] INFO  o.a.coyote.http11.Http11NioProtocol - log
2020-03-23 15:30:05 PM [main] INFO  o.s.b.w.e.tomcat.TomcatWebServer - start
2020-03-23 15:30:05 PM [main] INFO  com.vtc.event.VtcEventApplication - logStarted
2020-03-23 15:30:11 PM [http-nio-9093-exec-1] INFO  o.a.c.c.C.[Tomcat].[localhost].[/] - log
2020-03-23 15:30:11 PM [http-nio-9093-exec-1] INFO  o.s.web.servlet.DispatcherServlet - initServletBean
2020-03-23 15:30:11 PM [http-nio-9093-exec-1] INFO  o.s.web.servlet.DispatcherServlet - initServletBean
2020-03-23 15:30:11 PM [http-nio-9093-exec-1] INFO  c.v.e.l.c.LuckySpinController - getLuckySpinDetailUser
2020-03-23 15:30:12 PM [http-nio-9093-exec-1] INFO  c.v.e.l.s.impl.LuckySpinServiceImpl - getLuckySpinDetail
2020-03-23 15:30:12 PM [http-nio-9093-exec-1] INFO  c.v.e.l.s.impl.LuckySpinServiceImpl - getLuckySpinDetail
2020-03-23 15:30:12 PM [http-nio-9093-exec-1] INFO  c.v.e.l.s.impl.LuckySpinServiceImpl - getLuckySpinDetail
2020-03-23 15:30:12 PM [http-nio-9093-exec-1] INFO  c.v.e.l.c.LuckySpinController - toResult
2020-03-23 15:31:07 PM [Thread-3] INFO  o.s.s.c.ThreadPoolTaskScheduler - shutdown
2020-03-23 15:31:07 PM [Thread-3] INFO  o.s.s.c.ThreadPoolTaskExecutor - shutdown
2020-03-23 15:31:07 PM [Thread-3] INFO  o.s.o.j.LocalContainerEntityManagerFactoryBean - destroy
2020-03-23 15:31:07 PM [Thread-3] INFO  com.zaxxer.hikari.HikariDataSource - close
2020-03-23 15:31:07 PM [Thread-3] INFO  com.zaxxer.hikari.HikariDataSource - close
2020-03-23 15:31:21 PM [main] INFO  com.vtc.event.VtcEventApplication - logStarting
2020-03-23 15:31:21 PM [main] INFO  com.vtc.event.VtcEventApplication - logStartupProfileInfo
2020-03-23 15:31:22 PM [main] INFO  o.s.d.r.c.RepositoryConfigurationDelegate - registerRepositoriesIn
2020-03-23 15:31:23 PM [main] INFO  o.s.d.r.c.RepositoryConfigurationDelegate - registerRepositoriesIn
2020-03-23 15:31:23 PM [main] INFO  o.s.c.s.PostProcessorRegistrationDelegate$BeanPostProcessorChecker - postProcessAfterInitialization
2020-03-23 15:31:23 PM [main] INFO  o.s.c.s.PostProcessorRegistrationDelegate$BeanPostProcessorChecker - postProcessAfterInitialization
2020-03-23 15:31:23 PM [main] INFO  o.s.c.s.PostProcessorRegistrationDelegate$BeanPostProcessorChecker - postProcessAfterInitialization
2020-03-23 15:31:23 PM [main] INFO  o.s.c.s.PostProcessorRegistrationDelegate$BeanPostProcessorChecker - postProcessAfterInitialization
2020-03-23 15:31:23 PM [main] INFO  o.s.c.s.PostProcessorRegistrationDelegate$BeanPostProcessorChecker - postProcessAfterInitialization
2020-03-23 15:31:23 PM [main] INFO  o.s.c.s.PostProcessorRegistrationDelegate$BeanPostProcessorChecker - postProcessAfterInitialization
2020-03-23 15:31:24 PM [main] INFO  o.s.b.w.e.tomcat.TomcatWebServer - initialize
2020-03-23 15:31:24 PM [main] INFO  o.a.coyote.http11.Http11NioProtocol - log
2020-03-23 15:31:24 PM [main] INFO  o.a.catalina.core.StandardService - log
2020-03-23 15:31:24 PM [main] INFO  o.a.catalina.core.StandardEngine - log
2020-03-23 15:31:24 PM [main] INFO  o.a.c.c.C.[Tomcat].[localhost].[/] - log
2020-03-23 15:31:24 PM [main] INFO  o.s.web.context.ContextLoader - prepareWebApplicationContext
2020-03-23 15:31:24 PM [main] INFO  com.zaxxer.hikari.HikariDataSource - getConnection
2020-03-23 15:31:25 PM [main] INFO  com.zaxxer.hikari.HikariDataSource - getConnection
2020-03-23 15:31:25 PM [main] INFO  o.h.jpa.internal.util.LogHelper - logPersistenceUnitInformation
2020-03-23 15:31:25 PM [main] INFO  org.hibernate.Version - logVersion
2020-03-23 15:31:25 PM [main] INFO  org.hibernate.cfg.Environment - <clinit>
2020-03-23 15:31:25 PM [main] INFO  o.h.annotations.common.Version - <clinit>
2020-03-23 15:31:25 PM [main] INFO  org.hibernate.dialect.Dialect - <init>
2020-03-23 15:31:27 PM [main] INFO  o.h.h.i.QueryTranslatorFactoryInitiator - initiateService
2020-03-23 15:31:27 PM [main] INFO  o.s.o.j.LocalContainerEntityManagerFactoryBean - buildNativeEntityManagerFactory
2020-03-23 15:31:29 PM [main] INFO  o.s.s.web.DefaultSecurityFilterChain - <init>
2020-03-23 15:31:29 PM [main] INFO  o.s.s.web.DefaultSecurityFilterChain - <init>
2020-03-23 15:31:29 PM [main] INFO  o.s.s.web.DefaultSecurityFilterChain - <init>
2020-03-23 15:31:29 PM [main] INFO  o.s.s.web.DefaultSecurityFilterChain - <init>
2020-03-23 15:31:29 PM [main] INFO  o.s.s.web.DefaultSecurityFilterChain - <init>
2020-03-23 15:31:29 PM [main] INFO  o.s.s.web.DefaultSecurityFilterChain - <init>
2020-03-23 15:31:29 PM [main] INFO  o.s.s.web.DefaultSecurityFilterChain - <init>
2020-03-23 15:31:29 PM [main] INFO  o.s.s.web.DefaultSecurityFilterChain - <init>
2020-03-23 15:31:29 PM [main] INFO  o.s.s.web.DefaultSecurityFilterChain - <init>
2020-03-23 15:31:29 PM [main] INFO  o.s.s.c.ThreadPoolTaskExecutor - initialize
2020-03-23 15:31:29 PM [main] WARN  o.s.b.a.o.j.JpaBaseConfiguration$JpaWebConfiguration$JpaWebMvcConfiguration - openEntityManagerInViewInterceptor
2020-03-23 15:31:29 PM [main] INFO  o.s.s.c.ThreadPoolTaskScheduler - initialize
2020-03-23 15:31:29 PM [main] INFO  o.a.coyote.http11.Http11NioProtocol - log
2020-03-23 15:31:30 PM [main] INFO  o.s.b.w.e.tomcat.TomcatWebServer - start
2020-03-23 15:31:30 PM [main] INFO  com.vtc.event.VtcEventApplication - logStarted
