2021-01-08 09:55:23 AM [main] INFO  o.s.b.t.c.SpringBootTestContextBootstrapper - buildDefaultMergedContextConfiguration
2021-01-08 09:55:23 AM [main] INFO  o.s.t.c.s.AbstractContextLoader - generateDefaultLocations
2021-01-08 09:55:23 AM [main] INFO  o.s.t.c.s.AnnotationConfigContextLoaderUtils - detectDefaultConfigurationClasses
2021-01-08 09:55:24 AM [main] INFO  o.s.b.t.c.SpringBootTestContextBootstrapper - getOrFindConfigurationClasses
2021-01-08 09:55:24 AM [main] INFO  o.s.b.t.c.SpringBootTestContextBootstrapper - getDefaultTestExecutionListenerClassNames
2021-01-08 09:55:24 AM [main] INFO  o.s.b.t.c.SpringBootTestContextBootstrapper - getTestExecutionListeners
2021-01-08 09:55:25 AM [background-preinit] INFO  o.h.validator.internal.util.Version - <clinit>
2021-01-08 09:55:25 AM [main] INFO  com.vtc.event.LuckySpinServiceTest - logStarting
2021-01-08 09:55:25 AM [main] INFO  com.vtc.event.LuckySpinServiceTest - logStartupProfileInfo
2021-01-08 09:55:27 AM [main] INFO  o.s.d.r.c.RepositoryConfigurationDelegate - registerRepositoriesIn
2021-01-08 09:55:28 AM [main] INFO  o.s.d.r.c.RepositoryConfigurationDelegate - registerRepositoriesIn
2021-01-08 09:55:29 AM [main] INFO  o.s.c.s.PostProcessorRegistrationDelegate$BeanPostProcessorChecker - postProcessAfterInitialization
2021-01-08 09:55:29 AM [main] INFO  o.s.c.s.PostProcessorRegistrationDelegate$BeanPostProcessorChecker - postProcessAfterInitialization
2021-01-08 09:55:29 AM [main] INFO  o.s.c.s.PostProcessorRegistrationDelegate$BeanPostProcessorChecker - postProcessAfterInitialization
2021-01-08 09:55:29 AM [main] INFO  o.s.c.s.PostProcessorRegistrationDelegate$BeanPostProcessorChecker - postProcessAfterInitialization
2021-01-08 09:55:29 AM [main] INFO  o.s.c.s.PostProcessorRegistrationDelegate$BeanPostProcessorChecker - postProcessAfterInitialization
2021-01-08 09:55:29 AM [main] INFO  o.s.c.s.PostProcessorRegistrationDelegate$BeanPostProcessorChecker - postProcessAfterInitialization
2021-01-08 09:55:30 AM [main] INFO  com.zaxxer.hikari.HikariDataSource - getConnection
2021-01-08 09:55:30 AM [main] INFO  com.zaxxer.hikari.HikariDataSource - getConnection
2021-01-08 09:55:30 AM [main] INFO  o.h.jpa.internal.util.LogHelper - logPersistenceUnitInformation
2021-01-08 09:55:31 AM [main] INFO  org.hibernate.Version - logVersion
2021-01-08 09:55:31 AM [main] INFO  org.hibernate.cfg.Environment - <clinit>
2021-01-08 09:55:31 AM [main] INFO  o.h.annotations.common.Version - <clinit>
2021-01-08 09:55:31 AM [main] INFO  org.hibernate.dialect.Dialect - <init>
2021-01-08 09:55:33 AM [main] INFO  o.h.h.i.QueryTranslatorFactoryInitiator - initiateService
2021-01-08 09:55:33 AM [main] INFO  o.s.o.j.LocalContainerEntityManagerFactoryBean - buildNativeEntityManagerFactory
2021-01-08 09:55:35 AM [main] INFO  o.s.s.web.DefaultSecurityFilterChain - <init>
2021-01-08 09:55:35 AM [main] INFO  o.s.s.web.DefaultSecurityFilterChain - <init>
2021-01-08 09:55:35 AM [main] INFO  o.s.s.web.DefaultSecurityFilterChain - <init>
2021-01-08 09:55:35 AM [main] INFO  o.s.s.web.DefaultSecurityFilterChain - <init>
2021-01-08 09:55:35 AM [main] INFO  o.s.s.web.DefaultSecurityFilterChain - <init>
2021-01-08 09:55:35 AM [main] INFO  o.s.s.web.DefaultSecurityFilterChain - <init>
2021-01-08 09:55:35 AM [main] INFO  o.s.s.web.DefaultSecurityFilterChain - <init>
2021-01-08 09:55:35 AM [main] INFO  o.s.s.web.DefaultSecurityFilterChain - <init>
2021-01-08 09:55:35 AM [main] INFO  o.s.s.web.DefaultSecurityFilterChain - <init>
2021-01-08 09:55:36 AM [main] INFO  o.s.s.c.ThreadPoolTaskExecutor - initialize
2021-01-08 09:55:36 AM [main] WARN  o.s.b.a.o.j.JpaBaseConfiguration$JpaWebConfiguration$JpaWebMvcConfiguration - openEntityManagerInViewInterceptor
2021-01-08 09:55:37 AM [main] INFO  o.s.s.c.ThreadPoolTaskScheduler - initialize
2021-01-08 09:55:37 AM [main] INFO  com.vtc.event.LuckySpinServiceTest - logStarted
2021-01-08 09:55:37 AM [Thread-1] INFO  o.s.s.c.ThreadPoolTaskScheduler - shutdown
2021-01-08 09:55:37 AM [Thread-1] INFO  o.s.s.c.ThreadPoolTaskExecutor - shutdown
2021-01-08 09:55:37 AM [Thread-1] INFO  o.s.o.j.LocalContainerEntityManagerFactoryBean - destroy
2021-01-08 09:55:37 AM [Thread-1] INFO  com.zaxxer.hikari.HikariDataSource - close
2021-01-08 09:55:37 AM [Thread-1] INFO  com.zaxxer.hikari.HikariDataSource - close
2021-01-08 09:56:04 AM [main] INFO  com.vtc.event.VtcEventApplication - logStarting
2021-01-08 09:56:04 AM [main] INFO  com.vtc.event.VtcEventApplication - logStartupProfileInfo
2021-01-08 09:56:05 AM [main] INFO  o.s.d.r.c.RepositoryConfigurationDelegate - registerRepositoriesIn
2021-01-08 09:56:06 AM [main] INFO  o.s.d.r.c.RepositoryConfigurationDelegate - registerRepositoriesIn
2021-01-08 09:56:06 AM [main] INFO  o.s.c.s.PostProcessorRegistrationDelegate$BeanPostProcessorChecker - postProcessAfterInitialization
2021-01-08 09:56:06 AM [main] INFO  o.s.c.s.PostProcessorRegistrationDelegate$BeanPostProcessorChecker - postProcessAfterInitialization
2021-01-08 09:56:06 AM [main] INFO  o.s.c.s.PostProcessorRegistrationDelegate$BeanPostProcessorChecker - postProcessAfterInitialization
2021-01-08 09:56:06 AM [main] INFO  o.s.c.s.PostProcessorRegistrationDelegate$BeanPostProcessorChecker - postProcessAfterInitialization
2021-01-08 09:56:06 AM [main] INFO  o.s.c.s.PostProcessorRegistrationDelegate$BeanPostProcessorChecker - postProcessAfterInitialization
2021-01-08 09:56:06 AM [main] INFO  o.s.c.s.PostProcessorRegistrationDelegate$BeanPostProcessorChecker - postProcessAfterInitialization
2021-01-08 09:56:07 AM [main] INFO  o.s.b.w.e.tomcat.TomcatWebServer - initialize
2021-01-08 09:56:07 AM [main] INFO  o.a.coyote.http11.Http11NioProtocol - log
2021-01-08 09:56:07 AM [main] INFO  o.a.catalina.core.StandardService - log
2021-01-08 09:56:07 AM [main] INFO  o.a.catalina.core.StandardEngine - log
2021-01-08 09:56:07 AM [main] INFO  o.a.c.c.C.[Tomcat].[localhost].[/] - log
2021-01-08 09:56:07 AM [main] INFO  o.s.web.context.ContextLoader - prepareWebApplicationContext
2021-01-08 09:56:08 AM [main] INFO  com.zaxxer.hikari.HikariDataSource - getConnection
2021-01-08 09:56:08 AM [main] INFO  com.zaxxer.hikari.HikariDataSource - getConnection
2021-01-08 09:56:08 AM [main] INFO  o.h.jpa.internal.util.LogHelper - logPersistenceUnitInformation
2021-01-08 09:56:08 AM [main] INFO  org.hibernate.Version - logVersion
2021-01-08 09:56:08 AM [main] INFO  org.hibernate.cfg.Environment - <clinit>
2021-01-08 09:56:08 AM [main] INFO  o.h.annotations.common.Version - <clinit>
2021-01-08 09:56:09 AM [main] INFO  org.hibernate.dialect.Dialect - <init>
2021-01-08 09:56:10 AM [main] INFO  o.h.h.i.QueryTranslatorFactoryInitiator - initiateService
2021-01-08 09:56:10 AM [main] INFO  o.s.o.j.LocalContainerEntityManagerFactoryBean - buildNativeEntityManagerFactory
2021-01-08 09:56:12 AM [main] INFO  o.s.s.web.DefaultSecurityFilterChain - <init>
2021-01-08 09:56:12 AM [main] INFO  o.s.s.web.DefaultSecurityFilterChain - <init>
2021-01-08 09:56:12 AM [main] INFO  o.s.s.web.DefaultSecurityFilterChain - <init>
2021-01-08 09:56:12 AM [main] INFO  o.s.s.web.DefaultSecurityFilterChain - <init>
2021-01-08 09:56:12 AM [main] INFO  o.s.s.web.DefaultSecurityFilterChain - <init>
2021-01-08 09:56:12 AM [main] INFO  o.s.s.web.DefaultSecurityFilterChain - <init>
2021-01-08 09:56:12 AM [main] INFO  o.s.s.web.DefaultSecurityFilterChain - <init>
2021-01-08 09:56:12 AM [main] INFO  o.s.s.web.DefaultSecurityFilterChain - <init>
2021-01-08 09:56:12 AM [main] INFO  o.s.s.web.DefaultSecurityFilterChain - <init>
2021-01-08 09:56:12 AM [main] INFO  o.s.s.c.ThreadPoolTaskExecutor - initialize
2021-01-08 09:56:12 AM [main] WARN  o.s.b.a.o.j.JpaBaseConfiguration$JpaWebConfiguration$JpaWebMvcConfiguration - openEntityManagerInViewInterceptor
2021-01-08 09:56:12 AM [main] INFO  o.s.s.c.ThreadPoolTaskScheduler - initialize
2021-01-08 09:56:12 AM [main] INFO  o.a.coyote.http11.Http11NioProtocol - log
2021-01-08 09:56:12 AM [main] INFO  o.s.b.w.e.tomcat.TomcatWebServer - start
2021-01-08 09:56:12 AM [main] INFO  com.vtc.event.VtcEventApplication - logStarted
2021-01-08 09:56:26 AM [http-nio-8085-exec-10] INFO  o.a.c.c.C.[Tomcat].[localhost].[/] - log
2021-01-08 09:56:26 AM [http-nio-8085-exec-10] INFO  o.s.web.servlet.DispatcherServlet - initServletBean
2021-01-08 09:56:26 AM [http-nio-8085-exec-10] INFO  o.s.web.servlet.DispatcherServlet - initServletBean
