2019-12-27 17:01:47 PM [main] INFO  com.vtc.event.VtcEventApplication - logStarting
2019-12-27 17:01:47 PM [main] INFO  com.vtc.event.VtcEventApplication - logStartupProfileInfo
2019-12-27 17:01:48 PM [main] INFO  o.s.d.r.c.RepositoryConfigurationDelegate - registerRepositoriesIn
2019-12-27 17:01:48 PM [main] INFO  o.s.d.r.c.RepositoryConfigurationDelegate - registerRepositoriesIn
2019-12-27 17:01:49 PM [main] INFO  o.s.c.s.PostProcessorRegistrationDelegate$BeanPostProcessorChecker - postProcessAfterInitialization
2019-12-27 17:01:49 PM [main] INFO  o.s.c.s.PostProcessorRegistrationDelegate$BeanPostProcessorChecker - postProcessAfterInitialization
2019-12-27 17:01:49 PM [main] INFO  o.s.c.s.PostProcessorRegistrationDelegate$BeanPostProcessorChecker - postProcessAfterInitialization
2019-12-27 17:01:49 PM [main] INFO  o.s.c.s.PostProcessorRegistrationDelegate$BeanPostProcessorChecker - postProcessAfterInitialization
2019-12-27 17:01:49 PM [main] INFO  o.s.c.s.PostProcessorRegistrationDelegate$BeanPostProcessorChecker - postProcessAfterInitialization
2019-12-27 17:01:49 PM [main] INFO  o.s.c.s.PostProcessorRegistrationDelegate$BeanPostProcessorChecker - postProcessAfterInitialization
2019-12-27 17:01:50 PM [main] INFO  o.s.b.w.e.tomcat.TomcatWebServer - initialize
2019-12-27 17:01:50 PM [main] INFO  o.a.coyote.http11.Http11NioProtocol - log
2019-12-27 17:01:50 PM [main] INFO  o.a.catalina.core.StandardService - log
2019-12-27 17:01:50 PM [main] INFO  o.a.catalina.core.StandardEngine - log
2019-12-27 17:01:50 PM [main] INFO  o.a.c.c.C.[Tomcat].[localhost].[/] - log
2019-12-27 17:01:50 PM [main] INFO  o.s.web.context.ContextLoader - prepareWebApplicationContext
2019-12-27 17:01:51 PM [main] INFO  com.zaxxer.hikari.HikariDataSource - getConnection
2019-12-27 17:01:51 PM [main] INFO  com.zaxxer.hikari.HikariDataSource - getConnection
2019-12-27 17:01:51 PM [main] INFO  o.h.jpa.internal.util.LogHelper - logPersistenceUnitInformation
2019-12-27 17:01:51 PM [main] INFO  org.hibernate.Version - logVersion
2019-12-27 17:01:51 PM [main] INFO  org.hibernate.cfg.Environment - <clinit>
2019-12-27 17:01:51 PM [main] INFO  o.h.annotations.common.Version - <clinit>
2019-12-27 17:01:52 PM [main] INFO  org.hibernate.dialect.Dialect - <init>
2019-12-27 17:01:53 PM [main] INFO  o.h.h.i.QueryTranslatorFactoryInitiator - initiateService
2019-12-27 17:01:54 PM [main] INFO  o.s.o.j.LocalContainerEntityManagerFactoryBean - buildNativeEntityManagerFactory
2019-12-27 17:01:56 PM [main] INFO  o.s.s.web.DefaultSecurityFilterChain - <init>
2019-12-27 17:01:56 PM [main] INFO  o.s.s.web.DefaultSecurityFilterChain - <init>
2019-12-27 17:01:56 PM [main] INFO  o.s.s.web.DefaultSecurityFilterChain - <init>
2019-12-27 17:01:56 PM [main] INFO  o.s.s.web.DefaultSecurityFilterChain - <init>
2019-12-27 17:01:56 PM [main] INFO  o.s.s.web.DefaultSecurityFilterChain - <init>
2019-12-27 17:01:56 PM [main] INFO  o.s.s.web.DefaultSecurityFilterChain - <init>
2019-12-27 17:01:56 PM [main] INFO  o.s.s.web.DefaultSecurityFilterChain - <init>
2019-12-27 17:01:56 PM [main] INFO  o.s.s.web.DefaultSecurityFilterChain - <init>
2019-12-27 17:01:56 PM [main] INFO  o.s.s.web.DefaultSecurityFilterChain - <init>
2019-12-27 17:01:56 PM [main] INFO  o.s.s.c.ThreadPoolTaskExecutor - initialize
2019-12-27 17:01:56 PM [main] WARN  o.s.b.a.o.j.JpaBaseConfiguration$JpaWebConfiguration$JpaWebMvcConfiguration - openEntityManagerInViewInterceptor
2019-12-27 17:01:56 PM [main] INFO  o.s.s.c.ThreadPoolTaskScheduler - initialize
2019-12-27 17:01:56 PM [scheduling-1] INFO  c.v.e.l.AutoCreateSpinHightGiftHistoryFake - doWork
2019-12-27 17:01:56 PM [main] INFO  o.a.coyote.http11.Http11NioProtocol - log
2019-12-27 17:01:56 PM [main] INFO  o.s.b.w.e.tomcat.TomcatWebServer - start
2019-12-27 17:01:56 PM [main] INFO  com.vtc.event.VtcEventApplication - logStarted
2019-12-27 17:01:57 PM [scheduling-1] WARN  o.h.e.jdbc.spi.SqlExceptionHelper - logExceptions
2019-12-27 17:01:57 PM [scheduling-1] ERROR o.h.e.jdbc.spi.SqlExceptionHelper - logExceptions
2019-12-27 17:01:57 PM [scheduling-1] INFO  c.v.e.l.AutoCreateSpinHightGiftHistoryFake - doWork
2019-12-27 17:01:57 PM [scheduling-1] INFO  c.v.e.l.AutoCreateSpinHightGiftHistoryFake - doWork
2019-12-27 17:01:57 PM [scheduling-1] INFO  c.v.e.l.AutoCreateSpinMediumGiftHistoryFake - doWork
2019-12-27 17:01:57 PM [scheduling-1] WARN  o.h.e.jdbc.spi.SqlExceptionHelper - logExceptions
2019-12-27 17:01:57 PM [scheduling-1] ERROR o.h.e.jdbc.spi.SqlExceptionHelper - logExceptions
2019-12-27 17:01:57 PM [scheduling-1] INFO  c.v.e.l.AutoCreateSpinMediumGiftHistoryFake - doWork
2019-12-27 17:01:57 PM [scheduling-1] INFO  c.v.e.l.AutoCreateSpinMediumGiftHistoryFake - doWork
2019-12-27 17:05:02 PM [Thread-3] INFO  o.s.s.c.ThreadPoolTaskScheduler - shutdown
2019-12-27 17:05:02 PM [Thread-3] INFO  o.s.s.c.ThreadPoolTaskExecutor - shutdown
2019-12-27 17:05:02 PM [Thread-3] INFO  o.s.o.j.LocalContainerEntityManagerFactoryBean - destroy
2019-12-27 17:05:02 PM [Thread-3] INFO  com.zaxxer.hikari.HikariDataSource - close
2019-12-27 17:05:02 PM [Thread-3] INFO  com.zaxxer.hikari.HikariDataSource - close
2019-12-27 17:05:39 PM [main] INFO  com.vtc.event.VtcEventApplication - logStarting
2019-12-27 17:05:39 PM [main] INFO  com.vtc.event.VtcEventApplication - logStartupProfileInfo
2019-12-27 17:05:41 PM [main] INFO  o.s.d.r.c.RepositoryConfigurationDelegate - registerRepositoriesIn
2019-12-27 17:05:41 PM [main] INFO  o.s.d.r.c.RepositoryConfigurationDelegate - registerRepositoriesIn
2019-12-27 17:05:42 PM [main] INFO  o.s.c.s.PostProcessorRegistrationDelegate$BeanPostProcessorChecker - postProcessAfterInitialization
2019-12-27 17:05:42 PM [main] INFO  o.s.c.s.PostProcessorRegistrationDelegate$BeanPostProcessorChecker - postProcessAfterInitialization
2019-12-27 17:05:42 PM [main] INFO  o.s.c.s.PostProcessorRegistrationDelegate$BeanPostProcessorChecker - postProcessAfterInitialization
2019-12-27 17:05:42 PM [main] INFO  o.s.c.s.PostProcessorRegistrationDelegate$BeanPostProcessorChecker - postProcessAfterInitialization
2019-12-27 17:05:42 PM [main] INFO  o.s.c.s.PostProcessorRegistrationDelegate$BeanPostProcessorChecker - postProcessAfterInitialization
2019-12-27 17:05:42 PM [main] INFO  o.s.c.s.PostProcessorRegistrationDelegate$BeanPostProcessorChecker - postProcessAfterInitialization
2019-12-27 17:05:43 PM [main] INFO  o.s.b.w.e.tomcat.TomcatWebServer - initialize
2019-12-27 17:05:43 PM [main] INFO  o.a.coyote.http11.Http11NioProtocol - log
2019-12-27 17:05:43 PM [main] INFO  o.a.catalina.core.StandardService - log
2019-12-27 17:05:43 PM [main] INFO  o.a.catalina.core.StandardEngine - log
2019-12-27 17:05:43 PM [main] INFO  o.a.c.c.C.[Tomcat].[localhost].[/] - log
2019-12-27 17:05:43 PM [main] INFO  o.s.web.context.ContextLoader - prepareWebApplicationContext
2019-12-27 17:05:44 PM [main] INFO  com.zaxxer.hikari.HikariDataSource - getConnection
2019-12-27 17:05:44 PM [main] INFO  com.zaxxer.hikari.HikariDataSource - getConnection
2019-12-27 17:05:44 PM [main] INFO  o.h.jpa.internal.util.LogHelper - logPersistenceUnitInformation
2019-12-27 17:05:44 PM [main] INFO  org.hibernate.Version - logVersion
2019-12-27 17:05:44 PM [main] INFO  org.hibernate.cfg.Environment - <clinit>
2019-12-27 17:05:44 PM [main] INFO  o.h.annotations.common.Version - <clinit>
2019-12-27 17:05:45 PM [main] INFO  org.hibernate.dialect.Dialect - <init>
2019-12-27 17:05:46 PM [main] INFO  o.h.h.i.QueryTranslatorFactoryInitiator - initiateService
2019-12-27 17:05:47 PM [main] INFO  o.s.o.j.LocalContainerEntityManagerFactoryBean - buildNativeEntityManagerFactory
2019-12-27 17:05:49 PM [main] INFO  o.s.s.web.DefaultSecurityFilterChain - <init>
2019-12-27 17:05:49 PM [main] INFO  o.s.s.web.DefaultSecurityFilterChain - <init>
2019-12-27 17:05:49 PM [main] INFO  o.s.s.web.DefaultSecurityFilterChain - <init>
2019-12-27 17:05:49 PM [main] INFO  o.s.s.web.DefaultSecurityFilterChain - <init>
2019-12-27 17:05:49 PM [main] INFO  o.s.s.web.DefaultSecurityFilterChain - <init>
2019-12-27 17:05:49 PM [main] INFO  o.s.s.web.DefaultSecurityFilterChain - <init>
2019-12-27 17:05:49 PM [main] INFO  o.s.s.web.DefaultSecurityFilterChain - <init>
2019-12-27 17:05:49 PM [main] INFO  o.s.s.web.DefaultSecurityFilterChain - <init>
2019-12-27 17:05:49 PM [main] INFO  o.s.s.web.DefaultSecurityFilterChain - <init>
2019-12-27 17:05:50 PM [main] INFO  o.s.s.c.ThreadPoolTaskExecutor - initialize
2019-12-27 17:05:50 PM [main] WARN  o.s.b.a.o.j.JpaBaseConfiguration$JpaWebConfiguration$JpaWebMvcConfiguration - openEntityManagerInViewInterceptor
2019-12-27 17:05:51 PM [main] INFO  o.s.s.c.ThreadPoolTaskScheduler - initialize
2019-12-27 17:05:51 PM [main] INFO  o.a.coyote.http11.Http11NioProtocol - log
2019-12-27 17:05:51 PM [scheduling-1] INFO  c.v.e.l.AutoCreateSpinHightGiftHistoryFake - doWork
2019-12-27 17:05:51 PM [main] INFO  o.s.b.w.e.tomcat.TomcatWebServer - start
2019-12-27 17:05:51 PM [main] INFO  com.vtc.event.VtcEventApplication - logStarted
2019-12-27 17:05:52 PM [scheduling-1] INFO  c.v.e.l.AutoCreateSpinHightGiftHistoryFake - doWork
2019-12-27 17:05:52 PM [scheduling-1] INFO  c.v.e.l.AutoCreateSpinMediumGiftHistoryFake - doWork
2019-12-27 17:05:52 PM [scheduling-1] INFO  c.v.e.l.AutoCreateSpinMediumGiftHistoryFake - doWork
2019-12-27 17:09:11 PM [http-nio-9093-exec-9] INFO  o.a.c.c.C.[Tomcat].[localhost].[/] - log
2019-12-27 17:09:11 PM [http-nio-9093-exec-9] INFO  o.s.web.servlet.DispatcherServlet - initServletBean
2019-12-27 17:09:11 PM [http-nio-9093-exec-9] INFO  o.s.web.servlet.DispatcherServlet - initServletBean
2019-12-27 17:09:34 PM [http-nio-9093-exec-8] ERROR o.a.c.c.C.[.[.[.[dispatcherServlet] - log
org.springframework.security.web.firewall.RequestRejectedException: The request was rejected because the URL was not normalized.
	at org.springframework.security.web.firewall.StrictHttpFirewall.getFirewalledRequest(StrictHttpFirewall.java:296)
	at org.springframework.security.web.FilterChainProxy.doFilterInternal(FilterChainProxy.java:194)
	at org.springframework.security.web.FilterChainProxy.doFilter(FilterChainProxy.java:178)
	at org.springframework.web.filter.DelegatingFilterProxy.invokeDelegate(DelegatingFilterProxy.java:357)
	at org.springframework.web.filter.DelegatingFilterProxy.doFilter(DelegatingFilterProxy.java:270)
	at org.apache.catalina.core.ApplicationFilterChain.internalDoFilter(ApplicationFilterChain.java:193)
	at org.apache.catalina.core.ApplicationFilterChain.doFilter(ApplicationFilterChain.java:166)
	at org.springframework.web.filter.RequestContextFilter.doFilterInternal(RequestContextFilter.java:99)
	at org.springframework.web.filter.OncePerRequestFilter.doFilter(OncePerRequestFilter.java:107)
	at org.apache.catalina.core.ApplicationFilterChain.internalDoFilter(ApplicationFilterChain.java:193)
	at org.apache.catalina.core.ApplicationFilterChain.doFilter(ApplicationFilterChain.java:166)
	at org.springframework.web.filter.FormContentFilter.doFilterInternal(FormContentFilter.java:92)
	at org.springframework.web.filter.OncePerRequestFilter.doFilter(OncePerRequestFilter.java:107)
	at org.apache.catalina.core.ApplicationFilterChain.internalDoFilter(ApplicationFilterChain.java:193)
	at org.apache.catalina.core.ApplicationFilterChain.doFilter(ApplicationFilterChain.java:166)
	at org.springframework.web.filter.HiddenHttpMethodFilter.doFilterInternal(HiddenHttpMethodFilter.java:93)
	at org.springframework.web.filter.OncePerRequestFilter.doFilter(OncePerRequestFilter.java:107)
	at org.apache.catalina.core.ApplicationFilterChain.internalDoFilter(ApplicationFilterChain.java:193)
	at org.apache.catalina.core.ApplicationFilterChain.doFilter(ApplicationFilterChain.java:166)
	at org.springframework.web.filter.CharacterEncodingFilter.doFilterInternal(CharacterEncodingFilter.java:200)
	at org.springframework.web.filter.OncePerRequestFilter.doFilter(OncePerRequestFilter.java:107)
	at org.apache.catalina.core.ApplicationFilterChain.internalDoFilter(ApplicationFilterChain.java:193)
	at org.apache.catalina.core.ApplicationFilterChain.doFilter(ApplicationFilterChain.java:166)
	at org.apache.catalina.core.StandardWrapperValve.invoke(StandardWrapperValve.java:200)
	at org.apache.catalina.core.StandardContextValve.invoke(StandardContextValve.java:96)
	at org.apache.catalina.authenticator.AuthenticatorBase.invoke(AuthenticatorBase.java:490)
	at org.apache.catalina.core.StandardHostValve.invoke(StandardHostValve.java:139)
	at org.apache.catalina.valves.ErrorReportValve.invoke(ErrorReportValve.java:92)
	at org.apache.catalina.core.StandardEngineValve.invoke(StandardEngineValve.java:74)
	at org.apache.catalina.connector.CoyoteAdapter.service(CoyoteAdapter.java:343)
	at org.apache.coyote.http11.Http11Processor.service(Http11Processor.java:408)
	at org.apache.coyote.AbstractProcessorLight.process(AbstractProcessorLight.java:66)
	at org.apache.coyote.AbstractProtocol$ConnectionHandler.process(AbstractProtocol.java:834)
	at org.apache.tomcat.util.net.NioEndpoint$SocketProcessor.doRun(NioEndpoint.java:1415)
	at org.apache.tomcat.util.net.SocketProcessorBase.run(SocketProcessorBase.java:49)
	at java.base/java.util.concurrent.ThreadPoolExecutor.runWorker(ThreadPoolExecutor.java:1128)
	at java.base/java.util.concurrent.ThreadPoolExecutor$Worker.run(ThreadPoolExecutor.java:628)
	at org.apache.tomcat.util.threads.TaskThread$WrappingRunnable.run(TaskThread.java:61)
	at java.base/java.lang.Thread.run(Thread.java:834)
2019-12-27 17:09:40 PM [http-nio-9093-exec-7] ERROR o.a.c.c.C.[.[.[.[dispatcherServlet] - log
org.springframework.security.web.firewall.RequestRejectedException: The request was rejected because the URL was not normalized.
	at org.springframework.security.web.firewall.StrictHttpFirewall.getFirewalledRequest(StrictHttpFirewall.java:296)
	at org.springframework.security.web.FilterChainProxy.doFilterInternal(FilterChainProxy.java:194)
	at org.springframework.security.web.FilterChainProxy.doFilter(FilterChainProxy.java:178)
	at org.springframework.web.filter.DelegatingFilterProxy.invokeDelegate(DelegatingFilterProxy.java:357)
	at org.springframework.web.filter.DelegatingFilterProxy.doFilter(DelegatingFilterProxy.java:270)
	at org.apache.catalina.core.ApplicationFilterChain.internalDoFilter(ApplicationFilterChain.java:193)
	at org.apache.catalina.core.ApplicationFilterChain.doFilter(ApplicationFilterChain.java:166)
	at org.springframework.web.filter.RequestContextFilter.doFilterInternal(RequestContextFilter.java:99)
	at org.springframework.web.filter.OncePerRequestFilter.doFilter(OncePerRequestFilter.java:107)
	at org.apache.catalina.core.ApplicationFilterChain.internalDoFilter(ApplicationFilterChain.java:193)
	at org.apache.catalina.core.ApplicationFilterChain.doFilter(ApplicationFilterChain.java:166)
	at org.springframework.web.filter.FormContentFilter.doFilterInternal(FormContentFilter.java:92)
	at org.springframework.web.filter.OncePerRequestFilter.doFilter(OncePerRequestFilter.java:107)
	at org.apache.catalina.core.ApplicationFilterChain.internalDoFilter(ApplicationFilterChain.java:193)
	at org.apache.catalina.core.ApplicationFilterChain.doFilter(ApplicationFilterChain.java:166)
	at org.springframework.web.filter.HiddenHttpMethodFilter.doFilterInternal(HiddenHttpMethodFilter.java:93)
	at org.springframework.web.filter.OncePerRequestFilter.doFilter(OncePerRequestFilter.java:107)
	at org.apache.catalina.core.ApplicationFilterChain.internalDoFilter(ApplicationFilterChain.java:193)
	at org.apache.catalina.core.ApplicationFilterChain.doFilter(ApplicationFilterChain.java:166)
	at org.springframework.web.filter.CharacterEncodingFilter.doFilterInternal(CharacterEncodingFilter.java:200)
	at org.springframework.web.filter.OncePerRequestFilter.doFilter(OncePerRequestFilter.java:107)
	at org.apache.catalina.core.ApplicationFilterChain.internalDoFilter(ApplicationFilterChain.java:193)
	at org.apache.catalina.core.ApplicationFilterChain.doFilter(ApplicationFilterChain.java:166)
	at org.apache.catalina.core.StandardWrapperValve.invoke(StandardWrapperValve.java:200)
	at org.apache.catalina.core.StandardContextValve.invoke(StandardContextValve.java:96)
	at org.apache.catalina.authenticator.AuthenticatorBase.invoke(AuthenticatorBase.java:490)
	at org.apache.catalina.core.StandardHostValve.invoke(StandardHostValve.java:139)
	at org.apache.catalina.valves.ErrorReportValve.invoke(ErrorReportValve.java:92)
	at org.apache.catalina.core.StandardEngineValve.invoke(StandardEngineValve.java:74)
	at org.apache.catalina.connector.CoyoteAdapter.service(CoyoteAdapter.java:343)
	at org.apache.coyote.http11.Http11Processor.service(Http11Processor.java:408)
	at org.apache.coyote.AbstractProcessorLight.process(AbstractProcessorLight.java:66)
	at org.apache.coyote.AbstractProtocol$ConnectionHandler.process(AbstractProtocol.java:834)
	at org.apache.tomcat.util.net.NioEndpoint$SocketProcessor.doRun(NioEndpoint.java:1415)
	at org.apache.tomcat.util.net.SocketProcessorBase.run(SocketProcessorBase.java:49)
	at java.base/java.util.concurrent.ThreadPoolExecutor.runWorker(ThreadPoolExecutor.java:1128)
	at java.base/java.util.concurrent.ThreadPoolExecutor$Worker.run(ThreadPoolExecutor.java:628)
	at org.apache.tomcat.util.threads.TaskThread$WrappingRunnable.run(TaskThread.java:61)
	at java.base/java.lang.Thread.run(Thread.java:834)
2019-12-27 17:09:52 PM [http-nio-9093-exec-6] INFO  c.v.e.l.c.LuckySpinController - getLuckySpinDetail
2019-12-27 17:09:52 PM [http-nio-9093-exec-6] INFO  c.v.e.l.c.LuckySpinController - toResult
