2019-10-31 14:33:24 PM [main] INFO  com.vtc.event.VtcEventApplication - logStarting
2019-10-31 14:33:24 PM [main] INFO  com.vtc.event.VtcEventApplication - logStartupProfileInfo
2019-10-31 14:33:25 PM [main] INFO  o.s.d.r.c.RepositoryConfigurationDelegate - registerRepositoriesIn
2019-10-31 14:33:25 PM [main] INFO  o.s.d.r.c.RepositoryConfigurationDelegate - registerRepositoriesIn
2019-10-31 14:33:26 PM [main] INFO  o.s.c.s.PostProcessorRegistrationDelegate$BeanPostProcessorChecker - postProcessAfterInitialization
2019-10-31 14:33:26 PM [main] INFO  o.s.c.s.PostProcessorRegistrationDelegate$BeanPostProcessorChecker - postProcessAfterInitialization
2019-10-31 14:33:26 PM [main] INFO  o.s.c.s.PostProcessorRegistrationDelegate$BeanPostProcessorChecker - postProcessAfterInitialization
2019-10-31 14:33:26 PM [main] INFO  o.s.c.s.PostProcessorRegistrationDelegate$BeanPostProcessorChecker - postProcessAfterInitialization
2019-10-31 14:33:26 PM [main] INFO  o.s.c.s.PostProcessorRegistrationDelegate$BeanPostProcessorChecker - postProcessAfterInitialization
2019-10-31 14:33:26 PM [main] INFO  o.s.c.s.PostProcessorRegistrationDelegate$BeanPostProcessorChecker - postProcessAfterInitialization
2019-10-31 14:33:26 PM [main] INFO  o.s.b.w.e.tomcat.TomcatWebServer - initialize
2019-10-31 14:33:26 PM [main] INFO  o.a.coyote.http11.Http11NioProtocol - log
2019-10-31 14:33:26 PM [main] INFO  o.a.catalina.core.StandardService - log
2019-10-31 14:33:26 PM [main] INFO  o.a.catalina.core.StandardEngine - log
2019-10-31 14:33:26 PM [main] INFO  o.a.c.c.C.[Tomcat].[localhost].[/] - log
2019-10-31 14:33:26 PM [main] INFO  o.s.web.context.ContextLoader - prepareWebApplicationContext
2019-10-31 14:33:27 PM [main] INFO  com.zaxxer.hikari.HikariDataSource - getConnection
2019-10-31 14:33:27 PM [main] INFO  com.zaxxer.hikari.HikariDataSource - getConnection
2019-10-31 14:33:27 PM [main] INFO  o.h.jpa.internal.util.LogHelper - logPersistenceUnitInformation
2019-10-31 14:33:27 PM [main] INFO  org.hibernate.Version - logVersion
2019-10-31 14:33:27 PM [main] INFO  org.hibernate.cfg.Environment - <clinit>
2019-10-31 14:33:27 PM [main] INFO  o.h.annotations.common.Version - <clinit>
2019-10-31 14:33:28 PM [main] INFO  org.hibernate.dialect.Dialect - <init>
2019-10-31 14:33:29 PM [main] INFO  o.h.h.i.QueryTranslatorFactoryInitiator - initiateService
2019-10-31 14:33:29 PM [main] INFO  o.s.o.j.LocalContainerEntityManagerFactoryBean - buildNativeEntityManagerFactory
2019-10-31 14:33:30 PM [main] INFO  o.s.s.web.DefaultSecurityFilterChain - <init>
2019-10-31 14:33:30 PM [main] INFO  o.s.s.web.DefaultSecurityFilterChain - <init>
2019-10-31 14:33:30 PM [main] INFO  o.s.s.web.DefaultSecurityFilterChain - <init>
2019-10-31 14:33:30 PM [main] INFO  o.s.s.web.DefaultSecurityFilterChain - <init>
2019-10-31 14:33:30 PM [main] INFO  o.s.s.web.DefaultSecurityFilterChain - <init>
2019-10-31 14:33:30 PM [main] INFO  o.s.s.web.DefaultSecurityFilterChain - <init>
2019-10-31 14:33:31 PM [main] INFO  o.s.s.web.DefaultSecurityFilterChain - <init>
2019-10-31 14:33:31 PM [main] INFO  o.s.s.web.DefaultSecurityFilterChain - <init>
2019-10-31 14:33:31 PM [main] INFO  o.s.s.web.DefaultSecurityFilterChain - <init>
2019-10-31 14:33:31 PM [main] INFO  o.s.s.c.ThreadPoolTaskExecutor - initialize
2019-10-31 14:33:31 PM [main] WARN  o.s.b.a.o.j.JpaBaseConfiguration$JpaWebConfiguration$JpaWebMvcConfiguration - openEntityManagerInViewInterceptor
2019-10-31 14:33:31 PM [main] INFO  o.s.s.c.ThreadPoolTaskScheduler - initialize
2019-10-31 14:33:31 PM [main] INFO  o.a.coyote.http11.Http11NioProtocol - log
2019-10-31 14:33:31 PM [main] INFO  o.s.b.w.e.tomcat.TomcatWebServer - start
2019-10-31 14:33:31 PM [main] INFO  com.vtc.event.VtcEventApplication - logStarted
2019-10-31 14:54:49 PM [scheduling-1] INFO  c.v.e.l.AutoCreateSpinSmallGiftHistoryFake - doWork
2019-10-31 14:54:49 PM [scheduling-1] INFO  c.v.e.l.AutoCreateSpinSmallGiftHistoryFake - doWork
2019-10-31 15:12:49 PM [scheduling-1] INFO  c.v.e.l.AutoCreateSpinSmallGiftHistoryFake - doWork
2019-10-31 15:12:49 PM [scheduling-1] INFO  c.v.e.l.AutoCreateSpinSmallGiftHistoryFake - doWork
2019-10-31 15:20:19 PM [scheduling-1] INFO  c.v.e.l.AutoCreateSpinMediumGiftHistoryFake - doWork
2019-10-31 15:20:19 PM [scheduling-1] INFO  c.v.e.l.AutoCreateSpinMediumGiftHistoryFake - doWork
2019-10-31 15:29:49 PM [scheduling-1] INFO  c.v.e.l.AutoCreateSpinSmallGiftHistoryFake - doWork
2019-10-31 15:29:49 PM [scheduling-1] INFO  c.v.e.l.AutoCreateSpinSmallGiftHistoryFake - doWork
2019-10-31 15:54:49 PM [scheduling-1] INFO  c.v.e.l.AutoCreateSpinSmallGiftHistoryFake - doWork
2019-10-31 15:54:49 PM [scheduling-1] INFO  c.v.e.l.AutoCreateSpinSmallGiftHistoryFake - doWork
2019-10-31 16:12:47 PM [scheduling-1] INFO  c.v.e.l.AutoCreateSpinSmallGiftHistoryFake - doWork
2019-10-31 16:12:47 PM [scheduling-1] INFO  c.v.e.l.AutoCreateSpinSmallGiftHistoryFake - doWork
2019-10-31 16:20:17 PM [scheduling-1] INFO  c.v.e.l.AutoCreateSpinMediumGiftHistoryFake - doWork
2019-10-31 16:20:17 PM [scheduling-1] INFO  c.v.e.l.AutoCreateSpinMediumGiftHistoryFake - doWork
2019-10-31 16:29:49 PM [scheduling-1] INFO  c.v.e.l.AutoCreateSpinSmallGiftHistoryFake - doWork
2019-10-31 16:29:49 PM [scheduling-1] INFO  c.v.e.l.AutoCreateSpinSmallGiftHistoryFake - doWork
2019-10-31 16:54:49 PM [scheduling-1] INFO  c.v.e.l.AutoCreateSpinSmallGiftHistoryFake - doWork
2019-10-31 16:54:49 PM [scheduling-1] INFO  c.v.e.l.AutoCreateSpinSmallGiftHistoryFake - doWork
2019-10-31 16:54:49 PM [scheduling-1] INFO  c.v.e.l.AutoCreateSpinSmallGiftHistoryFake - doWork
2019-10-31 17:12:49 PM [scheduling-1] INFO  c.v.e.l.AutoCreateSpinSmallGiftHistoryFake - doWork
2019-10-31 17:12:49 PM [scheduling-1] INFO  c.v.e.l.AutoCreateSpinSmallGiftHistoryFake - doWork
2019-10-31 17:20:19 PM [scheduling-1] INFO  c.v.e.l.AutoCreateSpinMediumGiftHistoryFake - doWork
2019-10-31 17:20:19 PM [scheduling-1] INFO  c.v.e.l.AutoCreateSpinMediumGiftHistoryFake - doWork
2019-10-31 17:24:41 PM [Thread-3] INFO  o.s.s.c.ThreadPoolTaskScheduler - shutdown
2019-10-31 17:24:41 PM [Thread-3] INFO  o.s.s.c.ThreadPoolTaskExecutor - shutdown
2019-10-31 17:24:41 PM [Thread-3] INFO  o.s.o.j.LocalContainerEntityManagerFactoryBean - destroy
2019-10-31 17:24:41 PM [Thread-3] INFO  com.zaxxer.hikari.HikariDataSource - close
2019-10-31 17:24:41 PM [Thread-3] INFO  com.zaxxer.hikari.HikariDataSource - close
