2019-11-29 14:25:14 PM [main] INFO  com.vtc.event.VtcEventApplication - logStarting
2019-11-29 14:25:14 PM [main] INFO  com.vtc.event.VtcEventApplication - logStartupProfileInfo
2019-11-29 14:25:15 PM [main] INFO  o.s.d.r.c.RepositoryConfigurationDelegate - registerRepositoriesIn
2019-11-29 14:25:15 PM [main] INFO  o.s.d.r.c.RepositoryConfigurationDelegate - registerRepositoriesIn
2019-11-29 14:25:16 PM [main] INFO  o.s.c.s.PostProcessorRegistrationDelegate$BeanPostProcessorChecker - postProcessAfterInitialization
2019-11-29 14:25:16 PM [main] INFO  o.s.c.s.PostProcessorRegistrationDelegate$BeanPostProcessorChecker - postProcessAfterInitialization
2019-11-29 14:25:16 PM [main] INFO  o.s.c.s.PostProcessorRegistrationDelegate$BeanPostProcessorChecker - postProcessAfterInitialization
2019-11-29 14:25:16 PM [main] INFO  o.s.c.s.PostProcessorRegistrationDelegate$BeanPostProcessorChecker - postProcessAfterInitialization
2019-11-29 14:25:16 PM [main] INFO  o.s.c.s.PostProcessorRegistrationDelegate$BeanPostProcessorChecker - postProcessAfterInitialization
2019-11-29 14:25:16 PM [main] INFO  o.s.c.s.PostProcessorRegistrationDelegate$BeanPostProcessorChecker - postProcessAfterInitialization
2019-11-29 14:25:16 PM [main] INFO  o.s.b.w.e.tomcat.TomcatWebServer - initialize
2019-11-29 14:25:16 PM [main] INFO  o.a.coyote.http11.Http11NioProtocol - log
2019-11-29 14:25:16 PM [main] INFO  o.a.catalina.core.StandardService - log
2019-11-29 14:25:16 PM [main] INFO  o.a.catalina.core.StandardEngine - log
2019-11-29 14:25:17 PM [main] INFO  o.a.c.c.C.[Tomcat].[localhost].[/] - log
2019-11-29 14:25:17 PM [main] INFO  o.s.web.context.ContextLoader - prepareWebApplicationContext
2019-11-29 14:25:17 PM [main] INFO  com.zaxxer.hikari.HikariDataSource - getConnection
2019-11-29 14:25:17 PM [main] INFO  com.zaxxer.hikari.HikariDataSource - getConnection
2019-11-29 14:25:17 PM [main] INFO  o.h.jpa.internal.util.LogHelper - logPersistenceUnitInformation
2019-11-29 14:25:17 PM [main] INFO  org.hibernate.Version - logVersion
2019-11-29 14:25:17 PM [main] INFO  org.hibernate.cfg.Environment - <clinit>
2019-11-29 14:25:18 PM [main] INFO  o.h.annotations.common.Version - <clinit>
2019-11-29 14:25:18 PM [main] INFO  org.hibernate.dialect.Dialect - <init>
2019-11-29 14:25:19 PM [main] INFO  o.h.h.i.QueryTranslatorFactoryInitiator - initiateService
2019-11-29 14:25:19 PM [main] INFO  o.s.o.j.LocalContainerEntityManagerFactoryBean - buildNativeEntityManagerFactory
2019-11-29 14:25:21 PM [main] INFO  o.s.s.web.DefaultSecurityFilterChain - <init>
2019-11-29 14:25:21 PM [main] INFO  o.s.s.web.DefaultSecurityFilterChain - <init>
2019-11-29 14:25:21 PM [main] INFO  o.s.s.web.DefaultSecurityFilterChain - <init>
2019-11-29 14:25:21 PM [main] INFO  o.s.s.web.DefaultSecurityFilterChain - <init>
2019-11-29 14:25:21 PM [main] INFO  o.s.s.web.DefaultSecurityFilterChain - <init>
2019-11-29 14:25:21 PM [main] INFO  o.s.s.web.DefaultSecurityFilterChain - <init>
2019-11-29 14:25:21 PM [main] INFO  o.s.s.web.DefaultSecurityFilterChain - <init>
2019-11-29 14:25:21 PM [main] INFO  o.s.s.web.DefaultSecurityFilterChain - <init>
2019-11-29 14:25:21 PM [main] INFO  o.s.s.web.DefaultSecurityFilterChain - <init>
2019-11-29 14:25:22 PM [main] INFO  o.s.s.c.ThreadPoolTaskExecutor - initialize
2019-11-29 14:25:22 PM [main] WARN  o.s.b.a.o.j.JpaBaseConfiguration$JpaWebConfiguration$JpaWebMvcConfiguration - openEntityManagerInViewInterceptor
2019-11-29 14:25:22 PM [main] INFO  o.s.s.c.ThreadPoolTaskScheduler - initialize
2019-11-29 14:25:22 PM [main] INFO  o.a.coyote.http11.Http11NioProtocol - log
2019-11-29 14:25:22 PM [main] INFO  o.s.b.w.e.tomcat.TomcatWebServer - start
2019-11-29 14:25:22 PM [main] INFO  com.vtc.event.VtcEventApplication - logStarted
2019-11-29 14:26:50 PM [http-nio-9093-exec-1] INFO  o.a.c.c.C.[Tomcat].[localhost].[/] - log
2019-11-29 14:26:52 PM [http-nio-9093-exec-1] INFO  o.s.web.servlet.DispatcherServlet - initServletBean
2019-11-29 14:26:52 PM [http-nio-9093-exec-1] INFO  o.s.web.servlet.DispatcherServlet - initServletBean
2019-11-29 14:26:52 PM [http-nio-9093-exec-1] INFO  c.v.e.l.c.LuckySpinHistoryController - getReportGiftQuantityExist
2019-11-29 14:26:53 PM [http-nio-9093-exec-1] INFO  c.v.e.l.c.LuckySpinHistoryController - toResult
2019-11-29 15:47:14 PM [Thread-3] INFO  o.s.s.c.ThreadPoolTaskScheduler - shutdown
2019-11-29 15:47:14 PM [Thread-3] INFO  o.s.s.c.ThreadPoolTaskExecutor - shutdown
2019-11-29 15:47:14 PM [Thread-3] INFO  o.s.o.j.LocalContainerEntityManagerFactoryBean - destroy
2019-11-29 15:47:14 PM [Thread-3] INFO  com.zaxxer.hikari.HikariDataSource - close
2019-11-29 15:47:14 PM [Thread-3] INFO  com.zaxxer.hikari.HikariDataSource - close
2019-11-29 15:47:32 PM [main] INFO  com.vtc.event.VtcEventApplication - logStarting
2019-11-29 15:47:32 PM [main] INFO  com.vtc.event.VtcEventApplication - logStartupProfileInfo
2019-11-29 15:47:33 PM [main] INFO  o.s.d.r.c.RepositoryConfigurationDelegate - registerRepositoriesIn
2019-11-29 15:47:33 PM [main] INFO  o.s.d.r.c.RepositoryConfigurationDelegate - registerRepositoriesIn
2019-11-29 15:47:34 PM [main] INFO  o.s.c.s.PostProcessorRegistrationDelegate$BeanPostProcessorChecker - postProcessAfterInitialization
2019-11-29 15:47:34 PM [main] INFO  o.s.c.s.PostProcessorRegistrationDelegate$BeanPostProcessorChecker - postProcessAfterInitialization
2019-11-29 15:47:34 PM [main] INFO  o.s.c.s.PostProcessorRegistrationDelegate$BeanPostProcessorChecker - postProcessAfterInitialization
2019-11-29 15:47:34 PM [main] INFO  o.s.c.s.PostProcessorRegistrationDelegate$BeanPostProcessorChecker - postProcessAfterInitialization
2019-11-29 15:47:34 PM [main] INFO  o.s.c.s.PostProcessorRegistrationDelegate$BeanPostProcessorChecker - postProcessAfterInitialization
2019-11-29 15:47:34 PM [main] INFO  o.s.c.s.PostProcessorRegistrationDelegate$BeanPostProcessorChecker - postProcessAfterInitialization
2019-11-29 15:47:35 PM [main] INFO  o.s.b.w.e.tomcat.TomcatWebServer - initialize
2019-11-29 15:47:35 PM [main] INFO  o.a.coyote.http11.Http11NioProtocol - log
2019-11-29 15:47:35 PM [main] INFO  o.a.catalina.core.StandardService - log
2019-11-29 15:47:35 PM [main] INFO  o.a.catalina.core.StandardEngine - log
2019-11-29 15:47:35 PM [main] INFO  o.a.c.c.C.[Tomcat].[localhost].[/] - log
2019-11-29 15:47:35 PM [main] INFO  o.s.web.context.ContextLoader - prepareWebApplicationContext
2019-11-29 15:47:35 PM [main] INFO  com.zaxxer.hikari.HikariDataSource - getConnection
2019-11-29 15:47:36 PM [main] INFO  com.zaxxer.hikari.HikariDataSource - getConnection
2019-11-29 15:47:36 PM [main] INFO  o.h.jpa.internal.util.LogHelper - logPersistenceUnitInformation
2019-11-29 15:47:36 PM [main] INFO  org.hibernate.Version - logVersion
2019-11-29 15:47:36 PM [main] INFO  org.hibernate.cfg.Environment - <clinit>
2019-11-29 15:47:36 PM [main] INFO  o.h.annotations.common.Version - <clinit>
2019-11-29 15:47:36 PM [main] INFO  org.hibernate.dialect.Dialect - <init>
2019-11-29 15:47:38 PM [main] INFO  o.h.h.i.QueryTranslatorFactoryInitiator - initiateService
2019-11-29 15:47:38 PM [main] INFO  o.s.o.j.LocalContainerEntityManagerFactoryBean - buildNativeEntityManagerFactory
2019-11-29 15:47:39 PM [main] INFO  o.s.s.web.DefaultSecurityFilterChain - <init>
2019-11-29 15:47:39 PM [main] INFO  o.s.s.web.DefaultSecurityFilterChain - <init>
2019-11-29 15:47:39 PM [main] INFO  o.s.s.web.DefaultSecurityFilterChain - <init>
2019-11-29 15:47:39 PM [main] INFO  o.s.s.web.DefaultSecurityFilterChain - <init>
2019-11-29 15:47:39 PM [main] INFO  o.s.s.web.DefaultSecurityFilterChain - <init>
2019-11-29 15:47:39 PM [main] INFO  o.s.s.web.DefaultSecurityFilterChain - <init>
2019-11-29 15:47:40 PM [main] INFO  o.s.s.web.DefaultSecurityFilterChain - <init>
2019-11-29 15:47:40 PM [main] INFO  o.s.s.web.DefaultSecurityFilterChain - <init>
2019-11-29 15:47:40 PM [main] INFO  o.s.s.web.DefaultSecurityFilterChain - <init>
2019-11-29 15:47:40 PM [main] INFO  o.s.s.c.ThreadPoolTaskExecutor - initialize
2019-11-29 15:47:40 PM [main] WARN  o.s.b.a.o.j.JpaBaseConfiguration$JpaWebConfiguration$JpaWebMvcConfiguration - openEntityManagerInViewInterceptor
2019-11-29 15:47:40 PM [main] INFO  o.s.s.c.ThreadPoolTaskScheduler - initialize
2019-11-29 15:47:40 PM [main] INFO  o.a.coyote.http11.Http11NioProtocol - log
2019-11-29 15:47:40 PM [main] INFO  o.s.b.w.e.tomcat.TomcatWebServer - start
2019-11-29 15:47:40 PM [main] INFO  com.vtc.event.VtcEventApplication - logStarted
2019-11-29 15:48:45 PM [http-nio-9093-exec-2] INFO  o.a.c.c.C.[Tomcat].[localhost].[/] - log
2019-11-29 15:48:45 PM [http-nio-9093-exec-2] INFO  o.s.web.servlet.DispatcherServlet - initServletBean
2019-11-29 15:48:45 PM [http-nio-9093-exec-2] INFO  o.s.web.servlet.DispatcherServlet - initServletBean
2019-11-29 15:48:45 PM [http-nio-9093-exec-2] INFO  c.v.e.l.c.LuckySpinController - getLuckySpinDetailUser
2019-11-29 15:48:46 PM [http-nio-9093-exec-2] INFO  c.v.e.l.c.LuckySpinController - toResult
2019-11-29 15:49:41 PM [http-nio-9093-exec-3] INFO  c.v.e.l.c.LuckySpinController - getLuckySpinDetailUser
2019-11-29 15:49:42 PM [http-nio-9093-exec-3] INFO  c.v.e.l.c.LuckySpinController - toResult
2019-11-29 15:51:09 PM [Thread-3] INFO  o.s.s.c.ThreadPoolTaskScheduler - shutdown
2019-11-29 15:51:09 PM [Thread-3] INFO  o.s.s.c.ThreadPoolTaskExecutor - shutdown
2019-11-29 15:51:09 PM [Thread-3] INFO  o.s.o.j.LocalContainerEntityManagerFactoryBean - destroy
2019-11-29 15:51:09 PM [Thread-3] INFO  com.zaxxer.hikari.HikariDataSource - close
2019-11-29 15:51:09 PM [Thread-3] INFO  com.zaxxer.hikari.HikariDataSource - close
2019-11-29 15:51:23 PM [main] INFO  com.vtc.event.VtcEventApplication - logStarting
2019-11-29 15:51:23 PM [main] INFO  com.vtc.event.VtcEventApplication - logStartupProfileInfo
2019-11-29 15:51:24 PM [main] INFO  o.s.d.r.c.RepositoryConfigurationDelegate - registerRepositoriesIn
2019-11-29 15:51:24 PM [main] INFO  o.s.d.r.c.RepositoryConfigurationDelegate - registerRepositoriesIn
2019-11-29 15:51:25 PM [main] INFO  o.s.c.s.PostProcessorRegistrationDelegate$BeanPostProcessorChecker - postProcessAfterInitialization
2019-11-29 15:51:25 PM [main] INFO  o.s.c.s.PostProcessorRegistrationDelegate$BeanPostProcessorChecker - postProcessAfterInitialization
2019-11-29 15:51:25 PM [main] INFO  o.s.c.s.PostProcessorRegistrationDelegate$BeanPostProcessorChecker - postProcessAfterInitialization
2019-11-29 15:51:25 PM [main] INFO  o.s.c.s.PostProcessorRegistrationDelegate$BeanPostProcessorChecker - postProcessAfterInitialization
2019-11-29 15:51:25 PM [main] INFO  o.s.c.s.PostProcessorRegistrationDelegate$BeanPostProcessorChecker - postProcessAfterInitialization
2019-11-29 15:51:25 PM [main] INFO  o.s.c.s.PostProcessorRegistrationDelegate$BeanPostProcessorChecker - postProcessAfterInitialization
2019-11-29 15:51:25 PM [main] INFO  o.s.b.w.e.tomcat.TomcatWebServer - initialize
2019-11-29 15:51:25 PM [main] INFO  o.a.coyote.http11.Http11NioProtocol - log
2019-11-29 15:51:25 PM [main] INFO  o.a.catalina.core.StandardService - log
2019-11-29 15:51:25 PM [main] INFO  o.a.catalina.core.StandardEngine - log
2019-11-29 15:51:25 PM [main] INFO  o.a.c.c.C.[Tomcat].[localhost].[/] - log
2019-11-29 15:51:25 PM [main] INFO  o.s.web.context.ContextLoader - prepareWebApplicationContext
2019-11-29 15:51:26 PM [main] INFO  com.zaxxer.hikari.HikariDataSource - getConnection
2019-11-29 15:51:26 PM [main] INFO  com.zaxxer.hikari.HikariDataSource - getConnection
2019-11-29 15:51:26 PM [main] INFO  o.h.jpa.internal.util.LogHelper - logPersistenceUnitInformation
2019-11-29 15:51:26 PM [main] INFO  org.hibernate.Version - logVersion
2019-11-29 15:51:26 PM [main] INFO  org.hibernate.cfg.Environment - <clinit>
2019-11-29 15:51:26 PM [main] INFO  o.h.annotations.common.Version - <clinit>
2019-11-29 15:51:27 PM [main] INFO  org.hibernate.dialect.Dialect - <init>
2019-11-29 15:51:28 PM [main] INFO  o.h.h.i.QueryTranslatorFactoryInitiator - initiateService
2019-11-29 15:51:28 PM [main] INFO  o.s.o.j.LocalContainerEntityManagerFactoryBean - buildNativeEntityManagerFactory
2019-11-29 15:51:30 PM [main] INFO  o.s.s.web.DefaultSecurityFilterChain - <init>
2019-11-29 15:51:30 PM [main] INFO  o.s.s.web.DefaultSecurityFilterChain - <init>
2019-11-29 15:51:30 PM [main] INFO  o.s.s.web.DefaultSecurityFilterChain - <init>
2019-11-29 15:51:30 PM [main] INFO  o.s.s.web.DefaultSecurityFilterChain - <init>
2019-11-29 15:51:30 PM [main] INFO  o.s.s.web.DefaultSecurityFilterChain - <init>
2019-11-29 15:51:30 PM [main] INFO  o.s.s.web.DefaultSecurityFilterChain - <init>
2019-11-29 15:51:30 PM [main] INFO  o.s.s.web.DefaultSecurityFilterChain - <init>
2019-11-29 15:51:30 PM [main] INFO  o.s.s.web.DefaultSecurityFilterChain - <init>
2019-11-29 15:51:30 PM [main] INFO  o.s.s.web.DefaultSecurityFilterChain - <init>
2019-11-29 15:51:30 PM [main] INFO  o.s.s.c.ThreadPoolTaskExecutor - initialize
2019-11-29 15:51:30 PM [main] WARN  o.s.b.a.o.j.JpaBaseConfiguration$JpaWebConfiguration$JpaWebMvcConfiguration - openEntityManagerInViewInterceptor
2019-11-29 15:51:30 PM [main] INFO  o.s.s.c.ThreadPoolTaskScheduler - initialize
2019-11-29 15:51:30 PM [main] INFO  o.a.coyote.http11.Http11NioProtocol - log
2019-11-29 15:51:31 PM [main] INFO  o.s.b.w.e.tomcat.TomcatWebServer - start
2019-11-29 15:51:31 PM [main] INFO  com.vtc.event.VtcEventApplication - logStarted
2019-11-29 15:52:04 PM [http-nio-9093-exec-3] INFO  o.a.c.c.C.[Tomcat].[localhost].[/] - log
2019-11-29 15:52:04 PM [http-nio-9093-exec-3] INFO  o.s.web.servlet.DispatcherServlet - initServletBean
2019-11-29 15:52:04 PM [http-nio-9093-exec-3] INFO  o.s.web.servlet.DispatcherServlet - initServletBean
2019-11-29 15:52:04 PM [http-nio-9093-exec-3] INFO  c.v.e.l.c.LuckySpinController - getLuckySpinDetailUser
2019-11-29 15:52:05 PM [http-nio-9093-exec-3] INFO  c.v.e.l.s.impl.LuckySpinServiceImpl - updateUserTurnSpin
2019-11-29 15:52:05 PM [http-nio-9093-exec-3] INFO  c.v.e.l.c.LuckySpinController - toResult
2019-11-29 15:53:21 PM [http-nio-9093-exec-6] INFO  c.v.e.l.c.LuckySpinHistoryController - getSpinTurnBuyHistory
2019-11-29 15:53:28 PM [http-nio-9093-exec-6] INFO  c.v.e.l.c.LuckySpinHistoryController - toResult
2019-11-29 15:53:41 PM [http-nio-9093-exec-1] INFO  c.v.e.l.c.LuckySpinHistoryController - getSpinTurnBuyHistory
2019-11-29 15:53:41 PM [http-nio-9093-exec-1] INFO  c.v.e.l.c.LuckySpinHistoryController - toResult
2019-11-29 15:55:39 PM [http-nio-9093-exec-7] INFO  c.v.e.l.c.LuckySpinController - getLuckySpinDetailUser
2019-11-29 15:55:40 PM [http-nio-9093-exec-7] INFO  c.v.e.l.c.LuckySpinController - toResult
2019-11-29 15:55:59 PM [http-nio-9093-exec-10] INFO  c.v.e.l.c.LuckySpinController - getLuckySpinDetailUser
2019-11-29 15:56:00 PM [http-nio-9093-exec-10] INFO  c.v.e.l.s.impl.LuckySpinServiceImpl - updateUserTurnSpin
2019-11-29 15:56:00 PM [http-nio-9093-exec-10] INFO  c.v.e.l.c.LuckySpinController - toResult
2019-11-29 15:56:21 PM [http-nio-9093-exec-2] INFO  c.v.e.l.c.LuckySpinHistoryController - getSpinTurnBuyHistory
2019-11-29 15:56:21 PM [http-nio-9093-exec-2] INFO  c.v.e.l.c.LuckySpinHistoryController - toResult
2019-11-29 16:43:06 PM [http-nio-9093-exec-4] INFO  c.v.e.l.c.LuckySpinController - luckySpinAward
2019-11-29 16:43:07 PM [http-nio-9093-exec-4] INFO  c.v.e.l.s.impl.LuckySpinServiceImpl - lambda$luckySpinAward$2
2019-11-29 16:43:07 PM [http-nio-9093-exec-4] INFO  c.v.e.l.s.impl.LuckySpinServiceImpl - lambda$luckySpinAward$2
2019-11-29 16:43:07 PM [http-nio-9093-exec-4] INFO  c.v.e.l.s.impl.LuckySpinServiceImpl - lambda$luckySpinAward$2
2019-11-29 16:43:07 PM [http-nio-9093-exec-4] INFO  c.v.e.l.s.impl.LuckySpinServiceImpl - lambda$luckySpinAward$2
2019-11-29 16:43:07 PM [http-nio-9093-exec-4] INFO  c.v.e.l.s.impl.LuckySpinServiceImpl - lambda$luckySpinAward$2
2019-11-29 16:43:07 PM [http-nio-9093-exec-4] INFO  c.v.e.l.s.impl.LuckySpinServiceImpl - lambda$luckySpinAward$2
2019-11-29 16:43:07 PM [http-nio-9093-exec-4] INFO  c.v.e.l.s.impl.LuckySpinServiceImpl - lambda$luckySpinAward$2
2019-11-29 16:43:07 PM [http-nio-9093-exec-4] INFO  c.v.e.l.s.impl.LuckySpinServiceImpl - lambda$luckySpinAward$2
2019-11-29 16:43:07 PM [http-nio-9093-exec-4] INFO  c.v.e.l.s.impl.LuckySpinServiceImpl - lambda$luckySpinAward$2
2019-11-29 16:43:07 PM [http-nio-9093-exec-4] INFO  c.v.e.l.s.impl.LuckySpinServiceImpl - lambda$luckySpinAward$2
2019-11-29 16:43:07 PM [http-nio-9093-exec-4] INFO  c.v.e.l.s.impl.LuckySpinServiceImpl - luckySpinAward
2019-11-29 16:43:07 PM [http-nio-9093-exec-4] INFO  c.v.e.l.s.impl.LuckySpinServiceImpl - save
2019-11-29 16:43:07 PM [http-nio-9093-exec-4] INFO  c.v.e.l.s.impl.LuckySpinServiceImpl - save
2019-11-29 16:43:07 PM [http-nio-9093-exec-4] INFO  c.v.e.l.c.LuckySpinController - toResult
2019-11-29 16:44:07 PM [http-nio-9093-exec-8] INFO  c.v.e.l.c.LuckySpinController - luckySpinAward
2019-11-29 16:44:11 PM [http-nio-9093-exec-8] INFO  c.v.e.l.s.impl.LuckySpinServiceImpl - lambda$luckySpinAward$2
2019-11-29 16:44:11 PM [http-nio-9093-exec-8] INFO  c.v.e.l.s.impl.LuckySpinServiceImpl - lambda$luckySpinAward$2
2019-11-29 16:44:11 PM [http-nio-9093-exec-8] INFO  c.v.e.l.s.impl.LuckySpinServiceImpl - lambda$luckySpinAward$2
2019-11-29 16:44:11 PM [http-nio-9093-exec-8] INFO  c.v.e.l.s.impl.LuckySpinServiceImpl - lambda$luckySpinAward$2
2019-11-29 16:44:11 PM [http-nio-9093-exec-8] INFO  c.v.e.l.s.impl.LuckySpinServiceImpl - lambda$luckySpinAward$2
2019-11-29 16:44:11 PM [http-nio-9093-exec-8] INFO  c.v.e.l.s.impl.LuckySpinServiceImpl - lambda$luckySpinAward$2
2019-11-29 16:44:11 PM [http-nio-9093-exec-8] INFO  c.v.e.l.s.impl.LuckySpinServiceImpl - lambda$luckySpinAward$2
2019-11-29 16:44:11 PM [http-nio-9093-exec-8] INFO  c.v.e.l.s.impl.LuckySpinServiceImpl - lambda$luckySpinAward$2
2019-11-29 16:44:11 PM [http-nio-9093-exec-8] INFO  c.v.e.l.s.impl.LuckySpinServiceImpl - lambda$luckySpinAward$2
2019-11-29 16:44:11 PM [http-nio-9093-exec-8] INFO  c.v.e.l.s.impl.LuckySpinServiceImpl - lambda$luckySpinAward$2
2019-11-29 16:44:11 PM [http-nio-9093-exec-8] INFO  c.v.e.l.s.impl.LuckySpinServiceImpl - luckySpinAward
2019-11-29 16:44:11 PM [http-nio-9093-exec-8] INFO  c.v.e.c.utils.ApiExchangeServiceUtil - postXML
2019-11-29 16:44:12 PM [http-nio-9093-exec-8] INFO  c.v.e.c.utils.ApiExchangeServiceUtil - postXML
2019-11-29 16:44:12 PM [http-nio-9093-exec-8] INFO  c.v.e.c.s.i.CommonCardScoinServiceImpl - topupScoin
2019-11-29 16:44:12 PM [http-nio-9093-exec-8] INFO  c.v.e.l.s.impl.LuckySpinServiceImpl - save
2019-11-29 16:44:12 PM [http-nio-9093-exec-8] INFO  c.v.e.l.c.LuckySpinController - toResult
