2019-12-09 15:00:07 PM [main] INFO  com.vtc.event.VtcEventApplication - logStarting
2019-12-09 15:00:07 PM [main] INFO  com.vtc.event.VtcEventApplication - logStartupProfileInfo
2019-12-09 15:00:08 PM [main] INFO  o.s.d.r.c.RepositoryConfigurationDelegate - registerRepositoriesIn
2019-12-09 15:00:08 PM [main] INFO  o.s.d.r.c.RepositoryConfigurationDelegate - registerRepositoriesIn
2019-12-09 15:00:09 PM [main] INFO  o.s.c.s.PostProcessorRegistrationDelegate$BeanPostProcessorChecker - postProcessAfterInitialization
2019-12-09 15:00:09 PM [main] INFO  o.s.c.s.PostProcessorRegistrationDelegate$BeanPostProcessorChecker - postProcessAfterInitialization
2019-12-09 15:00:09 PM [main] INFO  o.s.c.s.PostProcessorRegistrationDelegate$BeanPostProcessorChecker - postProcessAfterInitialization
2019-12-09 15:00:09 PM [main] INFO  o.s.c.s.PostProcessorRegistrationDelegate$BeanPostProcessorChecker - postProcessAfterInitialization
2019-12-09 15:00:09 PM [main] INFO  o.s.c.s.PostProcessorRegistrationDelegate$BeanPostProcessorChecker - postProcessAfterInitialization
2019-12-09 15:00:09 PM [main] INFO  o.s.c.s.PostProcessorRegistrationDelegate$BeanPostProcessorChecker - postProcessAfterInitialization
2019-12-09 15:00:10 PM [main] INFO  o.s.b.w.e.tomcat.TomcatWebServer - initialize
2019-12-09 15:00:10 PM [main] INFO  o.a.coyote.http11.Http11NioProtocol - log
2019-12-09 15:00:10 PM [main] INFO  o.a.catalina.core.StandardService - log
2019-12-09 15:00:10 PM [main] INFO  o.a.catalina.core.StandardEngine - log
2019-12-09 15:00:10 PM [main] INFO  o.a.c.c.C.[Tomcat].[localhost].[/] - log
2019-12-09 15:00:10 PM [main] INFO  o.s.web.context.ContextLoader - prepareWebApplicationContext
2019-12-09 15:00:10 PM [main] INFO  com.zaxxer.hikari.HikariDataSource - getConnection
2019-12-09 15:00:11 PM [main] INFO  com.zaxxer.hikari.HikariDataSource - getConnection
2019-12-09 15:00:11 PM [main] INFO  o.h.jpa.internal.util.LogHelper - logPersistenceUnitInformation
2019-12-09 15:00:11 PM [main] INFO  org.hibernate.Version - logVersion
2019-12-09 15:00:11 PM [main] INFO  org.hibernate.cfg.Environment - <clinit>
2019-12-09 15:00:11 PM [main] INFO  o.h.annotations.common.Version - <clinit>
2019-12-09 15:00:11 PM [main] INFO  org.hibernate.dialect.Dialect - <init>
2019-12-09 15:00:13 PM [main] INFO  o.h.h.i.QueryTranslatorFactoryInitiator - initiateService
2019-12-09 15:00:13 PM [main] INFO  o.s.o.j.LocalContainerEntityManagerFactoryBean - buildNativeEntityManagerFactory
2019-12-09 15:00:15 PM [main] INFO  o.s.s.web.DefaultSecurityFilterChain - <init>
2019-12-09 15:00:15 PM [main] INFO  o.s.s.web.DefaultSecurityFilterChain - <init>
2019-12-09 15:00:15 PM [main] INFO  o.s.s.web.DefaultSecurityFilterChain - <init>
2019-12-09 15:00:15 PM [main] INFO  o.s.s.web.DefaultSecurityFilterChain - <init>
2019-12-09 15:00:15 PM [main] INFO  o.s.s.web.DefaultSecurityFilterChain - <init>
2019-12-09 15:00:15 PM [main] INFO  o.s.s.web.DefaultSecurityFilterChain - <init>
2019-12-09 15:00:15 PM [main] INFO  o.s.s.web.DefaultSecurityFilterChain - <init>
2019-12-09 15:00:15 PM [main] INFO  o.s.s.web.DefaultSecurityFilterChain - <init>
2019-12-09 15:00:15 PM [main] INFO  o.s.s.web.DefaultSecurityFilterChain - <init>
2019-12-09 15:00:15 PM [main] INFO  o.s.s.c.ThreadPoolTaskExecutor - initialize
2019-12-09 15:00:15 PM [main] WARN  o.s.b.a.o.j.JpaBaseConfiguration$JpaWebConfiguration$JpaWebMvcConfiguration - openEntityManagerInViewInterceptor
2019-12-09 15:00:15 PM [main] INFO  o.s.s.c.ThreadPoolTaskScheduler - initialize
2019-12-09 15:00:15 PM [main] INFO  o.a.coyote.http11.Http11NioProtocol - log
2019-12-09 15:00:15 PM [main] INFO  o.s.b.w.e.tomcat.TomcatWebServer - start
2019-12-09 15:00:15 PM [main] INFO  com.vtc.event.VtcEventApplication - logStarted
2019-12-09 15:02:10 PM [http-nio-8083-exec-1] INFO  o.a.c.c.C.[Tomcat].[localhost].[/] - log
2019-12-09 15:02:10 PM [http-nio-8083-exec-1] INFO  o.s.web.servlet.DispatcherServlet - initServletBean
2019-12-09 15:02:10 PM [http-nio-8083-exec-1] INFO  o.s.web.servlet.DispatcherServlet - initServletBean
2019-12-09 15:03:57 PM [http-nio-8083-exec-7] INFO  c.v.e.l.c.LuckySpinController - getLuckySpinDetail
2019-12-09 15:03:58 PM [http-nio-8083-exec-7] INFO  c.v.e.l.c.LuckySpinController - toResult
